{"D:\\Lavori\\GIT_REPO\\Project-SE2-2020\\server\\db\\dbsettings.js":{"path":"D:\\Lavori\\GIT_REPO\\Project-SE2-2020\\server\\db\\dbsettings.js","statementMap":{"0":{"start":{"line":3,"column":8},"end":{"line":3,"column":26}},"1":{"start":{"line":7,"column":0},"end":{"line":7,"column":26}}},"fnMap":{"0":{"name":"(anonymous_0)","decl":{"start":{"line":2,"column":4},"end":{"line":2,"column":5}},"loc":{"start":{"line":2,"column":17},"end":{"line":4,"column":5}},"line":2}},"branchMap":{},"s":{"0":0,"1":1},"f":{"0":0},"b":{},"_coverageSchema":"1a1c01bbd47fc00a2c39e90264f33305004495a9","hash":"c95e7eebb18ec09db5dd23b6752cd59bfb5bc0f2","contentHash":"a7ef5ea9518c9e03f40c0caed0dcab69e35454fb8661fc38b2ca9836f330c814"},"D:\\Lavori\\GIT_REPO\\Project-SE2-2020\\server\\bean\\person.js":{"path":"D:\\Lavori\\GIT_REPO\\Project-SE2-2020\\server\\bean\\person.js","statementMap":{"0":{"start":{"line":3,"column":8},"end":{"line":3,"column":21}},"1":{"start":{"line":4,"column":8},"end":{"line":4,"column":25}},"2":{"start":{"line":5,"column":8},"end":{"line":5,"column":31}},"3":{"start":{"line":6,"column":8},"end":{"line":6,"column":25}},"4":{"start":{"line":7,"column":8},"end":{"line":7,"column":27}},"5":{"start":{"line":8,"column":8},"end":{"line":8,"column":33}},"6":{"start":{"line":12,"column":0},"end":{"line":12,"column":24}}},"fnMap":{"0":{"name":"(anonymous_0)","decl":{"start":{"line":2,"column":4},"end":{"line":2,"column":5}},"loc":{"start":{"line":2,"column":59},"end":{"line":9,"column":5}},"line":2}},"branchMap":{},"s":{"0":13,"1":13,"2":13,"3":13,"4":13,"5":13,"6":1},"f":{"0":13},"b":{},"_coverageSchema":"1a1c01bbd47fc00a2c39e90264f33305004495a9","hash":"b8b30447423f529e24c16fcc35dec6e8f021aab9","contentHash":"29791aa118bf0443aa4dd1dd37d170e8689c63b90f4462c23a6839cce030e3f7"},"D:\\Lavori\\GIT_REPO\\Project-SE2-2020\\server\\bean\\course.js":{"path":"D:\\Lavori\\GIT_REPO\\Project-SE2-2020\\server\\bean\\course.js","statementMap":{"0":{"start":{"line":3,"column":8},"end":{"line":3,"column":33}},"1":{"start":{"line":4,"column":8},"end":{"line":4,"column":35}},"2":{"start":{"line":5,"column":8},"end":{"line":5,"column":25}},"3":{"start":{"line":9,"column":0},"end":{"line":9,"column":24}}},"fnMap":{"0":{"name":"(anonymous_0)","decl":{"start":{"line":2,"column":4},"end":{"line":2,"column":5}},"loc":{"start":{"line":2,"column":44},"end":{"line":6,"column":5}},"line":2}},"branchMap":{},"s":{"0":17,"1":17,"2":17,"3":1},"f":{"0":17},"b":{},"_coverageSchema":"1a1c01bbd47fc00a2c39e90264f33305004495a9","hash":"4dadde452fe76d3171d7c093d5bdb63032c545d5","contentHash":"deb0f2a5675489088e0307492a9ed5d135d639f996766e8296c90d87940d80d0"},"D:\\Lavori\\GIT_REPO\\Project-SE2-2020\\server\\bean\\lecture.js":{"path":"D:\\Lavori\\GIT_REPO\\Project-SE2-2020\\server\\bean\\lecture.js","statementMap":{"0":{"start":{"line":3,"column":8},"end":{"line":3,"column":35}},"1":{"start":{"line":4,"column":8},"end":{"line":4,"column":33}},"2":{"start":{"line":5,"column":8},"end":{"line":5,"column":35}},"3":{"start":{"line":6,"column":8},"end":{"line":6,"column":25}},"4":{"start":{"line":7,"column":8},"end":{"line":7,"column":41}},"5":{"start":{"line":8,"column":8},"end":{"line":8,"column":37}},"6":{"start":{"line":9,"column":8},"end":{"line":9,"column":37}},"7":{"start":{"line":10,"column":8},"end":{"line":10,"column":39}},"8":{"start":{"line":11,"column":8},"end":{"line":11,"column":43}},"9":{"start":{"line":15,"column":0},"end":{"line":15,"column":25}}},"fnMap":{"0":{"name":"(anonymous_0)","decl":{"start":{"line":2,"column":4},"end":{"line":2,"column":5}},"loc":{"start":{"line":2,"column":121},"end":{"line":12,"column":5}},"line":2}},"branchMap":{},"s":{"0":20,"1":20,"2":20,"3":20,"4":20,"5":20,"6":20,"7":20,"8":20,"9":1},"f":{"0":20},"b":{},"_coverageSchema":"1a1c01bbd47fc00a2c39e90264f33305004495a9","hash":"594e0ae1d9eb18a993f4c41acf2317d210dd44ff","contentHash":"7843ecf0201bb63023e2aa0c90581f2b2a12c849e95598cb9b322105e1828b4d"},"D:\\Lavori\\GIT_REPO\\Project-SE2-2020\\server\\bean\\enrollment.js":{"path":"D:\\Lavori\\GIT_REPO\\Project-SE2-2020\\server\\bean\\enrollment.js","statementMap":{"0":{"start":{"line":3,"column":8},"end":{"line":3,"column":33}},"1":{"start":{"line":4,"column":8},"end":{"line":4,"column":27}},"2":{"start":{"line":8,"column":0},"end":{"line":8,"column":28}}},"fnMap":{"0":{"name":"(anonymous_0)","decl":{"start":{"line":2,"column":4},"end":{"line":2,"column":5}},"loc":{"start":{"line":2,"column":34},"end":{"line":5,"column":5}},"line":2}},"branchMap":{},"s":{"0":4,"1":4,"2":1},"f":{"0":4},"b":{},"_coverageSchema":"1a1c01bbd47fc00a2c39e90264f33305004495a9","hash":"ff389ffc7e1492a69c36e7deb6c579ee86743f32","contentHash":"6b64ebcff67b9be16e1ba722be2a9ecdfb158461b29a3faedbb3a1ce9ae5f42d"},"D:\\Lavori\\GIT_REPO\\Project-SE2-2020\\server\\bean\\classroom.js":{"path":"D:\\Lavori\\GIT_REPO\\Project-SE2-2020\\server\\bean\\classroom.js","statementMap":{"0":{"start":{"line":1,"column":16},"end":{"line":1,"column":33}},"1":{"start":{"line":5,"column":8},"end":{"line":5,"column":35}},"2":{"start":{"line":6,"column":8},"end":{"line":6,"column":49}},"3":{"start":{"line":10,"column":0},"end":{"line":10,"column":27}}},"fnMap":{"0":{"name":"(anonymous_0)","decl":{"start":{"line":4,"column":4},"end":{"line":4,"column":5}},"loc":{"start":{"line":4,"column":46},"end":{"line":7,"column":5}},"line":4}},"branchMap":{},"s":{"0":1,"1":4,"2":4,"3":1},"f":{"0":4},"b":{},"_coverageSchema":"1a1c01bbd47fc00a2c39e90264f33305004495a9","hash":"426a526a45bd16330efc9113b91f7b3de8f7953c","contentHash":"1e62391746fed74d5d4e7e393898a5891a06fb099e11a7f1c810e6c5270d76f3"},"D:\\Lavori\\GIT_REPO\\Project-SE2-2020\\server\\bean\\booking.js":{"path":"D:\\Lavori\\GIT_REPO\\Project-SE2-2020\\server\\bean\\booking.js","statementMap":{"0":{"start":{"line":3,"column":8},"end":{"line":3,"column":35}},"1":{"start":{"line":4,"column":8},"end":{"line":4,"column":35}},"2":{"start":{"line":5,"column":8},"end":{"line":5,"column":25}},"3":{"start":{"line":6,"column":8},"end":{"line":6,"column":41}},"4":{"start":{"line":10,"column":0},"end":{"line":10,"column":25}}},"fnMap":{"0":{"name":"(anonymous_0)","decl":{"start":{"line":2,"column":4},"end":{"line":2,"column":5}},"loc":{"start":{"line":2,"column":58},"end":{"line":7,"column":5}},"line":2}},"branchMap":{},"s":{"0":12,"1":12,"2":12,"3":12,"4":1},"f":{"0":12},"b":{},"_coverageSchema":"1a1c01bbd47fc00a2c39e90264f33305004495a9","hash":"86699af6c84da0d2fa8296a018e2878c47413d48","contentHash":"1a69869bcb92faa2c7dbfa12f9146bebcae7501cea0253d7a729c89960e7d5b5"},"D:\\Lavori\\GIT_REPO\\Project-SE2-2020\\server\\bean\\cancelled_bookings.js":{"path":"D:\\Lavori\\GIT_REPO\\Project-SE2-2020\\server\\bean\\cancelled_bookings.js","statementMap":{"0":{"start":{"line":3,"column":8},"end":{"line":3,"column":53}},"1":{"start":{"line":4,"column":8},"end":{"line":4,"column":35}},"2":{"start":{"line":5,"column":8},"end":{"line":5,"column":35}},"3":{"start":{"line":6,"column":8},"end":{"line":6,"column":25}},"4":{"start":{"line":10,"column":0},"end":{"line":10,"column":35}}},"fnMap":{"0":{"name":"(anonymous_0)","decl":{"start":{"line":2,"column":4},"end":{"line":2,"column":5}},"loc":{"start":{"line":2,"column":65},"end":{"line":7,"column":5}},"line":2}},"branchMap":{},"s":{"0":3,"1":3,"2":3,"3":3,"4":1},"f":{"0":3},"b":{},"_coverageSchema":"1a1c01bbd47fc00a2c39e90264f33305004495a9","hash":"568028fb4c5995e3401c800be15a0d548a50031b","contentHash":"5b744b3626d755d806e561cbec7f7b7d948cc82429d15bb36996cc7b51cf73a6"},"D:\\Lavori\\GIT_REPO\\Project-SE2-2020\\server\\bean\\cancelled_lectures.js":{"path":"D:\\Lavori\\GIT_REPO\\Project-SE2-2020\\server\\bean\\cancelled_lectures.js","statementMap":{"0":{"start":{"line":3,"column":8},"end":{"line":3,"column":53}},"1":{"start":{"line":4,"column":8},"end":{"line":4,"column":33}},"2":{"start":{"line":5,"column":8},"end":{"line":5,"column":35}},"3":{"start":{"line":6,"column":8},"end":{"line":6,"column":25}},"4":{"start":{"line":7,"column":8},"end":{"line":7,"column":37}},"5":{"start":{"line":11,"column":0},"end":{"line":11,"column":35}}},"fnMap":{"0":{"name":"(anonymous_0)","decl":{"start":{"line":2,"column":4},"end":{"line":2,"column":5}},"loc":{"start":{"line":2,"column":76},"end":{"line":8,"column":5}},"line":2}},"branchMap":{},"s":{"0":2,"1":2,"2":2,"3":2,"4":2,"5":1},"f":{"0":2},"b":{},"_coverageSchema":"1a1c01bbd47fc00a2c39e90264f33305004495a9","hash":"96f2a5aa89ceb423d0157679bc3fd1e5ea73ea97","contentHash":"42bd2d97e38cc92e66b264666618606ca78590c3297036dc77da27982bd2dcc5"},"D:\\Lavori\\GIT_REPO\\Project-SE2-2020\\server\\dao\\person_dao.js":{"path":"D:\\Lavori\\GIT_REPO\\Project-SE2-2020\\server\\dao\\person_dao.js","statementMap":{"0":{"start":{"line":3,"column":11},"end":{"line":3,"column":30}},"1":{"start":{"line":4,"column":15},"end":{"line":4,"column":40}},"2":{"start":{"line":7,"column":4},"end":{"line":7,"column":88}},"3":{"start":{"line":10,"column":0},"end":{"line":26,"column":1}},"4":{"start":{"line":11,"column":1},"end":{"line":25,"column":7}},"5":{"start":{"line":12,"column":20},"end":{"line":12,"column":107}},"6":{"start":{"line":13,"column":21},"end":{"line":13,"column":23}},"7":{"start":{"line":15,"column":8},"end":{"line":15,"column":104}},"8":{"start":{"line":17,"column":8},"end":{"line":24,"column":11}},"9":{"start":{"line":18,"column":12},"end":{"line":24,"column":11}},"10":{"start":{"line":19,"column":16},"end":{"line":23,"column":41}},"11":{"start":{"line":20,"column":20},"end":{"line":20,"column":32}},"12":{"start":{"line":23,"column":20},"end":{"line":23,"column":41}},"13":{"start":{"line":28,"column":0},"end":{"line":38,"column":1}},"14":{"start":{"line":29,"column":4},"end":{"line":37,"column":7}},"15":{"start":{"line":30,"column":20},"end":{"line":30,"column":53}},"16":{"start":{"line":31,"column":8},"end":{"line":36,"column":11}},"17":{"start":{"line":32,"column":12},"end":{"line":35,"column":28}},"18":{"start":{"line":33,"column":16},"end":{"line":33,"column":28}},"19":{"start":{"line":35,"column":15},"end":{"line":35,"column":28}},"20":{"start":{"line":40,"column":0},"end":{"line":55,"column":1}},"21":{"start":{"line":41,"column":4},"end":{"line":54,"column":7}},"22":{"start":{"line":42,"column":20},"end":{"line":42,"column":55}},"23":{"start":{"line":43,"column":8},"end":{"line":53,"column":11}},"24":{"start":{"line":44,"column":12},"end":{"line":52,"column":13}},"25":{"start":{"line":45,"column":16},"end":{"line":45,"column":28}},"26":{"start":{"line":47,"column":16},"end":{"line":51,"column":17}},"27":{"start":{"line":48,"column":20},"end":{"line":48,"column":47}},"28":{"start":{"line":50,"column":20},"end":{"line":50,"column":39}},"29":{"start":{"line":57,"column":0},"end":{"line":74,"column":1}},"30":{"start":{"line":58,"column":1},"end":{"line":73,"column":4}},"31":{"start":{"line":59,"column":14},"end":{"line":59,"column":52}},"32":{"start":{"line":60,"column":2},"end":{"line":72,"column":5}},"33":{"start":{"line":61,"column":4},"end":{"line":71,"column":17}},"34":{"start":{"line":62,"column":5},"end":{"line":62,"column":17}},"35":{"start":{"line":64,"column":5},"end":{"line":70,"column":21}},"36":{"start":{"line":65,"column":38},"end":{"line":65,"column":83}},"37":{"start":{"line":65,"column":58},"end":{"line":65,"column":78}},"38":{"start":{"line":67,"column":6},"end":{"line":67,"column":23}},"39":{"start":{"line":69,"column":6},"end":{"line":69,"column":25}},"40":{"start":{"line":76,"column":0},"end":{"line":92,"column":1}},"41":{"start":{"line":77,"column":4},"end":{"line":91,"column":6}},"42":{"start":{"line":78,"column":20},"end":{"line":78,"column":65}},"43":{"start":{"line":79,"column":8},"end":{"line":90,"column":10}},"44":{"start":{"line":80,"column":12},"end":{"line":89,"column":13}},"45":{"start":{"line":81,"column":16},"end":{"line":81,"column":28}},"46":{"start":{"line":83,"column":16},"end":{"line":88,"column":17}},"47":{"start":{"line":84,"column":34},"end":{"line":84,"column":70}},"48":{"start":{"line":84,"column":51},"end":{"line":84,"column":68}},"49":{"start":{"line":85,"column":20},"end":{"line":85,"column":37}},"50":{"start":{"line":87,"column":20},"end":{"line":87,"column":39}}},"fnMap":{"0":{"name":"createPerson","decl":{"start":{"line":6,"column":9},"end":{"line":6,"column":21}},"loc":{"start":{"line":6,"column":26},"end":{"line":8,"column":1}},"line":6},"1":{"name":"(anonymous_1)","decl":{"start":{"line":10,"column":23},"end":{"line":10,"column":24}},"loc":{"start":{"line":10,"column":40},"end":{"line":26,"column":1}},"line":10},"2":{"name":"(anonymous_2)","decl":{"start":{"line":11,"column":20},"end":{"line":11,"column":21}},"loc":{"start":{"line":11,"column":41},"end":{"line":25,"column":5}},"line":11},"3":{"name":"(anonymous_3)","decl":{"start":{"line":18,"column":32},"end":{"line":18,"column":33}},"loc":{"start":{"line":18,"column":46},"end":{"line":24,"column":9}},"line":18},"4":{"name":"(anonymous_4)","decl":{"start":{"line":28,"column":27},"end":{"line":28,"column":28}},"loc":{"start":{"line":28,"column":39},"end":{"line":38,"column":1}},"line":28},"5":{"name":"(anonymous_5)","decl":{"start":{"line":29,"column":23},"end":{"line":29,"column":24}},"loc":{"start":{"line":29,"column":44},"end":{"line":37,"column":5}},"line":29},"6":{"name":"(anonymous_6)","decl":{"start":{"line":31,"column":26},"end":{"line":31,"column":27}},"loc":{"start":{"line":31,"column":40},"end":{"line":36,"column":9}},"line":31},"7":{"name":"(anonymous_7)","decl":{"start":{"line":40,"column":24},"end":{"line":40,"column":25}},"loc":{"start":{"line":40,"column":36},"end":{"line":55,"column":1}},"line":40},"8":{"name":"(anonymous_8)","decl":{"start":{"line":41,"column":23},"end":{"line":41,"column":24}},"loc":{"start":{"line":41,"column":44},"end":{"line":54,"column":5}},"line":41},"9":{"name":"(anonymous_9)","decl":{"start":{"line":43,"column":26},"end":{"line":43,"column":27}},"loc":{"start":{"line":43,"column":40},"end":{"line":53,"column":9}},"line":43},"10":{"name":"(anonymous_10)","decl":{"start":{"line":57,"column":27},"end":{"line":57,"column":28}},"loc":{"start":{"line":57,"column":43},"end":{"line":74,"column":1}},"line":57},"11":{"name":"(anonymous_11)","decl":{"start":{"line":58,"column":20},"end":{"line":58,"column":21}},"loc":{"start":{"line":58,"column":41},"end":{"line":73,"column":2}},"line":58},"12":{"name":"(anonymous_12)","decl":{"start":{"line":60,"column":24},"end":{"line":60,"column":25}},"loc":{"start":{"line":60,"column":39},"end":{"line":72,"column":3}},"line":60},"13":{"name":"(anonymous_13)","decl":{"start":{"line":65,"column":48},"end":{"line":65,"column":49}},"loc":{"start":{"line":65,"column":58},"end":{"line":65,"column":78}},"line":65},"14":{"name":"(anonymous_14)","decl":{"start":{"line":76,"column":22},"end":{"line":76,"column":23}},"loc":{"start":{"line":76,"column":33},"end":{"line":92,"column":1}},"line":76},"15":{"name":"(anonymous_15)","decl":{"start":{"line":77,"column":23},"end":{"line":77,"column":24}},"loc":{"start":{"line":77,"column":44},"end":{"line":91,"column":5}},"line":77},"16":{"name":"(anonymous_16)","decl":{"start":{"line":79,"column":24},"end":{"line":79,"column":25}},"loc":{"start":{"line":79,"column":39},"end":{"line":90,"column":9}},"line":79},"17":{"name":"(anonymous_17)","decl":{"start":{"line":84,"column":44},"end":{"line":84,"column":45}},"loc":{"start":{"line":84,"column":51},"end":{"line":84,"column":68}},"line":84}},"branchMap":{"0":{"loc":{"start":{"line":17,"column":8},"end":{"line":24,"column":11}},"type":"if","locations":[{"start":{"line":17,"column":8},"end":{"line":24,"column":11}},{"start":{"line":17,"column":8},"end":{"line":24,"column":11}}],"line":17},"1":{"loc":{"start":{"line":19,"column":16},"end":{"line":23,"column":41}},"type":"if","locations":[{"start":{"line":19,"column":16},"end":{"line":23,"column":41}},{"start":{"line":19,"column":16},"end":{"line":23,"column":41}}],"line":19},"2":{"loc":{"start":{"line":32,"column":12},"end":{"line":35,"column":28}},"type":"if","locations":[{"start":{"line":32,"column":12},"end":{"line":35,"column":28}},{"start":{"line":32,"column":12},"end":{"line":35,"column":28}}],"line":32},"3":{"loc":{"start":{"line":44,"column":12},"end":{"line":52,"column":13}},"type":"if","locations":[{"start":{"line":44,"column":12},"end":{"line":52,"column":13}},{"start":{"line":44,"column":12},"end":{"line":52,"column":13}}],"line":44},"4":{"loc":{"start":{"line":47,"column":16},"end":{"line":51,"column":17}},"type":"if","locations":[{"start":{"line":47,"column":16},"end":{"line":51,"column":17}},{"start":{"line":47,"column":16},"end":{"line":51,"column":17}}],"line":47},"5":{"loc":{"start":{"line":61,"column":4},"end":{"line":71,"column":17}},"type":"if","locations":[{"start":{"line":61,"column":4},"end":{"line":71,"column":17}},{"start":{"line":61,"column":4},"end":{"line":71,"column":17}}],"line":61},"6":{"loc":{"start":{"line":64,"column":5},"end":{"line":70,"column":21}},"type":"if","locations":[{"start":{"line":64,"column":5},"end":{"line":70,"column":21}},{"start":{"line":64,"column":5},"end":{"line":70,"column":21}}],"line":64},"7":{"loc":{"start":{"line":80,"column":12},"end":{"line":89,"column":13}},"type":"if","locations":[{"start":{"line":80,"column":12},"end":{"line":89,"column":13}},{"start":{"line":80,"column":12},"end":{"line":89,"column":13}}],"line":80},"8":{"loc":{"start":{"line":83,"column":16},"end":{"line":88,"column":17}},"type":"if","locations":[{"start":{"line":83,"column":16},"end":{"line":88,"column":17}},{"start":{"line":83,"column":16},"end":{"line":88,"column":17}}],"line":83}},"s":{"0":1,"1":1,"2":3,"3":1,"4":10,"5":10,"6":10,"7":10,"8":10,"9":10,"10":10,"11":0,"12":10,"13":1,"14":5,"15":5,"16":5,"17":5,"18":0,"19":5,"20":1,"21":1,"22":1,"23":1,"24":1,"25":0,"26":1,"27":1,"28":0,"29":1,"30":3,"31":3,"32":3,"33":3,"34":0,"35":3,"36":0,"37":0,"38":0,"39":3,"40":1,"41":2,"42":2,"43":2,"44":2,"45":0,"46":2,"47":2,"48":2,"49":2,"50":0},"f":{"0":3,"1":10,"2":10,"3":10,"4":5,"5":5,"6":5,"7":1,"8":1,"9":1,"10":3,"11":3,"12":3,"13":0,"14":2,"15":2,"16":2,"17":2},"b":{"0":[10,0],"1":[0,10],"2":[0,5],"3":[0,1],"4":[1,0],"5":[0,3],"6":[0,3],"7":[0,2],"8":[2,0]},"_coverageSchema":"1a1c01bbd47fc00a2c39e90264f33305004495a9","hash":"2ed4f8d09f1eb3d4d60192aa76527893a3c1e65f","contentHash":"cdf89451bb92e5a513cf1bb6de4b41413010af2a8124c138f0e7caa762a50395"},"D:\\Lavori\\GIT_REPO\\Project-SE2-2020\\server\\db\\db.js":{"path":"D:\\Lavori\\GIT_REPO\\Project-SE2-2020\\server\\db\\db.js","statementMap":{"0":{"start":{"line":3,"column":11},"end":{"line":3,"column":24}},"1":{"start":{"line":4,"column":19},"end":{"line":4,"column":42}},"2":{"start":{"line":5,"column":15},"end":{"line":5,"column":33}},"3":{"start":{"line":7,"column":15},"end":{"line":7,"column":25}},"4":{"start":{"line":8,"column":21},"end":{"line":8,"column":32}},"5":{"start":{"line":9,"column":13},"end":{"line":9,"column":62}},"6":{"start":{"line":12,"column":0},"end":{"line":15,"column":1}},"7":{"start":{"line":14,"column":4},"end":{"line":14,"column":62}},"8":{"start":{"line":18,"column":11},"end":{"line":23,"column":2}},"9":{"start":{"line":19,"column":4},"end":{"line":22,"column":5}},"10":{"start":{"line":20,"column":8},"end":{"line":20,"column":50}},"11":{"start":{"line":21,"column":8},"end":{"line":21,"column":18}},"12":{"start":{"line":26,"column":0},"end":{"line":30,"column":1}},"13":{"start":{"line":28,"column":4},"end":{"line":28,"column":15}},"14":{"start":{"line":29,"column":4},"end":{"line":29,"column":24}},"15":{"start":{"line":32,"column":0},"end":{"line":32,"column":20}}},"fnMap":{"0":{"name":"(anonymous_0)","decl":{"start":{"line":18,"column":42},"end":{"line":18,"column":43}},"loc":{"start":{"line":18,"column":51},"end":{"line":23,"column":1}},"line":18},"1":{"name":"(anonymous_1)","decl":{"start":{"line":26,"column":20},"end":{"line":26,"column":21}},"loc":{"start":{"line":26,"column":26},"end":{"line":30,"column":1}},"line":26}},"branchMap":{"0":{"loc":{"start":{"line":9,"column":22},"end":{"line":9,"column":61}},"type":"cond-expr","locations":[{"start":{"line":9,"column":40},"end":{"line":9,"column":46}},{"start":{"line":9,"column":49},"end":{"line":9,"column":61}}],"line":9},"1":{"loc":{"start":{"line":12,"column":0},"end":{"line":15,"column":1}},"type":"if","locations":[{"start":{"line":12,"column":0},"end":{"line":15,"column":1}},{"start":{"line":12,"column":0},"end":{"line":15,"column":1}}],"line":12},"2":{"loc":{"start":{"line":19,"column":4},"end":{"line":22,"column":5}},"type":"if","locations":[{"start":{"line":19,"column":4},"end":{"line":22,"column":5}},{"start":{"line":19,"column":4},"end":{"line":22,"column":5}}],"line":19}},"s":{"0":1,"1":1,"2":1,"3":1,"4":1,"5":1,"6":1,"7":1,"8":1,"9":1,"10":0,"11":0,"12":1,"13":1,"14":1,"15":1},"f":{"0":1,"1":1},"b":{"0":[1,0],"1":[1,0],"2":[0,1]},"_coverageSchema":"1a1c01bbd47fc00a2c39e90264f33305004495a9","hash":"0997d9799af66a7ac8e49db6366746dc7c36615e","contentHash":"1838afd5ff5943d71022eb113c905563bc46c910af1184659c3f61a6df72893f"},"D:\\Lavori\\GIT_REPO\\Project-SE2-2020\\server\\dao\\course_dao.js":{"path":"D:\\Lavori\\GIT_REPO\\Project-SE2-2020\\server\\dao\\course_dao.js","statementMap":{"0":{"start":{"line":3,"column":11},"end":{"line":3,"column":30}},"1":{"start":{"line":4,"column":15},"end":{"line":4,"column":40}},"2":{"start":{"line":8,"column":4},"end":{"line":8,"column":61}},"3":{"start":{"line":11,"column":0},"end":{"line":28,"column":1}},"4":{"start":{"line":12,"column":4},"end":{"line":27,"column":7}},"5":{"start":{"line":13,"column":20},"end":{"line":13,"column":83}},"6":{"start":{"line":14,"column":21},"end":{"line":14,"column":23}},"7":{"start":{"line":16,"column":8},"end":{"line":16,"column":68}},"8":{"start":{"line":18,"column":8},"end":{"line":26,"column":15}},"9":{"start":{"line":19,"column":12},"end":{"line":26,"column":15}},"10":{"start":{"line":20,"column":16},"end":{"line":25,"column":17}},"11":{"start":{"line":21,"column":20},"end":{"line":21,"column":32}},"12":{"start":{"line":24,"column":20},"end":{"line":24,"column":41}},"13":{"start":{"line":30,"column":0},"end":{"line":40,"column":1}},"14":{"start":{"line":31,"column":4},"end":{"line":39,"column":7}},"15":{"start":{"line":32,"column":20},"end":{"line":32,"column":59}},"16":{"start":{"line":33,"column":8},"end":{"line":38,"column":11}},"17":{"start":{"line":34,"column":12},"end":{"line":37,"column":29}},"18":{"start":{"line":35,"column":16},"end":{"line":35,"column":28}},"19":{"start":{"line":37,"column":16},"end":{"line":37,"column":29}},"20":{"start":{"line":42,"column":0},"end":{"line":56,"column":1}},"21":{"start":{"line":43,"column":4},"end":{"line":55,"column":7}},"22":{"start":{"line":44,"column":20},"end":{"line":44,"column":61}},"23":{"start":{"line":45,"column":8},"end":{"line":54,"column":11}},"24":{"start":{"line":46,"column":12},"end":{"line":53,"column":13}},"25":{"start":{"line":47,"column":16},"end":{"line":47,"column":28}},"26":{"start":{"line":49,"column":16},"end":{"line":52,"column":39}},"27":{"start":{"line":50,"column":20},"end":{"line":50,"column":47}},"28":{"start":{"line":52,"column":20},"end":{"line":52,"column":39}},"29":{"start":{"line":58,"column":0},"end":{"line":74,"column":1}},"30":{"start":{"line":59,"column":4},"end":{"line":73,"column":7}},"31":{"start":{"line":60,"column":20},"end":{"line":60,"column":42}},"32":{"start":{"line":61,"column":8},"end":{"line":72,"column":11}},"33":{"start":{"line":62,"column":12},"end":{"line":71,"column":13}},"34":{"start":{"line":63,"column":16},"end":{"line":63,"column":28}},"35":{"start":{"line":65,"column":16},"end":{"line":70,"column":39}},"36":{"start":{"line":67,"column":20},"end":{"line":67,"column":64}},"37":{"start":{"line":67,"column":44},"end":{"line":67,"column":61}},"38":{"start":{"line":70,"column":20},"end":{"line":70,"column":39}},"39":{"start":{"line":80,"column":0},"end":{"line":96,"column":1}},"40":{"start":{"line":81,"column":4},"end":{"line":95,"column":7}},"41":{"start":{"line":83,"column":20},"end":{"line":83,"column":116}},"42":{"start":{"line":84,"column":8},"end":{"line":94,"column":11}},"43":{"start":{"line":85,"column":12},"end":{"line":93,"column":13}},"44":{"start":{"line":86,"column":16},"end":{"line":86,"column":28}},"45":{"start":{"line":88,"column":16},"end":{"line":92,"column":17}},"46":{"start":{"line":89,"column":20},"end":{"line":89,"column":33}},"47":{"start":{"line":91,"column":20},"end":{"line":91,"column":39}}},"fnMap":{"0":{"name":"createCourse","decl":{"start":{"line":7,"column":9},"end":{"line":7,"column":21}},"loc":{"start":{"line":7,"column":27},"end":{"line":9,"column":1}},"line":7},"1":{"name":"(anonymous_1)","decl":{"start":{"line":11,"column":23},"end":{"line":11,"column":24}},"loc":{"start":{"line":11,"column":41},"end":{"line":28,"column":1}},"line":11},"2":{"name":"(anonymous_2)","decl":{"start":{"line":12,"column":23},"end":{"line":12,"column":24}},"loc":{"start":{"line":12,"column":44},"end":{"line":27,"column":5}},"line":12},"3":{"name":"(anonymous_3)","decl":{"start":{"line":19,"column":32},"end":{"line":19,"column":33}},"loc":{"start":{"line":19,"column":47},"end":{"line":26,"column":13}},"line":19},"4":{"name":"(anonymous_4)","decl":{"start":{"line":30,"column":27},"end":{"line":30,"column":28}},"loc":{"start":{"line":30,"column":47},"end":{"line":40,"column":1}},"line":30},"5":{"name":"(anonymous_5)","decl":{"start":{"line":31,"column":23},"end":{"line":31,"column":24}},"loc":{"start":{"line":31,"column":44},"end":{"line":39,"column":5}},"line":31},"6":{"name":"(anonymous_6)","decl":{"start":{"line":33,"column":32},"end":{"line":33,"column":33}},"loc":{"start":{"line":33,"column":46},"end":{"line":38,"column":9}},"line":33},"7":{"name":"(anonymous_7)","decl":{"start":{"line":42,"column":24},"end":{"line":42,"column":25}},"loc":{"start":{"line":42,"column":44},"end":{"line":56,"column":1}},"line":42},"8":{"name":"(anonymous_8)","decl":{"start":{"line":43,"column":23},"end":{"line":43,"column":24}},"loc":{"start":{"line":43,"column":44},"end":{"line":55,"column":5}},"line":43},"9":{"name":"(anonymous_9)","decl":{"start":{"line":45,"column":32},"end":{"line":45,"column":33}},"loc":{"start":{"line":45,"column":46},"end":{"line":54,"column":9}},"line":45},"10":{"name":"(anonymous_10)","decl":{"start":{"line":58,"column":21},"end":{"line":58,"column":22}},"loc":{"start":{"line":58,"column":33},"end":{"line":74,"column":1}},"line":58},"11":{"name":"(anonymous_11)","decl":{"start":{"line":59,"column":23},"end":{"line":59,"column":24}},"loc":{"start":{"line":59,"column":44},"end":{"line":73,"column":5}},"line":59},"12":{"name":"(anonymous_12)","decl":{"start":{"line":61,"column":24},"end":{"line":61,"column":25}},"loc":{"start":{"line":61,"column":39},"end":{"line":72,"column":9}},"line":61},"13":{"name":"(anonymous_13)","decl":{"start":{"line":67,"column":37},"end":{"line":67,"column":38}},"loc":{"start":{"line":67,"column":44},"end":{"line":67,"column":61}},"line":67},"14":{"name":"(anonymous_14)","decl":{"start":{"line":80,"column":30},"end":{"line":80,"column":31}},"loc":{"start":{"line":80,"column":53},"end":{"line":96,"column":1}},"line":80},"15":{"name":"(anonymous_15)","decl":{"start":{"line":81,"column":23},"end":{"line":81,"column":24}},"loc":{"start":{"line":81,"column":44},"end":{"line":95,"column":5}},"line":81},"16":{"name":"(anonymous_16)","decl":{"start":{"line":84,"column":35},"end":{"line":84,"column":36}},"loc":{"start":{"line":84,"column":49},"end":{"line":94,"column":9}},"line":84}},"branchMap":{"0":{"loc":{"start":{"line":18,"column":8},"end":{"line":26,"column":15}},"type":"if","locations":[{"start":{"line":18,"column":8},"end":{"line":26,"column":15}},{"start":{"line":18,"column":8},"end":{"line":26,"column":15}}],"line":18},"1":{"loc":{"start":{"line":20,"column":16},"end":{"line":25,"column":17}},"type":"if","locations":[{"start":{"line":20,"column":16},"end":{"line":25,"column":17}},{"start":{"line":20,"column":16},"end":{"line":25,"column":17}}],"line":20},"2":{"loc":{"start":{"line":34,"column":12},"end":{"line":37,"column":29}},"type":"if","locations":[{"start":{"line":34,"column":12},"end":{"line":37,"column":29}},{"start":{"line":34,"column":12},"end":{"line":37,"column":29}}],"line":34},"3":{"loc":{"start":{"line":46,"column":12},"end":{"line":53,"column":13}},"type":"if","locations":[{"start":{"line":46,"column":12},"end":{"line":53,"column":13}},{"start":{"line":46,"column":12},"end":{"line":53,"column":13}}],"line":46},"4":{"loc":{"start":{"line":49,"column":16},"end":{"line":52,"column":39}},"type":"if","locations":[{"start":{"line":49,"column":16},"end":{"line":52,"column":39}},{"start":{"line":49,"column":16},"end":{"line":52,"column":39}}],"line":49},"5":{"loc":{"start":{"line":62,"column":12},"end":{"line":71,"column":13}},"type":"if","locations":[{"start":{"line":62,"column":12},"end":{"line":71,"column":13}},{"start":{"line":62,"column":12},"end":{"line":71,"column":13}}],"line":62},"6":{"loc":{"start":{"line":65,"column":16},"end":{"line":70,"column":39}},"type":"if","locations":[{"start":{"line":65,"column":16},"end":{"line":70,"column":39}},{"start":{"line":65,"column":16},"end":{"line":70,"column":39}}],"line":65},"7":{"loc":{"start":{"line":85,"column":12},"end":{"line":93,"column":13}},"type":"if","locations":[{"start":{"line":85,"column":12},"end":{"line":93,"column":13}},{"start":{"line":85,"column":12},"end":{"line":93,"column":13}}],"line":85},"8":{"loc":{"start":{"line":88,"column":16},"end":{"line":92,"column":17}},"type":"if","locations":[{"start":{"line":88,"column":16},"end":{"line":92,"column":17}},{"start":{"line":88,"column":16},"end":{"line":92,"column":17}}],"line":88}},"s":{"0":1,"1":1,"2":3,"3":1,"4":14,"5":14,"6":14,"7":14,"8":14,"9":14,"10":14,"11":0,"12":14,"13":1,"14":2,"15":2,"16":2,"17":2,"18":0,"19":2,"20":1,"21":1,"22":1,"23":1,"24":1,"25":0,"26":1,"27":1,"28":0,"29":1,"30":1,"31":1,"32":1,"33":1,"34":0,"35":1,"36":1,"37":2,"38":0,"39":1,"40":2,"41":2,"42":2,"43":2,"44":0,"45":2,"46":2,"47":0},"f":{"0":3,"1":14,"2":14,"3":14,"4":2,"5":2,"6":2,"7":1,"8":1,"9":1,"10":1,"11":1,"12":1,"13":2,"14":2,"15":2,"16":2},"b":{"0":[14,0],"1":[0,14],"2":[0,2],"3":[0,1],"4":[1,0],"5":[0,1],"6":[1,0],"7":[0,2],"8":[2,0]},"_coverageSchema":"1a1c01bbd47fc00a2c39e90264f33305004495a9","hash":"3b409ac3beb4bb2c35fb21769d528b56042c45fa","contentHash":"109791f49cfee4bc003575a7585741e822a5a0766893267a674ed13d1cf00a6f"},"D:\\Lavori\\GIT_REPO\\Project-SE2-2020\\server\\dao\\lecture_dao.js":{"path":"D:\\Lavori\\GIT_REPO\\Project-SE2-2020\\server\\dao\\lecture_dao.js","statementMap":{"0":{"start":{"line":3,"column":11},"end":{"line":3,"column":30}},"1":{"start":{"line":4,"column":16},"end":{"line":4,"column":42}},"2":{"start":{"line":5,"column":15},"end":{"line":5,"column":32}},"3":{"start":{"line":8,"column":4},"end":{"line":8,"column":163}},"4":{"start":{"line":11,"column":0},"end":{"line":27,"column":1}},"5":{"start":{"line":12,"column":4},"end":{"line":26,"column":7}},"6":{"start":{"line":13,"column":20},"end":{"line":13,"column":179}},"7":{"start":{"line":14,"column":21},"end":{"line":14,"column":23}},"8":{"start":{"line":16,"column":8},"end":{"line":16,"column":196}},"9":{"start":{"line":18,"column":8},"end":{"line":25,"column":15}},"10":{"start":{"line":19,"column":12},"end":{"line":25,"column":15}},"11":{"start":{"line":20,"column":16},"end":{"line":24,"column":41}},"12":{"start":{"line":21,"column":20},"end":{"line":21,"column":32}},"13":{"start":{"line":24,"column":20},"end":{"line":24,"column":41}},"14":{"start":{"line":29,"column":0},"end":{"line":39,"column":1}},"15":{"start":{"line":30,"column":4},"end":{"line":38,"column":7}},"16":{"start":{"line":31,"column":20},"end":{"line":31,"column":61}},"17":{"start":{"line":32,"column":8},"end":{"line":37,"column":11}},"18":{"start":{"line":33,"column":12},"end":{"line":36,"column":35}},"19":{"start":{"line":34,"column":16},"end":{"line":34,"column":28}},"20":{"start":{"line":36,"column":16},"end":{"line":36,"column":35}},"21":{"start":{"line":41,"column":0},"end":{"line":55,"column":1}},"22":{"start":{"line":42,"column":4},"end":{"line":54,"column":7}},"23":{"start":{"line":43,"column":20},"end":{"line":43,"column":63}},"24":{"start":{"line":44,"column":8},"end":{"line":53,"column":11}},"25":{"start":{"line":45,"column":12},"end":{"line":52,"column":13}},"26":{"start":{"line":46,"column":16},"end":{"line":46,"column":28}},"27":{"start":{"line":48,"column":16},"end":{"line":51,"column":39}},"28":{"start":{"line":49,"column":20},"end":{"line":49,"column":48}},"29":{"start":{"line":51,"column":20},"end":{"line":51,"column":39}},"30":{"start":{"line":57,"column":0},"end":{"line":80,"column":1}},"31":{"start":{"line":58,"column":4},"end":{"line":79,"column":7}},"32":{"start":{"line":59,"column":20},"end":{"line":59,"column":130}},"33":{"start":{"line":60,"column":8},"end":{"line":78,"column":11}},"34":{"start":{"line":61,"column":12},"end":{"line":77,"column":13}},"35":{"start":{"line":62,"column":16},"end":{"line":62,"column":28}},"36":{"start":{"line":64,"column":16},"end":{"line":76,"column":39}},"37":{"start":{"line":65,"column":32},"end":{"line":65,"column":60}},"38":{"start":{"line":66,"column":33},"end":{"line":66,"column":35}},"39":{"start":{"line":67,"column":20},"end":{"line":72,"column":21}},"40":{"start":{"line":67,"column":33},"end":{"line":67,"column":34}},"41":{"start":{"line":68,"column":35},"end":{"line":68,"column":72}},"42":{"start":{"line":69,"column":24},"end":{"line":71,"column":25}},"43":{"start":{"line":70,"column":28},"end":{"line":70,"column":48}},"44":{"start":{"line":73,"column":20},"end":{"line":73,"column":36}},"45":{"start":{"line":76,"column":20},"end":{"line":76,"column":39}},"46":{"start":{"line":82,"column":0},"end":{"line":106,"column":1}},"47":{"start":{"line":83,"column":4},"end":{"line":105,"column":7}},"48":{"start":{"line":84,"column":20},"end":{"line":84,"column":63}},"49":{"start":{"line":85,"column":8},"end":{"line":104,"column":11}},"50":{"start":{"line":86,"column":12},"end":{"line":103,"column":13}},"51":{"start":{"line":87,"column":16},"end":{"line":87,"column":28}},"52":{"start":{"line":89,"column":16},"end":{"line":102,"column":17}},"53":{"start":{"line":90,"column":32},"end":{"line":90,"column":60}},"54":{"start":{"line":91,"column":33},"end":{"line":91,"column":35}},"55":{"start":{"line":92,"column":20},"end":{"line":97,"column":21}},"56":{"start":{"line":92,"column":33},"end":{"line":92,"column":34}},"57":{"start":{"line":93,"column":35},"end":{"line":93,"column":72}},"58":{"start":{"line":94,"column":24},"end":{"line":96,"column":25}},"59":{"start":{"line":95,"column":28},"end":{"line":95,"column":48}},"60":{"start":{"line":98,"column":20},"end":{"line":98,"column":36}},"61":{"start":{"line":101,"column":20},"end":{"line":101,"column":39}},"62":{"start":{"line":137,"column":0},"end":{"line":148,"column":1}},"63":{"start":{"line":138,"column":4},"end":{"line":147,"column":7}},"64":{"start":{"line":139,"column":20},"end":{"line":139,"column":94}},"65":{"start":{"line":140,"column":8},"end":{"line":146,"column":11}},"66":{"start":{"line":141,"column":12},"end":{"line":145,"column":13}},"67":{"start":{"line":142,"column":16},"end":{"line":142,"column":28}},"68":{"start":{"line":144,"column":16},"end":{"line":144,"column":30}},"69":{"start":{"line":150,"column":0},"end":{"line":167,"column":1}},"70":{"start":{"line":151,"column":19},"end":{"line":151,"column":48}},"71":{"start":{"line":153,"column":4},"end":{"line":166,"column":7}},"72":{"start":{"line":154,"column":20},"end":{"line":154,"column":76}},"73":{"start":{"line":155,"column":8},"end":{"line":165,"column":11}},"74":{"start":{"line":156,"column":12},"end":{"line":164,"column":13}},"75":{"start":{"line":157,"column":16},"end":{"line":157,"column":28}},"76":{"start":{"line":159,"column":16},"end":{"line":163,"column":39}},"77":{"start":{"line":160,"column":20},"end":{"line":160,"column":34}},"78":{"start":{"line":163,"column":20},"end":{"line":163,"column":39}},"79":{"start":{"line":169,"column":0},"end":{"line":185,"column":1}},"80":{"start":{"line":170,"column":4},"end":{"line":184,"column":6}},"81":{"start":{"line":171,"column":20},"end":{"line":171,"column":187}},"82":{"start":{"line":172,"column":8},"end":{"line":182,"column":10}},"83":{"start":{"line":173,"column":12},"end":{"line":181,"column":13}},"84":{"start":{"line":174,"column":16},"end":{"line":174,"column":28}},"85":{"start":{"line":176,"column":16},"end":{"line":180,"column":39}},"86":{"start":{"line":177,"column":20},"end":{"line":177,"column":34}},"87":{"start":{"line":180,"column":20},"end":{"line":180,"column":39}}},"fnMap":{"0":{"name":"createLecture","decl":{"start":{"line":7,"column":9},"end":{"line":7,"column":22}},"loc":{"start":{"line":7,"column":28},"end":{"line":9,"column":1}},"line":7},"1":{"name":"(anonymous_1)","decl":{"start":{"line":11,"column":21},"end":{"line":11,"column":22}},"loc":{"start":{"line":11,"column":40},"end":{"line":27,"column":1}},"line":11},"2":{"name":"(anonymous_2)","decl":{"start":{"line":12,"column":23},"end":{"line":12,"column":24}},"loc":{"start":{"line":12,"column":44},"end":{"line":26,"column":5}},"line":12},"3":{"name":"(anonymous_3)","decl":{"start":{"line":19,"column":32},"end":{"line":19,"column":33}},"loc":{"start":{"line":19,"column":47},"end":{"line":25,"column":13}},"line":19},"4":{"name":"(anonymous_4)","decl":{"start":{"line":29,"column":24},"end":{"line":29,"column":25}},"loc":{"start":{"line":29,"column":45},"end":{"line":39,"column":1}},"line":29},"5":{"name":"(anonymous_5)","decl":{"start":{"line":30,"column":23},"end":{"line":30,"column":24}},"loc":{"start":{"line":30,"column":44},"end":{"line":38,"column":5}},"line":30},"6":{"name":"(anonymous_6)","decl":{"start":{"line":32,"column":33},"end":{"line":32,"column":34}},"loc":{"start":{"line":32,"column":47},"end":{"line":37,"column":9}},"line":32},"7":{"name":"(anonymous_7)","decl":{"start":{"line":41,"column":25},"end":{"line":41,"column":26}},"loc":{"start":{"line":41,"column":46},"end":{"line":55,"column":1}},"line":41},"8":{"name":"(anonymous_8)","decl":{"start":{"line":42,"column":23},"end":{"line":42,"column":24}},"loc":{"start":{"line":42,"column":44},"end":{"line":54,"column":5}},"line":42},"9":{"name":"(anonymous_9)","decl":{"start":{"line":44,"column":33},"end":{"line":44,"column":34}},"loc":{"start":{"line":44,"column":47},"end":{"line":53,"column":9}},"line":44},"10":{"name":"(anonymous_10)","decl":{"start":{"line":57,"column":26},"end":{"line":57,"column":27}},"loc":{"start":{"line":57,"column":43},"end":{"line":80,"column":1}},"line":57},"11":{"name":"(anonymous_11)","decl":{"start":{"line":58,"column":23},"end":{"line":58,"column":24}},"loc":{"start":{"line":58,"column":44},"end":{"line":79,"column":5}},"line":58},"12":{"name":"(anonymous_12)","decl":{"start":{"line":60,"column":29},"end":{"line":60,"column":30}},"loc":{"start":{"line":60,"column":44},"end":{"line":78,"column":9}},"line":60},"13":{"name":"(anonymous_13)","decl":{"start":{"line":82,"column":32},"end":{"line":82,"column":33}},"loc":{"start":{"line":82,"column":46},"end":{"line":106,"column":1}},"line":82},"14":{"name":"(anonymous_14)","decl":{"start":{"line":83,"column":23},"end":{"line":83,"column":24}},"loc":{"start":{"line":83,"column":44},"end":{"line":105,"column":5}},"line":83},"15":{"name":"(anonymous_15)","decl":{"start":{"line":85,"column":26},"end":{"line":85,"column":27}},"loc":{"start":{"line":85,"column":41},"end":{"line":104,"column":9}},"line":85},"16":{"name":"(anonymous_16)","decl":{"start":{"line":137,"column":24},"end":{"line":137,"column":25}},"loc":{"start":{"line":137,"column":43},"end":{"line":148,"column":1}},"line":137},"17":{"name":"(anonymous_17)","decl":{"start":{"line":138,"column":23},"end":{"line":138,"column":24}},"loc":{"start":{"line":138,"column":44},"end":{"line":147,"column":5}},"line":138},"18":{"name":"(anonymous_18)","decl":{"start":{"line":140,"column":84},"end":{"line":140,"column":85}},"loc":{"start":{"line":140,"column":99},"end":{"line":146,"column":9}},"line":140},"19":{"name":"(anonymous_19)","decl":{"start":{"line":150,"column":35},"end":{"line":150,"column":36}},"loc":{"start":{"line":150,"column":56},"end":{"line":167,"column":1}},"line":150},"20":{"name":"(anonymous_20)","decl":{"start":{"line":153,"column":23},"end":{"line":153,"column":24}},"loc":{"start":{"line":153,"column":44},"end":{"line":166,"column":5}},"line":153},"21":{"name":"(anonymous_21)","decl":{"start":{"line":155,"column":43},"end":{"line":155,"column":44}},"loc":{"start":{"line":155,"column":58},"end":{"line":165,"column":9}},"line":155},"22":{"name":"(anonymous_22)","decl":{"start":{"line":169,"column":26},"end":{"line":169,"column":27}},"loc":{"start":{"line":169,"column":44},"end":{"line":185,"column":1}},"line":169},"23":{"name":"(anonymous_23)","decl":{"start":{"line":170,"column":23},"end":{"line":170,"column":24}},"loc":{"start":{"line":170,"column":44},"end":{"line":184,"column":5}},"line":170},"24":{"name":"(anonymous_24)","decl":{"start":{"line":172,"column":30},"end":{"line":172,"column":31}},"loc":{"start":{"line":172,"column":45},"end":{"line":182,"column":9}},"line":172}},"branchMap":{"0":{"loc":{"start":{"line":18,"column":8},"end":{"line":25,"column":15}},"type":"if","locations":[{"start":{"line":18,"column":8},"end":{"line":25,"column":15}},{"start":{"line":18,"column":8},"end":{"line":25,"column":15}}],"line":18},"1":{"loc":{"start":{"line":20,"column":16},"end":{"line":24,"column":41}},"type":"if","locations":[{"start":{"line":20,"column":16},"end":{"line":24,"column":41}},{"start":{"line":20,"column":16},"end":{"line":24,"column":41}}],"line":20},"2":{"loc":{"start":{"line":33,"column":12},"end":{"line":36,"column":35}},"type":"if","locations":[{"start":{"line":33,"column":12},"end":{"line":36,"column":35}},{"start":{"line":33,"column":12},"end":{"line":36,"column":35}}],"line":33},"3":{"loc":{"start":{"line":45,"column":12},"end":{"line":52,"column":13}},"type":"if","locations":[{"start":{"line":45,"column":12},"end":{"line":52,"column":13}},{"start":{"line":45,"column":12},"end":{"line":52,"column":13}}],"line":45},"4":{"loc":{"start":{"line":48,"column":16},"end":{"line":51,"column":39}},"type":"if","locations":[{"start":{"line":48,"column":16},"end":{"line":51,"column":39}},{"start":{"line":48,"column":16},"end":{"line":51,"column":39}}],"line":48},"5":{"loc":{"start":{"line":61,"column":12},"end":{"line":77,"column":13}},"type":"if","locations":[{"start":{"line":61,"column":12},"end":{"line":77,"column":13}},{"start":{"line":61,"column":12},"end":{"line":77,"column":13}}],"line":61},"6":{"loc":{"start":{"line":64,"column":16},"end":{"line":76,"column":39}},"type":"if","locations":[{"start":{"line":64,"column":16},"end":{"line":76,"column":39}},{"start":{"line":64,"column":16},"end":{"line":76,"column":39}}],"line":64},"7":{"loc":{"start":{"line":69,"column":24},"end":{"line":71,"column":25}},"type":"if","locations":[{"start":{"line":69,"column":24},"end":{"line":71,"column":25}},{"start":{"line":69,"column":24},"end":{"line":71,"column":25}}],"line":69},"8":{"loc":{"start":{"line":86,"column":12},"end":{"line":103,"column":13}},"type":"if","locations":[{"start":{"line":86,"column":12},"end":{"line":103,"column":13}},{"start":{"line":86,"column":12},"end":{"line":103,"column":13}}],"line":86},"9":{"loc":{"start":{"line":89,"column":16},"end":{"line":102,"column":17}},"type":"if","locations":[{"start":{"line":89,"column":16},"end":{"line":102,"column":17}},{"start":{"line":89,"column":16},"end":{"line":102,"column":17}}],"line":89},"10":{"loc":{"start":{"line":94,"column":24},"end":{"line":96,"column":25}},"type":"if","locations":[{"start":{"line":94,"column":24},"end":{"line":96,"column":25}},{"start":{"line":94,"column":24},"end":{"line":96,"column":25}}],"line":94},"11":{"loc":{"start":{"line":141,"column":12},"end":{"line":145,"column":13}},"type":"if","locations":[{"start":{"line":141,"column":12},"end":{"line":145,"column":13}},{"start":{"line":141,"column":12},"end":{"line":145,"column":13}}],"line":141},"12":{"loc":{"start":{"line":156,"column":12},"end":{"line":164,"column":13}},"type":"if","locations":[{"start":{"line":156,"column":12},"end":{"line":164,"column":13}},{"start":{"line":156,"column":12},"end":{"line":164,"column":13}}],"line":156},"13":{"loc":{"start":{"line":159,"column":16},"end":{"line":163,"column":39}},"type":"if","locations":[{"start":{"line":159,"column":16},"end":{"line":163,"column":39}},{"start":{"line":159,"column":16},"end":{"line":163,"column":39}}],"line":159},"14":{"loc":{"start":{"line":173,"column":12},"end":{"line":181,"column":13}},"type":"if","locations":[{"start":{"line":173,"column":12},"end":{"line":181,"column":13}},{"start":{"line":173,"column":12},"end":{"line":181,"column":13}}],"line":173},"15":{"loc":{"start":{"line":176,"column":16},"end":{"line":180,"column":39}},"type":"if","locations":[{"start":{"line":176,"column":16},"end":{"line":180,"column":39}},{"start":{"line":176,"column":16},"end":{"line":180,"column":39}}],"line":176}},"s":{"0":1,"1":1,"2":1,"3":2,"4":1,"5":17,"6":17,"7":17,"8":17,"9":17,"10":17,"11":17,"12":0,"13":17,"14":1,"15":2,"16":2,"17":2,"18":2,"19":0,"20":2,"21":1,"22":2,"23":2,"24":2,"25":2,"26":0,"27":2,"28":2,"29":0,"30":1,"31":4,"32":4,"33":4,"34":4,"35":0,"36":4,"37":3,"38":3,"39":3,"40":3,"41":3,"42":3,"43":3,"44":3,"45":1,"46":1,"47":1,"48":1,"49":1,"50":1,"51":0,"52":1,"53":1,"54":1,"55":1,"56":1,"57":1,"58":1,"59":1,"60":1,"61":0,"62":1,"63":1,"64":1,"65":1,"66":1,"67":0,"68":1,"69":1,"70":1,"71":1,"72":1,"73":1,"74":1,"75":0,"76":1,"77":1,"78":0,"79":1,"80":0,"81":0,"82":0,"83":0,"84":0,"85":0,"86":0,"87":0},"f":{"0":2,"1":17,"2":17,"3":17,"4":2,"5":2,"6":2,"7":2,"8":2,"9":2,"10":4,"11":4,"12":4,"13":1,"14":1,"15":1,"16":1,"17":1,"18":1,"19":1,"20":1,"21":1,"22":0,"23":0,"24":0},"b":{"0":[17,0],"1":[0,17],"2":[0,2],"3":[0,2],"4":[2,0],"5":[0,4],"6":[3,1],"7":[3,0],"8":[0,1],"9":[1,0],"10":[1,0],"11":[0,1],"12":[0,1],"13":[1,0],"14":[0,0],"15":[0,0]},"_coverageSchema":"1a1c01bbd47fc00a2c39e90264f33305004495a9","hash":"87178e39f355d8ec8d417935ad516decf8a96062","contentHash":"13fb7220c80981bb7a5406fe76b8acda44962507332fcb31857bbd8b960cc9a1"},"D:\\Lavori\\GIT_REPO\\Project-SE2-2020\\server\\dao\\enrollment_dao.js":{"path":"D:\\Lavori\\GIT_REPO\\Project-SE2-2020\\server\\dao\\enrollment_dao.js","statementMap":{"0":{"start":{"line":3,"column":11},"end":{"line":3,"column":30}},"1":{"start":{"line":4,"column":19},"end":{"line":4,"column":48}},"2":{"start":{"line":5,"column":15},"end":{"line":5,"column":43}},"3":{"start":{"line":6,"column":15},"end":{"line":6,"column":43}},"4":{"start":{"line":8,"column":0},"end":{"line":24,"column":1}},"5":{"start":{"line":9,"column":4},"end":{"line":23,"column":7}},"6":{"start":{"line":10,"column":20},"end":{"line":10,"column":74}},"7":{"start":{"line":11,"column":21},"end":{"line":11,"column":23}},"8":{"start":{"line":13,"column":8},"end":{"line":13,"column":59}},"9":{"start":{"line":15,"column":8},"end":{"line":22,"column":15}},"10":{"start":{"line":16,"column":12},"end":{"line":22,"column":15}},"11":{"start":{"line":17,"column":16},"end":{"line":21,"column":41}},"12":{"start":{"line":18,"column":20},"end":{"line":18,"column":32}},"13":{"start":{"line":21,"column":20},"end":{"line":21,"column":41}},"14":{"start":{"line":26,"column":0},"end":{"line":36,"column":1}},"15":{"start":{"line":27,"column":4},"end":{"line":35,"column":7}},"16":{"start":{"line":28,"column":20},"end":{"line":28,"column":77}},"17":{"start":{"line":29,"column":8},"end":{"line":34,"column":11}},"18":{"start":{"line":30,"column":12},"end":{"line":33,"column":29}},"19":{"start":{"line":31,"column":16},"end":{"line":31,"column":28}},"20":{"start":{"line":33,"column":16},"end":{"line":33,"column":29}}},"fnMap":{"0":{"name":"(anonymous_0)","decl":{"start":{"line":8,"column":24},"end":{"line":8,"column":25}},"loc":{"start":{"line":8,"column":46},"end":{"line":24,"column":1}},"line":8},"1":{"name":"(anonymous_1)","decl":{"start":{"line":9,"column":23},"end":{"line":9,"column":24}},"loc":{"start":{"line":9,"column":44},"end":{"line":23,"column":5}},"line":9},"2":{"name":"(anonymous_2)","decl":{"start":{"line":16,"column":32},"end":{"line":16,"column":33}},"loc":{"start":{"line":16,"column":47},"end":{"line":22,"column":13}},"line":16},"3":{"name":"(anonymous_3)","decl":{"start":{"line":26,"column":27},"end":{"line":26,"column":28}},"loc":{"start":{"line":26,"column":54},"end":{"line":36,"column":1}},"line":26},"4":{"name":"(anonymous_4)","decl":{"start":{"line":27,"column":23},"end":{"line":27,"column":24}},"loc":{"start":{"line":27,"column":44},"end":{"line":35,"column":5}},"line":27},"5":{"name":"(anonymous_5)","decl":{"start":{"line":29,"column":39},"end":{"line":29,"column":40}},"loc":{"start":{"line":29,"column":53},"end":{"line":34,"column":9}},"line":29}},"branchMap":{"0":{"loc":{"start":{"line":15,"column":8},"end":{"line":22,"column":15}},"type":"if","locations":[{"start":{"line":15,"column":8},"end":{"line":22,"column":15}},{"start":{"line":15,"column":8},"end":{"line":22,"column":15}}],"line":15},"1":{"loc":{"start":{"line":17,"column":16},"end":{"line":21,"column":41}},"type":"if","locations":[{"start":{"line":17,"column":16},"end":{"line":21,"column":41}},{"start":{"line":17,"column":16},"end":{"line":21,"column":41}}],"line":17},"2":{"loc":{"start":{"line":30,"column":12},"end":{"line":33,"column":29}},"type":"if","locations":[{"start":{"line":30,"column":12},"end":{"line":33,"column":29}},{"start":{"line":30,"column":12},"end":{"line":33,"column":29}}],"line":30}},"s":{"0":1,"1":1,"2":1,"3":1,"4":1,"5":4,"6":4,"7":4,"8":4,"9":4,"10":4,"11":4,"12":0,"13":4,"14":1,"15":2,"16":2,"17":2,"18":2,"19":0,"20":2},"f":{"0":4,"1":4,"2":4,"3":2,"4":2,"5":2},"b":{"0":[4,0],"1":[0,4],"2":[0,2]},"_coverageSchema":"1a1c01bbd47fc00a2c39e90264f33305004495a9","hash":"208cf1f7d53639356083770610d7509c0a14bca1","contentHash":"ae9047ad1df499dfe562d18c97dbd4fd3331063cec10865b1b5fdd9371488497"},"D:\\Lavori\\GIT_REPO\\Project-SE2-2020\\server\\dao\\classroom_dao.js":{"path":"D:\\Lavori\\GIT_REPO\\Project-SE2-2020\\server\\dao\\classroom_dao.js","statementMap":{"0":{"start":{"line":3,"column":11},"end":{"line":3,"column":30}},"1":{"start":{"line":4,"column":18},"end":{"line":4,"column":46}},"2":{"start":{"line":7,"column":4},"end":{"line":7,"column":62}},"3":{"start":{"line":9,"column":0},"end":{"line":25,"column":1}},"4":{"start":{"line":10,"column":1},"end":{"line":24,"column":7}},"5":{"start":{"line":11,"column":20},"end":{"line":11,"column":85}},"6":{"start":{"line":12,"column":21},"end":{"line":12,"column":23}},"7":{"start":{"line":14,"column":8},"end":{"line":14,"column":69}},"8":{"start":{"line":16,"column":8},"end":{"line":23,"column":11}},"9":{"start":{"line":17,"column":12},"end":{"line":23,"column":11}},"10":{"start":{"line":18,"column":16},"end":{"line":22,"column":41}},"11":{"start":{"line":19,"column":20},"end":{"line":19,"column":32}},"12":{"start":{"line":22,"column":20},"end":{"line":22,"column":41}},"13":{"start":{"line":27,"column":0},"end":{"line":37,"column":1}},"14":{"start":{"line":28,"column":4},"end":{"line":36,"column":7}},"15":{"start":{"line":29,"column":20},"end":{"line":29,"column":63}},"16":{"start":{"line":30,"column":8},"end":{"line":35,"column":11}},"17":{"start":{"line":31,"column":12},"end":{"line":34,"column":28}},"18":{"start":{"line":32,"column":16},"end":{"line":32,"column":28}},"19":{"start":{"line":34,"column":15},"end":{"line":34,"column":28}},"20":{"start":{"line":39,"column":0},"end":{"line":49,"column":1}},"21":{"start":{"line":40,"column":4},"end":{"line":48,"column":6}},"22":{"start":{"line":41,"column":20},"end":{"line":41,"column":45}},"23":{"start":{"line":42,"column":8},"end":{"line":47,"column":10}},"24":{"start":{"line":43,"column":12},"end":{"line":46,"column":64}},"25":{"start":{"line":44,"column":16},"end":{"line":44,"column":28}},"26":{"start":{"line":46,"column":16},"end":{"line":46,"column":64}},"27":{"start":{"line":46,"column":41},"end":{"line":46,"column":61}}},"fnMap":{"0":{"name":"createClassroom","decl":{"start":{"line":6,"column":9},"end":{"line":6,"column":24}},"loc":{"start":{"line":6,"column":29},"end":{"line":8,"column":1}},"line":6},"1":{"name":"(anonymous_1)","decl":{"start":{"line":9,"column":23},"end":{"line":9,"column":24}},"loc":{"start":{"line":9,"column":43},"end":{"line":25,"column":1}},"line":9},"2":{"name":"(anonymous_2)","decl":{"start":{"line":10,"column":20},"end":{"line":10,"column":21}},"loc":{"start":{"line":10,"column":41},"end":{"line":24,"column":5}},"line":10},"3":{"name":"(anonymous_3)","decl":{"start":{"line":17,"column":32},"end":{"line":17,"column":33}},"loc":{"start":{"line":17,"column":46},"end":{"line":23,"column":9}},"line":17},"4":{"name":"(anonymous_4)","decl":{"start":{"line":27,"column":26},"end":{"line":27,"column":27}},"loc":{"start":{"line":27,"column":45},"end":{"line":37,"column":1}},"line":27},"5":{"name":"(anonymous_5)","decl":{"start":{"line":28,"column":23},"end":{"line":28,"column":24}},"loc":{"start":{"line":28,"column":44},"end":{"line":36,"column":5}},"line":28},"6":{"name":"(anonymous_6)","decl":{"start":{"line":30,"column":33},"end":{"line":30,"column":34}},"loc":{"start":{"line":30,"column":47},"end":{"line":35,"column":9}},"line":30},"7":{"name":"(anonymous_7)","decl":{"start":{"line":39,"column":24},"end":{"line":39,"column":25}},"loc":{"start":{"line":39,"column":34},"end":{"line":49,"column":1}},"line":39},"8":{"name":"(anonymous_8)","decl":{"start":{"line":40,"column":23},"end":{"line":40,"column":24}},"loc":{"start":{"line":40,"column":44},"end":{"line":48,"column":5}},"line":40},"9":{"name":"(anonymous_9)","decl":{"start":{"line":42,"column":24},"end":{"line":42,"column":25}},"loc":{"start":{"line":42,"column":39},"end":{"line":47,"column":9}},"line":42},"10":{"name":"(anonymous_10)","decl":{"start":{"line":46,"column":34},"end":{"line":46,"column":35}},"loc":{"start":{"line":46,"column":41},"end":{"line":46,"column":61}},"line":46}},"branchMap":{"0":{"loc":{"start":{"line":16,"column":8},"end":{"line":23,"column":11}},"type":"if","locations":[{"start":{"line":16,"column":8},"end":{"line":23,"column":11}},{"start":{"line":16,"column":8},"end":{"line":23,"column":11}}],"line":16},"1":{"loc":{"start":{"line":18,"column":16},"end":{"line":22,"column":41}},"type":"if","locations":[{"start":{"line":18,"column":16},"end":{"line":22,"column":41}},{"start":{"line":18,"column":16},"end":{"line":22,"column":41}}],"line":18},"2":{"loc":{"start":{"line":31,"column":12},"end":{"line":34,"column":28}},"type":"if","locations":[{"start":{"line":31,"column":12},"end":{"line":34,"column":28}},{"start":{"line":31,"column":12},"end":{"line":34,"column":28}}],"line":31},"3":{"loc":{"start":{"line":43,"column":12},"end":{"line":46,"column":64}},"type":"if","locations":[{"start":{"line":43,"column":12},"end":{"line":46,"column":64}},{"start":{"line":43,"column":12},"end":{"line":46,"column":64}}],"line":43}},"s":{"0":1,"1":1,"2":2,"3":1,"4":2,"5":2,"6":2,"7":2,"8":2,"9":2,"10":2,"11":0,"12":2,"13":1,"14":1,"15":1,"16":1,"17":1,"18":0,"19":1,"20":1,"21":2,"22":2,"23":2,"24":2,"25":0,"26":2,"27":2},"f":{"0":2,"1":2,"2":2,"3":2,"4":1,"5":1,"6":1,"7":2,"8":2,"9":2,"10":2},"b":{"0":[2,0],"1":[0,2],"2":[0,1],"3":[0,2]},"_coverageSchema":"1a1c01bbd47fc00a2c39e90264f33305004495a9","hash":"d6e73bb3e7d17b2643d4f7531e3f2941dab1b843","contentHash":"7b1b7c3cca39f20c28312f1a4c05a3edbe3037d612f435725582d1cb27926ed7"},"D:\\Lavori\\GIT_REPO\\Project-SE2-2020\\server\\dao\\booking_dao.js":{"path":"D:\\Lavori\\GIT_REPO\\Project-SE2-2020\\server\\dao\\booking_dao.js","statementMap":{"0":{"start":{"line":3,"column":11},"end":{"line":3,"column":30}},"1":{"start":{"line":4,"column":16},"end":{"line":4,"column":42}},"2":{"start":{"line":5,"column":15},"end":{"line":5,"column":32}},"3":{"start":{"line":8,"column":4},"end":{"line":8,"column":81}},"4":{"start":{"line":15,"column":0},"end":{"line":34,"column":1}},"5":{"start":{"line":16,"column":4},"end":{"line":33,"column":7}},"6":{"start":{"line":17,"column":20},"end":{"line":17,"column":121}},"7":{"start":{"line":18,"column":19},"end":{"line":18,"column":58}},"8":{"start":{"line":19,"column":20},"end":{"line":19,"column":53}},"9":{"start":{"line":20,"column":19},"end":{"line":20,"column":122}},"10":{"start":{"line":21,"column":21},"end":{"line":21,"column":23}},"11":{"start":{"line":23,"column":8},"end":{"line":23,"column":99}},"12":{"start":{"line":25,"column":8},"end":{"line":32,"column":15}},"13":{"start":{"line":26,"column":12},"end":{"line":32,"column":15}},"14":{"start":{"line":27,"column":16},"end":{"line":31,"column":34}},"15":{"start":{"line":28,"column":20},"end":{"line":28,"column":32}},"16":{"start":{"line":31,"column":20},"end":{"line":31,"column":34}},"17":{"start":{"line":36,"column":0},"end":{"line":46,"column":1}},"18":{"start":{"line":37,"column":4},"end":{"line":45,"column":7}},"19":{"start":{"line":38,"column":20},"end":{"line":38,"column":79}},"20":{"start":{"line":39,"column":8},"end":{"line":44,"column":11}},"21":{"start":{"line":40,"column":12},"end":{"line":43,"column":29}},"22":{"start":{"line":41,"column":16},"end":{"line":41,"column":28}},"23":{"start":{"line":43,"column":16},"end":{"line":43,"column":29}},"24":{"start":{"line":48,"column":0},"end":{"line":62,"column":1}},"25":{"start":{"line":49,"column":4},"end":{"line":61,"column":6}},"26":{"start":{"line":50,"column":20},"end":{"line":50,"column":43}},"27":{"start":{"line":51,"column":8},"end":{"line":60,"column":10}},"28":{"start":{"line":52,"column":12},"end":{"line":59,"column":13}},"29":{"start":{"line":53,"column":16},"end":{"line":53,"column":28}},"30":{"start":{"line":55,"column":16},"end":{"line":58,"column":39}},"31":{"start":{"line":56,"column":20},"end":{"line":56,"column":67}},"32":{"start":{"line":56,"column":46},"end":{"line":56,"column":64}},"33":{"start":{"line":58,"column":20},"end":{"line":58,"column":39}},"34":{"start":{"line":63,"column":0},"end":{"line":79,"column":1}},"35":{"start":{"line":64,"column":4},"end":{"line":78,"column":7}},"36":{"start":{"line":65,"column":20},"end":{"line":65,"column":63}},"37":{"start":{"line":66,"column":8},"end":{"line":77,"column":11}},"38":{"start":{"line":67,"column":12},"end":{"line":76,"column":13}},"39":{"start":{"line":68,"column":16},"end":{"line":68,"column":28}},"40":{"start":{"line":70,"column":16},"end":{"line":75,"column":39}},"41":{"start":{"line":71,"column":35},"end":{"line":71,"column":72}},"42":{"start":{"line":71,"column":52},"end":{"line":71,"column":70}},"43":{"start":{"line":72,"column":20},"end":{"line":72,"column":38}},"44":{"start":{"line":75,"column":20},"end":{"line":75,"column":39}},"45":{"start":{"line":81,"column":0},"end":{"line":91,"column":1}},"46":{"start":{"line":82,"column":4},"end":{"line":90,"column":7}},"47":{"start":{"line":83,"column":20},"end":{"line":83,"column":61}},"48":{"start":{"line":84,"column":8},"end":{"line":89,"column":11}},"49":{"start":{"line":85,"column":12},"end":{"line":88,"column":29}},"50":{"start":{"line":86,"column":16},"end":{"line":86,"column":28}},"51":{"start":{"line":88,"column":16},"end":{"line":88,"column":29}},"52":{"start":{"line":93,"column":0},"end":{"line":108,"column":1}},"53":{"start":{"line":94,"column":4},"end":{"line":107,"column":7}},"54":{"start":{"line":95,"column":20},"end":{"line":95,"column":298}},"55":{"start":{"line":96,"column":8},"end":{"line":106,"column":11}},"56":{"start":{"line":97,"column":12},"end":{"line":105,"column":13}},"57":{"start":{"line":98,"column":16},"end":{"line":98,"column":28}},"58":{"start":{"line":100,"column":16},"end":{"line":104,"column":39}},"59":{"start":{"line":101,"column":20},"end":{"line":101,"column":37}},"60":{"start":{"line":104,"column":20},"end":{"line":104,"column":39}},"61":{"start":{"line":120,"column":0},"end":{"line":177,"column":1}},"62":{"start":{"line":121,"column":4},"end":{"line":176,"column":6}},"63":{"start":{"line":122,"column":8},"end":{"line":175,"column":9}},"64":{"start":{"line":123,"column":24},"end":{"line":123,"column":243}},"65":{"start":{"line":124,"column":12},"end":{"line":134,"column":14}},"66":{"start":{"line":125,"column":16},"end":{"line":133,"column":17}},"67":{"start":{"line":126,"column":20},"end":{"line":126,"column":32}},"68":{"start":{"line":128,"column":20},"end":{"line":132,"column":43}},"69":{"start":{"line":129,"column":24},"end":{"line":129,"column":38}},"70":{"start":{"line":132,"column":24},"end":{"line":132,"column":43}},"71":{"start":{"line":135,"column":15},"end":{"line":175,"column":9}},"72":{"start":{"line":136,"column":24},"end":{"line":136,"column":224}},"73":{"start":{"line":137,"column":12},"end":{"line":148,"column":14}},"74":{"start":{"line":138,"column":16},"end":{"line":147,"column":17}},"75":{"start":{"line":139,"column":20},"end":{"line":139,"column":32}},"76":{"start":{"line":142,"column":20},"end":{"line":146,"column":43}},"77":{"start":{"line":143,"column":24},"end":{"line":143,"column":38}},"78":{"start":{"line":146,"column":24},"end":{"line":146,"column":43}},"79":{"start":{"line":149,"column":15},"end":{"line":175,"column":9}},"80":{"start":{"line":150,"column":24},"end":{"line":150,"column":222}},"81":{"start":{"line":151,"column":12},"end":{"line":161,"column":14}},"82":{"start":{"line":152,"column":16},"end":{"line":160,"column":17}},"83":{"start":{"line":153,"column":20},"end":{"line":153,"column":32}},"84":{"start":{"line":155,"column":20},"end":{"line":159,"column":43}},"85":{"start":{"line":156,"column":24},"end":{"line":156,"column":38}},"86":{"start":{"line":159,"column":24},"end":{"line":159,"column":43}},"87":{"start":{"line":162,"column":15},"end":{"line":175,"column":9}},"88":{"start":{"line":163,"column":24},"end":{"line":163,"column":222}},"89":{"start":{"line":164,"column":12},"end":{"line":174,"column":14}},"90":{"start":{"line":165,"column":16},"end":{"line":173,"column":17}},"91":{"start":{"line":166,"column":20},"end":{"line":166,"column":32}},"92":{"start":{"line":168,"column":20},"end":{"line":172,"column":43}},"93":{"start":{"line":169,"column":24},"end":{"line":169,"column":38}},"94":{"start":{"line":172,"column":24},"end":{"line":172,"column":43}},"95":{"start":{"line":184,"column":0},"end":{"line":208,"column":1}},"96":{"start":{"line":185,"column":4},"end":{"line":207,"column":7}},"97":{"start":{"line":186,"column":20},"end":{"line":186,"column":274}},"98":{"start":{"line":187,"column":8},"end":{"line":206,"column":11}},"99":{"start":{"line":188,"column":12},"end":{"line":205,"column":13}},"100":{"start":{"line":189,"column":16},"end":{"line":189,"column":28}},"101":{"start":{"line":191,"column":16},"end":{"line":204,"column":39}},"102":{"start":{"line":193,"column":32},"end":{"line":193,"column":60}},"103":{"start":{"line":194,"column":33},"end":{"line":194,"column":35}},"104":{"start":{"line":195,"column":20},"end":{"line":200,"column":21}},"105":{"start":{"line":195,"column":33},"end":{"line":195,"column":34}},"106":{"start":{"line":196,"column":35},"end":{"line":196,"column":71}},"107":{"start":{"line":197,"column":24},"end":{"line":199,"column":25}},"108":{"start":{"line":198,"column":28},"end":{"line":198,"column":47}},"109":{"start":{"line":201,"column":20},"end":{"line":201,"column":36}},"110":{"start":{"line":204,"column":20},"end":{"line":204,"column":39}}},"fnMap":{"0":{"name":"createBooking","decl":{"start":{"line":7,"column":9},"end":{"line":7,"column":22}},"loc":{"start":{"line":7,"column":28},"end":{"line":9,"column":1}},"line":7},"1":{"name":"(anonymous_1)","decl":{"start":{"line":15,"column":22},"end":{"line":15,"column":23}},"loc":{"start":{"line":15,"column":41},"end":{"line":34,"column":1}},"line":15},"2":{"name":"(anonymous_2)","decl":{"start":{"line":16,"column":23},"end":{"line":16,"column":24}},"loc":{"start":{"line":16,"column":44},"end":{"line":33,"column":5}},"line":16},"3":{"name":"(anonymous_3)","decl":{"start":{"line":26,"column":32},"end":{"line":26,"column":33}},"loc":{"start":{"line":26,"column":47},"end":{"line":32,"column":13}},"line":26},"4":{"name":"(anonymous_4)","decl":{"start":{"line":36,"column":24},"end":{"line":36,"column":25}},"loc":{"start":{"line":36,"column":56},"end":{"line":46,"column":1}},"line":36},"5":{"name":"(anonymous_5)","decl":{"start":{"line":37,"column":23},"end":{"line":37,"column":24}},"loc":{"start":{"line":37,"column":44},"end":{"line":45,"column":5}},"line":37},"6":{"name":"(anonymous_6)","decl":{"start":{"line":39,"column":44},"end":{"line":39,"column":45}},"loc":{"start":{"line":39,"column":58},"end":{"line":44,"column":9}},"line":39},"7":{"name":"(anonymous_7)","decl":{"start":{"line":48,"column":25},"end":{"line":48,"column":26}},"loc":{"start":{"line":48,"column":37},"end":{"line":62,"column":1}},"line":48},"8":{"name":"(anonymous_8)","decl":{"start":{"line":49,"column":23},"end":{"line":49,"column":24}},"loc":{"start":{"line":49,"column":44},"end":{"line":61,"column":5}},"line":49},"9":{"name":"(anonymous_9)","decl":{"start":{"line":51,"column":24},"end":{"line":51,"column":25}},"loc":{"start":{"line":51,"column":39},"end":{"line":60,"column":9}},"line":51},"10":{"name":"(anonymous_10)","decl":{"start":{"line":56,"column":37},"end":{"line":56,"column":38}},"loc":{"start":{"line":56,"column":46},"end":{"line":56,"column":64}},"line":56},"11":{"name":"(anonymous_11)","decl":{"start":{"line":63,"column":22},"end":{"line":63,"column":23}},"loc":{"start":{"line":63,"column":43},"end":{"line":79,"column":1}},"line":63},"12":{"name":"(anonymous_12)","decl":{"start":{"line":64,"column":23},"end":{"line":64,"column":24}},"loc":{"start":{"line":64,"column":44},"end":{"line":78,"column":5}},"line":64},"13":{"name":"(anonymous_13)","decl":{"start":{"line":66,"column":33},"end":{"line":66,"column":34}},"loc":{"start":{"line":66,"column":48},"end":{"line":77,"column":9}},"line":66},"14":{"name":"(anonymous_14)","decl":{"start":{"line":71,"column":45},"end":{"line":71,"column":46}},"loc":{"start":{"line":71,"column":52},"end":{"line":71,"column":70}},"line":71},"15":{"name":"(anonymous_15)","decl":{"start":{"line":81,"column":33},"end":{"line":81,"column":34}},"loc":{"start":{"line":81,"column":54},"end":{"line":91,"column":1}},"line":81},"16":{"name":"(anonymous_16)","decl":{"start":{"line":82,"column":23},"end":{"line":82,"column":24}},"loc":{"start":{"line":82,"column":44},"end":{"line":90,"column":5}},"line":82},"17":{"name":"(anonymous_17)","decl":{"start":{"line":84,"column":33},"end":{"line":84,"column":34}},"loc":{"start":{"line":84,"column":47},"end":{"line":89,"column":9}},"line":84},"18":{"name":"(anonymous_18)","decl":{"start":{"line":93,"column":29},"end":{"line":93,"column":30}},"loc":{"start":{"line":93,"column":50},"end":{"line":108,"column":1}},"line":93},"19":{"name":"(anonymous_19)","decl":{"start":{"line":94,"column":23},"end":{"line":94,"column":24}},"loc":{"start":{"line":94,"column":44},"end":{"line":107,"column":5}},"line":94},"20":{"name":"(anonymous_20)","decl":{"start":{"line":96,"column":32},"end":{"line":96,"column":33}},"loc":{"start":{"line":96,"column":46},"end":{"line":106,"column":9}},"line":96},"21":{"name":"(anonymous_21)","decl":{"start":{"line":120,"column":24},"end":{"line":120,"column":25}},"loc":{"start":{"line":120,"column":54},"end":{"line":177,"column":1}},"line":120},"22":{"name":"(anonymous_22)","decl":{"start":{"line":121,"column":23},"end":{"line":121,"column":24}},"loc":{"start":{"line":121,"column":44},"end":{"line":176,"column":5}},"line":121},"23":{"name":"(anonymous_23)","decl":{"start":{"line":124,"column":40},"end":{"line":124,"column":41}},"loc":{"start":{"line":124,"column":55},"end":{"line":134,"column":13}},"line":124},"24":{"name":"(anonymous_24)","decl":{"start":{"line":137,"column":34},"end":{"line":137,"column":35}},"loc":{"start":{"line":137,"column":49},"end":{"line":148,"column":13}},"line":137},"25":{"name":"(anonymous_25)","decl":{"start":{"line":151,"column":34},"end":{"line":151,"column":35}},"loc":{"start":{"line":151,"column":49},"end":{"line":161,"column":13}},"line":151},"26":{"name":"(anonymous_26)","decl":{"start":{"line":164,"column":34},"end":{"line":164,"column":35}},"loc":{"start":{"line":164,"column":49},"end":{"line":174,"column":13}},"line":164},"27":{"name":"(anonymous_27)","decl":{"start":{"line":184,"column":40},"end":{"line":184,"column":41}},"loc":{"start":{"line":184,"column":62},"end":{"line":208,"column":1}},"line":184},"28":{"name":"(anonymous_28)","decl":{"start":{"line":185,"column":23},"end":{"line":185,"column":24}},"loc":{"start":{"line":185,"column":44},"end":{"line":207,"column":5}},"line":185},"29":{"name":"(anonymous_29)","decl":{"start":{"line":187,"column":34},"end":{"line":187,"column":35}},"loc":{"start":{"line":187,"column":48},"end":{"line":206,"column":9}},"line":187}},"branchMap":{"0":{"loc":{"start":{"line":25,"column":8},"end":{"line":32,"column":15}},"type":"if","locations":[{"start":{"line":25,"column":8},"end":{"line":32,"column":15}},{"start":{"line":25,"column":8},"end":{"line":32,"column":15}}],"line":25},"1":{"loc":{"start":{"line":27,"column":16},"end":{"line":31,"column":34}},"type":"if","locations":[{"start":{"line":27,"column":16},"end":{"line":31,"column":34}},{"start":{"line":27,"column":16},"end":{"line":31,"column":34}}],"line":27},"2":{"loc":{"start":{"line":40,"column":12},"end":{"line":43,"column":29}},"type":"if","locations":[{"start":{"line":40,"column":12},"end":{"line":43,"column":29}},{"start":{"line":40,"column":12},"end":{"line":43,"column":29}}],"line":40},"3":{"loc":{"start":{"line":52,"column":12},"end":{"line":59,"column":13}},"type":"if","locations":[{"start":{"line":52,"column":12},"end":{"line":59,"column":13}},{"start":{"line":52,"column":12},"end":{"line":59,"column":13}}],"line":52},"4":{"loc":{"start":{"line":55,"column":16},"end":{"line":58,"column":39}},"type":"if","locations":[{"start":{"line":55,"column":16},"end":{"line":58,"column":39}},{"start":{"line":55,"column":16},"end":{"line":58,"column":39}}],"line":55},"5":{"loc":{"start":{"line":67,"column":12},"end":{"line":76,"column":13}},"type":"if","locations":[{"start":{"line":67,"column":12},"end":{"line":76,"column":13}},{"start":{"line":67,"column":12},"end":{"line":76,"column":13}}],"line":67},"6":{"loc":{"start":{"line":70,"column":16},"end":{"line":75,"column":39}},"type":"if","locations":[{"start":{"line":70,"column":16},"end":{"line":75,"column":39}},{"start":{"line":70,"column":16},"end":{"line":75,"column":39}}],"line":70},"7":{"loc":{"start":{"line":85,"column":12},"end":{"line":88,"column":29}},"type":"if","locations":[{"start":{"line":85,"column":12},"end":{"line":88,"column":29}},{"start":{"line":85,"column":12},"end":{"line":88,"column":29}}],"line":85},"8":{"loc":{"start":{"line":97,"column":12},"end":{"line":105,"column":13}},"type":"if","locations":[{"start":{"line":97,"column":12},"end":{"line":105,"column":13}},{"start":{"line":97,"column":12},"end":{"line":105,"column":13}}],"line":97},"9":{"loc":{"start":{"line":100,"column":16},"end":{"line":104,"column":39}},"type":"if","locations":[{"start":{"line":100,"column":16},"end":{"line":104,"column":39}},{"start":{"line":100,"column":16},"end":{"line":104,"column":39}}],"line":100},"10":{"loc":{"start":{"line":122,"column":8},"end":{"line":175,"column":9}},"type":"if","locations":[{"start":{"line":122,"column":8},"end":{"line":175,"column":9}},{"start":{"line":122,"column":8},"end":{"line":175,"column":9}}],"line":122},"11":{"loc":{"start":{"line":125,"column":16},"end":{"line":133,"column":17}},"type":"if","locations":[{"start":{"line":125,"column":16},"end":{"line":133,"column":17}},{"start":{"line":125,"column":16},"end":{"line":133,"column":17}}],"line":125},"12":{"loc":{"start":{"line":128,"column":20},"end":{"line":132,"column":43}},"type":"if","locations":[{"start":{"line":128,"column":20},"end":{"line":132,"column":43}},{"start":{"line":128,"column":20},"end":{"line":132,"column":43}}],"line":128},"13":{"loc":{"start":{"line":135,"column":15},"end":{"line":175,"column":9}},"type":"if","locations":[{"start":{"line":135,"column":15},"end":{"line":175,"column":9}},{"start":{"line":135,"column":15},"end":{"line":175,"column":9}}],"line":135},"14":{"loc":{"start":{"line":138,"column":16},"end":{"line":147,"column":17}},"type":"if","locations":[{"start":{"line":138,"column":16},"end":{"line":147,"column":17}},{"start":{"line":138,"column":16},"end":{"line":147,"column":17}}],"line":138},"15":{"loc":{"start":{"line":142,"column":20},"end":{"line":146,"column":43}},"type":"if","locations":[{"start":{"line":142,"column":20},"end":{"line":146,"column":43}},{"start":{"line":142,"column":20},"end":{"line":146,"column":43}}],"line":142},"16":{"loc":{"start":{"line":149,"column":15},"end":{"line":175,"column":9}},"type":"if","locations":[{"start":{"line":149,"column":15},"end":{"line":175,"column":9}},{"start":{"line":149,"column":15},"end":{"line":175,"column":9}}],"line":149},"17":{"loc":{"start":{"line":152,"column":16},"end":{"line":160,"column":17}},"type":"if","locations":[{"start":{"line":152,"column":16},"end":{"line":160,"column":17}},{"start":{"line":152,"column":16},"end":{"line":160,"column":17}}],"line":152},"18":{"loc":{"start":{"line":155,"column":20},"end":{"line":159,"column":43}},"type":"if","locations":[{"start":{"line":155,"column":20},"end":{"line":159,"column":43}},{"start":{"line":155,"column":20},"end":{"line":159,"column":43}}],"line":155},"19":{"loc":{"start":{"line":162,"column":15},"end":{"line":175,"column":9}},"type":"if","locations":[{"start":{"line":162,"column":15},"end":{"line":175,"column":9}},{"start":{"line":162,"column":15},"end":{"line":175,"column":9}}],"line":162},"20":{"loc":{"start":{"line":165,"column":16},"end":{"line":173,"column":17}},"type":"if","locations":[{"start":{"line":165,"column":16},"end":{"line":173,"column":17}},{"start":{"line":165,"column":16},"end":{"line":173,"column":17}}],"line":165},"21":{"loc":{"start":{"line":168,"column":20},"end":{"line":172,"column":43}},"type":"if","locations":[{"start":{"line":168,"column":20},"end":{"line":172,"column":43}},{"start":{"line":168,"column":20},"end":{"line":172,"column":43}}],"line":168},"22":{"loc":{"start":{"line":188,"column":12},"end":{"line":205,"column":13}},"type":"if","locations":[{"start":{"line":188,"column":12},"end":{"line":205,"column":13}},{"start":{"line":188,"column":12},"end":{"line":205,"column":13}}],"line":188},"23":{"loc":{"start":{"line":191,"column":16},"end":{"line":204,"column":39}},"type":"if","locations":[{"start":{"line":191,"column":16},"end":{"line":204,"column":39}},{"start":{"line":191,"column":16},"end":{"line":204,"column":39}}],"line":191},"24":{"loc":{"start":{"line":197,"column":24},"end":{"line":199,"column":25}},"type":"if","locations":[{"start":{"line":197,"column":24},"end":{"line":199,"column":25}},{"start":{"line":197,"column":24},"end":{"line":199,"column":25}}],"line":197}},"s":{"0":1,"1":1,"2":1,"3":2,"4":1,"5":10,"6":10,"7":10,"8":10,"9":10,"10":10,"11":10,"12":10,"13":10,"14":10,"15":0,"16":10,"17":1,"18":3,"19":3,"20":3,"21":3,"22":0,"23":3,"24":1,"25":2,"26":2,"27":2,"28":2,"29":0,"30":2,"31":2,"32":2,"33":0,"34":1,"35":0,"36":0,"37":0,"38":0,"39":0,"40":0,"41":0,"42":0,"43":0,"44":0,"45":1,"46":1,"47":1,"48":1,"49":1,"50":0,"51":1,"52":1,"53":0,"54":0,"55":0,"56":0,"57":0,"58":0,"59":0,"60":0,"61":1,"62":8,"63":8,"64":2,"65":2,"66":2,"67":0,"68":2,"69":1,"70":1,"71":6,"72":2,"73":2,"74":2,"75":0,"76":2,"77":1,"78":1,"79":4,"80":2,"81":2,"82":2,"83":0,"84":2,"85":1,"86":1,"87":2,"88":2,"89":2,"90":2,"91":0,"92":2,"93":1,"94":1,"95":1,"96":1,"97":1,"98":1,"99":1,"100":0,"101":1,"102":1,"103":1,"104":1,"105":1,"106":1,"107":1,"108":1,"109":1,"110":0},"f":{"0":2,"1":10,"2":10,"3":10,"4":3,"5":3,"6":3,"7":2,"8":2,"9":2,"10":2,"11":0,"12":0,"13":0,"14":0,"15":1,"16":1,"17":1,"18":0,"19":0,"20":0,"21":8,"22":8,"23":2,"24":2,"25":2,"26":2,"27":1,"28":1,"29":1},"b":{"0":[10,0],"1":[0,10],"2":[0,3],"3":[0,2],"4":[2,0],"5":[0,0],"6":[0,0],"7":[0,1],"8":[0,0],"9":[0,0],"10":[2,6],"11":[0,2],"12":[1,1],"13":[2,4],"14":[0,2],"15":[1,1],"16":[2,2],"17":[0,2],"18":[1,1],"19":[2,0],"20":[0,2],"21":[1,1],"22":[0,1],"23":[1,0],"24":[1,0]},"_coverageSchema":"1a1c01bbd47fc00a2c39e90264f33305004495a9","hash":"7e396b252006f5ec09a692a0f667a861533028f7","contentHash":"df5a33bc46f3be04d314e488e919fd92e7cccafb5d142d3c8b5a5590c834bcf4"},"D:\\Lavori\\GIT_REPO\\Project-SE2-2020\\server\\dao\\cancelled_bookings_dao.js":{"path":"D:\\Lavori\\GIT_REPO\\Project-SE2-2020\\server\\dao\\cancelled_bookings_dao.js","statementMap":{"0":{"start":{"line":3,"column":11},"end":{"line":3,"column":30}},"1":{"start":{"line":4,"column":25},"end":{"line":4,"column":62}},"2":{"start":{"line":7,"column":4},"end":{"line":7,"column":96}},"3":{"start":{"line":10,"column":0},"end":{"line":23,"column":1}},"4":{"start":{"line":11,"column":4},"end":{"line":22,"column":7}},"5":{"start":{"line":12,"column":20},"end":{"line":12,"column":98}},"6":{"start":{"line":13,"column":21},"end":{"line":13,"column":23}},"7":{"start":{"line":15,"column":8},"end":{"line":15,"column":99}},"8":{"start":{"line":16,"column":8},"end":{"line":21,"column":11}},"9":{"start":{"line":17,"column":12},"end":{"line":20,"column":37}},"10":{"start":{"line":18,"column":16},"end":{"line":18,"column":28}},"11":{"start":{"line":20,"column":16},"end":{"line":20,"column":37}},"12":{"start":{"line":25,"column":0},"end":{"line":35,"column":1}},"13":{"start":{"line":26,"column":4},"end":{"line":34,"column":7}},"14":{"start":{"line":27,"column":20},"end":{"line":27,"column":81}},"15":{"start":{"line":28,"column":8},"end":{"line":33,"column":11}},"16":{"start":{"line":29,"column":12},"end":{"line":32,"column":29}},"17":{"start":{"line":30,"column":16},"end":{"line":30,"column":28}},"18":{"start":{"line":32,"column":16},"end":{"line":32,"column":29}},"19":{"start":{"line":37,"column":0},"end":{"line":53,"column":1}},"20":{"start":{"line":38,"column":4},"end":{"line":52,"column":6}},"21":{"start":{"line":39,"column":20},"end":{"line":39,"column":54}},"22":{"start":{"line":40,"column":8},"end":{"line":51,"column":10}},"23":{"start":{"line":41,"column":12},"end":{"line":50,"column":13}},"24":{"start":{"line":42,"column":16},"end":{"line":42,"column":28}},"25":{"start":{"line":44,"column":16},"end":{"line":49,"column":17}},"26":{"start":{"line":45,"column":44},"end":{"line":45,"column":90}},"27":{"start":{"line":45,"column":61},"end":{"line":45,"column":88}},"28":{"start":{"line":46,"column":20},"end":{"line":46,"column":47}},"29":{"start":{"line":48,"column":20},"end":{"line":48,"column":39}},"30":{"start":{"line":60,"column":0},"end":{"line":75,"column":1}},"31":{"start":{"line":61,"column":4},"end":{"line":74,"column":6}},"32":{"start":{"line":62,"column":20},"end":{"line":62,"column":245}},"33":{"start":{"line":63,"column":8},"end":{"line":73,"column":10}},"34":{"start":{"line":64,"column":12},"end":{"line":72,"column":13}},"35":{"start":{"line":65,"column":16},"end":{"line":65,"column":28}},"36":{"start":{"line":67,"column":16},"end":{"line":71,"column":39}},"37":{"start":{"line":68,"column":20},"end":{"line":68,"column":34}},"38":{"start":{"line":71,"column":20},"end":{"line":71,"column":39}}},"fnMap":{"0":{"name":"createCancelledBooking","decl":{"start":{"line":6,"column":9},"end":{"line":6,"column":31}},"loc":{"start":{"line":6,"column":37},"end":{"line":8,"column":1}},"line":6},"1":{"name":"(anonymous_1)","decl":{"start":{"line":10,"column":30},"end":{"line":10,"column":31}},"loc":{"start":{"line":10,"column":58},"end":{"line":23,"column":1}},"line":10},"2":{"name":"(anonymous_2)","decl":{"start":{"line":11,"column":23},"end":{"line":11,"column":24}},"loc":{"start":{"line":11,"column":44},"end":{"line":22,"column":5}},"line":11},"3":{"name":"(anonymous_3)","decl":{"start":{"l
[...]
},"18":{"name":"(anonymous_18)","decl":{"start":{"line":125,"column":11},"end":{"line":125,"column":12}},"loc":{"start":{"line":125,"column":20},"end":{"line":129,"column":5}},"line":125},"19":{"name":"(anonymous_19)","decl":{"start":{"line":138,"column":31},"end":{"line":138,"column":32}},"loc":{"start":{"line":138,"column":45},"end":{"line":151,"column":1}},"line":138},"20":{"name":"(anonymous_20)","decl":{"start":{"line":139,"column":66},"end":{"line":139,"column":67}},"loc":{"start":{"line":139,"column":80},"end":{"line":145,"column":3}},"line":139},"21":{"name":"(anonymous_21)","decl":{"start":{"line":146,"column":11},"end":{"line":146,"column":12}},"loc":{"start":{"line":146,"column":20},"end":{"line":150,"column":5}},"line":146},"22":{"name":"(anonymous_22)","decl":{"start":{"line":153,"column":27},"end":{"line":153,"column":28}},"loc":{"start":{"line":153,"column":41},"end":{"line":156,"column":1}},"line":153},"23":{"name":"(anonymous_23)","decl":{"start":{"line":154,"column":30},"end":{"line":154,"column":31}},"loc":{"start":{"line":154,"column":43},"end":{"line":154,"column":60}},"line":154},"24":{"name":"(anonymous_24)","decl":{"start":{"line":155,"column":11},"end":{"line":155,"column":12}},"loc":{"start":{"line":155,"column":20},"end":{"line":155,"column":68}},"line":155},"25":{"name":"(anonymous_25)","decl":{"start":{"line":158,"column":28},"end":{"line":158,"column":29}},"loc":{"start":{"line":158,"column":42},"end":{"line":161,"column":1}},"line":158},"26":{"name":"(anonymous_26)","decl":{"start":{"line":159,"column":31},"end":{"line":159,"column":32}},"loc":{"start":{"line":159,"column":45},"end":{"line":159,"column":63}},"line":159},"27":{"name":"(anonymous_27)","decl":{"start":{"line":160,"column":11},"end":{"line":160,"column":12}},"loc":{"start":{"line":160,"column":20},"end":{"line":160,"column":68}},"line":160},"28":{"name":"(anonymous_28)","decl":{"start":{"line":163,"column":30},"end":{"line":163,"column":31}},"loc":{"start":{"line":163,"column":44},"end":{"line":166,"column":1}},"line":163},"29":{"name":"(anonymous_29)","decl":{"start":{"line":164,"column":36},"end":{"line":164,"column":37}},"loc":{"start":{"line":164,"column":52},"end":{"line":164,"column":72}},"line":164},"30":{"name":"(anonymous_30)","decl":{"start":{"line":165,"column":11},"end":{"line":165,"column":12}},"loc":{"start":{"line":165,"column":20},"end":{"line":165,"column":68}},"line":165},"31":{"name":"(anonymous_31)","decl":{"start":{"line":168,"column":31},"end":{"line":168,"column":32}},"loc":{"start":{"line":168,"column":45},"end":{"line":171,"column":1}},"line":168},"32":{"name":"(anonymous_32)","decl":{"start":{"line":169,"column":35},"end":{"line":169,"column":36}},"loc":{"start":{"line":169,"column":49},"end":{"line":169,"column":67}},"line":169},"33":{"name":"(anonymous_33)","decl":{"start":{"line":170,"column":11},"end":{"line":170,"column":12}},"loc":{"start":{"line":170,"column":20},"end":{"line":170,"column":68}},"line":170},"34":{"name":"(anonymous_34)","decl":{"start":{"line":173,"column":39},"end":{"line":173,"column":40}},"loc":{"start":{"line":173,"column":53},"end":{"line":177,"column":1}},"line":173},"35":{"name":"(anonymous_35)","decl":{"start":{"line":175,"column":41},"end":{"line":175,"column":42}},"loc":{"start":{"line":175,"column":55},"end":{"line":175,"column":73}},"line":175},"36":{"name":"(anonymous_36)","decl":{"start":{"line":176,"column":11},"end":{"line":176,"column":12}},"loc":{"start":{"line":176,"column":20},"end":{"line":176,"column":68}},"line":176},"37":{"name":"(anonymous_37)","decl":{"start":{"line":179,"column":39},"end":{"line":179,"column":40}},"loc":{"start":{"line":179,"column":53},"end":{"line":183,"column":1}},"line":179},"38":{"name":"(anonymous_38)","decl":{"start":{"line":181,"column":44},"end":{"line":181,"column":45}},"loc":{"start":{"line":181,"column":58},"end":{"line":181,"column":76}},"line":181},"39":{"name":"(anonymous_39)","decl":{"start":{"line":182,"column":11},"end":{"line":182,"column":12}},"loc":{"start":{"line":182,"column":20},"end":{"line":182,"column":68}},"line":182},"40":{"name":"(anonymous_40)","decl":{"start":{"line":186,"column":35},"end":{"line":186,"column":36}},"loc":{"start":{"line":186,"column":49},"end":{"line":203,"column":1}},"line":186},"41":{"name":"(anonymous_41)","decl":{"start":{"line":199,"column":12},"end":{"line":199,"column":13}},"loc":{"start":{"line":199,"column":18},"end":{"line":199,"column":39}},"line":199},"42":{"name":"(anonymous_42)","decl":{"start":{"line":200,"column":13},"end":{"line":200,"column":14}},"loc":{"start":{"line":200,"column":22},"end":{"line":200,"column":70}},"line":200},"43":{"name":"(anonymous_43)","decl":{"start":{"line":205,"column":44},"end":{"line":205,"column":45}},"loc":{"start":{"line":205,"column":58},"end":{"line":211,"column":1}},"line":205},"44":{"name":"(anonymous_44)","decl":{"start":{"line":209,"column":10},"end":{"line":209,"column":11}},"loc":{"start":{"line":209,"column":16},"end":{"line":209,"column":37}},"line":209},"45":{"name":"(anonymous_45)","decl":{"start":{"line":210,"column":11},"end":{"line":210,"column":12}},"loc":{"start":{"line":210,"column":20},"end":{"line":210,"column":68}},"line":210},"46":{"name":"(anonymous_46)","decl":{"start":{"line":241,"column":25},"end":{"line":241,"column":26}},"loc":{"start":{"line":241,"column":39},"end":{"line":251,"column":1}},"line":241},"47":{"name":"(anonymous_47)","decl":{"start":{"line":248,"column":12},"end":{"line":248,"column":13}},"loc":{"start":{"line":248,"column":18},"end":{"line":248,"column":39}},"line":248},"48":{"name":"(anonymous_48)","decl":{"start":{"line":249,"column":13},"end":{"line":249,"column":14}},"loc":{"start":{"line":249,"column":22},"end":{"line":249,"column":70}},"line":249},"49":{"name":"(anonymous_49)","decl":{"start":{"line":259,"column":21},"end":{"line":259,"column":22}},"loc":{"start":{"line":259,"column":35},"end":{"line":267,"column":1}},"line":259},"50":{"name":"(anonymous_50)","decl":{"start":{"line":260,"column":51},"end":{"line":260,"column":52}},"loc":{"start":{"line":260,"column":63},"end":{"line":262,"column":3}},"line":260},"51":{"name":"(anonymous_51)","decl":{"start":{"line":262,"column":11},"end":{"line":262,"column":12}},"loc":{"start":{"line":262,"column":20},"end":{"line":266,"column":3}},"line":262},"52":{"name":"(anonymous_52)","decl":{"start":{"line":269,"column":29},"end":{"line":269,"column":30}},"loc":{"start":{"line":269,"column":43},"end":{"line":277,"column":1}},"line":269},"53":{"name":"(anonymous_53)","decl":{"start":{"line":270,"column":52},"end":{"line":270,"column":53}},"loc":{"start":{"line":270,"column":66},"end":{"line":272,"column":3}},"line":270},"54":{"name":"(anonymous_54)","decl":{"start":{"line":272,"column":11},"end":{"line":272,"column":12}},"loc":{"start":{"line":272,"column":20},"end":{"line":276,"column":3}},"line":272},"55":{"name":"(anonymous_55)","decl":{"start":{"line":287,"column":27},"end":{"line":287,"column":28}},"loc":{"start":{"line":287,"column":41},"end":{"line":299,"column":1}},"line":287},"56":{"name":"(anonymous_56)","decl":{"start":{"line":288,"column":82},"end":{"line":288,"column":83}},"loc":{"start":{"line":288,"column":93},"end":{"line":294,"column":3}},"line":288},"57":{"name":"(anonymous_57)","decl":{"start":{"line":294,"column":11},"end":{"line":294,"column":12}},"loc":{"start":{"line":294,"column":20},"end":{"line":298,"column":3}},"line":294},"58":{"name":"(anonymous_58)","decl":{"start":{"line":315,"column":47},"end":{"line":315,"column":48}},"loc":{"start":{"line":315,"column":61},"end":{"line":340,"column":1}},"line":315},"59":{"name":"(anonymous_59)","decl":{"start":{"line":321,"column":12},"end":{"line":321,"column":13}},"loc":{"start":{"line":322,"column":6},"end":{"line":336,"column":7}},"line":322},"60":{"name":"(anonymous_60)","decl":{"start":{"line":324,"column":14},"end":{"line":324,"column":15}},"loc":{"start":{"line":324,"column":26},"end":{"line":334,"column":9}},"line":324},"61":{"name":"(anonymous_61)","decl":{"start":{"line":325,"column":25},"end":{"line":325,"column":26}},"loc":{"start":{"line":325,"column":34},"end":{"line":332,"column":11}},"line":325},"62":{"name":"(anonymous_62)","decl":{"start":{"line":338,"column":13},"end":{"line":338,"column":14}},"loc":{"start":{"line":338,"column":22},"end":{"line":338,"column":70}},"line":338},"63":{"name":"(anonymous_63)","decl":{"start":{"line":342,"column":52},"end":{"line":342,"column":53}},"loc":{"start":{"line":342,"column":66},"end":{"line":356,"column":1}},"line":342},"64":{"name":"(anonymous_64)","decl":{"start":{"line":353,"column":12},"end":{"line":353,"column":13}},"loc":{"start":{"line":353,"column":21},"end":{"line":353,"column":55}},"line":353},"65":{"name":"(anonymous_65)","decl":{"start":{"line":354,"column":13},"end":{"line":354,"column":14}},"loc":{"start":{"line":354,"column":22},"end":{"line":354,"column":70}},"line":354},"66":{"name":"(anonymous_66)","decl":{"start":{"line":358,"column":52},"end":{"line":358,"column":53}},"loc":{"start":{"line":358,"column":66},"end":{"line":373,"column":1}},"line":358},"67":{"name":"(anonymous_67)","decl":{"start":{"line":370,"column":12},"end":{"line":370,"column":13}},"loc":{"start":{"line":370,"column":21},"end":{"line":370,"column":55}},"line":370},"68":{"name":"(anonymous_68)","decl":{"start":{"line":371,"column":13},"end":{"line":371,"column":14}},"loc":{"start":{"line":371,"column":22},"end":{"line":371,"column":70}},"line":371},"69":{"name":"(anonymous_69)","decl":{"start":{"line":381,"column":34},"end":{"line":381,"column":35}},"loc":{"start":{"line":381,"column":48},"end":{"line":389,"column":1}},"line":381},"70":{"name":"(anonymous_70)","decl":{"start":{"line":382,"column":72},"end":{"line":382,"column":73}},"loc":{"start":{"line":382,"column":83},"end":{"line":384,"column":3}},"line":382},"71":{"name":"(anonymous_71)","decl":{"start":{"line":384,"column":11},"end":{"line":384,"column":12}},"loc":{"start":{"line":384,"column":20},"end":{"line":388,"column":3}},"line":384},"72":{"name":"(anonymous_72)","decl":{"start":{"line":396,"column":55},"end":{"line":396,"column":56}},"loc":{"start":{"line":396,"column":69},"end":{"line":405,"column":1}},"line":396},"73":{"name":"(anonymous_73)","decl":{"start":{"line":402,"column":12},"end":{"line":402,"column":13}},"loc":{"start":{"line":402,"column":18},"end":{"line":402,"column":39}},"line":402},"74":{"name":"(anonymous_74)","decl":{"start":{"line":403,"column":13},"end":{"line":403,"column":14}},"loc":{"start":{"line":403,"column":22},"end":{"line":403,"column":70}},"line":403},"75":{"name":"(anonymous_75)","decl":{"start":{"line":407,"column":42},"end":{"line":407,"column":43}},"loc":{"start":{"line":407,"column":56},"end":{"line":411,"column":1}},"line":407},"76":{"name":"(anonymous_76)","decl":{"start":{"line":409,"column":44},"end":{"line":409,"column":45}},"loc":{"start":{"line":409,"column":58},"end":{"line":409,"column":76}},"line":409},"77":{"name":"(anonymous_77)","decl":{"start":{"line":410,"column":11},"end":{"line":410,"column":12}},"loc":{"start":{"line":410,"column":20},"end":{"line":410,"column":68}},"line":410}},"branchMap":{"0":{"loc":{"start":{"line":47,"column":0},"end":{"line":49,"column":1}},"type":"if","locations":[{"start":{"line":47,"column":0},"end":{"line":49,"column":1}},{"start":{"line":47,"column":0},"end":{"line":49,"column":1}}],"line":47},"1":{"loc":{"start":{"line":84,"column":2},"end":{"line":103,"column":3}},"type":"if","locations":[{"start":{"line":84,"column":2},"end":{"line":103,"column":3}},{"start":{"line":84,"column":2},"end":{"line":103,"column":3}}],"line":84},"2":{"loc":{"start":{"line":89,"column":8},"end":{"line":96,"column":9}},"type":"if","locations":[{"start":{"line":89,"column":8},"end":{"line":96,"column":9}},{"start":{"line":89,"column":8},"end":{"line":96,"column":9}}],"line":89},"3":{"loc":{"start":{"line":89,"column":12},"end":{"line":89,"column":66}},"type":"binary-expr","locations":[{"start":{"line":89,"column":12},"end":{"line":89,"column":30}},{"start":{"line":89,"column":34},"end":{"line":89,"column":66}}],"line":89},"4":{"loc":{"start":{"line":141,"column":4},"end":{"line":143,"column":5}},"type":"if","locations":[{"start":{"line":141,"column":4},"end":{"line":143,"column":5}},{"start":{"line":141,"column":4},"end":{"line":143,"column":5}}],"line":141},"5":{"loc":{"start":{"line":195,"column":2},"end":{"line":202,"column":3}},"type":"if","locations":[{"start":{"line":195,"column":2},"end":{"line":202,"column":3}},{"start":{"line":195,"column":2},"end":{"line":202,"column":3}}],"line":195},"6":{"loc":{"start":{"line":244,"column":2},"end":{"line":250,"column":3}},"type":"if","locations":[{"start":{"line":244,"column":2},"end":{"line":250,"column":3}},{"start":{"line":244,"column":2},"end":{"line":250,"column":3}}],"line":244},"7":{"loc":{"start":{"line":290,"column":4},"end":{"line":292,"column":5}},"type":"if","locations":[{"start":{"line":290,"column":4},"end":{"line":292,"column":5}},{"start":{"line":290,"column":4},"end":{"line":292,"column":5}}],"line":290},"8":{"loc":{"start":{"line":317,"column":2},"end":{"line":339,"column":3}},"type":"if","locations":[{"start":{"line":317,"column":2},"end":{"line":339,"column":3}},{"start":{"line":317,"column":2},"end":{"line":339,"column":3}}],"line":317},"9":{"loc":{"start":{"line":349,"column":2},"end":{"line":355,"column":3}},"type":"if","locations":[{"start":{"line":349,"column":2},"end":{"line":355,"column":3}},{"start":{"line":349,"column":2},"end":{"line":355,"column":3}}],"line":349},"10":{"loc":{"start":{"line":366,"column":2},"end":{"line":372,"column":3}},"type":"if","locations":[{"start":{"line":366,"column":2},"end":{"line":372,"column":3}},{"start":{"line":366,"column":2},"end":{"line":372,"column":3}}],"line":366},"11":{"loc":{"start":{"line":366,"column":6},"end":{"line":366,"column":30}},"type":"binary-expr","locations":[{"start":{"line":366,"column":6},"end":{"line":366,"column":16}},{"start":{"line":366,"column":20},"end":{"line":366,"column":30}}],"line":366},"12":{"loc":{"start":{"line":398,"column":2},"end":{"line":404,"column":3}},"type":"if","locations":[{"start":{"line":398,"column":2},"end":{"line":404,"column":3}},{"start":{"line":398,"column":2},"end":{"line":404,"column":3}}],"line":398}},"s":{"0":1,"1":1,"2":1,"3":1,"4":1,"5":1,"6":1,"7":1,"8":1,"9":1,"10":1,"11":1,"12":1,"13":1,"14":1,"15":1,"16":1,"17":1,"18":1,"19":1,"20":1,"21":1,"22":1,"23":1,"24":1,"25":1,"26":1,"27":18,"28":18,"29":18,"30":18,"31":1,"32":1,"33":1,"34":1,"35":0,"36":0,"37":1,"38":1,"39":0,"40":0,"41":0,"42":0,"43":0,"44":0,"45":0,"46":0,"47":0,"48":0,"49":0,"50":0,"51":1,"52":0,"53":0,"54":0,"55":0,"56":0,"57":0,"58":0,"59":0,"60":0,"61":0,"62":1,"63":2,"64":2,"65":0,"66":1,"67":2,"68":2,"69":0,"70":1,"71":0,"72":0,"73":0,"74":0,"75":0,"76":0,"77":1,"78":1,"79":1,"80":0,"81":1,"82":2,"83":2,"84":0,"85":1,"86":2,"87":2,"88":0,"89":1,"90":2,"91":2,"92":0,"93":1,"94":0,"95":0,"96":0,"97":0,"98":1,"99":0,"100":0,"101":0,"102":0,"103":1,"104":1,"105":1,"106":1,"107":1,"108":1,"109":0,"110":1,"111":1,"112":0,"113":1,"114":1,"115":1,"116":1,"117":1,"118":0,"119":1,"120":1,"121":1,"122":0,"123":1,"124":1,"125":0,"126":1,"127":3,"128":3,"129":0,"130":1,"131":0,"132":0,"133":0,"134":1,"135":0,"136":0,"137":0,"138":0,"139":0,"140":0,"141":1,"142":0,"143":0,"144":0,"145":0,"146":0,"147":0,"148":0,"149":0,"150":0,"151":0,"152":0,"153":1,"154":0,"155":0,"156":0,"157":0,"158":0,"159":0,"160":0,"161":0,"162":0,"163":0,"164":0,"165":1,"166":0,"167":0,"168":0,"169":0,"170":0,"171":0,"172":0,"173":0,"174":0,"175":0,"176":0,"177":0,"178":1,"179":0,"180":0,"181":0,"182":1,"183":0,"184":0,"185":0,"186":0,"187":0,"188":0,"189":1,"190":0,"191":0,"192":0,"193":0},"f":{"0":18,"1":1,"2":0,"3":0,"4":0,"5":0,"6":0,"7":0,"8":0,"9":0,"10":0,"11":0,"12":0,"13":2,"14":2,"15":0,"16":2,"17":2,"18":0,"19":0,"20":0,"21":0,"22":1,"23":1,"24":0,"25":2,"26":2,"27":0,"28":2,"29":2,"30":0,"31":2,"32":2,"33":0,"34":0,"35":0,"36":0,"37":0,"38":0,"39":0,"40":1,"41":1,"42":0,"43":1,"44":1,"45":0,"46":1,"47":1,"48":0,"49":3,"50":3,"51":0,"52":0,"53":0,"54":0,"55":0,"56":0,"57":0,"58":0,"59":0,"60":0,"61":0,"62":0,"63":0,"64":0,"65":0,"66":0,"67":0,"68":0,"69":0,"70":0,"71":0,"72":0,"73":0,"74":0,"75":0,"76":0,"77":0},"b":{"0":[0,1],"1":[0,0],"2":[0,0],"3":[0,0],"4":[0,0],"5":[0,1],"6":[0,1],"7":[0,0],"8":[0,0],"9":[0,0],"10":[0,0],"11":[0,0],"12":[0,0]},"_coverageSchema":"1a1c01bbd47fc00a2c39e90264f33305004495a9","hash":"6fd83b2f0a238d1ace104e6390425a6de53ad70d","contentHash":"bbc71cd7669d020c7946f450c956c23fcddd44cb1397d8179c85da952b5b512c"},"D:\\Lavori\\GIT_REPO\\Project-SE2-2020\\server\\utils\\midnightTimer.js":{"path":"D:\\Lavori\\GIT_REPO\\Project-SE2-2020\\server\\utils\\midnightTimer.js","statementMap":{"0":{"start":{"line":1,"column":15},"end":{"line":1,"column":32}},"1":{"start":{"line":9,"column":26},"end":{"line":9,"column":57}},"2":{"start":{"line":10,"column":4},"end":{"line":10,"column":59}},"3":{"start":{"line":15,"column":4},"end":{"line":24,"column":6}},"4":{"start":{"line":17,"column":12},"end":{"line":19,"column":13}},"5":{"start":{"line":18,"column":16},"end":{"line":18,"column":27}},"6":{"start":{"line":20,"column":33},"end":{"line":20,"column":64}},"7":{"start":{"line":21,"column":12},"end":{"line":21,"column":67}},"8":{"start":{"line":30,"column":4},"end":{"line":30,"column":47}},"9":{"start":{"line":30,"column":27},"end":{"line":30,"column":47}},"10":{"start":{"line":31,"column":16},"end":{"line":31,"column":24}},"11":{"start":{"line":32,"column":21},"end":{"line":32,"column":96}},"12":{"start":{"line":33,"column":21},"end":{"line":33,"column":55}},"13":{"start":{"line":34,"column":4},"end":{"line":34,"column":20}},"14":{"start":{"line":37,"column":0},"end":{"line":37,"column":34}}},"fnMap":{"0":{"name":"setMidnightTimer","decl":{"start":{"line":8,"column":9},"end":{"line":8,"column":25}},"loc":{"start":{"line":8,"column":55},"end":{"line":11,"column":1}},"line":8},"1":{"name":"__recursiveTimer","decl":{"start":{"line":14,"column":9},"end":{"line":14,"column":25}},"loc":{"start":{"line":14,"column":61},"end":{"line":25,"column":1}},"line":14},"2":{"name":"(anonymous_2)","decl":{"start":{"line":16,"column":8},"end":{"line":16,"column":9}},"loc":{"start":{"line":16,"column":14},"end":{"line":22,"column":9}},"line":16},"3":{"name":"__getNextDeadline","decl":{"start":{"line":29,"column":9},"end":{"line":29,"column":26}},"loc":{"start":{"line":29,"column":46},"end":{"line":35,"column":1}},"line":29}},"branchMap":{"0":{"loc":{"start":{"line":8,"column":36},"end":{"line":8,"column":53}},"type":"default-arg","locations":[{"start":{"line":8,"column":51},"end":{"line":8,"column":53}}],"line":8},"1":{"loc":{"start":{"line":14,"column":42},"end":{"line":14,"column":59}},"type":"default-arg","locations":[{"start":{"line":14,"column":57},"end":{"line":14,"column":59}}],"line":14},"2":{"loc":{"start":{"line":17,"column":12},"end":{"line":19,"column":13}},"type":"if","locations":[{"start":{"line":17,"column":12},"end":{"line":19,"column":13}},{"start":{"line":17,"column":12},"end":{"line":19,"column":13}}],"line":17},"3":{"loc":{"start":{"line":29,"column":27},"end":{"line":29,"column":44}},"type":"default-arg","locations":[{"start":{"line":29,"column":42},"end":{"line":29,"column":44}}],"line":29},"4":{"loc":{"start":{"line":30,"column":4},"end":{"line":30,"column":47}},"type":"if","locations":[{"start":{"line":30,"column":4},"end":{"line":30,"column":47}},{"start":{"line":30,"column":4},"end":{"line":30,"column":47}}],"line":30}},"s":{"0":1,"1":1,"2":1,"3":1,"4":0,"5":0,"6":0,"7":0,"8":1,"9":0,"10":1,"11":1,"12":1,"13":1,"14":1},"f":{"0":1,"1":1,"2":0,"3":1},"b":{"0":[1],"1":[0],"2":[0,0],"3":[0],"4":[0,1]},"_coverageSchema":"1a1c01bbd47fc00a2c39e90264f33305004495a9","hash":"cc74c834e204cd99855201fe5e9d35dbfb3f471d","contentHash":"5befbf203e6f4516e72e2511bb39b4eb6b95a81f3101dd8fddf380207f0255a5"}}