{"/home/gaetano/Documenti/Project-SE2-2020/server/db/dbsettings.js":{"path":"/home/gaetano/Documenti/Project-SE2-2020/server/db/dbsettings.js","statementMap":{"0":{"start":{"line":7,"column":8},"end":{"line":7,"column":26}},"1":{"start":{"line":11,"column":0},"end":{"line":11,"column":26}}},"fnMap":{"0":{"name":"(anonymous_0)","decl":{"start":{"line":6,"column":4},"end":{"line":6,"column":5}},"loc":{"start":{"line":6,"column":18},"end":{"line":8,"column":5}},"line":6}},"branchMap":{},"s":{"0":0,"1":1},"f":{"0":0},"b":{},"_coverageSchema":"1a1c01bbd47fc00a2c39e90264f33305004495a9","hash":"c4d27a087dcad498a083e604ce4b4e9fdb095e65","contentHash":"a8ee94e2d5015dace19bc23965e2e1be6e89b440b491ae6a6b9e04f4248fcd03"},"/home/gaetano/Documenti/Project-SE2-2020/server/bean/person.js":{"path":"/home/gaetano/Documenti/Project-SE2-2020/server/bean/person.js","statementMap":{"0":{"start":{"line":12,"column":8},"end":{"line":12,"column":21}},"1":{"start":{"line":13,"column":8},"end":{"line":13,"column":25}},"2":{"start":{"line":14,"column":8},"end":{"line":14,"column":31}},"3":{"start":{"line":15,"column":8},"end":{"line":15,"column":25}},"4":{"start":{"line":16,"column":8},"end":{"line":16,"column":27}},"5":{"start":{"line":17,"column":8},"end":{"line":17,"column":33}},"6":{"start":{"line":18,"column":8},"end":{"line":18,"column":25}},"7":{"start":{"line":19,"column":8},"end":{"line":19,"column":33}},"8":{"start":{"line":20,"column":8},"end":{"line":20,"column":23}},"9":{"start":{"line":24,"column":0},"end":{"line":24,"column":24}}},"fnMap":{"0":{"name":"(anonymous_0)","decl":{"start":{"line":11,"column":4},"end":{"line":11,"column":5}},"loc":{"start":{"line":11,"column":79},"end":{"line":21,"column":5}},"line":11}},"branchMap":{},"s":{"0":29,"1":29,"2":29,"3":29,"4":29,"5":29,"6":29,"7":29,"8":29,"9":1},"f":{"0":29},"b":{},"_coverageSchema":"1a1c01bbd47fc00a2c39e90264f33305004495a9","hash":"118c48856e2aeded3c9ca945d8f7e0c816d5be6a","contentHash":"16ffacd8a86764f4608497e21ad264f17c3d23eeba5b7f6548277dc3897ad3ad"},"/home/gaetano/Documenti/Project-SE2-2020/server/bean/course.js":{"path":"/home/gaetano/Documenti/Project-SE2-2020/server/bean/course.js","statementMap":{"0":{"start":{"line":9,"column":8},"end":{"line":9,"column":33}},"1":{"start":{"line":10,"column":8},"end":{"line":10,"column":35}},"2":{"start":{"line":11,"column":8},"end":{"line":11,"column":25}},"3":{"start":{"line":12,"column":8},"end":{"line":12,"column":25}},"4":{"start":{"line":13,"column":8},"end":{"line":13,"column":33}},"5":{"start":{"line":17,"column":0},"end":{"line":17,"column":24}}},"fnMap":{"0":{"name":"(anonymous_0)","decl":{"start":{"line":8,"column":4},"end":{"line":8,"column":5}},"loc":{"start":{"line":8,"column":59},"end":{"line":14,"column":5}},"line":8}},"branchMap":{},"s":{"0":36,"1":36,"2":36,"3":36,"4":36,"5":1},"f":{"0":36},"b":{},"_coverageSchema":"1a1c01bbd47fc00a2c39e90264f33305004495a9","hash":"71b149a6121b798ec4a24b8bad280d4a0bb992c6","contentHash":"3cfee0012affb8163ca4a5ddb02c44f926056ac03e159643f26ececee19a707c"},"/home/gaetano/Documenti/Project-SE2-2020/server/bean/lecture.js":{"path":"/home/gaetano/Documenti/Project-SE2-2020/server/bean/lecture.js","statementMap":{"0":{"start":{"line":15,"column":8},"end":{"line":15,"column":35}},"1":{"start":{"line":16,"column":8},"end":{"line":16,"column":33}},"2":{"start":{"line":17,"column":8},"end":{"line":17,"column":35}},"3":{"start":{"line":18,"column":8},"end":{"line":18,"column":25}},"4":{"start":{"line":19,"column":8},"end":{"line":19,"column":41}},"5":{"start":{"line":20,"column":8},"end":{"line":20,"column":37}},"6":{"start":{"line":21,"column":8},"end":{"line":21,"column":37}},"7":{"start":{"line":22,"column":8},"end":{"line":22,"column":39}},"8":{"start":{"line":23,"column":8},"end":{"line":23,"column":43}},"9":{"start":{"line":27,"column":0},"end":{"line":27,"column":25}}},"fnMap":{"0":{"name":"(anonymous_0)","decl":{"start":{"line":14,"column":4},"end":{"line":14,"column":5}},"loc":{"start":{"line":14,"column":120},"end":{"line":24,"column":5}},"line":14}},"branchMap":{},"s":{"0":59,"1":59,"2":59,"3":59,"4":59,"5":59,"6":59,"7":59,"8":59,"9":1},"f":{"0":59},"b":{},"_coverageSchema":"1a1c01bbd47fc00a2c39e90264f33305004495a9","hash":"1ac37293ca385d2e638db75540f78957b1d48006","contentHash":"e519334f3ce363f01be835813728f852503f685e09c378a6d9f5432ca99ef0ed"},"/home/gaetano/Documenti/Project-SE2-2020/server/bean/enrollment.js":{"path":"/home/gaetano/Documenti/Project-SE2-2020/server/bean/enrollment.js","statementMap":{"0":{"start":{"line":8,"column":8},"end":{"line":8,"column":33}},"1":{"start":{"line":9,"column":8},"end":{"line":9,"column":21}},"2":{"start":{"line":13,"column":0},"end":{"line":13,"column":28}}},"fnMap":{"0":{"name":"(anonymous_0)","decl":{"start":{"line":7,"column":4},"end":{"line":7,"column":5}},"loc":{"start":{"line":7,"column":30},"end":{"line":10,"column":5}},"line":7}},"branchMap":{},"s":{"0":10,"1":10,"2":1},"f":{"0":10},"b":{},"_coverageSchema":"1a1c01bbd47fc00a2c39e90264f33305004495a9","hash":"2e51dd2756dcc194055bb7e31877b54213fbc963","contentHash":"11294de8511f6367170fa2bff6e9f71ce091d2f9bfaf0f4db807db75a39de7b6"},"/home/gaetano/Documenti/Project-SE2-2020/server/bean/classroom.js":{"path":"/home/gaetano/Documenti/Project-SE2-2020/server/bean/classroom.js","statementMap":{"0":{"start":{"line":1,"column":16},"end":{"line":1,"column":33}},"1":{"start":{"line":10,"column":8},"end":{"line":10,"column":35}},"2":{"start":{"line":11,"column":8},"end":{"line":11,"column":49}},"3":{"start":{"line":15,"column":0},"end":{"line":15,"column":27}}},"fnMap":{"0":{"name":"(anonymous_0)","decl":{"start":{"line":9,"column":4},"end":{"line":9,"column":5}},"loc":{"start":{"line":9,"column":45},"end":{"line":12,"column":5}},"line":9}},"branchMap":{},"s":{"0":1,"1":13,"2":13,"3":1},"f":{"0":13},"b":{},"_coverageSchema":"1a1c01bbd47fc00a2c39e90264f33305004495a9","hash":"af89cad811294bd0b67b17db42f117eea8b6bb03","contentHash":"8d2c4ec2fe987b5cf9659f1a5b701abdc3deae20c21d5cf8dd2bd94c4dbf70b0"},"/home/gaetano/Documenti/Project-SE2-2020/server/bean/booking.js":{"path":"/home/gaetano/Documenti/Project-SE2-2020/server/bean/booking.js","statementMap":{"0":{"start":{"line":10,"column":8},"end":{"line":10,"column":35}},"1":{"start":{"line":11,"column":8},"end":{"line":11,"column":35}},"2":{"start":{"line":12,"column":8},"end":{"line":12,"column":25}},"3":{"start":{"line":13,"column":8},"end":{"line":13,"column":41}},"4":{"start":{"line":17,"column":0},"end":{"line":17,"column":25}}},"fnMap":{"0":{"name":"(anonymous_0)","decl":{"start":{"line":9,"column":4},"end":{"line":9,"column":5}},"loc":{"start":{"line":9,"column":58},"end":{"line":14,"column":5}},"line":9}},"branchMap":{},"s":{"0":20,"1":20,"2":20,"3":20,"4":1},"f":{"0":20},"b":{},"_coverageSchema":"1a1c01bbd47fc00a2c39e90264f33305004495a9","hash":"3fcd8035e16d1caf5354d2061a7ad7b76a8e3a43","contentHash":"ff326b93c97746456879530180709d511d62f7fba8dc733da814c5be3f4e5532"},"/home/gaetano/Documenti/Project-SE2-2020/server/bean/cancelled_bookings.js":{"path":"/home/gaetano/Documenti/Project-SE2-2020/server/bean/cancelled_bookings.js","statementMap":{"0":{"start":{"line":10,"column":8},"end":{"line":10,"column":53}},"1":{"start":{"line":11,"column":8},"end":{"line":11,"column":35}},"2":{"start":{"line":12,"column":8},"end":{"line":12,"column":35}},"3":{"start":{"line":13,"column":8},"end":{"line":13,"column":25}},"4":{"start":{"line":17,"column":0},"end":{"line":17,"column":35}}},"fnMap":{"0":{"name":"(anonymous_0)","decl":{"start":{"line":9,"column":4},"end":{"line":9,"column":5}},"loc":{"start":{"line":9,"column":64},"end":{"line":14,"column":5}},"line":9}},"branchMap":{},"s":{"0":3,"1":3,"2":3,"3":3,"4":1},"f":{"0":3},"b":{},"_coverageSchema":"1a1c01bbd47fc00a2c39e90264f33305004495a9","hash":"bbe224d2c5fffbeee4ea7fdfafc327a6ac621408","contentHash":"d24f41a77f212795ccae400ed7a0ccaaba4819f144743332cc2b516718bcd2ea"},"/home/gaetano/Documenti/Project-SE2-2020/server/bean/cancelled_lectures.js":{"path":"/home/gaetano/Documenti/Project-SE2-2020/server/bean/cancelled_lectures.js","statementMap":{"0":{"start":{"line":11,"column":8},"end":{"line":11,"column":53}},"1":{"start":{"line":12,"column":8},"end":{"line":12,"column":33}},"2":{"start":{"line":13,"column":8},"end":{"line":13,"column":35}},"3":{"start":{"line":14,"column":8},"end":{"line":14,"column":25}},"4":{"start":{"line":15,"column":8},"end":{"line":15,"column":37}},"5":{"start":{"line":19,"column":0},"end":{"line":19,"column":35}}},"fnMap":{"0":{"name":"(anonymous_0)","decl":{"start":{"line":10,"column":4},"end":{"line":10,"column":5}},"loc":{"start":{"line":10,"column":75},"end":{"line":16,"column":5}},"line":10}},"branchMap":{},"s":{"0":3,"1":3,"2":3,"3":3,"4":3,"5":1},"f":{"0":3},"b":{},"_coverageSchema":"1a1c01bbd47fc00a2c39e90264f33305004495a9","hash":"3c198933c6eb5b7c14d650be6ad03662ba27bc8a","contentHash":"4e5161749441e8bc963eebfc878f08ae791124c8f5e998ca7fb4f225dafbbe4d"},"/home/gaetano/Documenti/Project-SE2-2020/server/bean/waiting_list.js":{"path":"/home/gaetano/Documenti/Project-SE2-2020/server/bean/waiting_list.js","statementMap":{"0":{"start":{"line":10,"column":8},"end":{"line":10,"column":35}},"1":{"start":{"line":11,"column":8},"end":{"line":11,"column":33}},"2":{"start":{"line":12,"column":8},"end":{"line":12,"column":39}},"3":{"start":{"line":13,"column":8},"end":{"line":13,"column":39}},"4":{"start":{"line":17,"column":0},"end":{"line":17,"column":29}}},"fnMap":{"0":{"name":"(anonymous_0)","decl":{"start":{"line":9,"column":4},"end":{"line":9,"column":5}},"loc":{"start":{"line":9,"column":63},"end":{"line":14,"column":5}},"line":9}},"branchMap":{},"s":{"0":4,"1":4,"2":4,"3":4,"4":1},"f":{"0":4},"b":{},"_coverageSchema":"1a1c01bbd47fc00a2c39e90264f33305004495a9","hash":"658a48691c16a08213f4779a5a5f57c52e4c76ec","contentHash":"16ce42411068e364bf79e9a45ef418dc64b820bfab021826c6c8a7262ebe1c9d"},"/home/gaetano/Documenti/Project-SE2-2020/server/dao/person_dao.js":{"path":"/home/gaetano/Documenti/Project-SE2-2020/server/dao/person_dao.js","statementMap":{"0":{"start":{"line":6,"column":11},"end":{"line":6,"column":30}},"1":{"start":{"line":7,"column":15},"end":{"line":7,"column":40}},"2":{"start":{"line":15,"column":4},"end":{"line":15,"column":121}},"3":{"start":{"line":22,"column":0},"end":{"line":44,"column":1}},"4":{"start":{"line":23,"column":4},"end":{"line":43,"column":7}},"5":{"start":{"line":24,"column":18},"end":{"line":24,"column":108}},"6":{"start":{"line":26,"column":8},"end":{"line":27,"column":51}},"7":{"start":{"line":26,"column":21},"end":{"line":26,"column":22}},"8":{"start":{"line":27,"column":12},"end":{"line":27,"column":51}},"9":{"start":{"line":28,"column":8},"end":{"line":28,"column":46}},"10":{"start":{"line":30,"column":21},"end":{"line":30,"column":23}},"11":{"start":{"line":32,"column":8},"end":{"line":34,"column":9}},"12":{"start":{"line":32,"column":21},"end":{"line":32,"column":22}},"13":{"start":{"line":33,"column":12},"end":{"line":33,"column":177}},"14":{"start":{"line":36,"column":8},"end":{"line":42,"column":11}},"15":{"start":{"line":37,"column":12},"end":{"line":41,"column":37}},"16":{"start":{"line":38,"column":16},"end":{"line":38,"column":28}},"17":{"start":{"line":41,"column":16},"end":{"line":41,"column":37}},"18":{"start":{"line":50,"column":0},"end":{"line":60,"column":1}},"19":{"start":{"line":51,"column":4},"end":{"line":59,"column":7}},"20":{"start":{"line":52,"column":20},"end":{"line":52,"column":53}},"21":{"start":{"line":53,"column":8},"end":{"line":58,"column":11}},"22":{"start":{"line":54,"column":12},"end":{"line":57,"column":29}},"23":{"start":{"line":55,"column":16},"end":{"line":55,"column":28}},"24":{"start":{"line":57,"column":16},"end":{"line":57,"column":29}},"25":{"start":{"line":66,"column":0},"end":{"line":81,"column":1}},"26":{"start":{"line":67,"column":4},"end":{"line":80,"column":7}},"27":{"start":{"line":68,"column":20},"end":{"line":68,"column":55}},"28":{"start":{"line":69,"column":8},"end":{"line":79,"column":11}},"29":{"start":{"line":70,"column":12},"end":{"line":78,"column":13}},"30":{"start":{"line":71,"column":16},"end":{"line":71,"column":28}},"31":{"start":{"line":73,"column":16},"end":{"line":77,"column":17}},"32":{"start":{"line":74,"column":20},"end":{"line":74,"column":47}},"33":{"start":{"line":76,"column":20},"end":{"line":76,"column":39}},"34":{"start":{"line":87,"column":0},"end":{"line":103,"column":1}},"35":{"start":{"line":88,"column":4},"end":{"line":102,"column":7}},"36":{"start":{"line":89,"column":20},"end":{"line":89,"column":58}},"37":{"start":{"line":90,"column":8},"end":{"line":101,"column":11}},"38":{"start":{"line":91,"column":12},"end":{"line":100,"column":13}},"39":{"start":{"line":92,"column":16},"end":{"line":92,"column":28}},"40":{"start":{"line":94,"column":16},"end":{"line":99,"column":17}},"41":{"start":{"line":95,"column":34},"end":{"line":95,"column":79}},"42":{"start":{"line":95,"column":54},"end":{"line":95,"column":74}},"43":{"start":{"line":96,"column":20},"end":{"line":96,"column":37}},"44":{"start":{"line":98,"column":20},"end":{"line":98,"column":39}},"45":{"start":{"line":108,"column":0},"end":{"line":124,"column":1}},"46":{"start":{"line":109,"column":4},"end":{"line":123,"column":6}},"47":{"start":{"line":110,"column":20},"end":{"line":110,"column":65}},"48":{"start":{"line":111,"column":8},"end":{"line":122,"column":10}},"49":{"start":{"line":112,"column":12},"end":{"line":121,"column":13}},"50":{"start":{"line":113,"column":16},"end":{"line":113,"column":28}},"51":{"start":{"line":115,"column":16},"end":{"line":120,"column":17}},"52":{"start":{"line":116,"column":34},"end":{"line":116,"column":70}},"53":{"start":{"line":116,"column":51},"end":{"line":116,"column":68}},"54":{"start":{"line":117,"column":20},"end":{"line":117,"column":37}},"55":{"start":{"line":119,"column":20},"end":{"line":119,"column":39}}},"fnMap":{"0":{"name":"createPerson","decl":{"start":{"line":14,"column":9},"end":{"line":14,"column":21}},"loc":{"start":{"line":14,"column":27},"end":{"line":16,"column":1}},"line":14},"1":{"name":"(anonymous_1)","decl":{"start":{"line":22,"column":23},"end":{"line":22,"column":24}},"loc":{"start":{"line":22,"column":41},"end":{"line":44,"column":1}},"line":22},"2":{"name":"(anonymous_2)","decl":{"start":{"line":23,"column":23},"end":{"line":23,"column":24}},"loc":{"start":{"line":23,"column":44},"end":{"line":43,"column":5}},"line":23},"3":{"name":"(anonymous_3)","decl":{"start":{"line":36,"column":28},"end":{"line":36,"column":29}},"loc":{"start":{"line":36,"column":43},"end":{"line":42,"column":9}},"line":36},"4":{"name":"(anonymous_4)","decl":{"start":{"line":50,"column":27},"end":{"line":50,"column":28}},"loc":{"start":{"line":50,"column":41},"end":{"line":60,"column":1}},"line":50},"5":{"name":"(anonymous_5)","decl":{"start":{"line":51,"column":23},"end":{"line":51,"column":24}},"loc":{"start":{"line":51,"column":44},"end":{"line":59,"column":5}},"line":51},"6":{"name":"(anonymous_6)","decl":{"start":{"line":53,"column":26},"end":{"line":53,"column":27}},"loc":{"start":{"line":53,"column":40},"end":{"line":58,"column":9}},"line":53},"7":{"name":"(anonymous_7)","decl":{"start":{"line":66,"column":24},"end":{"line":66,"column":25}},"loc":{"start":{"line":66,"column":38},"end":{"line":81,"column":1}},"line":66},"8":{"name":"(anonymous_8)","decl":{"start":{"line":67,"column":23},"end":{"line":67,"column":24}},"loc":{"start":{"line":67,"column":44},"end":{"line":80,"column":5}},"line":67},"9":{"name":"(anonymous_9)","decl":{"start":{"line":69,"column":26},"end":{"line":69,"column":27}},"loc":{"start":{"line":69,"column":40},"end":{"line":79,"column":9}},"line":69},"10":{"name":"(anonymous_10)","decl":{"start":{"line":87,"column":27},"end":{"line":87,"column":28}},"loc":{"start":{"line":87,"column":44},"end":{"line":103,"column":1}},"line":87},"11":{"name":"(anonymous_11)","decl":{"start":{"line":88,"column":23},"end":{"line":88,"column":24}},"loc":{"start":{"line":88,"column":44},"end":{"line":102,"column":5}},"line":88},"12":{"name":"(anonymous_12)","decl":{"start":{"line":90,"column":29},"end":{"line":90,"column":30}},"loc":{"start":{"line":90,"column":44},"end":{"line":101,"column":9}},"line":90},"13":{"name":"(anonymous_13)","decl":{"start":{"line":95,"column":44},"end":{"line":95,"column":45}},"loc":{"start":{"line":95,"column":54},"end":{"line":95,"column":74}},"line":95},"14":{"name":"(anonymous_14)","decl":{"start":{"line":108,"column":22},"end":{"line":108,"column":23}},"loc":{"start":{"line":108,"column":34},"end":{"line":124,"column":1}},"line":108},"15":{"name":"(anonymous_15)","decl":{"start":{"line":109,"column":23},"end":{"line":109,"column":24}},"loc":{"start":{"line":109,"column":44},"end":{"line":123,"column":5}},"line":109},"16":{"name":"(anonymous_16)","decl":{"start":{"line":111,"column":24},"end":{"line":111,"column":25}},"loc":{"start":{"line":111,"column":39},"end":{"line":122,"column":9}},"line":111},"17":{"name":"(anonymous_17)","decl":{"start":{"line":116,"column":44},"end":{"line":116,"column":45}},"loc":{"start":{"line":116,"column":51},"end":{"line":116,"column":68}},"line":116}},"branchMap":{"0":{"loc":{"start":{"line":37,"column":12},"end":{"line":41,"column":37}},"type":"if","locations":[{"start":{"line":37,"column":12},"end":{"line":41,"column":37}},{"start":{"line":37,"column":12},"end":{"line":41,"column":37}}],"line":37},"1":{"loc":{"start":{"line":54,"column":12},"end":{"line":57,"column":29}},"type":"if","locations":[{"start":{"line":54,"column":12},"end":{"line":57,"column":29}},{"start":{"line":54,"column":12},"end":{"line":57,"column":29}}],"line":54},"2":{"loc":{"start":{"line":70,"column":12},"end":{"line":78,"column":13}},"type":"if","locations":[{"start":{"line":70,"column":12},"end":{"line":78,"column":13}},{"start":{"line":70,"column":12},"end":{"line":78,"column":13}}],"line":70},"3":{"loc":{"start":{"line":73,"column":16},"end":{"line":77,"column":17}},"type":"if","locations":[{"start":{"line":73,"column":16},"end":{"line":77,"column":17}},{"start":{"line":73,"column":16},"end":{"line":77,"column":17}}],"line":73},"4":{"loc":{"start":{"line":91,"column":12},"end":{"line":100,"column":13}},"type":"if","locations":[{"start":{"line":91,"column":12},"end":{"line":100,"column":13}},{"start":{"line":91,"column":12},"end":{"line":100,"column":13}}],"line":91},"5":{"loc":{"start":{"line":94,"column":16},"end":{"line":99,"column":17}},"type":"if","locations":[{"start":{"line":94,"column":16},"end":{"line":99,"column":17}},{"start":{"line":94,"column":16},"end":{"line":99,"column":17}}],"line":94},"6":{"loc":{"start":{"line":112,"column":12},"end":{"line":121,"column":13}},"type":"if","locations":[{"start":{"line":112,"column":12},"end":{"line":121,"column":13}},{"start":{"line":112,"column":12},"end":{"line":121,"column":13}}],"line":112},"7":{"loc":{"start":{"line":115,"column":16},"end":{"line":120,"column":17}},"type":"if","locations":[{"start":{"line":115,"column":16},"end":{"line":120,"column":17}},{"start":{"line":115,"column":16},"end":{"line":120,"column":17}}],"line":115}},"s":{"0":1,"1":1,"2":7,"3":1,"4":20,"5":20,"6":20,"7":20,"8":2,"9":20,"10":20,"11":20,"12":20,"13":19,"14":20,"15":20,"16":3,"17":17,"18":1,"19":6,"20":6,"21":6,"22":6,"23":0,"24":6,"25":1,"26":6,"27":6,"28":6,"29":6,"30":0,"31":6,"32":4,"33":2,"34":1,"35":4,"36":4,"37":4,"38":4,"39":0,"40":4,"41":1,"42":1,"43":1,"44":3,"45":1,"46":2,"47":2,"48":2,"49":2,"50":0,"51":2,"52":2,"53":2,"54":2,"55":0},"f":{"0":7,"1":20,"2":20,"3":20,"4":6,"5":6,"6":6,"7":6,"8":6,"9":6,"10":4,"11":4,"12":4,"13":1,"14":2,"15":2,"16":2,"17":2},"b":{"0":[3,17],"1":[0,6],"2":[0,6],"3":[4,2],"4":[0,4],"5":[1,3],"6":[0,2],"7":[2,0]},"_coverageSchema":"1a1c01bbd47fc00a2c39e90264f33305004495a9","hash":"5cea2a124045bf031c640c0c83ab91ce13e93391","contentHash":"e2a4dd9edf15759fd3dda88897dc8d2b6b54ee556a956a04b18d3696a3fefc5b"},"/home/gaetano/Documenti/Project-SE2-2020/server/db/db.js":{"path":"/home/gaetano/Documenti/Project-SE2-2020/server/db/db.js","statementMap":{"0":{"start":{"line":3,"column":11},"end":{"line":3,"column":24}},"1":{"start":{"line":4,"column":19},"end":{"line":4,"column":42}},"2":{"start":{"line":5,"column":15},"end":{"line":5,"column":33}},"3":{"start":{"line":7,"column":15},"end":{"line":7,"column":25}},"4":{"start":{"line":8,"column":21},"end":{"line":8,"column":32}},"5":{"start":{"line":9,"column":13},"end":{"line":9,"column":62}},"6":{"start":{"line":12,"column":0},"end":{"line":15,"column":1}},"7":{"start":{"line":14,"column":4},"end":{"line":14,"column":62}},"8":{"start":{"line":18,"column":11},"end":{"line":23,"column":2}},"9":{"start":{"line":19,"column":4},"end":{"line":22,"column":5}},"10":{"start":{"line":20,"column":8},"end":{"line":20,"column":50}},"11":{"start":{"line":21,"column":8},"end":{"line":21,"column":18}},"12":{"start":{"line":26,"column":0},"end":{"line":30,"column":1}},"13":{"start":{"line":28,"column":4},"end":{"line":28,"column":15}},"14":{"start":{"line":29,"column":4},"end":{"line":29,"column":24}},"15":{"start":{"line":32,"column":0},"end":{"line":32,"column":20}}},"fnMap":{"0":{"name":"(anonymous_0)","decl":{"start":{"line":18,"column":42},"end":{"line":18,"column":43}},"loc":{"start":{"line":18,"column":51},"end":{"line":23,"column":1}},"line":18},"1":{"name":"(anonymous_1)","decl":{"start":{"line":26,"column":20},"end":{"line":26,"column":21}},"loc":{"start":{"line":26,"column":26},"end":{"line":30,"column":1}},"line":26}},"branchMap":{"0":{"loc":{"start":{"line":9,"column":22},"end":{"line":9,"column":61}},"type":"cond-expr","locations":[{"start":{"line":9,"column":40},"end":{"line":9,"column":46}},{"start":{"line":9,"column":49},"end":{"line":9,"column":61}}],"line":9},"1":{"loc":{"start":{"line":12,"column":0},"end":{"line":15,"column":1}},"type":"if","locations":[{"start":{"line":12,"column":0},"end":{"line":15,"column":1}},{"start":{"line":12,"column":0},"end":{"line":15,"column":1}}],"line":12},"2":{"loc":{"start":{"line":19,"column":4},"end":{"line":22,"column":5}},"type":"if","locations":[{"start":{"line":19,"column":4},"end":{"line":22,"column":5}},{"start":{"line":19,"column":4},"end":{"line":22,"column":5}}],"line":19}},"s":{"0":1,"1":1,"2":1,"3":1,"4":1,"5":1,"6":1,"7":1,"8":1,"9":1,"10":0,"11":0,"12":1,"13":0,"14":0,"15":1},"f":{"0":1,"1":0},"b":{"0":[1,0],"1":[1,0],"2":[0,1]},"_coverageSchema":"1a1c01bbd47fc00a2c39e90264f33305004495a9","hash":"f3904470a6bcbfe72172e3b0208eeeadfc955b1c","contentHash":"2db48db13bf33024f18f7cc85379ca4bcdd1e3d439505461cd8d0cf31649109a"},"/home/gaetano/Documenti/Project-SE2-2020/server/dao/course_dao.js":{"path":"/home/gaetano/Documenti/Project-SE2-2020/server/dao/course_dao.js","statementMap":{"0":{"start":{"line":6,"column":11},"end":{"line":6,"column":30}},"1":{"start":{"line":7,"column":15},"end":{"line":7,"column":40}},"2":{"start":{"line":15,"column":4},"end":{"line":15,"column":85}},"3":{"start":{"line":22,"column":0},"end":{"line":44,"column":1}},"4":{"start":{"line":23,"column":4},"end":{"line":43,"column":7}},"5":{"start":{"line":24,"column":18},"end":{"line":24,"column":88}},"6":{"start":{"line":26,"column":8},"end":{"line":27,"column":39}},"7":{"start":{"line":26,"column":21},"end":{"line":26,"column":22}},"8":{"start":{"line":27,"column":12},"end":{"line":27,"column":39}},"9":{"start":{"line":28,"column":8},"end":{"line":28,"column":34}},"10":{"start":{"line":30,"column":21},"end":{"line":30,"column":23}},"11":{"start":{"line":32,"column":8},"end":{"line":33,"column":122}},"12":{"start":{"line":32,"column":21},"end":{"line":32,"column":22}},"13":{"start":{"line":33,"column":12},"end":{"line":33,"column":122}},"14":{"start":{"line":35,"column":8},"end":{"line":42,"column":11}},"15":{"start":{"line":36,"column":12},"end":{"line":40,"column":37}},"16":{"start":{"line":37,"column":16},"end":{"line":37,"column":28}},"17":{"start":{"line":40,"column":16},"end":{"line":40,"column":37}},"18":{"start":{"line":50,"column":0},"end":{"line":60,"column":1}},"19":{"start":{"line":51,"column":4},"end":{"line":59,"column":7}},"20":{"start":{"line":52,"column":20},"end":{"line":52,"column":59}},"21":{"start":{"line":53,"column":8},"end":{"line":58,"column":11}},"22":{"start":{"line":54,"column":12},"end":{"line":57,"column":29}},"23":{"start":{"line":55,"column":16},"end":{"line":55,"column":28}},"24":{"start":{"line":57,"column":16},"end":{"line":57,"column":29}},"25":{"start":{"line":66,"column":0},"end":{"line":80,"column":1}},"26":{"start":{"line":67,"column":4},"end":{"line":79,"column":7}},"27":{"start":{"line":68,"column":20},"end":{"line":68,"column":61}},"28":{"start":{"line":69,"column":8},"end":{"line":78,"column":11}},"29":{"start":{"line":70,"column":12},"end":{"line":77,"column":13}},"30":{"start":{"line":71,"column":16},"end":{"line":71,"column":28}},"31":{"start":{"line":73,"column":16},"end":{"line":76,"column":39}},"32":{"start":{"line":74,"column":20},"end":{"line":74,"column":47}},"33":{"start":{"line":76,"column":20},"end":{"line":76,"column":39}},"34":{"start":{"line":85,"column":0},"end":{"line":101,"column":1}},"35":{"start":{"line":86,"column":4},"end":{"line":100,"column":7}},"36":{"start":{"line":87,"column":20},"end":{"line":87,"column":42}},"37":{"start":{"line":88,"column":8},"end":{"line":99,"column":11}},"38":{"start":{"line":89,"column":12},"end":{"line":98,"column":13}},"39":{"start":{"line":90,"column":16},"end":{"line":90,"column":28}},"40":{"start":{"line":92,"column":16},"end":{"line":97,"column":39}},"41":{"start":{"line":94,"column":20},"end":{"line":94,"column":64}},"42":{"start":{"line":94,"column":44},"end":{"line":94,"column":61}},"43":{"start":{"line":97,"column":20},"end":{"line":97,"column":39}},"44":{"start":{"line":107,"column":0},"end":{"line":123,"column":1}},"45":{"start":{"line":108,"column":4},"end":{"line":122,"column":7}},"46":{"start":{"line":110,"column":20},"end":{"line":110,"column":133}},"47":{"start":{"line":111,"column":8},"end":{"line":121,"column":11}},"48":{"start":{"line":112,"column":12},"end":{"line":120,"column":13}},"49":{"start":{"line":113,"column":16},"end":{"line":113,"column":28}},"50":{"start":{"line":115,"column":16},"end":{"line":119,"column":17}},"51":{"start":{"line":116,"column":20},"end":{"line":116,"column":33}},"52":{"start":{"line":118,"column":20},"end":{"line":118,"column":39}},"53":{"start":{"line":125,"column":0},"end":{"line":140,"column":1}},"54":{"start":{"line":126,"column":4},"end":{"line":139,"column":6}},"55":{"start":{"line":127,"column":20},"end":{"line":127,"column":155}},"56":{"start":{"line":128,"column":8},"end":{"line":138,"column":10}},"57":{"start":{"line":129,"column":12},"end":{"line":137,"column":13}},"58":{"start":{"line":130,"column":16},"end":{"line":130,"column":28}},"59":{"start":{"line":132,"column":16},"end":{"line":136,"column":17}},"60":{"start":{"line":133,"column":20},"end":{"line":133,"column":34}},"61":{"start":{"line":135,"column":20},"end":{"line":135,"column":39}}},"fnMap":{"0":{"name":"createCourse","decl":{"start":{"line":14,"column":9},"end":{"line":14,"column":21}},"loc":{"start":{"line":14,"column":27},"end":{"line":16,"column":1}},"line":14},"1":{"name":"(anonymous_1)","decl":{"start":{"line":22,"column":23},"end":{"line":22,"column":24}},"loc":{"start":{"line":22,"column":42},"end":{"line":44,"column":1}},"line":22},"2":{"name":"(anonymous_2)","decl":{"start":{"line":23,"column":23},"end":{"line":23,"column":24}},"loc":{"start":{"line":23,"column":44},"end":{"line":43,"column":5}},"line":23},"3":{"name":"(anonymous_3)","decl":{"start":{"line":35,"column":28},"end":{"line":35,"column":29}},"loc":{"start":{"line":35,"column":43},"end":{"line":42,"column":9}},"line":35},"4":{"name":"(anonymous_4)","decl":{"start":{"line":50,"column":27},"end":{"line":50,"column":28}},"loc":{"start":{"line":50,"column":47},"end":{"line":60,"column":1}},"line":50},"5":{"name":"(anonymous_5)","decl":{"start":{"line":51,"column":23},"end":{"line":51,"column":24}},"loc":{"start":{"line":51,"column":44},"end":{"line":59,"column":5}},"line":51},"6":{"name":"(anonymous_6)","decl":{"start":{"line":53,"column":32},"end":{"line":53,"column":33}},"loc":{"start":{"line":53,"column":46},"end":{"line":58,"column":9}},"line":53},"7":{"name":"(anonymous_7)","decl":{"start":{"line":66,"column":24},"end":{"line":66,"column":25}},"loc":{"start":{"line":66,"column":44},"end":{"line":80,"column":1}},"line":66},"8":{"name":"(anonymous_8)","decl":{"start":{"line":67,"column":23},"end":{"line":67,"column":24}},"loc":{"start":{"line":67,"column":44},"end":{"line":79,"column":5}},"line":67},"9":{"name":"(anonymous_9)","decl":{"start":{"line":69,"column":32},"end":{"line":69,"column":33}},"loc":{"start":{"line":69,"column":46},"end":{"line":78,"column":9}},"line":69},"10":{"name":"(anonymous_10)","decl":{"start":{"line":85,"column":21},"end":{"line":85,"column":22}},"loc":{"start":{"line":85,"column":33},"end":{"line":101,"column":1}},"line":85},"11":{"name":"(anonymous_11)","decl":{"start":{"line":86,"column":23},"end":{"line":86,"column":24}},"loc":{"start":{"line":86,"column":44},"end":{"line":100,"column":5}},"line":86},"12":{"name":"(anonymous_12)","decl":{"start":{"line":88,"column":24},"end":{"line":88,"column":25}},"loc":{"start":{"line":88,"column":39},"end":{"line":99,"column":9}},"line":88},"13":{"name":"(anonymous_13)","decl":{"start":{"line":94,"column":37},"end":{"line":94,"column":38}},"loc":{"start":{"line":94,"column":44},"end":{"line":94,"column":61}},"line":94},"14":{"name":"(anonymous_14)","decl":{"start":{"line":107,"column":30},"end":{"line":107,"column":31}},"loc":{"start":{"line":107,"column":53},"end":{"line":123,"column":1}},"line":107},"15":{"name":"(anonymous_15)","decl":{"start":{"line":108,"column":23},"end":{"line":108,"column":24}},"loc":{"start":{"line":108,"column":44},"end":{"line":122,"column":5}},"line":108},"16":{"name":"(anonymous_16)","decl":{"start":{"line":111,"column":35},"end":{"line":111,"column":36}},"loc":{"start":{"line":111,"column":49},"end":{"line":121,"column":9}},"line":111},"17":{"name":"(anonymous_17)","decl":{"start":{"line":125,"column":32},"end":{"line":125,"column":33}},"loc":{"start":{"line":125,"column":44},"end":{"line":140,"column":1}},"line":125},"18":{"name":"(anonymous_18)","decl":{"start":{"line":126,"column":23},"end":{"line":126,"column":24}},"loc":{"start":{"line":126,"column":44},"end":{"line":139,"column":5}},"line":126},"19":{"name":"(anonymous_19)","decl":{"start":{"line":128,"column":24},"end":{"line":128,"column":25}},"loc":{"start":{"line":128,"column":39},"end":{"line":138,"column":9}},"line":128}},"branchMap":{"0":{"loc":{"start":{"line":36,"column":12},"end":{"line":40,"column":37}},"type":"if","locations":[{"start":{"line":36,"column":12},"end":{"line":40,"column":37}},{"start":{"line":36,"column":12},"end":{"line":40,"column":37}}],"line":36},"1":{"loc":{"start":{"line":54,"column":12},"end":{"line":57,"column":29}},"type":"if","locations":[{"start":{"line":54,"column":12},"end":{"line":57,"column":29}},{"start":{"line":54,"column":12},"end":{"line":57,"column":29}}],"line":54},"2":{"loc":{"start":{"line":70,"column":12},"end":{"line":77,"column":13}},"type":"if","locations":[{"start":{"line":70,"column":12},"end":{"line":77,"column":13}},{"start":{"line":70,"column":12},"end":{"line":77,"column":13}}],"line":70},"3":{"loc":{"start":{"line":73,"column":16},"end":{"line":76,"column":39}},"type":"if","locations":[{"start":{"line":73,"column":16},"end":{"line":76,"column":39}},{"start":{"line":73,"column":16},"end":{"line":76,"column":39}}],"line":73},"4":{"loc":{"start":{"line":89,"column":12},"end":{"line":98,"column":13}},"type":"if","locations":[{"start":{"line":89,"column":12},"end":{"line":98,"column":13}},{"start":{"line":89,"column":12},"end":{"line":98,"column":13}}],"line":89},"5":{"loc":{"start":{"line":92,"column":16},"end":{"line":97,"column":39}},"type":"if","locations":[{"start":{"line":92,"column":16},"end":{"line":97,"column":39}},{"start":{"line":92,"column":16},"end":{"line":97,"column":39}}],"line":92},"6":{"loc":{"start":{"line":112,"column":12},"end":{"line":120,"column":13}},"type":"if","locations":[{"start":{"line":112,"column":12},"end":{"line":120,"column":13}},{"start":{"line":112,"column":12},"end":{"line":120,"column":13}}],"line":112},"7":{"loc":{"start":{"line":115,"column":16},"end":{"line":119,"column":17}},"type":"if","locations":[{"start":{"line":115,"column":16},"end":{"line":119,"column":17}},{"start":{"line":115,"column":16},"end":{"line":119,"column":17}}],"line":115},"8":{"loc":{"start":{"line":129,"column":12},"end":{"line":137,"column":13}},"type":"if","locations":[{"start":{"line":129,"column":12},"end":{"line":137,"column":13}},{"start":{"line":129,"column":12},"end":{"line":137,"column":13}}],"line":129},"9":{"loc":{"start":{"line":132,"column":16},"end":{"line":136,"column":17}},"type":"if","locations":[{"start":{"line":132,"column":16},"end":{"line":136,"column":17}},{"start":{"line":132,"column":16},"end":{"line":136,"column":17}}],"line":132}},"s":{"0":1,"1":1,"2":11,"3":1,"4":24,"5":24,"6":24,"7":24,"8":1,"9":24,"10":24,"11":24,"12":24,"13":20,"14":24,"15":24,"16":5,"17":19,"18":1,"19":3,"20":3,"21":3,"22":3,"23":0,"24":3,"25":1,"26":10,"27":10,"28":10,"29":10,"30":0,"31":10,"32":9,"33":1,"34":1,"35":2,"36":2,"37":2,"38":2,"39":0,"40":2,"41":2,"42":2,"43":0,"44":1,"45":2,"46":2,"47":2,"48":2,"49":0,"50":2,"51":2,"52":0,"53":1,"54":2,"55":2,"56":2,"57":2,"58":0,"59":2,"60":2,"61":0},"f":{"0":11,"1":24,"2":24,"3":24,"4":3,"5":3,"6":3,"7":10,"8":10,"9":10,"10":2,"11":2,"12":2,"13":2,"14":2,"15":2,"16":2,"17":2,"18":2,"19":2},"b":{"0":[5,19],"1":[0,3],"2":[0,10],"3":[9,1],"4":[0,2],"5":[2,0],"6":[0,2],"7":[2,0],"8":[0,2],"9":[2,0]},"_coverageSchema":"1a1c01bbd47fc00a2c39e90264f33305004495a9","hash":"d1911da1c3321d97de1b0524d1e2f3f6a7e6cfa2","contentHash":"fca3ca890b8b1d6aa2164afe9eccf7541c0ad98017980517931822cdce48d35e"},"/home/gaetano/Documenti/Project-SE2-2020/server/dao/lecture_dao.js":{"path":"/home/gaetano/Documenti/Project-SE2-2020/server/dao/lecture_dao.js","statementMap":{"0":{"start":{"line":6,"column":11},"end":{"line":6,"column":30}},"1":{"start":{"line":7,"column":16},"end":{"line":7,"column":42}},"2":{"start":{"line":8,"column":15},"end":{"line":8,"column":32}},"3":{"start":{"line":16,"column":4},"end":{"line":16,"column":163}},"4":{"start":{"line":23,"column":0},"end":{"line":44,"column":1}},"5":{"start":{"line":24,"column":4},"end":{"line":43,"column":7}},"6":{"start":{"line":25,"column":18},"end":{"line":25,"column":150}},"7":{"start":{"line":27,"column":8},"end":{"line":28,"column":51}},"8":{"start":{"line":27,"column":21},"end":{"line":27,"column":22}},"9":{"start":{"line":28,"column":12},"end":{"line":28,"column":51}},"10":{"start":{"line":29,"column":8},"end":{"line":29,"column":46}},"11":{"start":{"line":31,"column":21},"end":{"line":31,"column":23}},"12":{"start":{"line":33,"column":8},"end":{"line":34,"column":236}},"13":{"start":{"line":33,"column":21},"end":{"line":33,"column":22}},"14":{"start":{"line":34,"column":12},"end":{"line":34,"column":236}},"15":{"start":{"line":36,"column":8},"end":{"line":42,"column":11}},"16":{"start":{"line":37,"column":12},"end":{"line":41,"column":13}},"17":{"start":{"line":38,"column":16},"end":{"line":38,"column":28}},"18":{"start":{"line":40,"column":16},"end":{"line":40,"column":37}},"19":{"start":{"line":50,"column":0},"end":{"line":60,"column":1}},"20":{"start":{"line":51,"column":4},"end":{"line":59,"column":7}},"21":{"start":{"line":52,"column":20},"end":{"line":52,"column":61}},"22":{"start":{"line":53,"column":8},"end":{"line":58,"column":11}},"23":{"start":{"line":54,"column":12},"end":{"line":57,"column":35}},"24":{"start":{"line":55,"column":16},"end":{"line":55,"column":28}},"25":{"start":{"line":57,"column":16},"end":{"line":57,"column":35}},"26":{"start":{"line":66,"column":0},"end":{"line":80,"column":1}},"27":{"start":{"line":67,"column":4},"end":{"line":79,"column":7}},"28":{"start":{"line":68,"column":20},"end":{"line":68,"column":63}},"29":{"start":{"line":69,"column":8},"end":{"line":78,"column":11}},"30":{"start":{"line":70,"column":12},"end":{"line":77,"column":13}},"31":{"start":{"line":71,"column":16},"end":{"line":71,"column":28}},"32":{"start":{"line":73,"column":16},"end":{"line":76,"column":39}},"33":{"start":{"line":74,"column":20},"end":{"line":74,"column":48}},"34":{"start":{"line":76,"column":20},"end":{"line":76,"column":39}},"35":{"start":{"line":86,"column":0},"end":{"line":115,"column":1}},"36":{"start":{"line":87,"column":4},"end":{"line":114,"column":7}},"37":{"start":{"line":88,"column":20},"end":{"line":88,"column":127}},"38":{"start":{"line":89,"column":8},"end":{"line":113,"column":11}},"39":{"start":{"line":90,"column":12},"end":{"line":112,"column":13}},"40":{"start":{"line":91,"column":16},"end":{"line":91,"column":28}},"41":{"start":{"line":93,"column":16},"end":{"line":111,"column":39}},"42":{"start":{"line":94,"column":32},"end":{"line":94,"column":60}},"43":{"start":{"line":95,"column":33},"end":{"line":95,"column":35}},"44":{"start":{"line":96,"column":20},"end":{"line":101,"column":21}},"45":{"start":{"line":96,"column":33},"end":{"line":96,"column":34}},"46":{"start":{"line":97,"column":35},"end":{"line":97,"column":72}},"47":{"start":{"line":98,"column":24},"end":{"line":100,"column":25}},"48":{"start":{"line":99,"column":28},"end":{"line":99,"column":48}},"49":{"start":{"line":102,"column":20},"end":{"line":107,"column":23}},"50":{"start":{"line":103,"column":24},"end":{"line":106,"column":38}},"51":{"start":{"line":104,"column":28},"end":{"line":104,"column":37}},"52":{"start":{"line":106,"column":28},"end":{"line":106,"column":38}},"53":{"start":{"line":108,"column":20},"end":{"line":108,"column":36}},"54":{"start":{"line":111,"column":20},"end":{"line":111,"column":39}},"55":{"start":{"line":121,"column":0},"end":{"line":151,"column":1}},"56":{"start":{"line":122,"column":4},"end":{"line":150,"column":7}},"57":{"start":{"line":123,"column":20},"end":{"line":123,"column":108}},"58":{"start":{"line":124,"column":8},"end":{"line":149,"column":11}},"59":{"start":{"line":125,"column":12},"end":{"line":148,"column":13}},"60":{"start":{"line":126,"column":16},"end":{"line":126,"column":28}},"61":{"start":{"line":128,"column":16},"end":{"line":147,"column":39}},"62":{"start":{"line":129,"column":34},"end":{"line":129,"column":80}},"63":{"start":{"line":130,"column":34},"end":{"line":130,"column":59}},"64":{"start":{"line":131,"column":33},"end":{"line":131,"column":35}},"65":{"start":{"line":132,"column":20},"end":{"line":137,"column":21}},"66":{"start":{"line":132,"column":33},"end":{"line":132,"column":34}},"67":{"start":{"line":133,"column":35},"end":{"line":133,"column":72}},"68":{"start":{"line":134,"column":24},"end":{"line":136,"column":25}},"69":{"start":{"line":135,"column":28},"end":{"line":135,"column":48}},"70":{"start":{"line":138,"column":20},"end":{"line":143,"column":23}},"71":{"start":{"line":139,"column":24},"end":{"line":142,"column":38}},"72":{"start":{"line":140,"column":28},"end":{"line":140,"column":37}},"73":{"start":{"line":142,"column":28},"end":{"line":142,"column":38}},"74":{"start":{"line":144,"column":20},"end":{"line":144,"column":36}},"75":{"start":{"line":147,"column":20},"end":{"line":147,"column":39}},"76":{"start":{"line":157,"column":0},"end":{"line":187,"column":1}},"77":{"start":{"line":158,"column":4},"end":{"line":186,"column":7}},"78":{"start":{"line":159,"column":20},"end":{"line":159,"column":91}},"79":{"start":{"line":160,"column":8},"end":{"line":185,"column":11}},"80":{"start":{"line":161,"column":12},"end":{"line":184,"column":13}},"81":{"start":{"line":162,"column":16},"end":{"line":162,"column":28}},"82":{"start":{"line":164,"column":16},"end":{"line":183,"column":39}},"83":{"start":{"line":165,"column":34},"end":{"line":165,"column":80}},"84":{"start":{"line":166,"column":34},"end":{"line":166,"column":59}},"85":{"start":{"line":167,"column":33},"end":{"line":167,"column":35}},"86":{"start":{"line":168,"column":20},"end":{"line":173,"column":21}},"87":{"start":{"line":168,"column":33},"end":{"line":168,"column":34}},"88":{"start":{"line":169,"column":35},"end":{"line":169,"column":72}},"89":{"start":{"line":170,"column":24},"end":{"line":172,"column":25}},"90":{"start":{"line":171,"column":28},"end":{"line":171,"column":48}},"91":{"start":{"line":174,"column":20},"end":{"line":179,"column":23}},"92":{"start":{"line":175,"column":24},"end":{"line":178,"column":38}},"93":{"start":{"line":176,"column":28},"end":{"line":176,"column":37}},"94":{"start":{"line":178,"column":28},"end":{"line":178,"column":38}},"95":{"start":{"line":180,"column":20},"end":{"line":180,"column":36}},"96":{"start":{"line":183,"column":20},"end":{"line":183,"column":39}},"97":{"start":{"line":193,"column":0},"end":{"line":223,"column":1}},"98":{"start":{"line":194,"column":4},"end":{"line":222,"column":7}},"99":{"start":{"line":195,"column":20},"end":{"line":195,"column":91}},"100":{"start":{"line":196,"column":8},"end":{"line":221,"column":11}},"101":{"start":{"line":197,"column":12},"end":{"line":220,"column":13}},"102":{"start":{"line":198,"column":16},"end":{"line":198,"column":28}},"103":{"start":{"line":200,"column":16},"end":{"line":219,"column":17}},"104":{"start":{"line":201,"column":32},"end":{"line":201,"column":60}},"105":{"start":{"line":202,"column":33},"end":{"line":202,"column":35}},"106":{"start":{"line":203,"column":20},"end":{"line":208,"column":21}},"107":{"start":{"line":203,"column":33},"end":{"line":203,"column":34}},"108":{"start":{"line":204,"column":35},"end":{"line":204,"column":72}},"109":{"start":{"line":205,"column":24},"end":{"line":207,"column":25}},"110":{"start":{"line":206,"column":28},"end":{"line":206,"column":48}},"111":{"start":{"line":209,"column":20},"end":{"line":214,"column":23}},"112":{"start":{"line":210,"column":24},"end":{"line":213,"column":38}},"113":{"start":{"line":211,"column":28},"end":{"line":211,"column":37}},"114":{"start":{"line":213,"column":28},"end":{"line":213,"column":38}},"115":{"start":{"line":215,"column":20},"end":{"line":215,"column":36}},"116":{"start":{"line":218,"column":20},"end":{"line":218,"column":39}},"117":{"start":{"line":232,"column":0},"end":{"line":243,"column":1}},"118":{"start":{"line":233,"column":4},"end":{"line":242,"column":7}},"119":{"start":{"line":234,"column":20},"end":{"line":234,"column":94}},"120":{"start":{"line":235,"column":8},"end":{"line":241,"column":11}},"121":{"start":{"line":236,"column":12},"end":{"line":240,"column":13}},"122":{"start":{"line":237,"column":16},"end":{"line":237,"column":28}},"123":{"start":{"line":239,"column":16},"end":{"line":239,"column":30}},"124":{"start":{"line":249,"column":0},"end":{"line":266,"column":1}},"125":{"start":{"line":250,"column":19},"end":{"line":250,"column":48}},"126":{"start":{"line":252,"column":4},"end":{"line":265,"column":7}},"127":{"start":{"line":253,"column":20},"end":{"line":253,"column":76}},"128":{"start":{"line":254,"column":8},"end":{"line":264,"column":11}},"129":{"start":{"line":255,"column":12},"end":{"line":263,"column":13}},"130":{"start":{"line":256,"column":16},"end":{"line":256,"column":28}},"131":{"start":{"line":258,"column":16},"end":{"line":262,"column":39}},"132":{"start":{"line":259,"column":20},"end":{"line":259,"column":34}},"133":{"start":{"line":262,"column":20},"end":{"line":262,"column":39}},"134":{"start":{"line":272,"column":0},"end":{"line":303,"column":1}},"135":{"start":{"line":273,"column":4},"end":{"line":302,"column":6}},"136":{"start":{"line":274,"column":8},"end":{"line":300,"column":9}},"137":{"start":{"line":275,"column":24},"end":{"line":275,"column":253}},"138":{"start":{"line":276,"column":12},"end":{"line":286,"column":14}},"139":{"start":{"line":277,"column":16},"end":{"line":285,"column":17}},"140":{"start":{"line":278,"column":20},"end":{"line":278,"column":32}},"141":{"start":{"line":280,"column":20},"end":{"line":284,"column":43}},"142":{"start":{"line":281,"column":24},"end":{"line":281,"column":38}},"143":{"start":{"line":284,"column":24},"end":{"line":284,"column":43}},"144":{"start":{"line":287,"column":15},"end":{"line":300,"column":9}},"145":{"start":{"line":288,"column":24},"end":{"line":288,"column":275}},"146":{"start":{"line":289,"column":12},"end":{"line":299,"column":14}},"147":{"start":{"line":290,"column":16},"end":{"line":298,"column":17}},"148":{"start":{"line":291,"column":20},"end":{"line":291,"column":32}},"149":{"start":{"line":293,"column":20},"end":{"line":297,"column":43}},"150":{"start":{"line":294,"column":24},"end":{"line":294,"column":38}},"151":{"start":{"line":297,"column":24},"end":{"line":297,"column":43}},"152":{"start":{"line":305,"column":0},"end":{"line":320,"column":1}},"153":{"start":{"line":306,"column":4},"end":{"line":319,"column":6}},"154":{"start":{"line":307,"column":20},"end":{"line":307,"column":133}},"155":{"start":{"line":308,"column":8},"end":{"line":318,"column":11}},"156":{"start":{"line":309,"column":12},"end":{"line":317,"column":13}},"157":{"start":{"line":310,"column":16},"end":{"line":310,"column":28}},"158":{"start":{"line":312,"column":16},"end":{"line":316,"column":17}},"159":{"start":{"line":313,"column":20},"end":{"line":313,"column":48}},"160":{"start":{"line":315,"column":20},"end":{"line":315,"column":39}}},"fnMap":{"0":{"name":"createLecture","decl":{"start":{"line":15,"column":9},"end":{"line":15,"column":22}},"loc":{"start":{"line":15,"column":28},"end":{"line":17,"column":1}},"line":15},"1":{"name":"(anonymous_1)","decl":{"start":{"line":23,"column":21},"end":{"line":23,"column":22}},"loc":{"start":{"line":23,"column":41},"end":{"line":44,"column":1}},"line":23},"2":{"name":"(anonymous_2)","decl":{"start":{"line":24,"column":23},"end":{"line":24,"column":24}},"loc":{"start":{"line":24,"column":44},"end":{"line":43,"column":5}},"line":24},"3":{"name":"(anonymous_3)","decl":{"start":{"line":36,"column":28},"end":{"line":36,"column":29}},"loc":{"start":{"line":36,"column":43},"end":{"line":42,"column":9}},"line":36},"4":{"name":"(anonymous_4)","decl":{"start":{"line":50,"column":24},"end":{"line":50,"column":25}},"loc":{"start":{"line":50,"column":45},"end":{"line":60,"column":1}},"line":50},"5":{"name":"(anonymous_5)","decl":{"start":{"line":51,"column":23},"end":{"line":51,"column":24}},"loc":{"start":{"line":51,"column":44},"end":{"line":59,"column":5}},"line":51},"6":{"name":"(anonymous_6)","decl":{"start":{"line":53,"column":33},"end":{"line":53,"column":34}},"loc":{"start":{"line":53,"column":47},"end":{"line":58,"column":9}},"line":53},"7":{"name":"(anonymous_7)","decl":{"start":{"line":66,"column":25},"end":{"line":66,"column":26}},"loc":{"start":{"line":66,"column":46},"end":{"line":80,"column":1}},"line":66},"8":{"name":"(anonymous_8)","decl":{"start":{"line":67,"column":23},"end":{"line":67,"column":24}},"loc":{"start":{"line":67,"column":44},"end":{"line":79,"column":5}},"line":67},"9":{"name":"(anonymous_9)","decl":{"start":{"line":69,"column":33},"end":{"line":69,"column":34}},"loc":{"start":{"line":69,"column":47},"end":{"line":78,"column":9}},"line":69},"10":{"name":"(anonymous_10)","decl":{"start":{"line":86,"column":26},"end":{"line":86,"column":27}},"loc":{"start":{"line":86,"column":40},"end":{"line":115,"column":1}},"line":86},"11":{"name":"(anonymous_11)","decl":{"start":{"line":87,"column":23},"end":{"line":87,"column":24}},"loc":{"start":{"line":87,"column":44},"end":{"line":114,"column":5}},"line":87},"12":{"name":"(anonymous_12)","decl":{"start":{"line":89,"column":26},"end":{"line":89,"column":27}},"loc":{"start":{"line":89,"column":41},"end":{"line":113,"column":9}},"line":89},"13":{"name":"(anonymous_13)","decl":{"start":{"line":102,"column":32},"end":{"line":102,"column":33}},"loc":{"start":{"line":102,"column":42},"end":{"line":107,"column":21}},"line":102},"14":{"name":"(anonymous_14)","decl":{"start":{"line":121,"column":30},"end":{"line":121,"column":31}},"loc":{"start":{"line":121,"column":44},"end":{"line":151,"column":1}},"line":121},"15":{"name":"(anonymous_15)","decl":{"start":{"line":122,"column":23},"end":{"line":122,"column":24}},"loc":{"start":{"line":122,"column":44},"end":{"line":150,"column":5}},"line":122},"16":{"name":"(anonymous_16)","decl":{"start":{"line":124,"column":26},"end":{"line":124,"column":27}},"loc":{"start":{"line":124,"column":41},"end":{"line":149,"column":9}},"line":124},"17":{"name":"(anonymous_17)","decl":{"start":{"line":138,"column":32},"end":{"line":138,"column":33}},"loc":{"start":{"line":138,"column":42},"end":{"line":143,"column":21}},"line":138},"18":{"name":"(anonymous_18)","decl":{"start":{"line":157,"column":36},"end":{"line":157,"column":37}},"loc":{"start":{"line":157,"column":50},"end":{"line":187,"column":1}},"line":157},"19":{"name":"(anonymous_19)","decl":{"start":{"line":158,"column":23},"end":{"line":158,"column":24}},"loc":{"start":{"line":158,"column":44},"end":{"line":186,"column":5}},"line":158},"20":{"name":"(anonymous_20)","decl":{"start":{"line":160,"column":26},"end":{"line":160,"column":27}},"loc":{"start":{"line":160,"column":41},"end":{"line":185,"column":9}},"line":160},"21":{"name":"(anonymous_21)","decl":{"start":{"line":174,"column":32},"end":{"line":174,"column":33}},"loc":{"start":{"line":174,"column":42},"end":{"line":179,"column":21}},"line":174},"22":{"name":"(anonymous_22)","decl":{"start":{"line":193,"column":32},"end":{"line":193,"column":33}},"loc":{"start":{"line":193,"column":46},"end":{"line":223,"column":1}},"line":193},"23":{"name":"(anonymous_23)","decl":{"start":{"line":194,"column":23},"end":{"line":194,"column":24}},"loc":{"start":{"line":194,"column":44},"end":{"line":222,"column":5}},"line":194},"24":{"name":"(anonymous_24)","decl":{"start":{"line":196,"column":26},"end":{"line":196,"column":27}},"loc":{"start":{"line":196,"column":41},"end":{"line":221,"column":9}},"line":196},"25":{"name":"(anonymous_25)","decl":{"start":{"line":209,"column":32},"end":{"line":209,"column":33}},"loc":{"start":{"line":209,"column":42},"end":{"line":214,"column":21}},"line":209},"26":{"name":"(anonymous_26)","decl":{"start":{"line":232,"column":24},"end":{"line":232,"column":25}},"loc":{"start":{"line":232,"column":43},"end":{"line":243,"column":1}},"line":232},"27":{"name":"(anonymous_27)","decl":{"start":{"line":233,"column":23},"end":{"line":233,"column":24}},"loc":{"start":{"line":233,"column":44},"end":{"line":242,"column":5}},"line":233},"28":{"name":"(anonymous_28)","decl":{"start":{"line":235,"column":84},"end":{"line":235,"column":85}},"loc":{"start":{"line":235,"column":99},"end":{"line":241,"column":9}},"line":235},"29":{"name":"(anonymous_29)","decl":{"start":{"line":249,"column":35},"end":{"line":249,"column":36}},"loc":{"start":{"line":249,"column":56},"end":{"line":266,"column":1}},"line":249},"30":{"name":"(anonymous_30)","decl":{"start":{"line":252,"column":23},"end":{"line":252,"column":24}},"loc":{"start":{"line":252,"column":44},"end":{"line":265,"column":5}},"line":252},"31":{"name":"(anonymous_31)","decl":{"start":{"line":254,"column":43},"end":{"line":254,"column":44}},"loc":{"start":{"line":254,"column":58},"end":{"line":264,"column":9}},"line":254},"32":{"name":"(anonymous_32)","decl":{"start":{"line":272,"column":26},"end":{"line":272,"column":27}},"loc":{"start":{"line":272,"column":74},"end":{"line":303,"column":1}},"line":272},"33":{"name":"(anonymous_33)","decl":{"start":{"line":273,"column":23},"end":{"line":273,"column":24}},"loc":{"start":{"line":273,"column":44},"end":{"line":302,"column":5}},"line":273},"34":{"name":"(anonymous_34)","decl":{"start":{"line":276,"column":43},"end":{"line":276,"column":44}},"loc":{"start":{"line":276,"column":58},"end":{"line":286,"column":13}},"line":276},"35":{"name":"(anonymous_35)","decl":{"start":{"line":289,"column":49},"end":{"line":289,"column":50}},"loc":{"start":{"line":289,"column":64},"end":{"line":299,"column":13}},"line":289},"36":{"name":"(anonymous_36)","decl":{"start":{"line":305,"column":29},"end":{"line":305,"column":30}},"loc":{"start":{"line":305,"column":92},"end":{"line":320,"column":1}},"line":305},"37":{"name":"(anonymous_37)","decl":{"start":{"line":306,"column":23},"end":{"line":306,"column":24}},"loc":{"start":{"line":306,"column":44},"end":{"line":319,"column":5}},"line":306},"38":{"name":"(anonymous_38)","decl":{"start":{"line":308,"column":75},"end":{"line":308,"column":76}},"loc":{"start":{"line":308,"column":89},"end":{"line":318,"column":9}},"line":308}},"branchMap":{"0":{"loc":{"start":{"line":37,"column":12},"end":{"line":41,"column":13}},"type":"if","locations":[{"start":{"line":37,"column":12},"end":{"line":41,"column":13}},{"start":{"line":37,"column":12},"end":{"line":41,"column":13}}],"line":37},"1":{"loc":{"start":{"line":54,"column":12},"end":{"line":57,"column":35}},"type":"if","locations":[{"start":{"line":54,"column":12},"end":{"line":57,"column":35}},{"start":{"line":54,"column":12},"end":{"line":57,"column":35}}],"line":54},"2":{"loc":{"start":{"line":70,"column":12},"end":{"line":77,"column":13}},"type":"if","locations":[{"start":{"line":70,"column":12},"end":{"line":77,"column":13}},{"start":{"line":70,"column":12},"end":{"line":77,"column":13}}],"line":70},"3":{"loc":{"start":{"line":73,"column":16},"end":{"line":76,"column":39}},"type":"if","locations":[{"start":{"line":73,"column":16},"end":{"line":76,"column":39}},{"start":{"line":73,"column":16},"end":{"line":76,"column":39}}],"line":73},"4":{"loc":{"start":{"line":90,"column":12},"end":{"line":112,"column":13}},"type":"if","locations":[{"start":{"line":90,"column":12},"end":{"line":112,"column":13}},{"start":{"line":90,"column":12},"end":{"line":112,"column":13}}],"line":90},"5":{"loc":{"start":{"line":93,"column":16},"end":{"line":111,"column":39}},"type":"if","locations":[{"start":{"line":93,"column":16},"end":{"line":111,"column":39}},{"start":{"line":93,"column":16},"end":{"line":111,"column":39}}],"line":93},"6":{"loc":{"start":{"line":98,"column":24},"end":{"line":100,"column":25}},"type":"if","locations":[{"start":{"line":98,"column":24},"end":{"line":100,"column":25}},{"start":{"line":98,"column":24},"end":{"line":100,"column":25}}],"line":98},"7":{"loc":{"start":{"line":103,"column":24},"end":{"line":106,"column":38}},"type":"if","locations":[{"start":{"line":103,"column":24},"end":{"line":106,"column":38}},{"start":{"line":103,"column":24},"end":{"line":106,"column":38}}],"line":103},"8":{"loc":{"start":{"line":125,"column":12},"end":{"line":148,"column":13}},"type":"if","locations":[{"start":{"line":125,"column":12},"end":{"line":148,"column":13}},{"start":{"line":125,"column":12},"end":{"line":148,"column":13}}],"line":125},"9":{"loc":{"start":{"line":128,"column":16},"end":{"line":147,"column":39}},"type":"if","locations":[{"start":{"line":128,"column":16},"end":{"line":147,"column":39}},{"start":{"line":128,"column":16},"end":{"line":147,"column":39}}],"line":128},"10":{"loc":{"start":{"line":134,"column":24},"end":{"line":136,"column":25}},"type":"if","locations":[{"start":{"line":134,"column":24},"end":{"line":136,"column":25}},{"start":{"line":134,"column":24},"end":{"line":136,"column":25}}],"line":134},"11":{"loc":{"start":{"line":134,"column":29},"end":{"line":134,"column":78}},"type":"binary-expr","locations":[{"start":{"line":134,"column":29},"end":{"line":134,"column":51}},{"start":{"line":134,"column":56},"end":{"line":134,"column":77}}],"line":134},"12":{"loc":{"start":{"line":139,"column":24},"end":{"line":142,"column":38}},"type":"if","locations":[{"start":{"line":139,"column":24},"end":{"line":142,"column":38}},{"start":{"line":139,"column":24},"end":{"line":142,"column":38}}],"line":139},"13":{"loc":{"start":{"line":161,"column":12},"end":{"line":184,"column":13}},"type":"if","locations":[{"start":{"line":161,"column":12},"end":{"line":184,"column":13}},{"start":{"line":161,"column":12},"end":{"line":184,"column":13}}],"line":161},"14":{"loc":{"start":{"line":164,"column":16},"end":{"line":183,"column":39}},"type":"if","locations":[{"start":{"line":164,"column":16},"end":{"line":183,"column":39}},{"start":{"line":164,"column":16},"end":{"line":183,"column":39}}],"line":164},"15":{"loc":{"start":{"line":170,"column":24},"end":{"line":172,"column":25}},"type":"if","locations":[{"start":{"line":170,"column":24},"end":{"line":172,"column":25}},{"start":{"line":170,"column":24},"end":{"line":172,"column":25}}],"line":170},"16":{"loc":{"start":{"line":170,"column":29},"end":{"line":170,"column":78}},"type":"binary-expr","locations":[{"start":{"line":170,"column":29},"end":{"line":170,"column":51}},{"start":{"line":170,"column":56},"end":{"line":170,"column":77}}],"line":170},"17":{"loc":{"start":{"line":175,"column":24},"end":{"line":178,"column":38}},"type":"if","locations":[{"start":{"line":175,"column":24},"end":{"line":178,"column":38}},{"start":{"line":175,"column":24},"end":{"line":178,"column":38}}],"line":175},"18":{"loc":{"start":{"line":197,"column":12},"end":{"line":220,"column":13}},"type":"if","locations":[{"start":{"line":197,"column":12},"end":{"line":220,"column":13}},{"start":{"line":197,"column":12},"end":{"line":220,"column":13}}],"line":197},"19":{"loc":{"start":{"line":200,"column":16},"end":{"line":219,"column":17}},"type":"if","locations":[{"start":{"line":200,"column":16},"end":{"line":219,"column":17}},{"start":{"line":200,"column":16},"end":{"line":219,"column":17}}],"line":200},"20":{"loc":{"start":{"line":205,"column":24},"end":{"line":207,"column":25}},"type":"if","locations":[{"start":{"line":205,"column":24},"end":{"line":207,"column":25}},{"start":{"line":205,"column":24},"end":{"line":207,"column":25}}],"line":205},"21":{"loc":{"start":{"line":210,"column":24},"end":{"line":213,"column":38}},"type":"if","locations":[{"start":{"line":210,"column":24},"end":{"line":213,"column":38}},{"start":{"line":210,"column":24},"end":{"line":213,"column":38}}],"line":210},"22":{"loc":{"start":{"line":236,"column":12},"end":{"line":240,"column":13}},"type":"if","locations":[{"start":{"line":236,"column":12},"end":{"line":240,"column":13}},{"start":{"line":236,"column":12},"end":{"line":240,"column":13}}],"line":236},"23":{"loc":{"start":{"line":255,"column":12},"end":{"line":263,"column":13}},"type":"if","locations":[{"start":{"line":255,"column":12},"end":{"line":263,"column":13}},{"start":{"line":255,"column":12},"end":{"line":263,"column":13}}],"line":255},"24":{"loc":{"start":{"line":258,"column":16},"end":{"line":262,"column":39}},"type":"if","locations":[{"start":{"line":258,"column":16},"end":{"line":262,"column":39}},{"start":{"line":258,"column":16},"end":{"line":262,"column":39}}],"line":258},"25":{"loc":{"start":{"line":274,"column":8},"end":{"line":300,"column":9}},"type":"if","locations":[{"start":{"line":274,"column":8},"end":{"line":300,"column":9}},{"start":{"line":274,"column":8},"end":{"line":300,"column":9}}],"line":274},"26":{"loc":{"start":{"line":277,"column":16},"end":{"line":285,"column":17}},"type":"if","locations":[{"start":{"line":277,"column":16},"end":{"line":285,"column":17}},{"start":{"line":277,"column":16},"end":{"line":285,"column":17}}],"line":277},"27":{"loc":{"start":{"line":280,"column":20},"end":{"line":284,"column":43}},"type":"if","locations":[{"start":{"line":280,"column":20},"end":{"line":284,"column":43}},{"start":{"line":280,"column":20},"end":{"line":284,"column":43}}],"line":280},"28":{"loc":{"start":{"line":287,"column":15},"end":{"line":300,"column":9}},"type":"if","locations":[{"start":{"line":287,"column":15},"end":{"line":300,"column":9}},{"start":{"line":287,"column":15},"end":{"line":300,"column":9}}],"line":287},"29":{"loc":{"start":{"line":290,"column":16},"end":{"line":298,"column":17}},"type":"if","locations":[{"start":{"line":290,"column":16},"end":{"line":298,"column":17}},{"start":{"line":290,"column":16},"end":{"line":298,"column":17}}],"line":290},"30":{"loc":{"start":{"line":293,"column":20},"end":{"line":297,"column":43}},"type":"if","locations":[{"start":{"line":293,"column":20},"end":{"line":297,"column":43}},{"start":{"line":293,"column":20},"end":{"line":297,"column":43}}],"line":293},"31":{"loc":{"start":{"line":309,"column":12},"end":{"line":317,"column":13}},"type":"if","locations":[{"start":{"line":309,"column":12},"end":{"line":317,"column":13}},{"start":{"line":309,"column":12},"end":{"line":317,"column":13}}],"line":309},"32":{"loc":{"start":{"line":312,"column":16},"end":{"line":316,"column":17}},"type":"if","locations":[{"start":{"line":312,"column":16},"end":{"line":316,"column":17}},{"start":{"line":312,"column":16},"end":{"line":316,"column":17}}],"line":312}},"s":{"0":1,"1":1,"2":1,"3":3,"4":1,"5":27,"6":27,"7":27,"8":27,"9":28,"10":27,"11":27,"12":27,"13":27,"14":50,"15":27,"16":27,"17":5,"18":22,"19":1,"20":3,"21":3,"22":3,"23":3,"24":0,"25":3,"26":1,"27":3,"28":3,"29":3,"30":3,"31":0,"32":3,"33":3,"34":0,"35":1,"36":4,"37":4,"38":4,"39":4,"40":0,"41":4,"42":4,"43":4,"44":4,"45":4,"46":3,"47":3,"48":3,"49":4,"50":1,"51":1,"52":0,"53":4,"54":0,"55":1,"56":1,"57":1,"58":1,"59":1,"60":0,"61":1,"62":1,"63":1,"64":1,"65":1,"66":1,"67":2,"68":2,"69":2,"70":1,"71":1,"72":0,"73":1,"74":1,"75":0,"76":1,"77":2,"78":2,"79":2,"80":2,"81":0,"82":2,"83":2,"84":2,"85":2,"86":2,"87":2,"88":27,"89":27,"90":7,"91":2,"92":5,"93":0,"94":5,"95":2,"96":0,"97":1,"98":2,"99":2,"100":2,"101":2,"102":0,"103":2,"104":2,"105":2,"106":2,"107":2,"108":2,"109":2,"110":2,"111":2,"112":1,"113":0,"114":1,"115":2,"116":0,"117":1,"118":1,"119":1,"120":1,"121":1,"122":0,"123":1,"124":1,"125":1,"126":1,"127":1,"128":1,"129":1,"130":0,"131":1,"132":1,"133":0,"134":1,"135":2,"136":2,"137":1,"138":1,"139":1,"140":0,"141":1,"142":1,"143":0,"144":1,"145":1,"146":1,"147":1,"148":0,"149":1,"150":1,"151":0,"152":1,"153":25,"154":25,"155":25,"156":25,"157":0,"158":25,"159":0,"160":25},"f":{"0":3,"1":27,"2":27,"3":27,"4":3,"5":3,"6":3,"7":3,"8":3,"9":3,"10":4,"11":4,"12":4,"13":1,"14":1,"15":1,"16":1,"17":1,"18":2,"19":2,"20":2,"21":5,"22":2,"23":2,"24":2,"25":1,"26":1,"27":1,"28":1,"29":1,"30":1,"31":1,"32":2,"33":2,"34":1,"35":1,"36":25,"37":25,"38":25},"b":{"0":[5,22],"1":[0,3],"2":[0,3],"3":[3,0],"4":[0,4],"5":[4,0],"6":[3,0],"7":[1,0],"8":[0,1],"9":[1,0],"10":[2,0],"11":[2,2],"12":[0,1],"13":[0,2],"14":[2,0],"15":[7,20],"16":[27,27],"17":[0,5],"18":[0,2],"19":[2,0],"20":[2,0],"21":[0,1],"22":[0,1],"23":[0,1],"24":[1,0],"25":[1,1],"26":[0,1],"27":[1,0],"28":[1,0],"29":[0,1],"30":[1,0],"31":[0,25],"32":[0,25]},"_coverageSchema":"1a1c01bbd47fc00a2c39e90264f33305004495a9","hash":"3292d9fcfb247c55b0f1390bdb4a198cc133bfea","contentHash":"1aa5cd08a03cccc195c736430a31c30329fe0c4a27997cec211a5c0090b0aec1"},"/home/gaetano/Documenti/Project-SE2-2020/server/dao/enrollment_dao.js":{"path":"/home/gaetano/Documenti/Project-SE2-2020/server/dao/enrollment_dao.js","statementMap":{"0":{"start":{"line":6,"column":11},"end":{"line":6,"column":30}},"1":{"start":{"line":7,"column":19},"end":{"line":7,"column":48}},"2":{"start":{"line":8,"column":15},"end":{"line":8,"column":43}},"3":{"start":{"line":9,"column":15},"end":{"line":9,"column":43}},"4":{"start":{"line":12,"column":4},"end":{"line":12,"column":48}},"5":{"start":{"line":19,"column":0},"end":{"line":41,"column":1}},"6":{"start":{"line":20,"column":4},"end":{"line":40,"column":7}},"7":{"start":{"line":22,"column":18},"end":{"line":22,"column":64}},"8":{"start":{"line":24,"column":8},"end":{"line":25,"column":30}},"9":{"start":{"line":24,"column":18},"end":{"line":24,"column":19}},"10":{"start":{"line":25,"column":12},"end":{"line":25,"column":30}},"11":{"start":{"line":26,"column":8},"end":{"line":26,"column":25}},"12":{"start":{"line":28,"column":21},"end":{"line":28,"column":23}},"13":{"start":{"line":30,"column":8},"end":{"line":31,"column":68}},"14":{"start":{"line":30,"column":18},"end":{"line":30,"column":19}},"15":{"start":{"line":31,"column":12},"end":{"line":31,"column":68}},"16":{"start":{"line":34,"column":8},"end":{"line":39,"column":11}},"17":{"start":{"line":35,"column":12},"end":{"line":38,"column":37}},"18":{"start":{"line":36,"column":16},"end":{"line":36,"column":28}},"19":{"start":{"line":38,"column":16},"end":{"line":38,"column":37}},"20":{"start":{"line":48,"column":0},"end":{"line":58,"column":1}},"21":{"start":{"line":49,"column":4},"end":{"line":57,"column":7}},"22":{"start":{"line":50,"column":20},"end":{"line":50,"column":74}},"23":{"start":{"line":51,"column":8},"end":{"line":56,"column":11}},"24":{"start":{"line":52,"column":12},"end":{"line":55,"column":29}},"25":{"start":{"line":53,"column":16},"end":{"line":53,"column":28}},"26":{"start":{"line":55,"column":16},"end":{"line":55,"column":29}},"27":{"start":{"line":65,"column":0},"end":{"line":80,"column":1}},"28":{"start":{"line":66,"column":4},"end":{"line":79,"column":7}},"29":{"start":{"line":67,"column":20},"end":{"line":67,"column":76}},"30":{"start":{"line":68,"column":8},"end":{"line":78,"column":11}},"31":{"start":{"line":69,"column":12},"end":{"line":77,"column":13}},"32":{"start":{"line":70,"column":16},"end":{"line":70,"column":28}},"33":{"start":{"line":72,"column":16},"end":{"line":76,"column":17}},"34":{"start":{"line":73,"column":20},"end":{"line":73,"column":51}},"35":{"start":{"line":75,"column":20},"end":{"line":75,"column":39}}},"fnMap":{"0":{"name":"createEnrollment","decl":{"start":{"line":11,"column":9},"end":{"line":11,"column":25}},"loc":{"start":{"line":11,"column":31},"end":{"line":13,"column":1}},"line":11},"1":{"name":"(anonymous_1)","decl":{"start":{"line":19,"column":24},"end":{"line":19,"column":25}},"loc":{"start":{"line":19,"column":47},"end":{"line":41,"column":1}},"line":19},"2":{"name":"(anonymous_2)","decl":{"start":{"line":20,"column":23},"end":{"line":20,"column":24}},"loc":{"start":{"line":20,"column":44},"end":{"line":40,"column":5}},"line":20},"3":{"name":"(anonymous_3)","decl":{"start":{"line":34,"column":28},"end":{"line":34,"column":29}},"loc":{"start":{"line":34,"column":43},"end":{"line":39,"column":9}},"line":34},"4":{"name":"(anonymous_4)","decl":{"start":{"line":48,"column":27},"end":{"line":48,"column":28}},"loc":{"start":{"line":48,"column":51},"end":{"line":58,"column":1}},"line":48},"5":{"name":"(anonymous_5)","decl":{"start":{"line":49,"column":23},"end":{"line":49,"column":24}},"loc":{"start":{"line":49,"column":44},"end":{"line":57,"column":5}},"line":49},"6":{"name":"(anonymous_6)","decl":{"start":{"line":51,"column":36},"end":{"line":51,"column":37}},"loc":{"start":{"line":51,"column":50},"end":{"line":56,"column":9}},"line":51},"7":{"name":"(anonymous_7)","decl":{"start":{"line":65,"column":28},"end":{"line":65,"column":29}},"loc":{"start":{"line":65,"column":52},"end":{"line":80,"column":1}},"line":65},"8":{"name":"(anonymous_8)","decl":{"start":{"line":66,"column":23},"end":{"line":66,"column":24}},"loc":{"start":{"line":66,"column":44},"end":{"line":79,"column":5}},"line":66},"9":{"name":"(anonymous_9)","decl":{"start":{"line":68,"column":36},"end":{"line":68,"column":37}},"loc":{"start":{"line":68,"column":50},"end":{"line":78,"column":9}},"line":68}},"branchMap":{"0":{"loc":{"start":{"line":35,"column":12},"end":{"line":38,"column":37}},"type":"if","locations":[{"start":{"line":35,"column":12},"end":{"line":38,"column":37}},{"start":{"line":35,"column":12},"end":{"line":38,"column":37}}],"line":35},"1":{"loc":{"start":{"line":52,"column":12},"end":{"line":55,"column":29}},"type":"if","locations":[{"start":{"line":52,"column":12},"end":{"line":55,"column":29}},{"start":{"line":52,"column":12},"end":{"line":55,"column":29}}],"line":52},"2":{"loc":{"start":{"line":69,"column":12},"end":{"line":77,"column":13}},"type":"if","locations":[{"start":{"line":69,"column":12},"end":{"line":77,"column":13}},{"start":{"line":69,"column":12},"end":{"line":77,"column":13}}],"line":69},"3":{"loc":{"start":{"line":72,"column":16},"end":{"line":76,"column":17}},"type":"if","locations":[{"start":{"line":72,"column":16},"end":{"line":76,"column":17}},{"start":{"line":72,"column":16},"end":{"line":76,"column":17}}],"line":72}},"s":{"0":1,"1":1,"2":1,"3":1,"4":2,"5":1,"6":7,"7":7,"8":7,"9":7,"10":1,"11":7,"12":7,"13":7,"14":7,"15":7,"16":7,"17":7,"18":1,"19":6,"20":1,"21":3,"22":3,"23":3,"24":3,"25":0,"26":3,"27":1,"28":3,"29":3,"30":3,"31":3,"32":0,"33":3,"34":2,"35":1},"f":{"0":2,"1":7,"2":7,"3":7,"4":3,"5":3,"6":3,"7":3,"8":3,"9":3},"b":{"0":[1,6],"1":[0,3],"2":[0,3],"3":[2,1]},"_coverageSchema":"1a1c01bbd47fc00a2c39e90264f33305004495a9","hash":"0bc4bebaa590be1501a7aa34c89ab02480449e03","contentHash":"95431b97802cfe7e7ef50aa23dd9a90e383ac2855c1a3d6a3872e22d7eb97379"},"/home/gaetano/Documenti/Project-SE2-2020/server/dao/classroom_dao.js":{"path":"/home/gaetano/Documenti/Project-SE2-2020/server/dao/classroom_dao.js","statementMap":{"0":{"start":{"line":6,"column":11},"end":{"line":6,"column":30}},"1":{"start":{"line":7,"column":18},"end":{"line":7,"column":46}},"2":{"start":{"line":15,"column":4},"end":{"line":15,"column":62}},"3":{"start":{"line":22,"column":0},"end":{"line":36,"column":1}},"4":{"start":{"line":23,"column":4},"end":{"line":35,"column":7}},"5":{"start":{"line":24,"column":20},"end":{"line":24,"column":85}},"6":{"start":{"line":25,"column":21},"end":{"line":25,"column":23}},"7":{"start":{"line":27,"column":8},"end":{"line":27,"column":69}},"8":{"start":{"line":29,"column":8},"end":{"line":34,"column":11}},"9":{"start":{"line":30,"column":12},"end":{"line":33,"column":37}},"10":{"start":{"line":31,"column":16},"end":{"line":31,"column":28}},"11":{"start":{"line":33,"column":16},"end":{"line":33,"column":37}},"12":{"start":{"line":42,"column":0},"end":{"line":52,"column":1}},"13":{"start":{"line":43,"column":4},"end":{"line":51,"column":7}},"14":{"start":{"line":44,"column":20},"end":{"line":44,"column":63}},"15":{"start":{"line":45,"column":8},"end":{"line":50,"column":11}},"16":{"start":{"line":46,"column":12},"end":{"line":49,"column":29}},"17":{"start":{"line":47,"column":16},"end":{"line":47,"column":28}},"18":{"start":{"line":49,"column":16},"end":{"line":49,"column":29}},"19":{"start":{"line":57,"column":0},"end":{"line":67,"column":1}},"20":{"start":{"line":58,"column":4},"end":{"line":66,"column":6}},"21":{"start":{"line":59,"column":20},"end":{"line":59,"column":45}},"22":{"start":{"line":60,"column":8},"end":{"line":65,"column":10}},"23":{"start":{"line":61,"column":12},"end":{"line":64,"column":64}},"24":{"start":{"line":62,"column":16},"end":{"line":62,"column":28}},"25":{"start":{"line":64,"column":16},"end":{"line":64,"column":64}},"26":{"start":{"line":64,"column":41},"end":{"line":64,"column":61}},"27":{"start":{"line":72,"column":0},"end":{"line":87,"column":1}},"28":{"start":{"line":73,"column":4},"end":{"line":86,"column":6}},"29":{"start":{"line":74,"column":20},"end":{"line":74,"column":65}},"30":{"start":{"line":75,"column":8},"end":{"line":85,"column":10}},"31":{"start":{"line":76,"column":12},"end":{"line":84,"column":13}},"32":{"start":{"line":77,"column":16},"end":{"line":77,"column":28}},"33":{"start":{"line":79,"column":16},"end":{"line":83,"column":17}},"34":{"start":{"line":80,"column":20},"end":{"line":80,"column":50}},"35":{"start":{"line":82,"column":20},"end":{"line":82,"column":39}}},"fnMap":{"0":{"name":"createClassroom","decl":{"start":{"line":14,"column":9},"end":{"line":14,"column":24}},"loc":{"start":{"line":14,"column":30},"end":{"line":16,"column":1}},"line":14},"1":{"name":"(anonymous_1)","decl":{"start":{"line":22,"column":23},"end":{"line":22,"column":24}},"loc":{"start":{"line":22,"column":44},"end":{"line":36,"column":1}},"line":22},"2":{"name":"(anonymous_2)","decl":{"start":{"line":23,"column":23},"end":{"line":23,"column":24}},"loc":{"start":{"line":23,"column":44},"end":{"line":35,"column":5}},"line":23},"3":{"name":"(anonymous_3)","decl":{"start":{"line":29,"column":28},"end":{"line":29,"column":29}},"loc":{"start":{"line":29,"column":43},"end":{"line":34,"column":9}},"line":29},"4":{"name":"(anonymous_4)","decl":{"start":{"line":42,"column":26},"end":{"line":42,"column":27}},"loc":{"start":{"line":42,"column":47},"end":{"line":52,"column":1}},"line":42},"5":{"name":"(anonymous_5)","decl":{"start":{"line":43,"column":23},"end":{"line":43,"column":24}},"loc":{"start":{"line":43,"column":44},"end":{"line":51,"column":5}},"line":43},"6":{"name":"(anonymous_6)","decl":{"start":{"line":45,"column":33},"end":{"line":45,"column":34}},"loc":{"start":{"line":45,"column":47},"end":{"line":50,"column":9}},"line":45},"7":{"name":"(anonymous_7)","decl":{"start":{"line":57,"column":24},"end":{"line":57,"column":25}},"loc":{"start":{"line":57,"column":36},"end":{"line":67,"column":1}},"line":57},"8":{"name":"(anonymous_8)","decl":{"start":{"line":58,"column":23},"end":{"line":58,"column":24}},"loc":{"start":{"line":58,"column":44},"end":{"line":66,"column":5}},"line":58},"9":{"name":"(anonymous_9)","decl":{"start":{"line":60,"column":24},"end":{"line":60,"column":25}},"loc":{"start":{"line":60,"column":39},"end":{"line":65,"column":9}},"line":60},"10":{"name":"(anonymous_10)","decl":{"start":{"line":64,"column":34},"end":{"line":64,"column":35}},"loc":{"start":{"line":64,"column":41},"end":{"line":64,"column":61}},"line":64},"11":{"name":"(anonymous_11)","decl":{"start":{"line":72,"column":23},"end":{"line":72,"column":24}},"loc":{"start":{"line":72,"column":44},"end":{"line":87,"column":1}},"line":72},"12":{"name":"(anonymous_12)","decl":{"start":{"line":73,"column":23},"end":{"line":73,"column":24}},"loc":{"start":{"line":73,"column":44},"end":{"line":86,"column":5}},"line":73},"13":{"name":"(anonymous_13)","decl":{"start":{"line":75,"column":33},"end":{"line":75,"column":34}},"loc":{"start":{"line":75,"column":47},"end":{"line":85,"column":9}},"line":75}},"branchMap":{"0":{"loc":{"start":{"line":30,"column":12},"end":{"line":33,"column":37}},"type":"if","locations":[{"start":{"line":30,"column":12},"end":{"line":33,"column":37}},{"start":{"line":30,"column":12},"end":{"line":33,"column":37}}],"line":30},"1":{"loc":{"start":{"line":46,"column":12},"end":{"line":49,"column":29}},"type":"if","locations":[{"start":{"line":46,"column":12},"end":{"line":49,"column":29}},{"start":{"line":46,"column":12},"end":{"line":49,"column":29}}],"line":46},"2":{"loc":{"start":{"line":61,"column":12},"end":{"line":64,"column":64}},"type":"if","locations":[{"start":{"line":61,"column":12},"end":{"line":64,"column":64}},{"start":{"line":61,"column":12},"end":{"line":64,"column":64}}],"line":61},"3":{"loc":{"start":{"line":76,"column":12},"end":{"line":84,"column":13}},"type":"if","locations":[{"start":{"line":76,"column":12},"end":{"line":84,"column":13}},{"start":{"line":76,"column":12},"end":{"line":84,"column":13}}],"line":76},"4":{"loc":{"start":{"line":79,"column":16},"end":{"line":83,"column":17}},"type":"if","locations":[{"start":{"line":79,"column":16},"end":{"line":83,"column":17}},{"start":{"line":79,"column":16},"end":{"line":83,"column":17}}],"line":79}},"s":{"0":1,"1":1,"2":9,"3":1,"4":4,"5":4,"6":4,"7":4,"8":4,"9":4,"10":0,"11":4,"12":1,"13":1,"14":1,"15":1,"16":1,"17":0,"18":1,"19":1,"20":2,"21":2,"22":2,"23":2,"24":0,"25":2,"26":4,"27":1,"28":6,"29":6,"30":6,"31":6,"32":0,"33":6,"34":5,"35":1},"f":{"0":9,"1":4,"2":4,"3":4,"4":1,"5":1,"6":1,"7":2,"8":2,"9":2,"10":4,"11":6,"12":6,"13":6},"b":{"0":[0,4],"1":[0,1],"2":[0,2],"3":[0,6],"4":[5,1]},"_coverageSchema":"1a1c01bbd47fc00a2c39e90264f33305004495a9","hash":"334fedfb685e5433ca8002f397ac0f21425eb25d","contentHash":"ddd37c83c4dfa70c4c78d0a82f311b51b79f4ead868ea215c9080c21bc5b777f"},"/home/gaetano/Documenti/Project-SE2-2020/server/dao/booking_dao.js":{"path":"/home/gaetano/Documenti/Project-SE2-2020/server/dao/booking_dao.js","statementMap":{"0":{"start":{"line":6,"column":11},"end":{"line":6,"column":30}},"1":{"start":{"line":7,"column":16},"end":{"line":7,"column":42}},"2":{"start":{"line":8,"column":15},"end":{"line":8,"column":32}},"3":{"start":{"line":15,"column":4},"end":{"line":15,"column":81}},"4":{"start":{"line":22,"column":0},"end":{"line":40,"column":1}},"5":{"start":{"line":23,"column":4},"end":{"line":39,"column":7}},"6":{"start":{"line":24,"column":20},"end":{"line":24,"column":121}},"7":{"start":{"line":25,"column":19},"end":{"line":25,"column":58}},"8":{"start":{"line":26,"column":20},"end":{"line":26,"column":53}},"9":{"start":{"line":27,"column":19},"end":{"line":27,"column":122}},"10":{"start":{"line":28,"column":21},"end":{"line":28,"column":23}},"11":{"start":{"line":29,"column":8},"end":{"line":29,"column":99}},"12":{"start":{"line":31,"column":8},"end":{"line":38,"column":15}},"13":{"start":{"line":32,"column":12},"end":{"line":38,"column":15}},"14":{"start":{"line":33,"column":16},"end":{"line":37,"column":34}},"15":{"start":{"line":34,"column":20},"end":{"line":34,"column":32}},"16":{"start":{"line":37,"column":20},"end":{"line":37,"column":34}},"17":{"start":{"line":46,"column":0},"end":{"line":56,"column":1}},"18":{"start":{"line":47,"column":4},"end":{"line":55,"column":7}},"19":{"start":{"line":48,"column":20},"end":{"line":48,"column":79}},"20":{"start":{"line":49,"column":8},"end":{"line":54,"column":11}},"21":{"start":{"line":50,"column":12},"end":{"line":53,"column":29}},"22":{"start":{"line":51,"column":16},"end":{"line":51,"column":28}},"23":{"start":{"line":53,"column":16},"end":{"line":53,"column":29}},"24":{"start":{"line":61,"column":0},"end":{"line":75,"column":1}},"25":{"start":{"line":62,"column":4},"end":{"line":74,"column":6}},"26":{"start":{"line":63,"column":20},"end":{"line":63,"column":43}},"27":{"start":{"line":64,"column":8},"end":{"line":73,"column":10}},"28":{"start":{"line":65,"column":12},"end":{"line":72,"column":13}},"29":{"start":{"line":66,"column":16},"end":{"line":66,"column":28}},"30":{"start":{"line":68,"column":16},"end":{"line":71,"column":39}},"31":{"start":{"line":69,"column":20},"end":{"line":69,"column":67}},"32":{"start":{"line":69,"column":46},"end":{"line":69,"column":64}},"33":{"start":{"line":71,"column":20},"end":{"line":71,"column":39}},"34":{"start":{"line":81,"column":0},"end":{"line":97,"column":1}},"35":{"start":{"line":82,"column":4},"end":{"line":96,"column":7}},"36":{"start":{"line":83,"column":20},"end":{"line":83,"column":63}},"37":{"start":{"line":84,"column":8},"end":{"line":95,"column":11}},"38":{"start":{"line":85,"column":12},"end":{"line":94,"column":13}},"39":{"start":{"line":86,"column":16},"end":{"line":86,"column":28}},"40":{"start":{"line":88,"column":16},"end":{"line":93,"column":39}},"41":{"start":{"line":89,"column":35},"end":{"line":89,"column":72}},"42":{"start":{"line":89,"column":52},"end":{"line":89,"column":70}},"43":{"start":{"line":90,"column":20},"end":{"line":90,"column":38}},"44":{"start":{"line":93,"column":20},"end":{"line":93,"column":39}},"45":{"start":{"line":102,"column":0},"end":{"line":112,"column":1}},"46":{"start":{"line":103,"column":4},"end":{"line":111,"column":7}},"47":{"start":{"line":104,"column":20},"end":{"line":104,"column":61}},"48":{"start":{"line":105,"column":8},"end":{"line":110,"column":11}},"49":{"start":{"line":106,"column":12},"end":{"line":109,"column":29}},"50":{"start":{"line":107,"column":16},"end":{"line":107,"column":28}},"51":{"start":{"line":109,"column":16},"end":{"line":109,"column":29}},"52":{"start":{"line":122,"column":0},"end":{"line":137,"column":1}},"53":{"start":{"line":123,"column":4},"end":{"line":136,"column":7}},"54":{"start":{"line":124,"column":20},"end":{"line":124,"column":298}},"55":{"start":{"line":125,"column":8},"end":{"line":135,"column":11}},"56":{"start":{"line":126,"column":12},"end":{"line":134,"column":13}},"57":{"start":{"line":127,"column":16},"end":{"line":127,"column":28}},"58":{"start":{"line":129,"column":16},"end":{"line":133,"colum
[...]
nd":{"line":515,"column":35}},"loc":{"start":{"line":515,"column":48},"end":{"line":523,"column":1}},"line":515},"82":{"name":"(anonymous_82)","decl":{"start":{"line":516,"column":72},"end":{"line":516,"column":73}},"loc":{"start":{"line":516,"column":83},"end":{"line":518,"column":3}},"line":516},"83":{"name":"(anonymous_83)","decl":{"start":{"line":518,"column":11},"end":{"line":518,"column":12}},"loc":{"start":{"line":518,"column":20},"end":{"line":522,"column":3}},"line":518},"84":{"name":"(anonymous_84)","decl":{"start":{"line":533,"column":55},"end":{"line":533,"column":56}},"loc":{"start":{"line":533,"column":69},"end":{"line":542,"column":1}},"line":533},"85":{"name":"(anonymous_85)","decl":{"start":{"line":539,"column":12},"end":{"line":539,"column":13}},"loc":{"start":{"line":539,"column":18},"end":{"line":539,"column":39}},"line":539},"86":{"name":"(anonymous_86)","decl":{"start":{"line":540,"column":13},"end":{"line":540,"column":14}},"loc":{"start":{"line":540,"column":22},"end":{"line":540,"column":70}},"line":540},"87":{"name":"(anonymous_87)","decl":{"start":{"line":550,"column":42},"end":{"line":550,"column":43}},"loc":{"start":{"line":550,"column":56},"end":{"line":554,"column":1}},"line":550},"88":{"name":"(anonymous_88)","decl":{"start":{"line":552,"column":44},"end":{"line":552,"column":45}},"loc":{"start":{"line":552,"column":58},"end":{"line":552,"column":76}},"line":552},"89":{"name":"(anonymous_89)","decl":{"start":{"line":553,"column":11},"end":{"line":553,"column":12}},"loc":{"start":{"line":553,"column":20},"end":{"line":553,"column":68}},"line":553},"90":{"name":"(anonymous_90)","decl":{"start":{"line":564,"column":29},"end":{"line":564,"column":30}},"loc":{"start":{"line":564,"column":43},"end":{"line":600,"column":1}},"line":564},"91":{"name":"(anonymous_91)","decl":{"start":{"line":573,"column":14},"end":{"line":573,"column":15}},"loc":{"start":{"line":573,"column":33},"end":{"line":573,"column":74}},"line":573},"92":{"name":"(anonymous_92)","decl":{"start":{"line":574,"column":15},"end":{"line":574,"column":16}},"loc":{"start":{"line":574,"column":24},"end":{"line":574,"column":72}},"line":574},"93":{"name":"(anonymous_93)","decl":{"start":{"line":578,"column":14},"end":{"line":578,"column":15}},"loc":{"start":{"line":578,"column":33},"end":{"line":578,"column":74}},"line":578},"94":{"name":"(anonymous_94)","decl":{"start":{"line":579,"column":15},"end":{"line":579,"column":16}},"loc":{"start":{"line":579,"column":24},"end":{"line":579,"column":72}},"line":579},"95":{"name":"(anonymous_95)","decl":{"start":{"line":583,"column":14},"end":{"line":583,"column":15}},"loc":{"start":{"line":583,"column":33},"end":{"line":583,"column":74}},"line":583},"96":{"name":"(anonymous_96)","decl":{"start":{"line":584,"column":15},"end":{"line":584,"column":16}},"loc":{"start":{"line":584,"column":24},"end":{"line":584,"column":72}},"line":584},"97":{"name":"(anonymous_97)","decl":{"start":{"line":588,"column":14},"end":{"line":588,"column":15}},"loc":{"start":{"line":588,"column":33},"end":{"line":588,"column":74}},"line":588},"98":{"name":"(anonymous_98)","decl":{"start":{"line":589,"column":15},"end":{"line":589,"column":16}},"loc":{"start":{"line":589,"column":24},"end":{"line":589,"column":72}},"line":589},"99":{"name":"(anonymous_99)","decl":{"start":{"line":593,"column":14},"end":{"line":593,"column":15}},"loc":{"start":{"line":593,"column":33},"end":{"line":593,"column":74}},"line":593},"100":{"name":"(anonymous_100)","decl":{"start":{"line":594,"column":15},"end":{"line":594,"column":16}},"loc":{"start":{"line":594,"column":24},"end":{"line":594,"column":72}},"line":594},"101":{"name":"(anonymous_101)","decl":{"start":{"line":610,"column":34},"end":{"line":610,"column":35}},"loc":{"start":{"line":610,"column":48},"end":{"line":613,"column":1}},"line":610},"102":{"name":"(anonymous_102)","decl":{"start":{"line":611,"column":42},"end":{"line":611,"column":43}},"loc":{"start":{"line":611,"column":59},"end":{"line":611,"column":80}},"line":611},"103":{"name":"(anonymous_103)","decl":{"start":{"line":612,"column":11},"end":{"line":612,"column":12}},"loc":{"start":{"line":612,"column":20},"end":{"line":612,"column":68}},"line":612},"104":{"name":"(anonymous_104)","decl":{"start":{"line":621,"column":43},"end":{"line":621,"column":44}},"loc":{"start":{"line":621,"column":57},"end":{"line":632,"column":1}},"line":621},"105":{"name":"(anonymous_105)","decl":{"start":{"line":629,"column":12},"end":{"line":629,"column":13}},"loc":{"start":{"line":629,"column":19},"end":{"line":629,"column":40}},"line":629},"106":{"name":"(anonymous_106)","decl":{"start":{"line":630,"column":13},"end":{"line":630,"column":14}},"loc":{"start":{"line":630,"column":22},"end":{"line":630,"column":70}},"line":630},"107":{"name":"(anonymous_107)","decl":{"start":{"line":640,"column":37},"end":{"line":640,"column":38}},"loc":{"start":{"line":640,"column":51},"end":{"line":644,"column":1}},"line":640},"108":{"name":"(anonymous_108)","decl":{"start":{"line":642,"column":10},"end":{"line":642,"column":11}},"loc":{"start":{"line":642,"column":22},"end":{"line":642,"column":48}},"line":642},"109":{"name":"(anonymous_109)","decl":{"start":{"line":643,"column":11},"end":{"line":643,"column":12}},"loc":{"start":{"line":643,"column":20},"end":{"line":643,"column":68}},"line":643},"110":{"name":"(anonymous_110)","decl":{"start":{"line":651,"column":37},"end":{"line":651,"column":38}},"loc":{"start":{"line":651,"column":51},"end":{"line":655,"column":1}},"line":651},"111":{"name":"(anonymous_111)","decl":{"start":{"line":652,"column":65},"end":{"line":652,"column":66}},"loc":{"start":{"line":652,"column":76},"end":{"line":654,"column":3}},"line":652},"112":{"name":"(anonymous_112)","decl":{"start":{"line":654,"column":11},"end":{"line":654,"column":12}},"loc":{"start":{"line":654,"column":20},"end":{"line":654,"column":68}},"line":654},"113":{"name":"(anonymous_113)","decl":{"start":{"line":657,"column":30},"end":{"line":657,"column":31}},"loc":{"start":{"line":657,"column":44},"end":{"line":661,"column":1}},"line":657},"114":{"name":"(anonymous_114)","decl":{"start":{"line":658,"column":30},"end":{"line":658,"column":31}},"loc":{"start":{"line":658,"column":43},"end":{"line":660,"column":3}},"line":658},"115":{"name":"(anonymous_115)","decl":{"start":{"line":660,"column":11},"end":{"line":660,"column":12}},"loc":{"start":{"line":660,"column":20},"end":{"line":660,"column":68}},"line":660},"116":{"name":"(anonymous_116)","decl":{"start":{"line":669,"column":32},"end":{"line":669,"column":33}},"loc":{"start":{"line":669,"column":46},"end":{"line":673,"column":1}},"line":669},"117":{"name":"(anonymous_117)","decl":{"start":{"line":670,"column":44},"end":{"line":670,"column":45}},"loc":{"start":{"line":670,"column":55},"end":{"line":672,"column":3}},"line":670},"118":{"name":"(anonymous_118)","decl":{"start":{"line":672,"column":11},"end":{"line":672,"column":12}},"loc":{"start":{"line":672,"column":20},"end":{"line":672,"column":68}},"line":672},"119":{"name":"(anonymous_119)","decl":{"start":{"line":681,"column":38},"end":{"line":681,"column":39}},"loc":{"start":{"line":681,"column":52},"end":{"line":685,"column":1}},"line":681},"120":{"name":"(anonymous_120)","decl":{"start":{"line":682,"column":41},"end":{"line":682,"column":42}},"loc":{"start":{"line":682,"column":54},"end":{"line":684,"column":3}},"line":682},"121":{"name":"(anonymous_121)","decl":{"start":{"line":684,"column":11},"end":{"line":684,"column":12}},"loc":{"start":{"line":684,"column":20},"end":{"line":684,"column":68}},"line":684},"122":{"name":"(anonymous_122)","decl":{"start":{"line":693,"column":39},"end":{"line":693,"column":40}},"loc":{"start":{"line":693,"column":53},"end":{"line":697,"column":1}},"line":693},"123":{"name":"(anonymous_123)","decl":{"start":{"line":694,"column":55},"end":{"line":694,"column":56}},"loc":{"start":{"line":694,"column":66},"end":{"line":696,"column":3}},"line":694},"124":{"name":"(anonymous_124)","decl":{"start":{"line":696,"column":11},"end":{"line":696,"column":12}},"loc":{"start":{"line":696,"column":20},"end":{"line":696,"column":68}},"line":696},"125":{"name":"(anonymous_125)","decl":{"start":{"line":708,"column":32},"end":{"line":708,"column":33}},"loc":{"start":{"line":708,"column":46},"end":{"line":721,"column":1}},"line":708},"126":{"name":"(anonymous_126)","decl":{"start":{"line":709,"column":73},"end":{"line":709,"column":74}},"loc":{"start":{"line":709,"column":87},"end":{"line":715,"column":3}},"line":709},"127":{"name":"(anonymous_127)","decl":{"start":{"line":716,"column":11},"end":{"line":716,"column":12}},"loc":{"start":{"line":716,"column":20},"end":{"line":720,"column":5}},"line":716}},"branchMap":{"0":{"loc":{"start":{"line":52,"column":0},"end":{"line":54,"column":1}},"type":"if","locations":[{"start":{"line":52,"column":0},"end":{"line":54,"column":1}},{"start":{"line":52,"column":0},"end":{"line":54,"column":1}}],"line":52},"1":{"loc":{"start":{"line":97,"column":2},"end":{"line":116,"column":3}},"type":"if","locations":[{"start":{"line":97,"column":2},"end":{"line":116,"column":3}},{"start":{"line":97,"column":2},"end":{"line":116,"column":3}}],"line":97},"2":{"loc":{"start":{"line":102,"column":8},"end":{"line":109,"column":9}},"type":"if","locations":[{"start":{"line":102,"column":8},"end":{"line":109,"column":9}},{"start":{"line":102,"column":8},"end":{"line":109,"column":9}}],"line":102},"3":{"loc":{"start":{"line":102,"column":12},"end":{"line":102,"column":66}},"type":"binary-expr","locations":[{"start":{"line":102,"column":12},"end":{"line":102,"column":30}},{"start":{"line":102,"column":34},"end":{"line":102,"column":66}}],"line":102},"4":{"loc":{"start":{"line":175,"column":4},"end":{"line":177,"column":5}},"type":"if","locations":[{"start":{"line":175,"column":4},"end":{"line":177,"column":5}},{"start":{"line":175,"column":4},"end":{"line":177,"column":5}}],"line":175},"5":{"loc":{"start":{"line":270,"column":2},"end":{"line":277,"column":3}},"type":"if","locations":[{"start":{"line":270,"column":2},"end":{"line":277,"column":3}},{"start":{"line":270,"column":2},"end":{"line":277,"column":3}}],"line":270},"6":{"loc":{"start":{"line":294,"column":10},"end":{"line":314,"column":11}},"type":"if","locations":[{"start":{"line":294,"column":10},"end":{"line":314,"column":11}},{"start":{"line":294,"column":10},"end":{"line":314,"column":11}}],"line":294},"7":{"loc":{"start":{"line":408,"column":4},"end":{"line":410,"column":5}},"type":"if","locations":[{"start":{"line":408,"column":4},"end":{"line":410,"column":5}},{"start":{"line":408,"column":4},"end":{"line":410,"column":5}}],"line":408},"8":{"loc":{"start":{"line":443,"column":2},"end":{"line":461,"column":3}},"type":"if","locations":[{"start":{"line":443,"column":2},"end":{"line":461,"column":3}},{"start":{"line":443,"column":2},"end":{"line":461,"column":3}}],"line":443},"9":{"loc":{"start":{"line":477,"column":2},"end":{"line":483,"column":3}},"type":"if","locations":[{"start":{"line":477,"column":2},"end":{"line":483,"column":3}},{"start":{"line":477,"column":2},"end":{"line":483,"column":3}}],"line":477},"10":{"loc":{"start":{"line":500,"column":2},"end":{"line":506,"column":3}},"type":"if","locations":[{"start":{"line":500,"column":2},"end":{"line":506,"column":3}},{"start":{"line":500,"column":2},"end":{"line":506,"column":3}}],"line":500},"11":{"loc":{"start":{"line":500,"column":6},"end":{"line":500,"column":30}},"type":"binary-expr","locations":[{"start":{"line":500,"column":6},"end":{"line":500,"column":16}},{"start":{"line":500,"column":20},"end":{"line":500,"column":30}}],"line":500},"12":{"loc":{"start":{"line":535,"column":2},"end":{"line":541,"column":3}},"type":"if","locations":[{"start":{"line":535,"column":2},"end":{"line":541,"column":3}},{"start":{"line":535,"column":2},"end":{"line":541,"column":3}}],"line":535},"13":{"loc":{"start":{"line":570,"column":2},"end":{"line":598,"column":3}},"type":"switch","locations":[{"start":{"line":571,"column":4},"end":{"line":575,"column":12}},{"start":{"line":576,"column":4},"end":{"line":580,"column":12}},{"start":{"line":581,"column":4},"end":{"line":585,"column":12}},{"start":{"line":586,"column":4},"end":{"line":590,"column":12}},{"start":{"line":591,"column":4},"end":{"line":595,"column":12}},{"start":{"line":596,"column":4},"end":{"line":597,"column":12}}],"line":570},"14":{"loc":{"start":{"line":625,"column":2},"end":{"line":631,"column":3}},"type":"if","locations":[{"start":{"line":625,"column":2},"end":{"line":631,"column":3}},{"start":{"line":625,"column":2},"end":{"line":631,"column":3}}],"line":625},"15":{"loc":{"start":{"line":625,"column":6},"end":{"line":625,"column":30}},"type":"binary-expr","locations":[{"start":{"line":625,"column":6},"end":{"line":625,"column":16}},{"start":{"line":625,"column":20},"end":{"line":625,"column":30}}],"line":625},"16":{"loc":{"start":{"line":711,"column":4},"end":{"line":713,"column":5}},"type":"if","locations":[{"start":{"line":711,"column":4},"end":{"line":713,"column":5}},{"start":{"line":711,"column":4},"end":{"line":713,"column":5}}],"line":711}},"s":{"0":1,"1":1,"2":1,"3":1,"4":1,"5":1,"6":1,"7":1,"8":1,"9":1,"10":1,"11":1,"12":1,"13":1,"14":1,"15":1,"16":1,"17":1,"18":1,"19":1,"20":1,"21":1,"22":1,"23":1,"24":1,"25":1,"26":1,"27":1,"28":1,"29":1,"30":1,"31":1,"32":26,"33":26,"34":26,"35":26,"36":1,"37":1,"38":1,"39":1,"40":0,"41":0,"42":1,"43":1,"44":0,"45":0,"46":0,"47":0,"48":0,"49":0,"50":0,"51":0,"52":0,"53":0,"54":0,"55":1,"56":0,"57":0,"58":0,"59":0,"60":0,"61":0,"62":0,"63":0,"64":0,"65":0,"66":1,"67":2,"68":2,"69":0,"70":1,"71":0,"72":0,"73":0,"74":1,"75":0,"76":0,"77":0,"78":1,"79":2,"80":2,"81":0,"82":1,"83":1,"84":1,"85":1,"86":0,"87":1,"88":0,"89":1,"90":1,"91":1,"92":0,"93":1,"94":2,"95":2,"96":0,"97":1,"98":2,"99":2,"100":0,"101":1,"102":2,"103":2,"104":0,"105":1,"106":1,"107":1,"108":1,"109":0,"110":1,"111":1,"112":1,"113":1,"114":0,"115":1,"116":1,"117":1,"118":1,"119":1,"120":1,"121":0,"122":1,"123":1,"124":0,"125":1,"126":1,"127":1,"128":1,"129":1,"130":1,"131":0,"132":0,"133":0,"134":0,"135":0,"136":0,"137":0,"138":0,"139":0,"140":0,"141":1,"142":0,"143":1,"144":1,"145":1,"146":1,"147":0,"148":1,"149":3,"150":3,"151":0,"152":1,"153":0,"154":0,"155":0,"156":1,"157":0,"158":0,"159":0,"160":0,"161":0,"162":0,"163":1,"164":0,"165":0,"166":0,"167":0,"168":0,"169":0,"170":0,"171":0,"172":0,"173":0,"174":0,"175":0,"176":0,"177":1,"178":0,"179":0,"180":0,"181":0,"182":0,"183":0,"184":0,"185":0,"186":0,"187":0,"188":0,"189":1,"190":0,"191":0,"192":0,"193":0,"194":0,"195":0,"196":0,"197":0,"198":0,"199":0,"200":0,"201":0,"202":1,"203":0,"204":0,"205":0,"206":1,"207":0,"208":0,"209":0,"210":0,"211":0,"212":0,"213":1,"214":0,"215":0,"216":0,"217":0,"218":1,"219":0,"220":0,"221":0,"222":0,"223":0,"224":0,"225":0,"226":0,"227":0,"228":0,"229":0,"230":0,"231":0,"232":0,"233":0,"234":0,"235":0,"236":0,"237":0,"238":0,"239":0,"240":0,"241":0,"242":0,"243":0,"244":1,"245":0,"246":0,"247":0,"248":1,"249":0,"250":0,"251":0,"252":0,"253":0,"254":0,"255":0,"256":1,"257":0,"258":0,"259":0,"260":1,"261":1,"262":1,"263":0,"264":1,"265":1,"266":1,"267":0,"268":1,"269":1,"270":1,"271":0,"272":1,"273":1,"274":1,"275":0,"276":1,"277":1,"278":1,"279":0,"280":1,"281":0,"282":0,"283":0,"284":0,"285":0,"286":0},"f":{"0":26,"1":1,"2":0,"3":0,"4":0,"5":0,"6":0,"7":0,"8":0,"9":0,"10":0,"11":0,"12":0,"13":2,"14":2,"15":0,"16":0,"17":0,"18":0,"19":0,"20":0,"21":0,"22":2,"23":2,"24":0,"25":1,"26":1,"27":0,"28":1,"29":1,"30":0,"31":2,"32":2,"33":0,"34":2,"35":2,"36":0,"37":2,"38":2,"39":0,"40":1,"41":1,"42":0,"43":1,"44":1,"45":0,"46":1,"47":1,"48":0,"49":1,"50":1,"51":1,"52":0,"53":0,"54":0,"55":0,"56":0,"57":0,"58":1,"59":1,"60":0,"61":3,"62":3,"63":0,"64":0,"65":0,"66":0,"67":0,"68":0,"69":0,"70":0,"71":0,"72":0,"73":0,"74":0,"75":0,"76":0,"77":0,"78":0,"79":0,"80":0,"81":0,"82":0,"83":0,"84":0,"85":0,"86":0,"87":0,"88":0,"89":0,"90":0,"91":0,"92":0,"93":0,"94":0,"95":0,"96":0,"97":0,"98":0,"99":0,"100":0,"101":0,"102":0,"103":0,"104":0,"105":0,"106":0,"107":0,"108":0,"109":0,"110":1,"111":1,"112":0,"113":1,"114":1,"115":0,"116":1,"117":1,"118":0,"119":1,"120":1,"121":0,"122":1,"123":1,"124":0,"125":0,"126":0,"127":0},"b":{"0":[0,1],"1":[0,0],"2":[0,0],"3":[0,0],"4":[0,1],"5":[0,1],"6":[0,1],"7":[0,0],"8":[0,0],"9":[0,0],"10":[0,0],"11":[0,0],"12":[0,0],"13":[0,0,0,0,0,0],"14":[0,0],"15":[0,0],"16":[0,0]},"_coverageSchema":"1a1c01bbd47fc00a2c39e90264f33305004495a9","hash":"52ef21fa2bef9664c3d03adc87fa9d3a667b4d1e","contentHash":"6eff93b2e611b45bc9d7976394fd0163057ba1c17021ee0e2b69df33ed6a3106"},"/home/gaetano/Documenti/Project-SE2-2020/server/utils/midnightTimer.js":{"path":"/home/gaetano/Documenti/Project-SE2-2020/server/utils/midnightTimer.js","statementMap":{"0":{"start":{"line":1,"column":15},"end":{"line":1,"column":32}},"1":{"start":{"line":9,"column":26},"end":{"line":9,"column":57}},"2":{"start":{"line":10,"column":4},"end":{"line":10,"column":59}},"3":{"start":{"line":15,"column":4},"end":{"line":24,"column":6}},"4":{"start":{"line":17,"column":12},"end":{"line":19,"column":13}},"5":{"start":{"line":18,"column":16},"end":{"line":18,"column":27}},"6":{"start":{"line":20,"column":33},"end":{"line":20,"column":64}},"7":{"start":{"line":21,"column":12},"end":{"line":21,"column":67}},"8":{"start":{"line":30,"column":4},"end":{"line":30,"column":47}},"9":{"start":{"line":30,"column":27},"end":{"line":30,"column":47}},"10":{"start":{"line":31,"column":16},"end":{"line":31,"column":24}},"11":{"start":{"line":32,"column":21},"end":{"line":32,"column":96}},"12":{"start":{"line":33,"column":21},"end":{"line":33,"column":55}},"13":{"start":{"line":34,"column":4},"end":{"line":34,"column":20}},"14":{"start":{"line":37,"column":0},"end":{"line":37,"column":34}}},"fnMap":{"0":{"name":"setMidnightTimer","decl":{"start":{"line":8,"column":9},"end":{"line":8,"column":25}},"loc":{"start":{"line":8,"column":55},"end":{"line":11,"column":1}},"line":8},"1":{"name":"__recursiveTimer","decl":{"start":{"line":14,"column":9},"end":{"line":14,"column":25}},"loc":{"start":{"line":14,"column":61},"end":{"line":25,"column":1}},"line":14},"2":{"name":"(anonymous_2)","decl":{"start":{"line":16,"column":8},"end":{"line":16,"column":9}},"loc":{"start":{"line":16,"column":14},"end":{"line":22,"column":9}},"line":16},"3":{"name":"__getNextDeadline","decl":{"start":{"line":29,"column":9},"end":{"line":29,"column":26}},"loc":{"start":{"line":29,"column":46},"end":{"line":35,"column":1}},"line":29}},"branchMap":{"0":{"loc":{"start":{"line":8,"column":36},"end":{"line":8,"column":53}},"type":"default-arg","locations":[{"start":{"line":8,"column":51},"end":{"line":8,"column":53}}],"line":8},"1":{"loc":{"start":{"line":14,"column":42},"end":{"line":14,"column":59}},"type":"default-arg","locations":[{"start":{"line":14,"column":57},"end":{"line":14,"column":59}}],"line":14},"2":{"loc":{"start":{"line":17,"column":12},"end":{"line":19,"column":13}},"type":"if","locations":[{"start":{"line":17,"column":12},"end":{"line":19,"column":13}},{"start":{"line":17,"column":12},"end":{"line":19,"column":13}}],"line":17},"3":{"loc":{"start":{"line":29,"column":27},"end":{"line":29,"column":44}},"type":"default-arg","locations":[{"start":{"line":29,"column":42},"end":{"line":29,"column":44}}],"line":29},"4":{"loc":{"start":{"line":30,"column":4},"end":{"line":30,"column":47}},"type":"if","locations":[{"start":{"line":30,"column":4},"end":{"line":30,"column":47}},{"start":{"line":30,"column":4},"end":{"line":30,"column":47}}],"line":30}},"s":{"0":1,"1":1,"2":1,"3":1,"4":0,"5":0,"6":0,"7":0,"8":1,"9":0,"10":1,"11":1,"12":1,"13":1,"14":1},"f":{"0":1,"1":1,"2":0,"3":1},"b":{"0":[1],"1":[0],"2":[0,0],"3":[0],"4":[0,1]},"_coverageSchema":"1a1c01bbd47fc00a2c39e90264f33305004495a9","hash":"8373ca6d7534a3429ba54702b77403e91f991ef4","contentHash":"93d4214d8008b79a902c4dfe1b92b6a39b70e4fcde60b55c4cd36f4ed36590e5"}}