{"D:\\Lavori\\GIT_REPO\\Project-SE2-2020\\server\\db\\dbsettings.js":{"path":"D:\\Lavori\\GIT_REPO\\Project-SE2-2020\\server\\db\\dbsettings.js","statementMap":{"0":{"start":{"line":7,"column":8},"end":{"line":7,"column":26}},"1":{"start":{"line":11,"column":0},"end":{"line":11,"column":26}}},"fnMap":{"0":{"name":"(anonymous_0)","decl":{"start":{"line":6,"column":4},"end":{"line":6,"column":5}},"loc":{"start":{"line":6,"column":18},"end":{"line":8,"column":5}},"line":6}},"branchMap":{},"s":{"0":0,"1":1},"f":{"0":0},"b":{},"_coverageSchema":"1a1c01bbd47fc00a2c39e90264f33305004495a9","hash":"2d5653723a52fb328a4b5cffc1d19eaf4220e6cc","contentHash":"4fda9a4a32f935dd2fb39c783f5f77be22c779724ab761aa2ec4e075702c128c"},"D:\\Lavori\\GIT_REPO\\Project-SE2-2020\\server\\bean\\person.js":{"path":"D:\\Lavori\\GIT_REPO\\Project-SE2-2020\\server\\bean\\person.js","statementMap":{"0":{"start":{"line":12,"column":8},"end":{"line":12,"column":21}},"1":{"start":{"line":13,"column":8},"end":{"line":13,"column":25}},"2":{"start":{"line":14,"column":8},"end":{"line":14,"column":31}},"3":{"start":{"line":15,"column":8},"end":{"line":15,"column":25}},"4":{"start":{"line":16,"column":8},"end":{"line":16,"column":27}},"5":{"start":{"line":17,"column":8},"end":{"line":17,"column":33}},"6":{"start":{"line":21,"column":0},"end":{"line":21,"column":24}}},"fnMap":{"0":{"name":"(anonymous_0)","decl":{"start":{"line":11,"column":4},"end":{"line":11,"column":5}},"loc":{"start":{"line":11,"column":58},"end":{"line":18,"column":5}},"line":11}},"branchMap":{},"s":{"0":13,"1":13,"2":13,"3":13,"4":13,"5":13,"6":1},"f":{"0":13},"b":{},"_coverageSchema":"1a1c01bbd47fc00a2c39e90264f33305004495a9","hash":"cefef7e88e2bf4fc16f89503e3146859713dadab","contentHash":"36de137c3b1e71602b8e632ebe887c0464e501c747bcbe572f99929073ea5653"},"D:\\Lavori\\GIT_REPO\\Project-SE2-2020\\server\\bean\\course.js":{"path":"D:\\Lavori\\GIT_REPO\\Project-SE2-2020\\server\\bean\\course.js","statementMap":{"0":{"start":{"line":9,"column":8},"end":{"line":9,"column":33}},"1":{"start":{"line":10,"column":8},"end":{"line":10,"column":35}},"2":{"start":{"line":11,"column":8},"end":{"line":11,"column":25}},"3":{"start":{"line":15,"column":0},"end":{"line":15,"column":24}}},"fnMap":{"0":{"name":"(anonymous_0)","decl":{"start":{"line":8,"column":4},"end":{"line":8,"column":5}},"loc":{"start":{"line":8,"column":43},"end":{"line":12,"column":5}},"line":8}},"branchMap":{},"s":{"0":17,"1":17,"2":17,"3":1},"f":{"0":17},"b":{},"_coverageSchema":"1a1c01bbd47fc00a2c39e90264f33305004495a9","hash":"4c143b35f798d9d31f11c32d907d23604a86f137","contentHash":"9cd5a36310216f9c34b8c306bf396e3c9fbd92a188c57838c037dac3c3d56565"},"D:\\Lavori\\GIT_REPO\\Project-SE2-2020\\server\\bean\\lecture.js":{"path":"D:\\Lavori\\GIT_REPO\\Project-SE2-2020\\server\\bean\\lecture.js","statementMap":{"0":{"start":{"line":15,"column":8},"end":{"line":15,"column":35}},"1":{"start":{"line":16,"column":8},"end":{"line":16,"column":33}},"2":{"start":{"line":17,"column":8},"end":{"line":17,"column":35}},"3":{"start":{"line":18,"column":8},"end":{"line":18,"column":25}},"4":{"start":{"line":19,"column":8},"end":{"line":19,"column":41}},"5":{"start":{"line":20,"column":8},"end":{"line":20,"column":37}},"6":{"start":{"line":21,"column":8},"end":{"line":21,"column":37}},"7":{"start":{"line":22,"column":8},"end":{"line":22,"column":39}},"8":{"start":{"line":23,"column":8},"end":{"line":23,"column":43}},"9":{"start":{"line":27,"column":0},"end":{"line":27,"column":25}}},"fnMap":{"0":{"name":"(anonymous_0)","decl":{"start":{"line":14,"column":4},"end":{"line":14,"column":5}},"loc":{"start":{"line":14,"column":120},"end":{"line":24,"column":5}},"line":14}},"branchMap":{},"s":{"0":20,"1":20,"2":20,"3":20,"4":20,"5":20,"6":20,"7":20,"8":20,"9":1},"f":{"0":20},"b":{},"_coverageSchema":"1a1c01bbd47fc00a2c39e90264f33305004495a9","hash":"9642a5cbf55a99ce4c882c89a36533140b909496","contentHash":"e2922d8e11695f2d8255e90db021d8e9564fe1b11a796fdfb1ec9896db4d8767"},"D:\\Lavori\\GIT_REPO\\Project-SE2-2020\\server\\bean\\enrollment.js":{"path":"D:\\Lavori\\GIT_REPO\\Project-SE2-2020\\server\\bean\\enrollment.js","statementMap":{"0":{"start":{"line":8,"column":8},"end":{"line":8,"column":33}},"1":{"start":{"line":9,"column":8},"end":{"line":9,"column":27}},"2":{"start":{"line":13,"column":0},"end":{"line":13,"column":28}}},"fnMap":{"0":{"name":"(anonymous_0)","decl":{"start":{"line":7,"column":4},"end":{"line":7,"column":5}},"loc":{"start":{"line":7,"column":33},"end":{"line":10,"column":5}},"line":7}},"branchMap":{},"s":{"0":4,"1":4,"2":1},"f":{"0":4},"b":{},"_coverageSchema":"1a1c01bbd47fc00a2c39e90264f33305004495a9","hash":"3386fbe29a18367ad91ec0cbdfb15203c393728b","contentHash":"a060497ccf57fc39b06908509f15cdc774701c8f0e811711acd7f4852af88e14"},"D:\\Lavori\\GIT_REPO\\Project-SE2-2020\\server\\bean\\classroom.js":{"path":"D:\\Lavori\\GIT_REPO\\Project-SE2-2020\\server\\bean\\classroom.js","statementMap":{"0":{"start":{"line":1,"column":16},"end":{"line":1,"column":33}},"1":{"start":{"line":10,"column":8},"end":{"line":10,"column":35}},"2":{"start":{"line":11,"column":8},"end":{"line":11,"column":49}},"3":{"start":{"line":15,"column":0},"end":{"line":15,"column":27}}},"fnMap":{"0":{"name":"(anonymous_0)","decl":{"start":{"line":9,"column":4},"end":{"line":9,"column":5}},"loc":{"start":{"line":9,"column":45},"end":{"line":12,"column":5}},"line":9}},"branchMap":{},"s":{"0":1,"1":4,"2":4,"3":1},"f":{"0":4},"b":{},"_coverageSchema":"1a1c01bbd47fc00a2c39e90264f33305004495a9","hash":"b820e906fc3647076bc44be52615e2d63abe3b7d","contentHash":"3510f1448e5560047a6e98a715627899bec46a20e9b238cdb5d0c5581b412f84"},"D:\\Lavori\\GIT_REPO\\Project-SE2-2020\\server\\bean\\booking.js":{"path":"D:\\Lavori\\GIT_REPO\\Project-SE2-2020\\server\\bean\\booking.js","statementMap":{"0":{"start":{"line":10,"column":8},"end":{"line":10,"column":35}},"1":{"start":{"line":11,"column":8},"end":{"line":11,"column":35}},"2":{"start":{"line":12,"column":8},"end":{"line":12,"column":25}},"3":{"start":{"line":13,"column":8},"end":{"line":13,"column":41}},"4":{"start":{"line":17,"column":0},"end":{"line":17,"column":25}}},"fnMap":{"0":{"name":"(anonymous_0)","decl":{"start":{"line":9,"column":4},"end":{"line":9,"column":5}},"loc":{"start":{"line":9,"column":58},"end":{"line":14,"column":5}},"line":9}},"branchMap":{},"s":{"0":12,"1":12,"2":12,"3":12,"4":1},"f":{"0":12},"b":{},"_coverageSchema":"1a1c01bbd47fc00a2c39e90264f33305004495a9","hash":"402a94e4eec11fa05bcc72249211e385f1e71ab1","contentHash":"085426c0de734d7dcd88b2829ed3c6a85995396271dc727d99d75b9bfc16a14c"},"D:\\Lavori\\GIT_REPO\\Project-SE2-2020\\server\\bean\\cancelled_bookings.js":{"path":"D:\\Lavori\\GIT_REPO\\Project-SE2-2020\\server\\bean\\cancelled_bookings.js","statementMap":{"0":{"start":{"line":10,"column":8},"end":{"line":10,"column":53}},"1":{"start":{"line":11,"column":8},"end":{"line":11,"column":35}},"2":{"start":{"line":12,"column":8},"end":{"line":12,"column":35}},"3":{"start":{"line":13,"column":8},"end":{"line":13,"column":25}},"4":{"start":{"line":17,"column":0},"end":{"line":17,"column":35}}},"fnMap":{"0":{"name":"(anonymous_0)","decl":{"start":{"line":9,"column":4},"end":{"line":9,"column":5}},"loc":{"start":{"line":9,"column":64},"end":{"line":14,"column":5}},"line":9}},"branchMap":{},"s":{"0":3,"1":3,"2":3,"3":3,"4":1},"f":{"0":3},"b":{},"_coverageSchema":"1a1c01bbd47fc00a2c39e90264f33305004495a9","hash":"890f6ed7eb2e1f4250cdb30c9cc9962e2c2efeed","contentHash":"cebc65f778f7fa0f5065ef73369e2fcc9f23b8cf14ca848b0c4330827a356649"},"D:\\Lavori\\GIT_REPO\\Project-SE2-2020\\server\\bean\\cancelled_lectures.js":{"path":"D:\\Lavori\\GIT_REPO\\Project-SE2-2020\\server\\bean\\cancelled_lectures.js","statementMap":{"0":{"start":{"line":11,"column":8},"end":{"line":11,"column":53}},"1":{"start":{"line":12,"column":8},"end":{"line":12,"column":33}},"2":{"start":{"line":13,"column":8},"end":{"line":13,"column":35}},"3":{"start":{"line":14,"column":8},"end":{"line":14,"column":25}},"4":{"start":{"line":15,"column":8},"end":{"line":15,"column":37}},"5":{"start":{"line":19,"column":0},"end":{"line":19,"column":35}}},"fnMap":{"0":{"name":"(anonymous_0)","decl":{"start":{"line":10,"column":4},"end":{"line":10,"column":5}},"loc":{"start":{"line":10,"column":75},"end":{"line":16,"column":5}},"line":10}},"branchMap":{},"s":{"0":2,"1":2,"2":2,"3":2,"4":2,"5":1},"f":{"0":2},"b":{},"_coverageSchema":"1a1c01bbd47fc00a2c39e90264f33305004495a9","hash":"5b25695b431eb64b4c652703648f3cc12c54e062","contentHash":"2272682e801655985ccc7ec060c609ee238275820ddb4e9d346a07a3683b615e"},"D:\\Lavori\\GIT_REPO\\Project-SE2-2020\\server\\dao\\person_dao.js":{"path":"D:\\Lavori\\GIT_REPO\\Project-SE2-2020\\server\\dao\\person_dao.js","statementMap":{"0":{"start":{"line":6,"column":11},"end":{"line":6,"column":30}},"1":{"start":{"line":7,"column":15},"end":{"line":7,"column":40}},"2":{"start":{"line":15,"column":4},"end":{"line":15,"column":88}},"3":{"start":{"line":22,"column":0},"end":{"line":37,"column":1}},"4":{"start":{"line":23,"column":4},"end":{"line":36,"column":7}},"5":{"start":{"line":24,"column":20},"end":{"line":24,"column":107}},"6":{"start":{"line":25,"column":21},"end":{"line":25,"column":23}},"7":{"start":{"line":26,"column":8},"end":{"line":26,"column":104}},"8":{"start":{"line":28,"column":8},"end":{"line":35,"column":15}},"9":{"start":{"line":29,"column":12},"end":{"line":35,"column":15}},"10":{"start":{"line":30,"column":16},"end":{"line":34,"column":41}},"11":{"start":{"line":31,"column":20},"end":{"line":31,"column":32}},"12":{"start":{"line":34,"column":20},"end":{"line":34,"column":41}},"13":{"start":{"line":43,"column":0},"end":{"line":53,"column":1}},"14":{"start":{"line":44,"column":4},"end":{"line":52,"column":7}},"15":{"start":{"line":45,"column":20},"end":{"line":45,"column":53}},"16":{"start":{"line":46,"column":8},"end":{"line":51,"column":11}},"17":{"start":{"line":47,"column":12},"end":{"line":50,"column":29}},"18":{"start":{"line":48,"column":16},"end":{"line":48,"column":28}},"19":{"start":{"line":50,"column":16},"end":{"line":50,"column":29}},"20":{"start":{"line":59,"column":0},"end":{"line":74,"column":1}},"21":{"start":{"line":60,"column":4},"end":{"line":73,"column":7}},"22":{"start":{"line":61,"column":20},"end":{"line":61,"column":55}},"23":{"start":{"line":62,"column":8},"end":{"line":72,"column":11}},"24":{"start":{"line":63,"column":12},"end":{"line":71,"column":13}},"25":{"start":{"line":64,"column":16},"end":{"line":64,"column":28}},"26":{"start":{"line":66,"column":16},"end":{"line":70,"column":17}},"27":{"start":{"line":67,"column":20},"end":{"line":67,"column":47}},"28":{"start":{"line":69,"column":20},"end":{"line":69,"column":39}},"29":{"start":{"line":80,"column":0},"end":{"line":96,"column":1}},"30":{"start":{"line":81,"column":4},"end":{"line":95,"column":7}},"31":{"start":{"line":82,"column":20},"end":{"line":82,"column":58}},"32":{"start":{"line":83,"column":8},"end":{"line":94,"column":11}},"33":{"start":{"line":84,"column":12},"end":{"line":93,"column":13}},"34":{"start":{"line":85,"column":16},"end":{"line":85,"column":28}},"35":{"start":{"line":87,"column":16},"end":{"line":92,"column":17}},"36":{"start":{"line":88,"column":34},"end":{"line":88,"column":79}},"37":{"start":{"line":88,"column":54},"end":{"line":88,"column":74}},"38":{"start":{"line":89,"column":20},"end":{"line":89,"column":37}},"39":{"start":{"line":91,"column":20},"end":{"line":91,"column":39}},"40":{"start":{"line":101,"column":0},"end":{"line":117,"column":1}},"41":{"start":{"line":102,"column":4},"end":{"line":116,"column":6}},"42":{"start":{"line":103,"column":20},"end":{"line":103,"column":65}},"43":{"start":{"line":104,"column":8},"end":{"line":115,"column":10}},"44":{"start":{"line":105,"column":12},"end":{"line":114,"column":13}},"45":{"start":{"line":106,"column":16},"end":{"line":106,"column":28}},"46":{"start":{"line":108,"column":16},"end":{"line":113,"column":17}},"47":{"start":{"line":109,"column":34},"end":{"line":109,"column":70}},"48":{"start":{"line":109,"column":51},"end":{"line":109,"column":68}},"49":{"start":{"line":110,"column":20},"end":{"line":110,"column":37}},"50":{"start":{"line":112,"column":20},"end":{"line":112,"column":39}}},"fnMap":{"0":{"name":"createPerson","decl":{"start":{"line":14,"column":9},"end":{"line":14,"column":21}},"loc":{"start":{"line":14,"column":27},"end":{"line":16,"column":1}},"line":14},"1":{"name":"(anonymous_1)","decl":{"start":{"line":22,"column":23},"end":{"line":22,"column":24}},"loc":{"start":{"line":22,"column":41},"end":{"line":37,"column":1}},"line":22},"2":{"name":"(anonymous_2)","decl":{"start":{"line":23,"column":23},"end":{"line":23,"column":24}},"loc":{"start":{"line":23,"column":44},"end":{"line":36,"column":5}},"line":23},"3":{"name":"(anonymous_3)","decl":{"start":{"line":29,"column":32},"end":{"line":29,"column":33}},"loc":{"start":{"line":29,"column":47},"end":{"line":35,"column":13}},"line":29},"4":{"name":"(anonymous_4)","decl":{"start":{"line":43,"column":27},"end":{"line":43,"column":28}},"loc":{"start":{"line":43,"column":41},"end":{"line":53,"column":1}},"line":43},"5":{"name":"(anonymous_5)","decl":{"start":{"line":44,"column":23},"end":{"line":44,"column":24}},"loc":{"start":{"line":44,"column":44},"end":{"line":52,"column":5}},"line":44},"6":{"name":"(anonymous_6)","decl":{"start":{"line":46,"column":26},"end":{"line":46,"column":27}},"loc":{"start":{"line":46,"column":40},"end":{"line":51,"column":9}},"line":46},"7":{"name":"(anonymous_7)","decl":{"start":{"line":59,"column":24},"end":{"line":59,"column":25}},"loc":{"start":{"line":59,"column":38},"end":{"line":74,"column":1}},"line":59},"8":{"name":"(anonymous_8)","decl":{"start":{"line":60,"column":23},"end":{"line":60,"column":24}},"loc":{"start":{"line":60,"column":44},"end":{"line":73,"column":5}},"line":60},"9":{"name":"(anonymous_9)","decl":{"start":{"line":62,"column":26},"end":{"line":62,"column":27}},"loc":{"start":{"line":62,"column":40},"end":{"line":72,"column":9}},"line":62},"10":{"name":"(anonymous_10)","decl":{"start":{"line":80,"column":27},"end":{"line":80,"column":28}},"loc":{"start":{"line":80,"column":44},"end":{"line":96,"column":1}},"line":80},"11":{"name":"(anonymous_11)","decl":{"start":{"line":81,"column":23},"end":{"line":81,"column":24}},"loc":{"start":{"line":81,"column":44},"end":{"line":95,"column":5}},"line":81},"12":{"name":"(anonymous_12)","decl":{"start":{"line":83,"column":29},"end":{"line":83,"column":30}},"loc":{"start":{"line":83,"column":44},"end":{"line":94,"column":9}},"line":83},"13":{"name":"(anonymous_13)","decl":{"start":{"line":88,"column":44},"end":{"line":88,"column":45}},"loc":{"start":{"line":88,"column":54},"end":{"line":88,"column":74}},"line":88},"14":{"name":"(anonymous_14)","decl":{"start":{"line":101,"column":22},"end":{"line":101,"column":23}},"loc":{"start":{"line":101,"column":34},"end":{"line":117,"column":1}},"line":101},"15":{"name":"(anonymous_15)","decl":{"start":{"line":102,"column":23},"end":{"line":102,"column":24}},"loc":{"start":{"line":102,"column":44},"end":{"line":116,"column":5}},"line":102},"16":{"name":"(anonymous_16)","decl":{"start":{"line":104,"column":24},"end":{"line":104,"column":25}},"loc":{"start":{"line":104,"column":39},"end":{"line":115,"column":9}},"line":104},"17":{"name":"(anonymous_17)","decl":{"start":{"line":109,"column":44},"end":{"line":109,"column":45}},"loc":{"start":{"line":109,"column":51},"end":{"line":109,"column":68}},"line":109}},"branchMap":{"0":{"loc":{"start":{"line":28,"column":8},"end":{"line":35,"column":15}},"type":"if","locations":[{"start":{"line":28,"column":8},"end":{"line":35,"column":15}},{"start":{"line":28,"column":8},"end":{"line":35,"column":15}}],"line":28},"1":{"loc":{"start":{"line":30,"column":16},"end":{"line":34,"column":41}},"type":"if","locations":[{"start":{"line":30,"column":16},"end":{"line":34,"column":41}},{"start":{"line":30,"column":16},"end":{"line":34,"column":41}}],"line":30},"2":{"loc":{"start":{"line":47,"column":12},"end":{"line":50,"column":29}},"type":"if","locations":[{"start":{"line":47,"column":12},"end":{"line":50,"column":29}},{"start":{"line":47,"column":12},"end":{"line":50,"column":29}}],"line":47},"3":{"loc":{"start":{"line":63,"column":12},"end":{"line":71,"column":13}},"type":"if","locations":[{"start":{"line":63,"column":12},"end":{"line":71,"column":13}},{"start":{"line":63,"column":12},"end":{"line":71,"column":13}}],"line":63},"4":{"loc":{"start":{"line":66,"column":16},"end":{"line":70,"column":17}},"type":"if","locations":[{"start":{"line":66,"column":16},"end":{"line":70,"column":17}},{"start":{"line":66,"column":16},"end":{"line":70,"column":17}}],"line":66},"5":{"loc":{"start":{"line":84,"column":12},"end":{"line":93,"column":13}},"type":"if","locations":[{"start":{"line":84,"column":12},"end":{"line":93,"column":13}},{"start":{"line":84,"column":12},"end":{"line":93,"column":13}}],"line":84},"6":{"loc":{"start":{"line":87,"column":16},"end":{"line":92,"column":17}},"type":"if","locations":[{"start":{"line":87,"column":16},"end":{"line":92,"column":17}},{"start":{"line":87,"column":16},"end":{"line":92,"column":17}}],"line":87},"7":{"loc":{"start":{"line":105,"column":12},"end":{"line":114,"column":13}},"type":"if","locations":[{"start":{"line":105,"column":12},"end":{"line":114,"column":13}},{"start":{"line":105,"column":12},"end":{"line":114,"column":13}}],"line":105},"8":{"loc":{"start":{"line":108,"column":16},"end":{"line":113,"column":17}},"type":"if","locations":[{"start":{"line":108,"column":16},"end":{"line":113,"column":17}},{"start":{"line":108,"column":16},"end":{"line":113,"column":17}}],"line":108}},"s":{"0":1,"1":1,"2":3,"3":1,"4":10,"5":10,"6":10,"7":10,"8":10,"9":10,"10":10,"11":0,"12":10,"13":1,"14":5,"15":5,"16":5,"17":5,"18":0,"19":5,"20":1,"21":1,"22":1,"23":1,"24":1,"25":0,"26":1,"27":1,"28":0,"29":1,"30":3,"31":3,"32":3,"33":3,"34":0,"35":3,"36":0,"37":0,"38":0,"39":3,"40":1,"41":2,"42":2,"43":2,"44":2,"45":0,"46":2,"47":2,"48":2,"49":2,"50":0},"f":{"0":3,"1":10,"2":10,"3":10,"4":5,"5":5,"6":5,"7":1,"8":1,"9":1,"10":3,"11":3,"12":3,"13":0,"14":2,"15":2,"16":2,"17":2},"b":{"0":[10,0],"1":[0,10],"2":[0,5],"3":[0,1],"4":[1,0],"5":[0,3],"6":[0,3],"7":[0,2],"8":[2,0]},"_coverageSchema":"1a1c01bbd47fc00a2c39e90264f33305004495a9","hash":"8d4802950bd727d8a0d08de4534d6422290507d0","contentHash":"cf3ce2b8cbe09807118caea3bcb079a50adfac4c3f666b7176a02849a4dcd4b5"},"D:\\Lavori\\GIT_REPO\\Project-SE2-2020\\server\\db\\db.js":{"path":"D:\\Lavori\\GIT_REPO\\Project-SE2-2020\\server\\db\\db.js","statementMap":{"0":{"start":{"line":3,"column":11},"end":{"line":3,"column":24}},"1":{"start":{"line":4,"column":19},"end":{"line":4,"column":42}},"2":{"start":{"line":5,"column":15},"end":{"line":5,"column":33}},"3":{"start":{"line":7,"column":15},"end":{"line":7,"column":25}},"4":{"start":{"line":8,"column":21},"end":{"line":8,"column":32}},"5":{"start":{"line":9,"column":13},"end":{"line":9,"column":62}},"6":{"start":{"line":12,"column":0},"end":{"line":15,"column":1}},"7":{"start":{"line":14,"column":4},"end":{"line":14,"column":62}},"8":{"start":{"line":18,"column":11},"end":{"line":23,"column":2}},"9":{"start":{"line":19,"column":4},"end":{"line":22,"column":5}},"10":{"start":{"line":20,"column":8},"end":{"line":20,"column":50}},"11":{"start":{"line":21,"column":8},"end":{"line":21,"column":18}},"12":{"start":{"line":26,"column":0},"end":{"line":30,"column":1}},"13":{"start":{"line":28,"column":4},"end":{"line":28,"column":15}},"14":{"start":{"line":29,"column":4},"end":{"line":29,"column":24}},"15":{"start":{"line":32,"column":0},"end":{"line":32,"column":20}}},"fnMap":{"0":{"name":"(anonymous_0)","decl":{"start":{"line":18,"column":42},"end":{"line":18,"column":43}},"loc":{"start":{"line":18,"column":51},"end":{"line":23,"column":1}},"line":18},"1":{"name":"(anonymous_1)","decl":{"start":{"line":26,"column":20},"end":{"line":26,"column":21}},"loc":{"start":{"line":26,"column":26},"end":{"line":30,"column":1}},"line":26}},"branchMap":{"0":{"loc":{"start":{"line":9,"column":22},"end":{"line":9,"column":61}},"type":"cond-expr","locations":[{"start":{"line":9,"column":40},"end":{"line":9,"column":46}},{"start":{"line":9,"column":49},"end":{"line":9,"column":61}}],"line":9},"1":{"loc":{"start":{"line":12,"column":0},"end":{"line":15,"column":1}},"type":"if","locations":[{"start":{"line":12,"column":0},"end":{"line":15,"column":1}},{"start":{"line":12,"column":0},"end":{"line":15,"column":1}}],"line":12},"2":{"loc":{"start":{"line":19,"column":4},"end":{"line":22,"column":5}},"type":"if","locations":[{"start":{"line":19,"column":4},"end":{"line":22,"column":5}},{"start":{"line":19,"column":4},"end":{"line":22,"column":5}}],"line":19}},"s":{"0":1,"1":1,"2":1,"3":1,"4":1,"5":1,"6":1,"7":1,"8":1,"9":1,"10":0,"11":0,"12":1,"13":1,"14":1,"15":1},"f":{"0":1,"1":1},"b":{"0":[1,0],"1":[1,0],"2":[0,1]},"_coverageSchema":"1a1c01bbd47fc00a2c39e90264f33305004495a9","hash":"0997d9799af66a7ac8e49db6366746dc7c36615e","contentHash":"1838afd5ff5943d71022eb113c905563bc46c910af1184659c3f61a6df72893f"},"D:\\Lavori\\GIT_REPO\\Project-SE2-2020\\server\\dao\\course_dao.js":{"path":"D:\\Lavori\\GIT_REPO\\Project-SE2-2020\\server\\dao\\course_dao.js","statementMap":{"0":{"start":{"line":6,"column":11},"end":{"line":6,"column":30}},"1":{"start":{"line":7,"column":15},"end":{"line":7,"column":40}},"2":{"start":{"line":15,"column":4},"end":{"line":15,"column":61}},"3":{"start":{"line":22,"column":0},"end":{"line":39,"column":1}},"4":{"start":{"line":23,"column":4},"end":{"line":38,"column":7}},"5":{"start":{"line":24,"column":20},"end":{"line":24,"column":83}},"6":{"start":{"line":25,"column":21},"end":{"line":25,"column":23}},"7":{"start":{"line":27,"column":8},"end":{"line":27,"column":68}},"8":{"start":{"line":29,"column":8},"end":{"line":37,"column":15}},"9":{"start":{"line":30,"column":12},"end":{"line":37,"column":15}},"10":{"start":{"line":31,"column":16},"end":{"line":36,"column":17}},"11":{"start":{"line":32,"column":20},"end":{"line":32,"column":32}},"12":{"start":{"line":35,"column":20},"end":{"line":35,"column":41}},"13":{"start":{"line":45,"column":0},"end":{"line":55,"column":1}},"14":{"start":{"line":46,"column":4},"end":{"line":54,"column":7}},"15":{"start":{"line":47,"column":20},"end":{"line":47,"column":59}},"16":{"start":{"line":48,"column":8},"end":{"line":53,"column":11}},"17":{"start":{"line":49,"column":12},"end":{"line":52,"column":29}},"18":{"start":{"line":50,"column":16},"end":{"line":50,"column":28}},"19":{"start":{"line":52,"column":16},"end":{"line":52,"column":29}},"20":{"start":{"line":61,"column":0},"end":{"line":75,"column":1}},"21":{"start":{"line":62,"column":4},"end":{"line":74,"column":7}},"22":{"start":{"line":63,"column":20},"end":{"line":63,"column":61}},"23":{"start":{"line":64,"column":8},"end":{"line":73,"column":11}},"24":{"start":{"line":65,"column":12},"end":{"line":72,"column":13}},"25":{"start":{"line":66,"column":16},"end":{"line":66,"column":28}},"26":{"start":{"line":68,"column":16},"end":{"line":71,"column":39}},"27":{"start":{"line":69,"column":20},"end":{"line":69,"column":47}},"28":{"start":{"line":71,"column":20},"end":{"line":71,"column":39}},"29":{"start":{"line":80,"column":0},"end":{"line":96,"column":1}},"30":{"start":{"line":81,"column":4},"end":{"line":95,"column":7}},"31":{"start":{"line":82,"column":20},"end":{"line":82,"column":42}},"32":{"start":{"line":83,"column":8},"end":{"line":94,"column":11}},"33":{"start":{"line":84,"column":12},"end":{"line":93,"column":13}},"34":{"start":{"line":85,"column":16},"end":{"line":85,"column":28}},"35":{"start":{"line":87,"column":16},"end":{"line":92,"column":39}},"36":{"start":{"line":89,"column":20},"end":{"line":89,"column":64}},"37":{"start":{"line":89,"column":44},"end":{"line":89,"column":61}},"38":{"start":{"line":92,"column":20},"end":{"line":92,"column":39}},"39":{"start":{"line":102,"column":0},"end":{"line":118,"column":1}},"40":{"start":{"line":103,"column":4},"end":{"line":117,"column":7}},"41":{"start":{"line":105,"column":20},"end":{"line":105,"column":116}},"42":{"start":{"line":106,"column":8},"end":{"line":116,"column":11}},"43":{"start":{"line":107,"column":12},"end":{"line":115,"column":13}},"44":{"start":{"line":108,"column":16},"end":{"line":108,"column":28}},"45":{"start":{"line":110,"column":16},"end":{"line":114,"column":17}},"46":{"start":{"line":111,"column":20},"end":{"line":111,"column":33}},"47":{"start":{"line":113,"column":20},"end":{"line":113,"column":39}}},"fnMap":{"0":{"name":"createCourse","decl":{"start":{"line":14,"column":9},"end":{"line":14,"column":21}},"loc":{"start":{"line":14,"column":27},"end":{"line":16,"column":1}},"line":14},"1":{"name":"(anonymous_1)","decl":{"start":{"line":22,"column":23},"end":{"line":22,"column":24}},"loc":{"start":{"line":22,"column":41},"end":{"line":39,"column":1}},"line":22},"2":{"name":"(anonymous_2)","decl":{"start":{"line":23,"column":23},"end":{"line":23,"column":24}},"loc":{"start":{"line":23,"column":44},"end":{"line":38,"column":5}},"line":23},"3":{"name":"(anonymous_3)","decl":{"start":{"line":30,"column":32},"end":{"line":30,"column":33}},"loc":{"start":{"line":30,"column":47},"end":{"line":37,"column":13}},"line":30},"4":{"name":"(anonymous_4)","decl":{"start":{"line":45,"column":27},"end":{"line":45,"column":28}},"loc":{"start":{"line":45,"column":47},"end":{"line":55,"column":1}},"line":45},"5":{"name":"(anonymous_5)","decl":{"start":{"line":46,"column":23},"end":{"line":46,"column":24}},"loc":{"start":{"line":46,"column":44},"end":{"line":54,"column":5}},"line":46},"6":{"name":"(anonymous_6)","decl":{"start":{"line":48,"column":32},"end":{"line":48,"column":33}},"loc":{"start":{"line":48,"column":46},"end":{"line":53,"column":9}},"line":48},"7":{"name":"(anonymous_7)","decl":{"start":{"line":61,"column":24},"end":{"line":61,"column":25}},"loc":{"start":{"line":61,"column":44},"end":{"line":75,"column":1}},"line":61},"8":{"name":"(anonymous_8)","decl":{"start":{"line":62,"column":23},"end":{"line":62,"column":24}},"loc":{"start":{"line":62,"column":44},"end":{"line":74,"column":5}},"line":62},"9":{"name":"(anonymous_9)","decl":{"start":{"line":64,"column":32},"end":{"line":64,"column":33}},"loc":{"start":{"line":64,"column":46},"end":{"line":73,"column":9}},"line":64},"10":{"name":"(anonymous_10)","decl":{"start":{"line":80,"column":21},"end":{"line":80,"column":22}},"loc":{"start":{"line":80,"column":33},"end":{"line":96,"column":1}},"line":80},"11":{"name":"(anonymous_11)","decl":{"start":{"line":81,"column":23},"end":{"line":81,"column":24}},"loc":{"start":{"line":81,"column":44},"end":{"line":95,"column":5}},"line":81},"12":{"name":"(anonymous_12)","decl":{"start":{"line":83,"column":24},"end":{"line":83,"column":25}},"loc":{"start":{"line":83,"column":39},"end":{"line":94,"column":9}},"line":83},"13":{"name":"(anonymous_13)","decl":{"start":{"line":89,"column":37},"end":{"line":89,"column":38}},"loc":{"start":{"line":89,"column":44},"end":{"line":89,"column":61}},"line":89},"14":{"name":"(anonymous_14)","decl":{"start":{"line":102,"column":30},"end":{"line":102,"column":31}},"loc":{"start":{"line":102,"column":53},"end":{"line":118,"column":1}},"line":102},"15":{"name":"(anonymous_15)","decl":{"start":{"line":103,"column":23},"end":{"line":103,"column":24}},"loc":{"start":{"line":103,"column":44},"end":{"line":117,"column":5}},"line":103},"16":{"name":"(anonymous_16)","decl":{"start":{"line":106,"column":35},"end":{"line":106,"column":36}},"loc":{"start":{"line":106,"column":49},"end":{"line":116,"column":9}},"line":106}},"branchMap":{"0":{"loc":{"start":{"line":29,"column":8},"end":{"line":37,"column":15}},"type":"if","locations":[{"start":{"line":29,"column":8},"end":{"line":37,"column":15}},{"start":{"line":29,"column":8},"end":{"line":37,"column":15}}],"line":29},"1":{"loc":{"start":{"line":31,"column":16},"end":{"line":36,"column":17}},"type":"if","locations":[{"start":{"line":31,"column":16},"end":{"line":36,"column":17}},{"start":{"line":31,"column":16},"end":{"line":36,"column":17}}],"line":31},"2":{"loc":{"start":{"line":49,"column":12},"end":{"line":52,"column":29}},"type":"if","locations":[{"start":{"line":49,"column":12},"end":{"line":52,"column":29}},{"start":{"line":49,"column":12},"end":{"line":52,"column":29}}],"line":49},"3":{"loc":{"start":{"line":65,"column":12},"end":{"line":72,"column":13}},"type":"if","locations":[{"start":{"line":65,"column":12},"end":{"line":72,"column":13}},{"start":{"line":65,"column":12},"end":{"line":72,"column":13}}],"line":65},"4":{"loc":{"start":{"line":68,"column":16},"end":{"line":71,"column":39}},"type":"if","locations":[{"start":{"line":68,"column":16},"end":{"line":71,"column":39}},{"start":{"line":68,"column":16},"end":{"line":71,"column":39}}],"line":68},"5":{"loc":{"start":{"line":84,"column":12},"end":{"line":93,"column":13}},"type":"if","locations":[{"start":{"line":84,"column":12},"end":{"line":93,"column":13}},{"start":{"line":84,"column":12},"end":{"line":93,"column":13}}],"line":84},"6":{"loc":{"start":{"line":87,"column":16},"end":{"line":92,"column":39}},"type":"if","locations":[{"start":{"line":87,"column":16},"end":{"line":92,"column":39}},{"start":{"line":87,"column":16},"end":{"line":92,"column":39}}],"line":87},"7":{"loc":{"start":{"line":107,"column":12},"end":{"line":115,"column":13}},"type":"if","locations":[{"start":{"line":107,"column":12},"end":{"line":115,"column":13}},{"start":{"line":107,"column":12},"end":{"line":115,"column":13}}],"line":107},"8":{"loc":{"start":{"line":110,"column":16},"end":{"line":114,"column":17}},"type":"if","locations":[{"start":{"line":110,"column":16},"end":{"line":114,"column":17}},{"start":{"line":110,"column":16},"end":{"line":114,"column":17}}],"line":110}},"s":{"0":1,"1":1,"2":3,"3":1,"4":14,"5":14,"6":14,"7":14,"8":14,"9":14,"10":14,"11":0,"12":14,"13":1,"14":2,"15":2,"16":2,"17":2,"18":0,"19":2,"20":1,"21":1,"22":1,"23":1,"24":1,"25":0,"26":1,"27":1,"28":0,"29":1,"30":1,"31":1,"32":1,"33":1,"34":0,"35":1,"36":1,"37":2,"38":0,"39":1,"40":2,"41":2,"42":2,"43":2,"44":0,"45":2,"46":2,"47":0},"f":{"0":3,"1":14,"2":14,"3":14,"4":2,"5":2,"6":2,"7":1,"8":1,"9":1,"10":1,"11":1,"12":1,"13":2,"14":2,"15":2,"16":2},"b":{"0":[14,0],"1":[0,14],"2":[0,2],"3":[0,1],"4":[1,0],"5":[0,1],"6":[1,0],"7":[0,2],"8":[2,0]},"_coverageSchema":"1a1c01bbd47fc00a2c39e90264f33305004495a9","hash":"66d6f4f0e09ee546e2564162c31d78cd7a231aa2","contentHash":"5914488dbed9db2eac8e803645198c55ed04ffa5ec945ae419212b528ee12f6e"},"D:\\Lavori\\GIT_REPO\\Project-SE2-2020\\server\\dao\\lecture_dao.js":{"path":"D:\\Lavori\\GIT_REPO\\Project-SE2-2020\\server\\dao\\lecture_dao.js","statementMap":{"0":{"start":{"line":6,"column":11},"end":{"line":6,"column":30}},"1":{"start":{"line":7,"column":16},"end":{"line":7,"column":42}},"2":{"start":{"line":8,"column":15},"end":{"line":8,"column":32}},"3":{"start":{"line":16,"column":4},"end":{"line":16,"column":163}},"4":{"start":{"line":23,"column":0},"end":{"line":39,"column":1}},"5":{"start":{"line":24,"column":4},"end":{"line":38,"column":7}},"6":{"start":{"line":25,"column":20},"end":{"line":25,"column":179}},"7":{"start":{"line":26,"column":21},"end":{"line":26,"column":23}},"8":{"start":{"line":28,"column":8},"end":{"line":28,"column":196}},"9":{"start":{"line":30,"column":8},"end":{"line":37,"column":15}},"10":{"start":{"line":31,"column":12},"end":{"line":37,"column":15}},"11":{"start":{"line":32,"column":16},"end":{"line":36,"column":41}},"12":{"start":{"line":33,"column":20},"end":{"line":33,"column":32}},"13":{"start":{"line":36,"column":20},"end":{"line":36,"column":41}},"14":{"start":{"line":45,"column":0},"end":{"line":55,"column":1}},"15":{"start":{"line":46,"column":4},"end":{"line":54,"column":7}},"16":{"start":{"line":47,"column":20},"end":{"line":47,"column":61}},"17":{"start":{"line":48,"column":8},"end":{"line":53,"column":11}},"18":{"start":{"line":49,"column":12},"end":{"line":52,"column":35}},"19":{"start":{"line":50,"column":16},"end":{"line":50,"column":28}},"20":{"start":{"line":52,"column":16},"end":{"line":52,"column":35}},"21":{"start":{"line":61,"column":0},"end":{"line":75,"column":1}},"22":{"start":{"line":62,"column":4},"end":{"line":74,"column":7}},"23":{"start":{"line":63,"column":20},"end":{"line":63,"column":63}},"24":{"start":{"line":64,"column":8},"end":{"line":73,"column":11}},"25":{"start":{"line":65,"column":12},"end":{"line":72,"column":13}},"26":{"start":{"line":66,"column":16},"end":{"line":66,"column":28}},"27":{"start":{"line":68,"column":16},"end":{"line":71,"column":39}},"28":{"start":{"line":69,"column":20},"end":{"line":69,"column":48}},"29":{"start":{"line":71,"column":20},"end":{"line":71,"column":39}},"30":{"start":{"line":81,"column":0},"end":{"line":104,"column":1}},"31":{"start":{"line":82,"column":4},"end":{"line":103,"column":7}},"32":{"start":{"line":83,"column":20},"end":{"line":83,"column":130}},"33":{"start":{"line":84,"column":8},"end":{"line":102,"column":11}},"34":{"start":{"line":85,"column":12},"end":{"line":101,"column":13}},"35":{"start":{"line":86,"column":16},"end":{"line":86,"column":28}},"36":{"start":{"line":88,"column":16},"end":{"line":100,"column":39}},"37":{"start":{"line":89,"column":32},"end":{"line":89,"column":60}},"38":{"start":{"line":90,"column":33},"end":{"line":90,"column":35}},"39":{"start":{"line":91,"column":20},"end":{"line":96,"column":21}},"40":{"start":{"line":91,"column":33},"end":{"line":91,"column":34}},"41":{"start":{"line":92,"column":35},"end":{"line":92,"column":72}},"42":{"start":{"line":93,"column":24},"end":{"line":95,"column":25}},"43":{"start":{"line":94,"column":28},"end":{"line":94,"column":48}},"44":{"start":{"line":97,"column":20},"end":{"line":97,"column":36}},"45":{"start":{"line":100,"column":20},"end":{"line":100,"column":39}},"46":{"start":{"line":110,"column":0},"end":{"line":134,"column":1}},"47":{"start":{"line":111,"column":4},"end":{"line":133,"column":7}},"48":{"start":{"line":112,"column":20},"end":{"line":112,"column":63}},"49":{"start":{"line":113,"column":8},"end":{"line":132,"column":11}},"50":{"start":{"line":114,"column":12},"end":{"line":131,"column":13}},"51":{"start":{"line":115,"column":16},"end":{"line":115,"column":28}},"52":{"start":{"line":117,"column":16},"end":{"line":130,"column":17}},"53":{"start":{"line":118,"column":32},"end":{"line":118,"column":60}},"54":{"start":{"line":119,"column":33},"end":{"line":119,"column":35}},"55":{"start":{"line":120,"column":20},"end":{"line":125,"column":21}},"56":{"start":{"line":120,"column":33},"end":{"line":120,"column":34}},"57":{"start":{"line":121,"column":35},"end":{"line":121,"column":72}},"58":{"start":{"line":122,"column":24},"end":{"line":124,"column":25}},"59":{"start":{"line":123,"column":28},"end":{"line":123,"column":48}},"60":{"start":{"line":126,"column":20},"end":{"line":126,"column":36}},"61":{"start":{"line":129,"column":20},"end":{"line":129,"column":39}},"62":{"start":{"line":169,"column":0},"end":{"line":180,"column":1}},"63":{"start":{"line":170,"column":4},"end":{"line":179,"column":7}},"64":{"start":{"line":171,"column":20},"end":{"line":171,"column":94}},"65":{"start":{"line":172,"column":8},"end":{"line":178,"column":11}},"66":{"start":{"line":173,"column":12},"end":{"line":177,"column":13}},"67":{"start":{"line":174,"column":16},"end":{"line":174,"column":28}},"68":{"start":{"line":176,"column":16},"end":{"line":176,"column":30}},"69":{"start":{"line":186,"column":0},"end":{"line":203,"column":1}},"70":{"start":{"line":187,"column":19},"end":{"line":187,"column":48}},"71":{"start":{"line":189,"column":4},"end":{"line":202,"column":7}},"72":{"start":{"line":190,"column":20},"end":{"line":190,"column":76}},"73":{"start":{"line":191,"column":8},"end":{"line":201,"column":11}},"74":{"start":{"line":192,"column":12},"end":{"line":200,"column":13}},"75":{"start":{"line":193,"column":16},"end":{"line":193,"column":28}},"76":{"start":{"line":195,"column":16},"end":{"line":199,"column":39}},"77":{"start":{"line":196,"column":20},"end":{"line":196,"column":34}},"78":{"start":{"line":199,"column":20},"end":{"line":199,"column":39}},"79":{"start":{"line":209,"column":0},"end":{"line":225,"column":1}},"80":{"start":{"line":210,"column":4},"end":{"line":224,"column":6}},"81":{"start":{"line":211,"column":20},"end":{"line":211,"column":187}},"82":{"start":{"line":212,"column":8},"end":{"line":222,"column":10}},"83":{"start":{"line":213,"column":12},"end":{"line":221,"column":13}},"84":{"start":{"line":214,"column":16},"end":{"line":214,"column":28}},"85":{"start":{"line":216,"column":16},"end":{"line":220,"column":39}},"86":{"start":{"line":217,"column":20},"end":{"line":217,"column":34}},"87":{"start":{"line":220,"column":20},"end":{"line":220,"column":39}}},"fnMap":{"0":{"name":"createLecture","decl":{"start":{"line":15,"column":9},"end":{"line":15,"column":22}},"loc":{"start":{"line":15,"column":28},"end":{"line":17,"column":1}},"line":15},"1":{"name":"(anonymous_1)","decl":{"start":{"line":23,"column":21},"end":{"line":23,"column":22}},"loc":{"start":{"line":23,"column":40},"end":{"line":39,"column":1}},"line":23},"2":{"name":"(anonymous_2)","decl":{"start":{"line":24,"column":23},"end":{"line":24,"column":24}},"loc":{"start":{"line":24,"column":44},"end":{"line":38,"column":5}},"line":24},"3":{"name":"(anonymous_3)","decl":{"start":{"line":31,"column":32},"end":{"line":31,"column":33}},"loc":{"start":{"line":31,"column":47},"end":{"line":37,"column":13}},"line":31},"4":{"name":"(anonymous_4)","decl":{"start":{"line":45,"column":24},"end":{"line":45,"column":25}},"loc":{"start":{"line":45,"column":45},"end":{"line":55,"column":1}},"line":45},"5":{"name":"(anonymous_5)","decl":{"start":{"line":46,"column":23},"end":{"line":46,"column":24}},"loc":{"start":{"line":46,"column":44},"end":{"line":54,"column":5}},"line":46},"6":{"name":"(anonymous_6)","decl":{"start":{"line":48,"column":33},"end":{"line":48,"column":34}},"loc":{"start":{"line":48,"column":47},"end":{"line":53,"column":9}},"line":48},"7":{"name":"(anonymous_7)","decl":{"start":{"line":61,"column":25},"end":{"line":61,"column":26}},"loc":{"start":{"line":61,"column":46},"end":{"line":75,"column":1}},"line":61},"8":{"name":"(anonymous_8)","decl":{"start":{"line":62,"column":23},"end":{"line":62,"column":24}},"loc":{"start":{"line":62,"column":44},"end":{"line":74,"column":5}},"line":62},"9":{"name":"(anonymous_9)","decl":{"start":{"line":64,"column":33},"end":{"line":64,"column":34}},"loc":{"start":{"line":64,"column":47},"end":{"line":73,"column":9}},"line":64},"10":{"name":"(anonymous_10)","decl":{"start":{"line":81,"column":26},"end":{"line":81,"column":27}},"loc":{"start":{"line":81,"column":43},"end":{"line":104,"column":1}},"line":81},"11":{"name":"(anonymous_11)","decl":{"start":{"line":82,"column":23},"end":{"line":82,"column":24}},"loc":{"start":{"line":82,"column":44},"end":{"line":103,"column":5}},"line":82},"12":{"name":"(anonymous_12)","decl":{"start":{"line":84,"column":29},"end":{"line":84,"column":30}},"loc":{"start":{"line":84,"column":44},"end":{"line":102,"column":9}},"line":84},"13":{"name":"(anonymous_13)","decl":{"start":{"line":110,"column":32},"end":{"line":110,"column":33}},"loc":{"start":{"line":110,"column":46},"end":{"line":134,"column":1}},"line":110},"14":{"name":"(anonymous_14)","decl":{"start":{"line":111,"column":23},"end":{"line":111,"column":24}},"loc":{"start":{"line":111,"column":44},"end":{"line":133,"column":5}},"line":111},"15":{"name":"(anonymous_15)","decl":{"start":{"line":113,"column":26},"end":{"line":113,"column":27}},"loc":{"start":{"line":113,"column":41},"end":{"line":132,"column":9}},"line":113},"16":{"name":"(anonymous_16)","decl":{"start":{"line":169,"column":24},"end":{"line":169,"column":25}},"loc":{"start":{"line":169,"column":43},"end":{"line":180,"column":1}},"line":169},"17":{"name":"(anonymous_17)","decl":{"start":{"line":170,"column":23},"end":{"line":170,"column":24}},"loc":{"start":{"line":170,"column":44},"end":{"line":179,"column":5}},"line":170},"18":{"name":"(anonymous_18)","decl":{"start":{"line":172,"column":84},"end":{"line":172,"column":85}},"loc":{"start":{"line":172,"column":99},"end":{"line":178,"column":9}},"line":172},"19":{"name":"(anonymous_19)","decl":{"start":{"line":186,"column":35},"end":{"line":186,"column":36}},"loc":{"start":{"line":186,"column":56},"end":{"line":203,"column":1}},"line":186},"20":{"name":"(anonymous_20)","decl":{"start":{"line":189,"column":23},"end":{"line":189,"column":24}},"loc":{"start":{"line":189,"column":44},"end":{"line":202,"column":5}},"line":189},"21":{"name":"(anonymous_21)","decl":{"start":{"line":191,"column":43},"end":{"line":191,"column":44}},"loc":{"start":{"line":191,"column":58},"end":{"line":201,"column":9}},"line":191},"22":{"name":"(anonymous_22)","decl":{"start":{"line":209,"column":26},"end":{"line":209,"column":27}},"loc":{"start":{"line":209,"column":44},"end":{"line":225,"column":1}},"line":209},"23":{"name":"(anonymous_23)","decl":{"start":{"line":210,"column":23},"end":{"line":210,"column":24}},"loc":{"start":{"line":210,"column":44},"end":{"line":224,"column":5}},"line":210},"24":{"name":"(anonymous_24)","decl":{"start":{"line":212,"column":30},"end":{"line":212,"column":31}},"loc":{"start":{"line":212,"column":45},"end":{"line":222,"column":9}},"line":212}},"branchMap":{"0":{"loc":{"start":{"line":30,"column":8},"end":{"line":37,"column":15}},"type":"if","locations":[{"start":{"line":30,"column":8},"end":{"line":37,"column":15}},{"start":{"line":30,"column":8},"end":{"line":37,"column":15}}],"line":30},"1":{"loc":{"start":{"line":32,"column":16},"end":{"line":36,"column":41}},"type":"if","locations":[{"start":{"line":32,"column":16},"end":{"line":36,"column":41}},{"start":{"line":32,"column":16},"end":{"line":36,"column":41}}],"line":32},"2":{"loc":{"start":{"line":49,"column":12},"end":{"line":52,"column":35}},"type":"if","locations":[{"start":{"line":49,"column":12},"end":{"line":52,"column":35}},{"start":{"line":49,"column":12},"end":{"line":52,"column":35}}],"line":49},"3":{"loc":{"start":{"line":65,"column":12},"end":{"line":72,"column":13}},"type":"if","locations":[{"start":{"line":65,"column":12},"end":{"line":72,"column":13}},{"start":{"line":65,"column":12},"end":{"line":72,"column":13}}],"line":65},"4":{"loc":{"start":{"line":68,"column":16},"end":{"line":71,"column":39}},"type":"if","locations":[{"start":{"line":68,"column":16},"end":{"line":71,"column":39}},{"start":{"line":68,"column":16},"end":{"line":71,"column":39}}],"line":68},"5":{"loc":{"start":{"line":85,"column":12},"end":{"line":101,"column":13}},"type":"if","locations":[{"start":{"line":85,"column":12},"end":{"line":101,"column":13}},{"start":{"line":85,"column":12},"end":{"line":101,"column":13}}],"line":85},"6":{"loc":{"start":{"line":88,"column":16},"end":{"line":100,"column":39}},"type":"if","locations":[{"start":{"line":88,"column":16},"end":{"line":100,"column":39}},{"start":{"line":88,"column":16},"end":{"line":100,"column":39}}],"line":88},"7":{"loc":{"start":{"line":93,"column":24},"end":{"line":95,"column":25}},"type":"if","locations":[{"start":{"line":93,"column":24},"end":{"line":95,"column":25}},{"start":{"line":93,"column":24},"end":{"line":95,"column":25}}],"line":93},"8":{"loc":{"start":{"line":114,"column":12},"end":{"line":131,"column":13}},"type":"if","locations":[{"start":{"line":114,"column":12},"end":{"line":131,"column":13}},{"start":{"line":114,"column":12},"end":{"line":131,"column":13}}],"line":114},"9":{"loc":{"start":{"line":117,"column":16},"end":{"line":130,"column":17}},"type":"if","locations":[{"start":{"line":117,"column":16},"end":{"line":130,"column":17}},{"start":{"line":117,"column":16},"end":{"line":130,"column":17}}],"line":117},"10":{"loc":{"start":{"line":122,"column":24},"end":{"line":124,"column":25}},"type":"if","locations":[{"start":{"line":122,"column":24},"end":{"line":124,"column":25}},{"start":{"line":122,"column":24},"end":{"line":124,"column":25}}],"line":122},"11":{"loc":{"start":{"line":173,"column":12},"end":{"line":177,"column":13}},"type":"if","locations":[{"start":{"line":173,"column":12},"end":{"line":177,"column":13}},{"start":{"line":173,"column":12},"end":{"line":177,"column":13}}],"line":173},"12":{"loc":{"start":{"line":192,"column":12},"end":{"line":200,"column":13}},"type":"if","locations":[{"start":{"line":192,"column":12},"end":{"line":200,"column":13}},{"start":{"line":192,"column":12},"end":{"line":200,"column":13}}],"line":192},"13":{"loc":{"start":{"line":195,"column":16},"end":{"line":199,"column":39}},"type":"if","locations":[{"start":{"line":195,"column":16},"end":{"line":199,"column":39}},{"start":{"line":195,"column":16},"end":{"line":199,"column":39}}],"line":195},"14":{"loc":{"start":{"line":213,"column":12},"end":{"line":221,"column":13}},"type":"if","locations":[{"start":{"line":213,"column":12},"end":{"line":221,"column":13}},{"start":{"line":213,"column":12},"end":{"line":221,"column":13}}],"line":213},"15":{"loc":{"start":{"line":216,"column":16},"end":{"line":220,"column":39}},"type":"if","locations":[{"start":{"line":216,"column":16},"end":{"line":220,"column":39}},{"start":{"line":216,"column":16},"end":{"line":220,"column":39}}],"line":216}},"s":{"0":1,"1":1,"2":1,"3":2,"4":1,"5":17,"6":17,"7":17,"8":17,"9":17,"10":17,"11":17,"12":0,"13":17,"14":1,"15":2,"16":2,"17":2,"18":2,"19":0,"20":2,"21":1,"22":2,"23":2,"24":2,"25":2,"26":0,"27":2,"28":2,"29":0,"30":1,"31":4,"32":4,"33":4,"34":4,"35":0,"36":4,"37":4,"38":4,"39":4,"40":4,"41":3,"42":3,"43":2,"44":4,"45":0,"46":1,"47":1,"48":1,"49":1,"50":1,"51":0,"52":1,"53":1,"54":1,"55":1,"56":1,"57":1,"58":1,"59":1,"60":1,"61":0,"62":1,"63":1,"64":1,"65":1,"66":1,"67":0,"68":1,"69":1,"70":1,"71":1,"72":1,"73":1,"74":1,"75":0,"76":1,"77":1,"78":0,"79":1,"80":0,"81":0,"82":0,"83":0,"84":0,"85":0,"86":0,"87":0},"f":{"0":2,"1":17,"2":17,"3":17,"4":2,"5":2,"6":2,"7":2,"8":2,"9":2,"10":4,"11":4,"12":4,"13":1,"14":1,"15":1,"16":1,"17":1,"18":1,"19":1,"20":1,"21":1,"22":0,"23":0,"24":0},"b":{"0":[17,0],"1":[0,17],"2":[0,2],"3":[0,2],"4":[2,0],"5":[0,4],"6":[4,0],"7":[2,1],"8":[0,1],"9":[1,0],"10":[1,0],"11":[0,1],"12":[0,1],"13":[1,0],"14":[0,0],"15":[0,0]},"_coverageSchema":"1a1c01bbd47fc00a2c39e90264f33305004495a9","hash":"5dd2222b53626f1b08f96b8de39fa4adde158b47","contentHash":"a36c5c5d1607ecc74dea288adaf5db4e84c29c147930245803a062108d5db8a9"},"D:\\Lavori\\GIT_REPO\\Project-SE2-2020\\server\\dao\\enrollment_dao.js":{"path":"D:\\Lavori\\GIT_REPO\\Project-SE2-2020\\server\\dao\\enrollment_dao.js","statementMap":{"0":{"start":{"line":6,"column":11},"end":{"line":6,"column":30}},"1":{"start":{"line":7,"column":19},"end":{"line":7,"column":48}},"2":{"start":{"line":8,"column":15},"end":{"line":8,"column":43}},"3":{"start":{"line":9,"column":15},"end":{"line":9,"column":43}},"4":{"start":{"line":15,"column":0},"end":{"line":31,"column":1}},"5":{"start":{"line":16,"column":4},"end":{"line":30,"column":7}},"6":{"start":{"line":17,"column":20},"end":{"line":17,"column":74}},"7":{"start":{"line":18,"column":21},"end":{"line":18,"column":23}},"8":{"start":{"line":20,"column":8},"end":{"line":20,"column":59}},"9":{"start":{"line":22,"column":8},"end":{"line":29,"column":15}},"10":{"start":{"line":23,"column":12},"end":{"line":29,"column":15}},"11":{"start":{"line":24,"column":16},"end":{"line":28,"column":41}},"12":{"start":{"line":25,"column":20},"end":{"line":25,"column":32}},"13":{"start":{"line":28,"column":20},"end":{"line":28,"column":41}},"14":{"start":{"line":38,"column":0},"end":{"line":48,"column":1}},"15":{"start":{"line":39,"column":4},"end":{"line":47,"column":7}},"16":{"start":{"line":40,"column":20},"end":{"line":40,"column":77}},"17":{"start":{"line":41,"column":8},"end":{"line":46,"column":11}},"18":{"start":{"line":42,"column":12},"end":{"line":45,"column":29}},"19":{"start":{"line":43,"column":16},"end":{"line":43,"column":28}},"20":{"start":{"line":45,"column":16},"end":{"line":45,"column":29}}},"fnMap":{"0":{"name":"(anonymous_0)","decl":{"start":{"line":15,"column":24},"end":{"line":15,"column":25}},"loc":{"start":{"line":15,"column":46},"end":{"line":31,"column":1}},"line":15},"1":{"name":"(anonymous_1)","decl":{"start":{"line":16,"column":23},"end":{"line":16,"column":24}},"loc":{"start":{"line":16,"column":44},"end":{"line":30,"column":5}},"line":16},"2":{"name":"(anonymous_2)","decl":{"start":{"line":23,"column":32},"end":{"line":23,"column":33}},"loc":{"start":{"line":23,"column":47},"end":{"line":29,"column":13}},"line":23},"3":{"name":"(anonymous_3)","decl":{"start":{"line":38,"column":27},"end":{"line":38,"column":28}},"loc":{"start":{"line":38,"column":54},"end":{"line":48,"column":1}},"line":38},"4":{"name":"(anonymous_4)","decl":{"start":{"line":39,"column":23},"end":{"line":39,"column":24}},"loc":{"start":{"line":39,"column":44},"end":{"line":47,"column":5}},"line":39},"5":{"name":"(anonymous_5)","decl":{"start":{"line":41,"column":39},"end":{"line":41,"column":40}},"loc":{"start":{"line":41,"column":53},"end":{"line":46,"column":9}},"line":41}},"branchMap":{"0":{"loc":{"start":{"line":22,"column":8},"end":{"line":29,"column":15}},"type":"if","locations":[{"start":{"line":22,"column":8},"end":{"line":29,"column":15}},{"start":{"line":22,"column":8},"end":{"line":29,"column":15}}],"line":22},"1":{"loc":{"start":{"line":24,"column":16},"end":{"line":28,"column":41}},"type":"if","locations":[{"start":{"line":24,"column":16},"end":{"line":28,"column":41}},{"start":{"line":24,"column":16},"end":{"line":28,"column":41}}],"line":24},"2":{"loc":{"start":{"line":42,"column":12},"end":{"line":45,"column":29}},"type":"if","locations":[{"start":{"line":42,"column":12},"end":{"line":45,"column":29}},{"start":{"line":42,"column":12},"end":{"line":45,"column":29}}],"line":42}},"s":{"0":1,"1":1,"2":1,"3":1,"4":1,"5":4,"6":4,"7":4,"8":4,"9":4,"10":4,"11":4,"12":0,"13":4,"14":1,"15":2,"16":2,"17":2,"18":2,"19":0,"20":2},"f":{"0":4,"1":4,"2":4,"3":2,"4":2,"5":2},"b":{"0":[4,0],"1":[0,4],"2":[0,2]},"_coverageSchema":"1a1c01bbd47fc00a2c39e90264f33305004495a9","hash":"3ecbc84c237816fc508c9c695bc7c6c9e9ac2cd7","contentHash":"cd01fe3173c64e2d3ee88da971ef92c0ee21b7a66fbc75046633274b1874ea65"},"D:\\Lavori\\GIT_REPO\\Project-SE2-2020\\server\\dao\\classroom_dao.js":{"path":"D:\\Lavori\\GIT_REPO\\Project-SE2-2020\\server\\dao\\classroom_dao.js","statementMap":{"0":{"start":{"line":6,"column":11},"end":{"line":6,"column":30}},"1":{"start":{"line":7,"column":18},"end":{"line":7,"column":46}},"2":{"start":{"line":15,"column":4},"end":{"line":15,"column":62}},"3":{"start":{"line":22,"column":0},"end":{"line":37,"column":1}},"4":{"start":{"line":23,"column":4},"end":{"line":36,"column":7}},"5":{"start":{"line":24,"column":20},"end":{"line":24,"column":85}},"6":{"start":{"line":25,"column":21},"end":{"line":25,"column":23}},"7":{"start":{"line":26,"column":8},"end":{"line":26,"column":69}},"8":{"start":{"line":28,"column":8},"end":{"line":35,"column":15}},"9":{"start":{"line":29,"column":12},"end":{"line":35,"column":15}},"10":{"start":{"line":30,"column":16},"end":{"line":34,"column":41}},"11":{"start":{"line":31,"column":20},"end":{"line":31,"column":32}},"12":{"start":{"line":34,"column":20},"end":{"line":34,"column":41}},"13":{"start":{"line":43,"column":0},"end":{"line":53,"column":1}},"14":{"start":{"line":44,"column":4},"end":{"line":52,"column":7}},"15":{"start":{"line":45,"column":20},"end":{"line":45,"column":63}},"16":{"start":{"line":46,"column":8},"end":{"line":51,"column":11}},"17":{"start":{"line":47,"column":12},"end":{"line":50,"column":29}},"18":{"start":{"line":48,"column":16},"end":{"line":48,"column":28}},"19":{"start":{"line":50,"column":16},"end":{"line":50,"column":29}},"20":{"start":{"line":58,"column":0},"end":{"line":68,"column":1}},"21":{"start":{"line":59,"column":4},"end":{"line":67,"column":6}},"22":{"start":{"line":60,"column":20},"end":{"line":60,"column":45}},"23":{"start":{"line":61,"column":8},"end":{"line":66,"column":10}},"24":{"start":{"line":62,"column":12},"end":{"line":65,"column":64}},"25":{"start":{"line":63,"column":16},"end":{"line":63,"column":28}},"26":{"start":{"line":65,"column":16},"end":{"line":65,"column":64}},"27":{"start":{"line":65,"column":41},"end":{"line":65,"column":61}}},"fnMap":{"0":{"name":"createClassroom","decl":{"start":{"line":14,"column":9},"end":{"line":14,"column":24}},"loc":{"start":{"line":14,"column":30},"end":{"line":16,"column":1}},"line":14},"1":{"name":"(anonymous_1)","decl":{"start":{"line":22,"column":23},"end":{"line":22,"column":24}},"loc":{"start":{"line":22,"column":44},"end":{"line":37,"column":1}},"line":22},"2":{"name":"(anonymous_2)","decl":{"start":{"line":23,"column":23},"end":{"line":23,"column":24}},"loc":{"start":{"line":23,"column":44},"end":{"line":36,"column":5}},"line":23},"3":{"name":"(anonymous_3)","decl":{"start":{"line":29,"column":32},"end":{"line":29,"column":33}},"loc":{"start":{"line":29,"column":47},"end":{"line":35,"column":13}},"line":29},"4":{"name":"(anonymous_4)","decl":{"start":{"line":43,"column":26},"end":{"line":43,"column":27}},"loc":{"start":{"line":43,"column":47},"end":{"line":53,"column":1}},"line":43},"5":{"name":"(anonymous_5)","decl":{"start":{"line":44,"column":23},"end":{"line":44,"column":24}},"loc":{"start":{"line":44,"column":44},"end":{"line":52,"column":5}},"line":44},"6":{"name":"(anonymous_6)","decl":{"start":{"line":46,"column":33},"end":{"line":46,"column":34}},"loc":{"start":{"line":46,"column":47},"end":{"line":51,"column":9}},"line":46},"7":{"name":"(anonymous_7)","decl":{"start":{"line":58,"column":24},"end":{"line":58,"column":25}},"loc":{"start":{"line":58,"column":36},"end":{"line":68,"column":1}},"line":58},"8":{"name":"(anonymous_8)","decl":{"start":{"line":59,"column":23},"end":{"line":59,"column":24}},"loc":{"start":{"line":59,"column":44},"end":{"line":67,"column":5}},"line":59},"9":{"name":"(anonymous_9)","decl":{"start":{"line":61,"column":24},"end":{"line":61,"column":25}},"loc":{"start":{"line":61,"column":39},"end":{"line":66,"column":9}},"line":61},"10":{"name":"(anonymous_10)","decl":{"start":{"line":65,"column":34},"end":{"line":65,"column":35}},"loc":{"start":{"line":65,"column":41},"end":{"line":65,"column":61}},"line":65}},"branchMap":{"0":{"loc":{"start":{"line":28,"column":8},"end":{"line":35,"column":15}},"type":"if","locations":[{"start":{"line":28,"column":8},"end":{"line":35,"column":15}},{"start":{"line":28,"column":8},"end":{"line":35,"column":15}}],"line":28},"1":{"loc":{"start":{"line":30,"column":16},"end":{"line":34,"column":41}},"type":"if","locations":[{"start":{"line":30,"column":16},"end":{"line":34,"column":41}},{"start":{"line":30,"column":16},"end":{"line":34,"column":41}}],"line":30},"2":{"loc":{"start":{"line":47,"column":12},"end":{"line":50,"column":29}},"type":"if","locations":[{"start":{"line":47,"column":12},"end":{"line":50,"column":29}},{"start":{"line":47,"column":12},"end":{"line":50,"column":29}}],"line":47},"3":{"loc":{"start":{"line":62,"column":12},"end":{"line":65,"column":64}},"type":"if","locations":[{"start":{"line":62,"column":12},"end":{"line":65,"column":64}},{"start":{"line":62,"column":12},"end":{"line":65,"column":64}}],"line":62}},"s":{"0":1,"1":1,"2":2,"3":1,"4":2,"5":2,"6":2,"7":2,"8":2,"9":2,"10":2,"11":0,"12":2,"13":1,"14":1,"15":1,"16":1,"17":1,"18":0,"19":1,"20":1,"21":2,"22":2,"23":2,"24":2,"25":0,"26":2,"27":2},"f":{"0":2,"1":2,"2":2,"3":2,"4":1,"5":1,"6":1,"7":2,"8":2,"9":2,"10":2},"b":{"0":[2,0],"1":[0,2],"2":[0,1],"3":[0,2]},"_coverageSchema":"1a1c01bbd47fc00a2c39e90264f33305004495a9","hash":"ed915a431206a0c753c4a2d58c320cf2649d7ab1","contentHash":"405aa0c5b5570a3b8428934665848b141f443bb1dddf8bcd11ca4c96545c9635"},"D:\\Lavori\\GIT_REPO\\Project-SE2-2020\\server\\dao\\booking_dao.js":{"path":"D:\\Lavori\\GIT_REPO\\Project-SE2-2020\\server\\dao\\booking_dao.js","statementMap":{"0":{"start":{"line":6,"column":11},"end":{"line":6,"column":30}},"1":{"start":{"line":7,"column":16},"end":{"line":7,"column":42}},"2":{"start":{"line":8,"column":15},"end":{"line":8,"column":32}},"3":{"start":{"line":15,"column":4},"end":{"line":15,"column":81}},"4":{"start":{"line":22,"column":0},"end":{"line":40,"column":1}},"5":{"start":{"line":23,"column":4},"end":{"line":39,"column":7}},"6":{"start":{"line":24,"column":20},"end":{"line":24,"column":121}},"7":{"start":{"line":25,"column":19},"end":{"line":25,"column":58}},"8":{"start":{"line":26,"column":20},"end":{"line":26,"column":53}},"9":{"start":{"line":27,"column":19},"end":{"line":27,"column":122}},"10":{"start":{"line":28,"column":21},"end":{"line":28,"column":23}},"11":{"start":{"line":29,"column":8},"end":{"line":29,"column":99}},"12":{"start":{"line":31,"column":8},"end":{"line":38,"column":15}},"13":{"start":{"line":32,"column":12},"end":{"line":38,"column":15}},"14":{"start":{"line":33,"column":16},"end":{"line":37,"column":34}},"15":{"start":{"line":34,"column":20},"end":{"line":34,"column":32}},"16":{"start":{"line":37,"column":20},"end":{"line":37,"column":34}},"17":{"start":{"line":46,"column":0},"end":{"line":56,"column":1}},"18":{"start":{"line":47,"column":4},"end":{"line":55,"column":7}},"19":{"start":{"line":48,"column":20},"end":{"line":48,"column":79}},"20":{"start":{"line":49,"column":8},"end":{"line":54,"column":11}},"21":{"start":{"line":50,"column":12},"end":{"line":53,"column":29}},"22":{"start":{"line":51,"column":16},"end":{"line":51,"column":28}},"23":{"start":{"line":53,"column":16},"end":{"line":53,"column":29}},"24":{"start":{"line":61,"column":0},"end":{"line":75,"column":1}},"25":{"start":{"line":62,"column":4},"end":{"line":74,"column":6}},"26":{"start":{"line":63,"column":20},"end":{"line":63,"column":43}},"27":{"start":{"line":64,"column":8},"end":{"line":73,"column":10}},"28":{"start":{"line":65,"column":12},"end":{"line":72,"column":13}},"29":{"start":{"line":66,"column":16},"end":{"line":66,"column":28}},"30":{"start":{"line":68,"column":16},"end":{"line":71,"column":39}},"31":{"start":{"line":69,"column":20},"end":{"line":69,"column":67}},"32":{"start":{"line":69,"column":46},"end":{"line":69,"column":64}},"33":{"start":{"line":71,"column":20},"end":{"line":71,"column":39}},"34":{"start":{"line":81,"column":0},"end":{"line":97,"column":1}},"35":{"start":{"line":82,"column":4},"end":{"line":96,"column":7}},"36":{"start":{"line":83,"column":20},"end":{"line":83,"column":63}},"37":{"start":{"line":84,"column":8},"end":{"line":95,"column":11}},"38":{"start":{"line":85,"column":12},"end":{"line":94,"column":13}},"39":{"start":{"line":86,"column":16},"end":{"line":86,"column":28}},"40":{"start":{"line":88,"column":16},"end":{"line":93,"column":39}},"41":{"start":{"line":89,"column":35},"end":{"line":89,"column":72}},"42":{"start":{"line":89,"column":52},"end":{"line":89,"column":70}},"43":{"start":{"line":90,"column":20},"end":{"line":90,"column":38}},"44":{"start":{"line":93,"column":20},"end":{"line":93,"column":39}},"45":{"start":{"line":102,"column":0},"end":{"line":112,"column":1}},"46":{"start":{"line":103,"column":4},"end":{"line":111,"column":7}},"47":{"start":{"line":104,"column":20},"end":{"line":104,"column":61}},"48":{"start":{"line":105,"column":8},"end":{"line":110,"column":11}},"49":{"start":{"line":106,"column":12},"end":{"line":109,"column":29}},"50":{"start":{"line":107,"column":16},"end":{"line":107,"column":28}},"51":{"start":{"line":109,"column":16},"end":{"line":109,"column":29}},"52":{"start":{"line":122,"column":0},"end":{"line":137,"column":1}},"53":{"start":{"line":123,"column":4},"end":{"line":136,"column":7}},"54":{"start":{"line":124,"column":20},"end":{"line":124,"column":298}},"55":{"start":{"line":125,"column":8},"end":{"line":135,"column":11}},"56":{"start":{"line":126,"column":12},"end":{"line":134,"column":13}},"57":{"start":{"line":127,"column":16},"end":{"line":127,"column":28}},"58":{"start":{"line":129,"column":16},"end":{"line":133,"column":39}},"59":{"start":{"line":130,"column":20},"end":{"line":130,"column":37}},"60":{"start":{"line":133,"column":20},"end":{"line":133,"column":39}},"61":{"start":{"line":149,"column":0},"end":{"line":205,"column":1}},"62":{"start":{"line":150,"column":4},"end":{"line":204,"column":6}},"63":{"start":{"line":151,"column":8},"end":{"line":203,"column":9}},"64":{"start":{"line":152,"column":24},"end":{"line":152,"column":243}},"65":{"start":{"line":153,"column":12},"end":{"line":163,"column":14}},"66":{"start":{"line":154,"column":16},"end":{"line":162,"column":17}},"67":{"start":{"line":155,"column":20},"end":{"line":155,"column":32}},"68":{"start":{"line":157,"column":20},"end":{"line":161,"column":43}},"69":{"start":{"line":158,"column":24},"end":{"line":158,"column":38}},"70":{"start":{"line":161,"column":24},"end":{"line":161,"column":43}},"71":{"start":{"line":164,"column":15},"end":{"line":203,"column":9}},"72":{"start":{"line":165,"column":24},"end":{"line":165,"column":224}},"73":{"start":{"line":166,"column":12},"end":{"line":176,"column":14}},"74":{"start":{"line":167,"column":16},"end":{"line":175,"column":17}},"75":{"start":{"line":168,"column":20},"end":{"line":168,"column":32}},"76":{"start":{"line":170,"column":20},"end":{"line":174,"column":43}},"77":{"start":{"line":171,"column":24},"end":{"line":171,"column":38}},"78":{"start":{"line":174,"column":24},"end":{"line":174,"column":43}},"79":{"start":{"line":177,"column":15},"end":{"line":203,"column":9}},"80":{"start":{"line":178,"column":24},"end":{"line":178,"column":222}},"81":{"start":{"line":179,"column":12},"end":{"line":189,"column":14}},"82":{"start":{"line":180,"column":16},"end":{"line":188,"column":17}},"83":{"start":{"line":181,"column":20},"end":{"line":181,"column":32}},"84":{"start":{"line":183,"column":20},"end":{"line":187,"column":43}},"85":{"start":{"line":184,"column":24},"end":{"line":184,"column":38}},"86":{"start":{"line":187,"column":24},"end":{"line":187,"column":43}},"87":{"start":{"line":190,"column":15},"end":{"line":203,"column":9}},"88":{"start":{"line":191,"column":24},"end":{"line":191,"column":222}},"89":{"start":{"line":192,"column":12},"end":{"line":202,"column":14}},"90":{"start":{"line":193,"column":16},"end":{"line":201,"column":17}},"91":{"start":{"line":194,"column":20},"end":{"line":194,"column":32}},"92":{"start":{"line":196,"column":20},"end":{"line":200,"column":43}},"93":{"start":{"line":197,"column":24},"end":{"line":197,"column":38}},"94":{"start":{"line":200,"column":24},"end":{"line":200,"column":43}},"95":{"start":{"line":212,"column":0},"end":{"line":236,"column":1}},"96":{"start":{"line":213,"column":4},"end":{"line":235,"column":7}},"97":{"start":{"line":214,"column":20},"end":{"line":214,"column":274}},"98":{"start":{"line":215,"column":8},"end":{"line":234,"column":11}},"99":{"start":{"line":216,"column":12},"end":{"line":233,"column":13}},"100":{"start":{"line":217,"column":16},"end":{"line":217,"column":28}},"101":{"start":{"line":219,"column":16},"end":{"line":232,"column":39}},"102":{"start":{"line":221,"column":32},"end":{"line":221,"column":60}},"103":{"start":{"line":222,"column":33},"end":{"line":222,"column":35}},"104":{"start":{"line":223,"column":20},"end":{"line":228,"column":21}},"105":{"start":{"line":223,"column":33},"end":{"line":223,"column":34}},"106":{"start":{"line":224,"column":35},"end":{"line":224,"column":71}},"107":{"start":{"line":225,"column":24},"end":{"line":227,"column":25}},"108":{"start":{"line":226,"column":28},"end":{"line":226,"column":47}},"109":{"start":{"line":229,"column":20},"end":{"line":229,"column":36}},"110":{"start":{"line":232,"column":20},"end":{"line":232,"column":39}},"111":{"start":{"line":242,"column":0},"end":{"line":266,"column":1}},"112":{"start":{"line":243,"column":4},"end":{"line":265,"column":7}},"113":{"start":{"line":244,"column":20},"end":{"line":244,"column":228}},"114":{"start":{"line":245,"column":8},"end":{"line":264,"column":11}},"115":{"start":{"line":246,"column":12},"end":{"line":263,"column":13}},"116":{"start":{"line":247,"column":16},"end":{"line":247,"column":28}},"117":{"start":{"line":249,"column":16},"end":{"line":262,"column":39}},"118":{"start":{"line":250,"column":20},"end":{"line":250,"column":54}},"119":{"start":{"line":251,"column":32},"end":{"line":251,"column":60}},"120":{"start":{"line":252,"column":33},"end":{"line":252,"column":35}},"121":{"start":{"line":253,"column":20},"end":{"line":258,"column":21}},"122":{"start":{"line":253,"column":33},"end":{"line":253,"column":34}},"123":{"start":{"line":254,"column":35},"end":{"line":254,"column":71}},"124":{"start":{"line":255,"column":24},"end":{"line":257,"column":25}},"125":{"start":{"line":256,"column":28},"end":{"line":256,"column":47}},"126":{"start":{"line":259,"column":20},"end":{"line":259,"column":36}},"127":{"start":{"line":262,"column":20},"end":{"line":262,"column":39}}},"fnMap":{"0":{"name":"createBooking","decl":{"start":{"line":14,"column":9},"end":{"line":14,"column":22}},"loc":{"start":{"line":14,"column":28},"end":{"line":16,"column":1}},"line":14},"1":{"name":"(anonymous_1)","decl":{"start":{"line":22,"column":22},"end":{"line":22,"column":23}},"loc":{"start":{"line":22,"column":41},"end":{"line":40,"column":1}},"line":22},"2":{"name":"(anonymous_2)","decl":{"start":{"line":23,"column":23},"end":{"line":23,"column":24}},"loc":{"start":{"line":23,"column":44},"end":{"line":39,"column":5}},"line":23},"3":{"name":"(anonymous_3)","decl":{"start":{"line":32,"column":32},"end":{"line":32,"column":33}},"loc":{"start":{"line":32,"column":47},"end":{"line":38,"column":13}},"line":32},"4":{"name":"(anonymous_4)","decl":{"start":{"line":46,"column":24},"end":{"line":46,"column":25}},"loc":{"start":{"line":46,"column":56},"end":{"line":56,"column":1}},"line":46},"5":{"name":"(anonymous_5)","decl":{"start":{"line":47,"column":23},"end":{"line":47,"column":24}},"loc":{"start":{"line":47,"column":44},"end":{"line":55,"column":5}},"line":47},"6":{"name":"(anonymous_6)","decl":{"start":{"line":49,"column":44},"end":{"line":49,"column":45}},"loc":{"start":{"line":49,"column":58},"end":{"line":54,"column":9}},"line":49},"7":{"name":"(anonymous_7)","decl":{"start":{"line":61,"column":25},"end":{"line":61,"column":26}},"loc":{"start":{"line":61,"column":37},"end":{"line":75,"column":1}},"line":61},"8":{"name":"(anonymous_8)","decl":{"start":{"line":62,"column":23},"end":{"line":62,"column":24}},"loc":{"start":{"line":62,"column":44},"end":{"line":74,"column":5}},"line":62},"9":{"name":"(anonymous_9)","decl":{"start":{"line":64,"column":24},"end":{"line":64,"column":25}},"loc":{"start":{"line":64,"column":39},"end":{"line":73,"column":9}},"line":64},"10":{"name":"(anonymous_10)","decl":{"start":{"line":69,"column":37},"end":{"line":69,"column":38}},"loc":{"start":{"line":69,"column":46},"end":{"line":69,"column":64}},"line":69},"11":{"name":"(anonymous_11)","decl":{"start":{"line":81,"column":22},"end":{"line":81,"column":23}},"loc":{"start":{"line":81,"column":43},"end":{"line":97,"column":1}},"line":81},"12":{"name":"(anonymous_12)","decl":{"start":{"line":82,"column":23},"end":{"line":82,"column":24}},"loc":{"start":{"line":82,"column":44},"end":{"line":96,"column":5}},"line":82},"13":{"name":"(anonymous_13)","decl":{"start":{"line":84,"column":33},"end":{"line":84,"column":34}},"loc":{"start":{"line":84,"column":48},"end":{"line":95,"column":9}},"line":84},"14":{"name":"(anonymous_14)","decl":{"start":{"line":89,"column":45},"end":{"line":89,"column":46}},"loc":{"start":{"line":89,"column":52},"end":{"line":89,"column":70}},"line":89},"15":{"name":"(anonymous_15)","decl":{"start":{"line":102,"column":33},"end":{"line":102,"column":34}},"loc":{"start":{"line":102,"column":54},"end":{"line":112,"column":1}},"line":102},"16":{"name":"(anonymous_16)","decl":{"start":{"line":103,"column":23},"end":{"line":103,"column":24}},"loc":{"start":{"line":103,"column":44},"end":{"line":111,"column":5}},"line":103},"17":{"name":"(anonymous_17)","decl":{"start":{"line":105,"column":33},"end":{"line":105,"column":34}},"loc":{"start":{"line":105,"column":47},"end":{"line":110,"column":9}},"line":105},"18":{"name":"(anonymous_18)","decl":{"start":{"line":122,"column":29},"end":{"line":122,"column":30}},"loc":{"start":{"line":122,"column":50},"end":{"line":137,"column":1}},"line":122},"19":{"name":"(anonymous_19)","decl":{"start":{"line":123,"column":23},"end":{"line":123,"column":24}},"loc":{"start":{"line":123,"column":44},"end":{"line":136,"column":5}},"line":123},"20":{"name":"(anonymous_20)","decl":{"start":{"line":125,"column":33},"end":{"line":125,"column":34}},"loc":{"start":{"line":125,"column":48},"end":{"line":135,"column":9}},"line":125},"21":{"name":"(anonymous_21)","decl":{"start":{"line":149,"column":24},"end":{"line":149,"column":25}},"loc":{"start":{"line":149,"column":54},"end":{"line":205,"column":1}},"line":149},"22":{"name":"(anonymous_22)","decl":{"start":{"line":150,"column":23},"end":{"line":150,"column":24}},"loc":{"start":{"line":150,"column":44},"end":{"line":204,"column":5}},"line":150},"23":{"name":"(anonymous_23)","decl":{"start":{"line":153,"column":40},"end":{"line":153,"column":41}},"loc":{"start":{"line":153,"column":55},"end":{"line":163,"column":13}},"line":153},"24":{"name":"(anonymous_24)","decl":{"start":{"line":166,"column":34},"end":{"line":166,"column":35}},"loc":{"start":{"line":166,"column":49},"end":{"line":176,"column":13}},"line":166},"25":{"name":"(anonymous_25)","decl":{"start":{"line":179,"column":34},"end":{"line":179,"column":35}},"loc":{"start":{"line":179,"column":49},"end":{"line":189,"column":13}},"line":179},"26":{"name":"(anonymous_26)","decl":{"start":{"line":192,"column":34},"end":{"line":192,"column":35}},"loc":{"start":{"line":192,"column":49},"end":{"line":202,"column":13}},"line":192},"27":{"name":"(anonymous_27)","decl":{"start":{"line":212,"column":40},"end":{"line":212,"column":41}},"loc":{"start":{"line":212,"column":62},"end":{"line":236,"column":1}},"line":212},"28":{"name":"(anonymous_28)","decl":{"start":{"line":213,"column":23},"end":{"line":213,"column":24}},"loc":{"start":{"line":213,"column":44},"end":{"line":235,"column":5}},"line":213},"29":{"name":"(anonymous_29)","decl":{"start":{"line":215,"column":34},"end":{"line":215,"column":35}},"loc":{"start":{"line":215,"column":48},"end":{"line":234,"column":9}},"line":215},"30":{"name":"(anonymous_30)","decl":{"start":{"line":242,"column":39},"end":{"line":242,"column":40}},"loc":{"start":{"line":242,"column":60},"end":{"line":266,"column":1}},"line":242},"31":{"name":"(anonymous_31)","decl":{"start":{"line":243,"column":23},"end":{"line":243,"column":24}},"loc":{"start":{"line":243,"column":44},"end":{"line":265,"column":5}},"line":243},"32":{"name":"(anonymous_32)","decl":{"start":{"line":245,"column":33},"end":{"line":245,"column":34}},"loc":{"start":{"line":245,"column":47},"end":{"line":264,"column":9}},"line":245}},"branchMap":{"0":{"loc":{"start":{"line":31,"column":8},"end":{"line":38,"column":15}},"type":"if","locations":[{"start":{"line":31,"column":8},"end":{"line":38,"column":15}},{"start":{"line":31,"column":8},"end":{"line":38,"column":15}}],"line":31},"1":{"loc":{"start":{"line":33,"column":16},"end":{"line":37,"column":34}},"type":"if","locations":[{"start":{"line":33,"column":16},"end":{"line":37,"column":34}},{"start":{"line":33,"column":16},"end":{"line":37,"column":34}}],"line":33},"2":{"loc":{"start":{"line":50,"column":12},"end":{"line":53,"column":29}},"type":"if","locations":[{"start":{"line":50,"column":12},"end":{"line":53,"column":29}},{"start":{"line":50,"column":12},"end":{"line":53,"column":29}}],"line":50},"3":{"loc":{"start":{"line":65,"column":12},"end":{"line":72,"column":13}},"type":"if","locations":[{"start":{"line":65,"column":12},"end":{"line":72,"column":13}},{"start":{"line":65,"column":12},"end":{"line":72,"column":13}}],"line":65},"4":{"loc":{"start":{"line":68,"column":16},"end":{"line":71,"column":39}},"type":"if","locations":[{"start":{"line":68,"column":16},"end":{"line":71,"column":39}},{"start":{"line":68,"column":16},"end":{"line":71,"column":39}}],"line":68},"5":{"loc":{"start":{"line":85,"column":12},"end":{"line":94,"column":13}},"type":"if","locations":[{"start":{"line":85,"column":12},"end":{"line":94,"column":13}},{"start":{"line":85,"column":12},"end":{"line":94,"column":13}}],"line":85},"6":{"loc":{"start":{"line":88,"column":16},"end":{"line":93,"column":39}},"type":"if","locations":[{"start":{"line":88,"column":16},"end":{"line":93,"column":39}},{"start":{"line":88,"column":16},"end":{"line":93,"column":39}}],"line":88},"7":{"loc":{"start":{"line":106,"column":12},"end":{"line":109,"column":29}},"type":"if","locations":[{"start":{"line":106,"column":12},"end":{"line":109,"column":29}},{"start":{"line":106,"column":12},"end":{"line":109,"column":29}}],"line":106},"8":{"loc":{"start":{"line":126,"column":12},"end":{"line":134,"column":13}},"type":"if","locations":[{"start":{"line":126,"column":12},"end":{"line":134,"column":13}},{"start":{"line":126,"column":12},"end":{"line":134,"column":13}}],"line":126},"9":{"loc":{"start":{"line":129,"column":16},"end":{"line":133,"column":39}},"type":"if","locations":[{"start":{"line":129,"column":16},"end":{"line":133,"column":39}},{"start":{"line":129,"column":16},"end":{"line":133,"column":39}}],"line":129},"10":{"loc":{"start":{"line":151,"column":8},"end":{"line":203,"column":9}},"type":"if","locations":[{"start":{"line":151,"column":8},"end":{"line":203,"column":9}},{"start":{"line":151,"column":8},"end":{"line":203,"column":9}}],"line":151},"11":{"loc":{"start":{"line":154,"column":16},"end":{"line":162,"column":17}},"type":"if","locations":[{"start":{"line":154,"column":16},"end":{"line":162,"column":17}},{"start":{"line":154,"column":16},"end":{"line":162,"column":17}}],"line":154},"12":{"loc":{"start":{"line":157,"column":20},"end":{"line":161,"column":43}},"type":"if","locations":[{"start":{"line":157,"column":20},"end":{"line":161,"column":43}},{"start":{"line":157,"column":20},"end":{"line":161,"column":43}}],"line":157},"13":{"loc":{"start":{"line":164,"column":15},"end":{"line":203,"column":9}},"type":"if","locations":[{"start":{"line":164,"column":15},"end":{"line":203,"column":9}},{"start":{"line":164,"column":15},"end":{"line":203,"column":9}}],"line":164},"14":{"loc":{"start":{"line":167,"column":16},"end":{"line":175,"column":17}},"type":"if","locations":[{"start":{"line":167,"column":16},"end":{"line":175,"column":17}},{"start":{"line":167,"column":16},"end":{"line":175,"column":17}}],"line":167},"15":{"loc":{"start":{"line":170,"column":20},"end":{"line":174,"column":43}},"type":"if","locations":[{"start":{"line":170,"column":20},"end":{"line":174,"column":43}},{"start":{"line":170,"column":20},"end":{"line":174,"column":43}}],"line":170},"16":{"loc":{"start":{"line":177,"column":15},"end":{"line":203,"column":9}},"type":"if","locations":[{"start":{"line":177,"column":15},"end":{"line":203,"column":9}},{"start":{"line":177,"column":15},"end":{"line":203,"column":9}}],"line":177},"17":{"loc":{"start":{"line":180,"column":16},"end":{"line":188,"column":17}},"type":"if","locations":[{"start":{"line":180,"column":16},"end":{"line":188,"column":17}},{"start":{"line":180,"column":16},"end":{"line":188,"column":17}}],"line":180},"18":{"loc":{"start":{"line":183,"column":20},"end":{"line":187,"column":43}},"type":"if","locations":[{"start":{"line":183,"column":20},"end":{"line":187,"column":43}},{"start":{"line":183,"column":20},"end":{"line":187,"column":43}}],"line":183},"19":{"loc":{"start":{"line":190,"column":15},"end":{"line":203,"column":9}},"type":"if","locations":[{"start":{"line":190,"column":15},"end":{"line":203,"column":9}},{"start":{"line":190,"column":15},"end":{"line":203,"column":9}}],"line":190},"20":{"loc":{"start":{"line":193,"column":16},"end":{"line":201,"column":17}},"type":"if","locations":[{"start":{"line":193,"column":16},"end":{"line":201,"column":17}},{"start":{"line":193,"column":16},"end":{"line":201,"column":17}}],"line":193},"21":{"loc":{"start":{"line":196,"column":20},"end":{"line":200,"column":43}},"type":"if","locations":[{"start":{"line":196,"column":20},"end":{"line":200,"column":43}},{"start":{"line":196,"column":20},"end":{"line":200,"column":43}}],"line":196},"22":{"loc":{"start":{"line":216,"column":12},"end":{"line":233,"column":13}},"type":"if","locations":[{"start":{"line":216,"column":12},"end":{"line":233,"column":13}},{"start":{"line":216,"column":12},"end":{"line":233,"column":13}}],"line":216},"23":{"loc":{"start":{"line":219,"column":16},"end":{"line":232,"column":39}},"type":"if","locations":[{"start":{"line":219,"column":16},"end":{"line":232,"column":39}},{"start":{"line":219,"column":16},"end":{"line":232,"column":39}}],"line":219},"24":{"loc":{"start":{"line":225,"column":24},"end":{"line":227,"column":25}},"type":"if","locations":[{"start":{"line":225,"column":24},"end":{"line":227,"column":25}},{"start":{"line":225,"column":24},"end":{"line":227,"column":25}}],"line":225},"25":{"loc":{"start":{"line":246,"column":12},"end":{"line":263,"column":13}},"type":"if","locations":[{"start":{"line":246,"column":12},"end":{"line":263,"column":13}},{"start":{"line":246,"column":12},"end":{"line":263,"column":13}}],"line":246},"26":{"loc":{"start":{"line":249,"column":16},"end":{"line":262,"column":39}},"type":"if","locations":[{"start":{"line":249,"column":16},"end":{"line":262,"column":39}},{"start":{"line":249,"column":16},"end":{"line":262,"column":39}}],"line":249},"27":{"loc":{"start":{"line":255,"column":24},"end":{"line":257,"column":25}},"type":"if","locations":[{"start":{"line":255,"column":24},"end":{"line":257,"column":25}},{"start":{"line":255,"column":24},"end":{"line":257,"column":25}}],"line":255}},"s":{"0":1,"1":1,"2":1,"3":2,"4":1,"5":10,"6":10,"7":10,"8":10,"9":10,"10":10,"11":10,"12":10,"13":10,"14":10,"15":0,"16":10,"17":1,"18":3,"19":3,"20":3,"21":3,"22":0,"23":3,"24":1,"25":2,"26":2,"27":2,"28":2,"29":0,"30":2,"31":2,"32":2,"33":0,"34":1,"35":0,"36":0,"37":0,"38":0,"39":0,"40":0,"41":0,"42":0,"43":0,"44":0,"45":1,"46":1,"47":1,"48":1,"49":1,"50":0,"51":1,"52":1,"53":0,"54":0,"55":0,"56":0,"57":0,"58":0,"59":0,"60":0,"61":1,"62":8,"63":8,"64":2,"65":2,"66":2,"67":0,"68":2,"69":1,"70":1,"71":6,"72":2,"73":2,"74":2,"75":0,"76":2,"77":1,"78":1,"79":4,"80":2,"81":2,"82":2,"83":0,"84":2,"85":1,"86":1,"87":2,"88":2,"89":2,"90":2,"91":0,"92":2,"93":1,"94":1,"95":1,"96":1,"97":1,"98":1,"99":1,"100":0,"101":1,"102":1,"103":1,"104":1,"105":1,"106":1,"107":1,"108":1,"109":1,"110":0,"111":1,"112":0,"113":0,"114":0,"115":0,"116":0,"117":0,"118":0,"119":0,"120":0,"121":0,"122":0,"123":0,"124":0,"125":0,"126":0,"127":0},"f":{"0":2,"1":10,"2":10,"3":10,"4":3,"5":3,"6":3,"7":2,"8":2,"9":2,"10":2,"11":0,"12":0,"13":0,"14":0,"15":1,"16":1,"17":1,"18":0,"19":0,"20":0,"21":8,"22":8,"23":2,"24":2,"25":2,"26":2,"27":1,"28":1,"29":1,"30":0,"31":0,"32":0},"b":{"0":[10,0],"1":[0,10],"2":[0,3],"3":[0,2],"4":[2,0],"5":[0,0],"6":[0,0],"7":[0,1],"8":[0,0],"9":[0,0],"10":[2,6],"11":[0,2],"12":[1,1],"13":[2,4],"14":[0,2],"15":[1,1],"16":[2,2],"17":[0,2],"18":[1,1],"19":[2,0],"20":[0,2],"21":[1,1],"22":[0,1],"23":[1,0],"24":[1,0],"25":[0,0],"26":[0,0],"27":[0,0]},"_coverageSchema":"1a1c01bbd47fc00a2c39e90264f33305004495a9","hash":"171f1fddbb51d62243ff85fb234b41b5e3d527b5","contentHash":"af1103ac740909024a1c63eed57c4d7df848c374fccf949fbeb719afd0b6b47d"},"D:\\Lavori\\GIT_REPO\\Project-SE2-2020\\server\\dao\\cancelled_bookings_dao.js":{"path":"D:\\Lavori\\GIT_REPO\\Project-SE2-2020\\server\\dao\\cancelled_bookings_dao.js","statementMap":{"0":{"start":{"line":6,"column":11},"end":{"line":6,"column":30}},"1":{"start":{"line":7,"column":25},"end":{"line":7,"column":62}},"2":{"start":{"line":15,"co
[...]
ne":152,"column":31},"end":{"line":152,"column":32}},"loc":{"start":{"line":152,"column":45},"end":{"line":165,"column":1}},"line":152},"20":{"name":"(anonymous_20)","decl":{"start":{"line":153,"column":66},"end":{"line":153,"column":67}},"loc":{"start":{"line":153,"column":80},"end":{"line":159,"column":3}},"line":153},"21":{"name":"(anonymous_21)","decl":{"start":{"line":160,"column":11},"end":{"line":160,"column":12}},"loc":{"start":{"line":160,"column":20},"end":{"line":164,"column":5}},"line":160},"22":{"name":"(anonymous_22)","decl":{"start":{"line":173,"column":27},"end":{"line":173,"column":28}},"loc":{"start":{"line":173,"column":41},"end":{"line":176,"column":1}},"line":173},"23":{"name":"(anonymous_23)","decl":{"start":{"line":174,"column":30},"end":{"line":174,"column":31}},"loc":{"start":{"line":174,"column":43},"end":{"line":174,"column":60}},"line":174},"24":{"name":"(anonymous_24)","decl":{"start":{"line":175,"column":11},"end":{"line":175,"column":12}},"loc":{"start":{"line":175,"column":20},"end":{"line":175,"column":68}},"line":175},"25":{"name":"(anonymous_25)","decl":{"start":{"line":184,"column":28},"end":{"line":184,"column":29}},"loc":{"start":{"line":184,"column":42},"end":{"line":187,"column":1}},"line":184},"26":{"name":"(anonymous_26)","decl":{"start":{"line":185,"column":31},"end":{"line":185,"column":32}},"loc":{"start":{"line":185,"column":45},"end":{"line":185,"column":63}},"line":185},"27":{"name":"(anonymous_27)","decl":{"start":{"line":186,"column":11},"end":{"line":186,"column":12}},"loc":{"start":{"line":186,"column":20},"end":{"line":186,"column":68}},"line":186},"28":{"name":"(anonymous_28)","decl":{"start":{"line":195,"column":30},"end":{"line":195,"column":31}},"loc":{"start":{"line":195,"column":44},"end":{"line":198,"column":1}},"line":195},"29":{"name":"(anonymous_29)","decl":{"start":{"line":196,"column":36},"end":{"line":196,"column":37}},"loc":{"start":{"line":196,"column":52},"end":{"line":196,"column":72}},"line":196},"30":{"name":"(anonymous_30)","decl":{"start":{"line":197,"column":11},"end":{"line":197,"column":12}},"loc":{"start":{"line":197,"column":20},"end":{"line":197,"column":68}},"line":197},"31":{"name":"(anonymous_31)","decl":{"start":{"line":206,"column":31},"end":{"line":206,"column":32}},"loc":{"start":{"line":206,"column":45},"end":{"line":209,"column":1}},"line":206},"32":{"name":"(anonymous_32)","decl":{"start":{"line":207,"column":35},"end":{"line":207,"column":36}},"loc":{"start":{"line":207,"column":49},"end":{"line":207,"column":67}},"line":207},"33":{"name":"(anonymous_33)","decl":{"start":{"line":208,"column":11},"end":{"line":208,"column":12}},"loc":{"start":{"line":208,"column":20},"end":{"line":208,"column":68}},"line":208},"34":{"name":"(anonymous_34)","decl":{"start":{"line":217,"column":39},"end":{"line":217,"column":40}},"loc":{"start":{"line":217,"column":53},"end":{"line":221,"column":1}},"line":217},"35":{"name":"(anonymous_35)","decl":{"start":{"line":219,"column":41},"end":{"line":219,"column":42}},"loc":{"start":{"line":219,"column":55},"end":{"line":219,"column":73}},"line":219},"36":{"name":"(anonymous_36)","decl":{"start":{"line":220,"column":11},"end":{"line":220,"column":12}},"loc":{"start":{"line":220,"column":20},"end":{"line":220,"column":68}},"line":220},"37":{"name":"(anonymous_37)","decl":{"start":{"line":229,"column":39},"end":{"line":229,"column":40}},"loc":{"start":{"line":229,"column":53},"end":{"line":233,"column":1}},"line":229},"38":{"name":"(anonymous_38)","decl":{"start":{"line":231,"column":44},"end":{"line":231,"column":45}},"loc":{"start":{"line":231,"column":58},"end":{"line":231,"column":76}},"line":231},"39":{"name":"(anonymous_39)","decl":{"start":{"line":232,"column":11},"end":{"line":232,"column":12}},"loc":{"start":{"line":232,"column":20},"end":{"line":232,"column":68}},"line":232},"40":{"name":"(anonymous_40)","decl":{"start":{"line":241,"column":26},"end":{"line":241,"column":27}},"loc":{"start":{"line":241,"column":40},"end":{"line":258,"column":1}},"line":241},"41":{"name":"(anonymous_41)","decl":{"start":{"line":254,"column":12},"end":{"line":254,"column":13}},"loc":{"start":{"line":254,"column":18},"end":{"line":254,"column":39}},"line":254},"42":{"name":"(anonymous_42)","decl":{"start":{"line":255,"column":13},"end":{"line":255,"column":14}},"loc":{"start":{"line":255,"column":22},"end":{"line":255,"column":70}},"line":255},"43":{"name":"(anonymous_43)","decl":{"start":{"line":266,"column":44},"end":{"line":266,"column":45}},"loc":{"start":{"line":266,"column":58},"end":{"line":272,"column":1}},"line":266},"44":{"name":"(anonymous_44)","decl":{"start":{"line":270,"column":10},"end":{"line":270,"column":11}},"loc":{"start":{"line":270,"column":16},"end":{"line":270,"column":37}},"line":270},"45":{"name":"(anonymous_45)","decl":{"start":{"line":271,"column":11},"end":{"line":271,"column":12}},"loc":{"start":{"line":271,"column":20},"end":{"line":271,"column":68}},"line":271},"46":{"name":"(anonymous_46)","decl":{"start":{"line":308,"column":25},"end":{"line":308,"column":26}},"loc":{"start":{"line":308,"column":39},"end":{"line":318,"column":1}},"line":308},"47":{"name":"(anonymous_47)","decl":{"start":{"line":315,"column":12},"end":{"line":315,"column":13}},"loc":{"start":{"line":315,"column":18},"end":{"line":315,"column":39}},"line":315},"48":{"name":"(anonymous_48)","decl":{"start":{"line":316,"column":13},"end":{"line":316,"column":14}},"loc":{"start":{"line":316,"column":22},"end":{"line":316,"column":70}},"line":316},"49":{"name":"(anonymous_49)","decl":{"start":{"line":326,"column":21},"end":{"line":326,"column":22}},"loc":{"start":{"line":326,"column":35},"end":{"line":334,"column":1}},"line":326},"50":{"name":"(anonymous_50)","decl":{"start":{"line":327,"column":51},"end":{"line":327,"column":52}},"loc":{"start":{"line":327,"column":63},"end":{"line":329,"column":3}},"line":327},"51":{"name":"(anonymous_51)","decl":{"start":{"line":329,"column":11},"end":{"line":329,"column":12}},"loc":{"start":{"line":329,"column":20},"end":{"line":333,"column":3}},"line":329},"52":{"name":"(anonymous_52)","decl":{"start":{"line":342,"column":29},"end":{"line":342,"column":30}},"loc":{"start":{"line":342,"column":43},"end":{"line":350,"column":1}},"line":342},"53":{"name":"(anonymous_53)","decl":{"start":{"line":343,"column":52},"end":{"line":343,"column":53}},"loc":{"start":{"line":343,"column":66},"end":{"line":345,"column":3}},"line":343},"54":{"name":"(anonymous_54)","decl":{"start":{"line":345,"column":11},"end":{"line":345,"column":12}},"loc":{"start":{"line":345,"column":20},"end":{"line":349,"column":3}},"line":345},"55":{"name":"(anonymous_55)","decl":{"start":{"line":360,"column":27},"end":{"line":360,"column":28}},"loc":{"start":{"line":360,"column":41},"end":{"line":372,"column":1}},"line":360},"56":{"name":"(anonymous_56)","decl":{"start":{"line":361,"column":82},"end":{"line":361,"column":83}},"loc":{"start":{"line":361,"column":93},"end":{"line":367,"column":3}},"line":361},"57":{"name":"(anonymous_57)","decl":{"start":{"line":367,"column":11},"end":{"line":367,"column":12}},"loc":{"start":{"line":367,"column":20},"end":{"line":371,"column":3}},"line":367},"58":{"name":"(anonymous_58)","decl":{"start":{"line":396,"column":47},"end":{"line":396,"column":48}},"loc":{"start":{"line":396,"column":61},"end":{"line":419,"column":1}},"line":396},"59":{"name":"(anonymous_59)","decl":{"start":{"line":401,"column":72},"end":{"line":401,"column":73}},"loc":{"start":{"line":401,"column":80},"end":{"line":414,"column":7}},"line":401},"60":{"name":"(anonymous_60)","decl":{"start":{"line":403,"column":59},"end":{"line":403,"column":60}},"loc":{"start":{"line":403,"column":70},"end":{"line":411,"column":15}},"line":403},"61":{"name":"(anonymous_61)","decl":{"start":{"line":414,"column":15},"end":{"line":414,"column":16}},"loc":{"start":{"line":414,"column":24},"end":{"line":414,"column":72}},"line":414},"62":{"name":"(anonymous_62)","decl":{"start":{"line":416,"column":55},"end":{"line":416,"column":56}},"loc":{"start":{"line":416,"column":64},"end":{"line":417,"column":7}},"line":416},"63":{"name":"(anonymous_63)","decl":{"start":{"line":417,"column":15},"end":{"line":417,"column":16}},"loc":{"start":{"line":417,"column":24},"end":{"line":417,"column":72}},"line":417},"64":{"name":"(anonymous_64)","decl":{"start":{"line":427,"column":52},"end":{"line":427,"column":53}},"loc":{"start":{"line":427,"column":66},"end":{"line":441,"column":1}},"line":427},"65":{"name":"(anonymous_65)","decl":{"start":{"line":438,"column":12},"end":{"line":438,"column":13}},"loc":{"start":{"line":438,"column":21},"end":{"line":438,"column":55}},"line":438},"66":{"name":"(anonymous_66)","decl":{"start":{"line":439,"column":13},"end":{"line":439,"column":14}},"loc":{"start":{"line":439,"column":22},"end":{"line":439,"column":70}},"line":439},"67":{"name":"(anonymous_67)","decl":{"start":{"line":449,"column":52},"end":{"line":449,"column":53}},"loc":{"start":{"line":449,"column":66},"end":{"line":464,"column":1}},"line":449},"68":{"name":"(anonymous_68)","decl":{"start":{"line":461,"column":12},"end":{"line":461,"column":13}},"loc":{"start":{"line":461,"column":21},"end":{"line":461,"column":55}},"line":461},"69":{"name":"(anonymous_69)","decl":{"start":{"line":462,"column":13},"end":{"line":462,"column":14}},"loc":{"start":{"line":462,"column":22},"end":{"line":462,"column":70}},"line":462},"70":{"name":"(anonymous_70)","decl":{"start":{"line":472,"column":34},"end":{"line":472,"column":35}},"loc":{"start":{"line":472,"column":48},"end":{"line":480,"column":1}},"line":472},"71":{"name":"(anonymous_71)","decl":{"start":{"line":473,"column":72},"end":{"line":473,"column":73}},"loc":{"start":{"line":473,"column":83},"end":{"line":475,"column":3}},"line":473},"72":{"name":"(anonymous_72)","decl":{"start":{"line":475,"column":11},"end":{"line":475,"column":12}},"loc":{"start":{"line":475,"column":20},"end":{"line":479,"column":3}},"line":475},"73":{"name":"(anonymous_73)","decl":{"start":{"line":490,"column":55},"end":{"line":490,"column":56}},"loc":{"start":{"line":490,"column":69},"end":{"line":499,"column":1}},"line":490},"74":{"name":"(anonymous_74)","decl":{"start":{"line":496,"column":12},"end":{"line":496,"column":13}},"loc":{"start":{"line":496,"column":18},"end":{"line":496,"column":39}},"line":496},"75":{"name":"(anonymous_75)","decl":{"start":{"line":497,"column":13},"end":{"line":497,"column":14}},"loc":{"start":{"line":497,"column":22},"end":{"line":497,"column":70}},"line":497},"76":{"name":"(anonymous_76)","decl":{"start":{"line":507,"column":42},"end":{"line":507,"column":43}},"loc":{"start":{"line":507,"column":56},"end":{"line":511,"column":1}},"line":507},"77":{"name":"(anonymous_77)","decl":{"start":{"line":509,"column":44},"end":{"line":509,"column":45}},"loc":{"start":{"line":509,"column":58},"end":{"line":509,"column":76}},"line":509},"78":{"name":"(anonymous_78)","decl":{"start":{"line":510,"column":11},"end":{"line":510,"column":12}},"loc":{"start":{"line":510,"column":20},"end":{"line":510,"column":68}},"line":510}},"branchMap":{"0":{"loc":{"start":{"line":47,"column":0},"end":{"line":49,"column":1}},"type":"if","locations":[{"start":{"line":47,"column":0},"end":{"line":49,"column":1}},{"start":{"line":47,"column":0},"end":{"line":49,"column":1}}],"line":47},"1":{"loc":{"start":{"line":93,"column":2},"end":{"line":112,"column":3}},"type":"if","locations":[{"start":{"line":93,"column":2},"end":{"line":112,"column":3}},{"start":{"line":93,"column":2},"end":{"line":112,"column":3}}],"line":93},"2":{"loc":{"start":{"line":98,"column":8},"end":{"line":105,"column":9}},"type":"if","locations":[{"start":{"line":98,"column":8},"end":{"line":105,"column":9}},{"start":{"line":98,"column":8},"end":{"line":105,"column":9}}],"line":98},"3":{"loc":{"start":{"line":98,"column":12},"end":{"line":98,"column":66}},"type":"binary-expr","locations":[{"start":{"line":98,"column":12},"end":{"line":98,"column":30}},{"start":{"line":98,"column":34},"end":{"line":98,"column":66}}],"line":98},"4":{"loc":{"start":{"line":155,"column":4},"end":{"line":157,"column":5}},"type":"if","locations":[{"start":{"line":155,"column":4},"end":{"line":157,"column":5}},{"start":{"line":155,"column":4},"end":{"line":157,"column":5}}],"line":155},"5":{"loc":{"start":{"line":250,"column":2},"end":{"line":257,"column":3}},"type":"if","locations":[{"start":{"line":250,"column":2},"end":{"line":257,"column":3}},{"start":{"line":250,"column":2},"end":{"line":257,"column":3}}],"line":250},"6":{"loc":{"start":{"line":311,"column":2},"end":{"line":317,"column":3}},"type":"if","locations":[{"start":{"line":311,"column":2},"end":{"line":317,"column":3}},{"start":{"line":311,"column":2},"end":{"line":317,"column":3}}],"line":311},"7":{"loc":{"start":{"line":363,"column":4},"end":{"line":365,"column":5}},"type":"if","locations":[{"start":{"line":363,"column":4},"end":{"line":365,"column":5}},{"start":{"line":363,"column":4},"end":{"line":365,"column":5}}],"line":363},"8":{"loc":{"start":{"line":398,"column":2},"end":{"line":418,"column":3}},"type":"if","locations":[{"start":{"line":398,"column":2},"end":{"line":418,"column":3}},{"start":{"line":398,"column":2},"end":{"line":418,"column":3}}],"line":398},"9":{"loc":{"start":{"line":434,"column":2},"end":{"line":440,"column":3}},"type":"if","locations":[{"start":{"line":434,"column":2},"end":{"line":440,"column":3}},{"start":{"line":434,"column":2},"end":{"line":440,"column":3}}],"line":434},"10":{"loc":{"start":{"line":457,"column":2},"end":{"line":463,"column":3}},"type":"if","locations":[{"start":{"line":457,"column":2},"end":{"line":463,"column":3}},{"start":{"line":457,"column":2},"end":{"line":463,"column":3}}],"line":457},"11":{"loc":{"start":{"line":457,"column":6},"end":{"line":457,"column":30}},"type":"binary-expr","locations":[{"start":{"line":457,"column":6},"end":{"line":457,"column":16}},{"start":{"line":457,"column":20},"end":{"line":457,"column":30}}],"line":457},"12":{"loc":{"start":{"line":492,"column":2},"end":{"line":498,"column":3}},"type":"if","locations":[{"start":{"line":492,"column":2},"end":{"line":498,"column":3}},{"start":{"line":492,"column":2},"end":{"line":498,"column":3}}],"line":492}},"s":{"0":1,"1":1,"2":1,"3":1,"4":1,"5":1,"6":1,"7":1,"8":1,"9":1,"10":1,"11":1,"12":1,"13":1,"14":1,"15":1,"16":1,"17":1,"18":1,"19":1,"20":1,"21":1,"22":1,"23":1,"24":1,"25":1,"26":1,"27":18,"28":18,"29":18,"30":18,"31":1,"32":1,"33":1,"34":1,"35":0,"36":0,"37":1,"38":1,"39":0,"40":0,"41":0,"42":0,"43":0,"44":0,"45":0,"46":0,"47":0,"48":0,"49":0,"50":0,"51":1,"52":0,"53":0,"54":0,"55":0,"56":0,"57":0,"58":0,"59":0,"60":0,"61":0,"62":1,"63":2,"64":2,"65":0,"66":1,"67":2,"68":2,"69":0,"70":1,"71":0,"72":0,"73":0,"74":0,"75":0,"76":0,"77":1,"78":1,"79":1,"80":0,"81":1,"82":2,"83":2,"84":0,"85":1,"86":2,"87":2,"88":0,"89":1,"90":2,"91":2,"92":0,"93":1,"94":0,"95":0,"96":0,"97":0,"98":1,"99":0,"100":0,"101":0,"102":0,"103":1,"104":1,"105":1,"106":1,"107":1,"108":1,"109":0,"110":1,"111":1,"112":0,"113":1,"114":1,"115":1,"116":1,"117":1,"118":0,"119":1,"120":1,"121":1,"122":0,"123":1,"124":1,"125":0,"126":1,"127":3,"128":3,"129":0,"130":1,"131":0,"132":0,"133":0,"134":1,"135":0,"136":0,"137":0,"138":0,"139":0,"140":0,"141":1,"142":0,"143":0,"144":0,"145":0,"146":0,"147":0,"148":0,"149":0,"150":0,"151":0,"152":0,"153":0,"154":0,"155":0,"156":0,"157":0,"158":1,"159":0,"160":0,"161":0,"162":0,"163":0,"164":0,"165":0,"166":0,"167":0,"168":0,"169":0,"170":1,"171":0,"172":0,"173":0,"174":0,"175":0,"176":0,"177":0,"178":0,"179":0,"180":0,"181":0,"182":0,"183":1,"184":0,"185":0,"186":0,"187":1,"188":0,"189":0,"190":0,"191":0,"192":0,"193":0,"194":1,"195":0,"196":0,"197":0,"198":0},"f":{"0":18,"1":1,"2":0,"3":0,"4":0,"5":0,"6":0,"7":0,"8":0,"9":0,"10":0,"11":0,"12":0,"13":2,"14":2,"15":0,"16":2,"17":2,"18":0,"19":0,"20":0,"21":0,"22":1,"23":1,"24":0,"25":2,"26":2,"27":0,"28":2,"29":2,"30":0,"31":2,"32":2,"33":0,"34":0,"35":0,"36":0,"37":0,"38":0,"39":0,"40":1,"41":1,"42":0,"43":1,"44":1,"45":0,"46":1,"47":1,"48":0,"49":3,"50":3,"51":0,"52":0,"53":0,"54":0,"55":0,"56":0,"57":0,"58":0,"59":0,"60":0,"61":0,"62":0,"63":0,"64":0,"65":0,"66":0,"67":0,"68":0,"69":0,"70":0,"71":0,"72":0,"73":0,"74":0,"75":0,"76":0,"77":0,"78":0},"b":{"0":[0,1],"1":[0,0],"2":[0,0],"3":[0,0],"4":[0,0],"5":[0,1],"6":[0,1],"7":[0,0],"8":[0,0],"9":[0,0],"10":[0,0],"11":[0,0],"12":[0,0]},"_coverageSchema":"1a1c01bbd47fc00a2c39e90264f33305004495a9","hash":"7d4d99275eb75e70a0a0110b646bc0e9c478573e","contentHash":"6ab5ff7e7332692da66c1337c6f56b387ed7fa6234287d09094438e5d6af887f"},"D:\\Lavori\\GIT_REPO\\Project-SE2-2020\\server\\utils\\midnightTimer.js":{"path":"D:\\Lavori\\GIT_REPO\\Project-SE2-2020\\server\\utils\\midnightTimer.js","statementMap":{"0":{"start":{"line":1,"column":15},"end":{"line":1,"column":32}},"1":{"start":{"line":9,"column":26},"end":{"line":9,"column":57}},"2":{"start":{"line":10,"column":4},"end":{"line":10,"column":59}},"3":{"start":{"line":15,"column":4},"end":{"line":24,"column":6}},"4":{"start":{"line":17,"column":12},"end":{"line":19,"column":13}},"5":{"start":{"line":18,"column":16},"end":{"line":18,"column":27}},"6":{"start":{"line":20,"column":33},"end":{"line":20,"column":64}},"7":{"start":{"line":21,"column":12},"end":{"line":21,"column":67}},"8":{"start":{"line":30,"column":4},"end":{"line":30,"column":47}},"9":{"start":{"line":30,"column":27},"end":{"line":30,"column":47}},"10":{"start":{"line":31,"column":16},"end":{"line":31,"column":24}},"11":{"start":{"line":32,"column":21},"end":{"line":32,"column":96}},"12":{"start":{"line":33,"column":21},"end":{"line":33,"column":55}},"13":{"start":{"line":34,"column":4},"end":{"line":34,"column":20}},"14":{"start":{"line":37,"column":0},"end":{"line":37,"column":34}}},"fnMap":{"0":{"name":"setMidnightTimer","decl":{"start":{"line":8,"column":9},"end":{"line":8,"column":25}},"loc":{"start":{"line":8,"column":55},"end":{"line":11,"column":1}},"line":8},"1":{"name":"__recursiveTimer","decl":{"start":{"line":14,"column":9},"end":{"line":14,"column":25}},"loc":{"start":{"line":14,"column":61},"end":{"line":25,"column":1}},"line":14},"2":{"name":"(anonymous_2)","decl":{"start":{"line":16,"column":8},"end":{"line":16,"column":9}},"loc":{"start":{"line":16,"column":14},"end":{"line":22,"column":9}},"line":16},"3":{"name":"__getNextDeadline","decl":{"start":{"line":29,"column":9},"end":{"line":29,"column":26}},"loc":{"start":{"line":29,"column":46},"end":{"line":35,"column":1}},"line":29}},"branchMap":{"0":{"loc":{"start":{"line":8,"column":36},"end":{"line":8,"column":53}},"type":"default-arg","locations":[{"start":{"line":8,"column":51},"end":{"line":8,"column":53}}],"line":8},"1":{"loc":{"start":{"line":14,"column":42},"end":{"line":14,"column":59}},"type":"default-arg","locations":[{"start":{"line":14,"column":57},"end":{"line":14,"column":59}}],"line":14},"2":{"loc":{"start":{"line":17,"column":12},"end":{"line":19,"column":13}},"type":"if","locations":[{"start":{"line":17,"column":12},"end":{"line":19,"column":13}},{"start":{"line":17,"column":12},"end":{"line":19,"column":13}}],"line":17},"3":{"loc":{"start":{"line":29,"column":27},"end":{"line":29,"column":44}},"type":"default-arg","locations":[{"start":{"line":29,"column":42},"end":{"line":29,"column":44}}],"line":29},"4":{"loc":{"start":{"line":30,"column":4},"end":{"line":30,"column":47}},"type":"if","locations":[{"start":{"line":30,"column":4},"end":{"line":30,"column":47}},{"start":{"line":30,"column":4},"end":{"line":30,"column":47}}],"line":30}},"s":{"0":1,"1":1,"2":1,"3":1,"4":0,"5":0,"6":0,"7":0,"8":1,"9":0,"10":1,"11":1,"12":1,"13":1,"14":1},"f":{"0":1,"1":1,"2":0,"3":1},"b":{"0":[1],"1":[0],"2":[0,0],"3":[0],"4":[0,1]},"_coverageSchema":"1a1c01bbd47fc00a2c39e90264f33305004495a9","hash":"cc74c834e204cd99855201fe5e9d35dbfb3f471d","contentHash":"5befbf203e6f4516e72e2511bb39b4eb6b95a81f3101dd8fddf380207f0255a5"}}