TN:
SF:server.js
FN:40,(anonymous_0)
FN:47,(anonymous_1)
FN:50,(anonymous_2)
FN:55,(anonymous_3)
FN:60,sendEmailsAtMidnight
FN:62,(anonymous_5)
FN:64,(anonymous_6)
FN:66,(anonymous_7)
FN:93,(anonymous_8)
FN:99,(anonymous_9)
FN:110,(anonymous_10)
FN:111,(anonymous_11)
FN:111,(anonymous_12)
FN:123,(anonymous_13)
FN:125,(anonymous_14)
FN:128,(anonymous_15)
FN:137,(anonymous_16)
FN:138,(anonymous_17)
FN:141,(anonymous_18)
FN:154,(anonymous_19)
FN:155,(anonymous_20)
FN:162,(anonymous_21)
FN:175,(anonymous_22)
FN:176,(anonymous_23)
FN:177,(anonymous_24)
FN:186,(anonymous_25)
FN:187,(anonymous_26)
FN:188,(anonymous_27)
FN:197,(anonymous_28)
FN:198,(anonymous_29)
FN:199,(anonymous_30)
FN:208,(anonymous_31)
FN:209,(anonymous_32)
FN:210,(anonymous_33)
FN:219,(anonymous_34)
FN:221,(anonymous_35)
FN:222,(anonymous_36)
FN:231,(anonymous_37)
FN:233,(anonymous_38)
FN:234,(anonymous_39)
FN:243,(anonymous_40)
FN:256,(anonymous_41)
FN:257,(anonymous_42)
FN:268,(anonymous_43)
FN:272,(anonymous_44)
FN:273,(anonymous_45)
FN:310,(anonymous_46)
FN:317,(anonymous_47)
FN:318,(anonymous_48)
FN:328,(anonymous_49)
FN:329,(anonymous_50)
FN:331,(anonymous_51)
FN:344,(anonymous_52)
FN:345,(anonymous_53)
FN:347,(anonymous_54)
FN:362,(anonymous_55)
FN:363,(anonymous_56)
FN:369,(anonymous_57)
FN:398,(anonymous_58)
FN:403,(anonymous_59)
FN:405,(anonymous_60)
FN:415,(anonymous_61)
FN:417,(anonymous_62)
FN:427,(anonymous_63)
FN:438,(anonymous_64)
FN:439,(anonymous_65)
FN:449,(anonymous_66)
FN:461,(anonymous_67)
FN:462,(anonymous_68)
FN:472,(anonymous_69)
FN:473,(anonymous_70)
FN:475,(anonymous_71)
FN:490,(anonymous_72)
FN:496,(anonymous_73)
FN:497,(anonymous_74)
FN:507,(anonymous_75)
FN:509,(anonymous_76)
FN:510,(anonymous_77)
FN:520,(anonymous_78)
FN:525,(anonymous_79)
FN:526,(anonymous_80)
FN:536,(anonymous_81)
FN:541,(anonymous_82)
FN:542,(anonymous_83)
FN:552,(anonymous_84)
FN:557,(anonymous_85)
FN:558,(anonymous_86)
FN:568,(anonymous_87)
FN:573,(anonymous_88)
FN:574,(anonymous_89)
FN:584,(anonymous_90)
FN:589,(anonymous_91)
FN:590,(anonymous_92)
FN:602,(anonymous_93)
FN:604,(anonymous_94)
FN:605,(anonymous_95)
FN:614,(anonymous_96)
FN:622,(anonymous_97)
FN:623,(anonymous_98)
FN:633,(anonymous_99)
FN:635,(anonymous_100)
FN:636,(anonymous_101)
FN:644,(anonymous_102)
FN:645,(anonymous_103)
FN:647,(anonymous_104)
FN:650,(anonymous_105)
FN:651,(anonymous_106)
FN:653,(anonymous_107)
FN:662,(anonymous_108)
FN:663,(anonymous_109)
FN:665,(anonymous_110)
FN:674,(anonymous_111)
FN:675,(anonymous_112)
FN:677,(anonymous_113)
FN:686,(anonymous_114)
FN:687,(anonymous_115)
FN:689,(anonymous_116)
FNF:117
FNH:22
FNDA:18,(anonymous_0)
FNDA:1,(anonymous_1)
FNDA:0,(anonymous_2)
FNDA:0,(anonymous_3)
FNDA:0,sendEmailsAtMidnight
FNDA:0,(anonymous_5)
FNDA:0,(anonymous_6)
FNDA:0,(anonymous_7)
FNDA:0,(anonymous_8)
FNDA:0,(anonymous_9)
FNDA:0,(anonymous_10)
FNDA:0,(anonymous_11)
FNDA:0,(anonymous_12)
FNDA:2,(anonymous_13)
FNDA:2,(anonymous_14)
FNDA:0,(anonymous_15)
FNDA:2,(anonymous_16)
FNDA:2,(anonymous_17)
FNDA:0,(anonymous_18)
FNDA:0,(anonymous_19)
FNDA:0,(anonymous_20)
FNDA:0,(anonymous_21)
FNDA:1,(anonymous_22)
FNDA:1,(anonymous_23)
FNDA:0,(anonymous_24)
FNDA:2,(anonymous_25)
FNDA:2,(anonymous_26)
FNDA:0,(anonymous_27)
FNDA:2,(anonymous_28)
FNDA:2,(anonymous_29)
FNDA:0,(anonymous_30)
FNDA:2,(anonymous_31)
FNDA:2,(anonymous_32)
FNDA:0,(anonymous_33)
FNDA:0,(anonymous_34)
FNDA:0,(anonymous_35)
FNDA:0,(anonymous_36)
FNDA:0,(anonymous_37)
FNDA:0,(anonymous_38)
FNDA:0,(anonymous_39)
FNDA:1,(anonymous_40)
FNDA:1,(anonymous_41)
FNDA:0,(anonymous_42)
FNDA:1,(anonymous_43)
FNDA:1,(anonymous_44)
FNDA:0,(anonymous_45)
FNDA:1,(anonymous_46)
FNDA:1,(anonymous_47)
FNDA:0,(anonymous_48)
FNDA:3,(anonymous_49)
FNDA:3,(anonymous_50)
FNDA:0,(anonymous_51)
FNDA:0,(anonymous_52)
FNDA:0,(anonymous_53)
FNDA:0,(anonymous_54)
FNDA:0,(anonymous_55)
FNDA:0,(anonymous_56)
FNDA:0,(anonymous_57)
FNDA:0,(anonymous_58)
FNDA:0,(anonymous_59)
FNDA:0,(anonymous_60)
FNDA:0,(anonymous_61)
FNDA:0,(anonymous_62)
FNDA:0,(anonymous_63)
FNDA:0,(anonymous_64)
FNDA:0,(anonymous_65)
FNDA:0,(anonymous_66)
FNDA:0,(anonymous_67)
FNDA:0,(anonymous_68)
FNDA:0,(anonymous_69)
FNDA:0,(anonymous_70)
FNDA:0,(anonymous_71)
FNDA:0,(anonymous_72)
FNDA:0,(anonymous_73)
FNDA:0,(anonymous_74)
FNDA:0,(anonymous_75)
FNDA:0,(anonymous_76)
FNDA:0,(anonymous_77)
FNDA:0,(anonymous_78)
FNDA:0,(anonymous_79)
FNDA:0,(anonymous_80)
FNDA:0,(anonymous_81)
FNDA:0,(anonymous_82)
FNDA:0,(anonymous_83)
FNDA:0,(anonymous_84)
FNDA:0,(anonymous_85)
FNDA:0,(anonymous_86)
FNDA:0,(anonymous_87)
FNDA:0,(anonymous_88)
FNDA:0,(anonymous_89)
FNDA:0,(anonymous_90)
FNDA:0,(anonymous_91)
FNDA:0,(anonymous_92)
FNDA:0,(anonymous_93)
FNDA:0,(anonymous_94)
FNDA:0,(anonymous_95)
FNDA:0,(anonymous_96)
FNDA:0,(anonymous_97)
FNDA:0,(anonymous_98)
FNDA:0,(anonymous_99)
FNDA:0,(anonymous_100)
FNDA:0,(anonymous_101)
FNDA:0,(anonymous_102)
FNDA:0,(anonymous_103)
FNDA:0,(anonymous_104)
FNDA:0,(anonymous_105)
FNDA:0,(anonymous_106)
FNDA:0,(anonymous_107)
FNDA:0,(anonymous_108)
FNDA:0,(anonymous_109)
FNDA:0,(anonymous_110)
FNDA:0,(anonymous_111)
FNDA:0,(anonymous_112)
FNDA:0,(anonymous_113)
FNDA:0,(anonymous_114)
FNDA:0,(anonymous_115)
FNDA:0,(anonymous_116)
DA:1,1
DA:3,1
DA:4,1
DA:5,1
DA:6,1
DA:7,1
DA:8,1
DA:9,1
DA:10,1
DA:11,1
DA:12,1
DA:13,1
DA:14,1
DA:15,1
DA:16,1
DA:17,1
DA:18,1
DA:19,1
DA:20,1
DA:21,1
DA:22,1
DA:23,1
DA:24,1
DA:28,1
DA:30,1
DA:32,1
DA:35,1
DA:37,1
DA:40,1
DA:41,18
DA:42,18
DA:43,18
DA:44,18
DA:47,1
DA:48,1
DA:49,1
DA:50,0
DA:54,1
DA:55,1
DA:62,0
DA:63,0
DA:64,0
DA:65,0
DA:66,0
DA:67,0
DA:68,0
DA:69,0
DA:70,0
DA:71,0
DA:76,0
DA:93,1
DA:94,0
DA:95,0
DA:96,0
DA:98,0
DA:100,0
DA:101,0
DA:106,0
DA:111,0
DA:123,1
DA:124,2
DA:126,2
DA:128,0
DA:137,1
DA:138,2
DA:139,2
DA:142,0
DA:154,1
DA:155,0
DA:156,0
DA:157,0
DA:158,0
DA:160,0
DA:163,0
DA:175,1
DA:176,1
DA:177,0
DA:186,1
DA:187,2
DA:188,0
DA:197,1
DA:198,2
DA:199,0
DA:208,1
DA:209,2
DA:210,0
DA:219,1
DA:220,0
DA:221,0
DA:222,0
DA:231,1
DA:232,0
DA:233,0
DA:234,0
DA:243,1
DA:244,1
DA:245,1
DA:246,1
DA:247,1
DA:252,1
DA:253,0
DA:255,1
DA:256,1
DA:257,0
DA:268,1
DA:269,1
DA:270,1
DA:271,1
DA:272,1
DA:273,0
DA:310,1
DA:311,1
DA:313,1
DA:314,0
DA:316,1
DA:317,1
DA:318,0
DA:328,1
DA:329,3
DA:330,3
DA:332,0
DA:344,1
DA:345,0
DA:346,0
DA:348,0
DA:362,1
DA:363,0
DA:364,0
DA:365,0
DA:366,0
DA:368,0
DA:370,0
DA:398,1
DA:399,0
DA:400,0
DA:401,0
DA:403,0
DA:404,0
DA:405,0
DA:406,0
DA:407,0
DA:408,0
DA:411,0
DA:415,0
DA:416,0
DA:417,0
DA:427,1
DA:428,0
DA:429,0
DA:430,0
DA:431,0
DA:432,0
DA:433,0
DA:434,0
DA:435,0
DA:437,0
DA:438,0
DA:439,0
DA:449,1
DA:450,0
DA:451,0
DA:452,0
DA:453,0
DA:454,0
DA:455,0
DA:456,0
DA:457,0
DA:458,0
DA:460,0
DA:461,0
DA:462,0
DA:472,1
DA:473,0
DA:474,0
DA:476,0
DA:490,1
DA:491,0
DA:492,0
DA:493,0
DA:495,0
DA:496,0
DA:497,0
DA:507,1
DA:508,0
DA:509,0
DA:510,0
DA:520,1
DA:521,0
DA:522,0
DA:524,0
DA:525,0
DA:526,0
DA:536,1
DA:537,0
DA:538,0
DA:540,0
DA:541,0
DA:542,0
DA:552,1
DA:553,0
DA:554,0
DA:556,0
DA:557,0
DA:558,0
DA:568,1
DA:569,0
DA:570,0
DA:572,0
DA:573,0
DA:574,0
DA:584,1
DA:585,0
DA:586,0
DA:588,0
DA:589,0
DA:590,0
DA:602,1
DA:603,0
DA:604,0
DA:605,0
DA:614,1
DA:615,0
DA:616,0
DA:618,0
DA:619,0
DA:621,0
DA:622,0
DA:623,0
DA:633,1
DA:634,0
DA:635,0
DA:636,0
DA:644,1
DA:645,0
DA:646,0
DA:647,0
DA:650,1
DA:651,0
DA:652,0
DA:653,0
DA:662,1
DA:663,0
DA:664,0
DA:665,0
DA:674,1
DA:675,0
DA:676,0
DA:677,0
DA:686,1
DA:687,0
DA:688,0
DA:689,0
LF:252
LH:98
BRDA:49,0,0,0
BRDA:49,0,1,1
BRDA:95,1,0,0
BRDA:95,1,1,0
BRDA:100,2,0,0
BRDA:100,2,1,0
BRDA:100,3,0,0
BRDA:100,3,1,0
BRDA:157,4,0,0
BRDA:157,4,1,0
BRDA:252,5,0,0
BRDA:252,5,1,1
BRDA:313,6,0,0
BRDA:313,6,1,1
BRDA:365,7,0,0
BRDA:365,7,1,0
BRDA:400,8,0,0
BRDA:400,8,1,0
BRDA:434,9,0,0
BRDA:434,9,1,0
BRDA:457,10,0,0
BRDA:457,10,1,0
BRDA:457,11,0,0
BRDA:457,11,1,0
BRDA:492,12,0,0
BRDA:492,12,1,0
BRDA:618,13,0,0
BRDA:618,13,1,0
BRDA:618,14,0,0
BRDA:618,14,1,0
BRF:30
BRH:3
end_of_record
TN:
SF:bean\booking.js
FN:9,(anonymous_0)
FNF:1
FNH:1
FNDA:12,(anonymous_0)
DA:10,12
DA:11,12
DA:12,12
DA:13,12
DA:17,1
LF:5
LH:5
BRF:0
BRH:0
end_of_record
TN:
SF:bean\cancelled_bookings.js
FN:9,(anonymous_0)
FNF:1
FNH:1
FNDA:3,(anonymous_0)
DA:10,3
DA:11,3
DA:12,3
DA:13,3
DA:17,1
LF:5
LH:5
BRF:0
BRH:0
end_of_record
TN:
SF:bean\cancelled_lectures.js
FN:10,(anonymous_0)
FNF:1
FNH:1
FNDA:2,(anonymous_0)
DA:11,2
DA:12,2
DA:13,2
DA:14,2
DA:15,2
DA:19,1
LF:6
LH:6
BRF:0
BRH:0
end_of_record
TN:
SF:bean\classroom.js
FN:9,(anonymous_0)
FNF:1
FNH:1
FNDA:4,(anonymous_0)
DA:1,1
DA:10,4
DA:11,4
DA:15,1
LF:4
LH:4
BRF:0
BRH:0
end_of_record
TN:
SF:bean\course.js
FN:8,(anonymous_0)
FNF:1
FNH:1
FNDA:15,(anonymous_0)
DA:9,15
DA:10,15
DA:11,15
DA:12,15
DA:13,15
DA:17,1
LF:6
LH:6
BRF:0
BRH:0
end_of_record
TN:
SF:bean\enrollment.js
FN:7,(anonymous_0)
FNF:1
FNH:1
FNDA:4,(anonymous_0)
DA:8,4
DA:9,4
DA:13,1
LF:3
LH:3
BRF:0
BRH:0
end_of_record
TN:
SF:bean\lecture.js
FN:14,(anonymous_0)
FNF:1
FNH:1
FNDA:20,(anonymous_0)
DA:15,20
DA:16,20
DA:17,20
DA:18,20
DA:19,20
DA:20,20
DA:21,20
DA:22,20
DA:23,20
DA:27,1
LF:10
LH:10
BRF:0
BRH:0
end_of_record
TN:
SF:bean\person.js
FN:11,(anonymous_0)
FNF:1
FNH:1
FNDA:11,(anonymous_0)
DA:12,11
DA:13,11
DA:14,11
DA:15,11
DA:16,11
DA:17,11
DA:18,11
DA:19,11
DA:20,11
DA:24,1
LF:10
LH:10
BRF:0
BRH:0
end_of_record
TN:
SF:bean\waiting_list.js
FN:9,(anonymous_0)
FNF:1
FNH:0
FNDA:0,(anonymous_0)
DA:10,0
DA:11,0
DA:12,0
DA:13,0
DA:17,1
LF:5
LH:1
BRF:0
BRH:0
end_of_record
TN:
SF:dao\booking_dao.js
FN:14,createBooking
FN:22,(anonymous_1)
FN:23,(anonymous_2)
FN:32,(anonymous_3)
FN:46,(anonymous_4)
FN:47,(anonymous_5)
FN:49,(anonymous_6)
FN:61,(anonymous_7)
FN:62,(anonymous_8)
FN:64,(anonymous_9)
FN:69,(anonymous_10)
FN:81,(anonymous_11)
FN:82,(anonymous_12)
FN:84,(anonymous_13)
FN:89,(anonymous_14)
FN:102,(anonymous_15)
FN:103,(anonymous_16)
FN:105,(anonymous_17)
FN:122,(anonymous_18)
FN:123,(anonymous_19)
FN:125,(anonymous_20)
FN:149,(anonymous_21)
FN:150,(anonymous_22)
FN:153,(anonymous_23)
FN:166,(anonymous_24)
FN:179,(anonymous_25)
FN:192,(anonymous_26)
FN:205,(anonymous_27)
FN:225,(anonymous_28)
FN:226,(anonymous_29)
FN:228,(anonymous_30)
FN:255,(anonymous_31)
FN:256,(anonymous_32)
FN:258,(anonymous_33)
FN:284,(anonymous_34)
FN:285,(anonymous_35)
FN:287,(anonymous_36)
FN:304,(anonymous_37)
FN:305,(anonymous_38)
FN:307,(anonymous_39)
FNF:40
FNH:23
FNDA:2,createBooking
FNDA:10,(anonymous_1)
FNDA:10,(anonymous_2)
FNDA:10,(anonymous_3)
FNDA:3,(anonymous_4)
FNDA:3,(anonymous_5)
FNDA:3,(anonymous_6)
FNDA:2,(anonymous_7)
FNDA:2,(anonymous_8)
FNDA:2,(anonymous_9)
FNDA:2,(anonymous_10)
FNDA:0,(anonymous_11)
FNDA:0,(anonymous_12)
FNDA:0,(anonymous_13)
FNDA:0,(anonymous_14)
FNDA:1,(anonymous_15)
FNDA:1,(anonymous_16)
FNDA:1,(anonymous_17)
FNDA:0,(anonymous_18)
FNDA:0,(anonymous_19)
FNDA:0,(anonymous_20)
FNDA:8,(anonymous_21)
FNDA:8,(anonymous_22)
FNDA:2,(anonymous_23)
FNDA:2,(anonymous_24)
FNDA:2,(anonymous_25)
FNDA:2,(anonymous_26)
FNDA:0,(anonymous_27)
FNDA:1,(anonymous_28)
FNDA:1,(anonymous_29)
FNDA:1,(anonymous_30)
FNDA:0,(anonymous_31)
FNDA:0,(anonymous_32)
FNDA:0,(anonymous_33)
FNDA:0,(anonymous_34)
FNDA:0,(anonymous_35)
FNDA:0,(anonymous_36)
FNDA:0,(anonymous_37)
FNDA:0,(anonymous_38)
FNDA:0,(anonymous_39)
DA:6,1
DA:7,1
DA:8,1
DA:15,2
DA:22,1
DA:23,10
DA:24,10
DA:25,10
DA:26,10
DA:27,10
DA:28,10
DA:29,10
DA:31,10
DA:32,10
DA:33,10
DA:34,0
DA:37,10
DA:46,1
DA:47,3
DA:48,3
DA:49,3
DA:50,3
DA:51,0
DA:53,3
DA:61,1
DA:62,2
DA:63,2
DA:64,2
DA:65,2
DA:66,0
DA:68,2
DA:69,2
DA:71,0
DA:81,1
DA:82,0
DA:83,0
DA:84,0
DA:85,0
DA:86,0
DA:88,0
DA:89,0
DA:90,0
DA:93,0
DA:102,1
DA:103,1
DA:104,1
DA:105,1
DA:106,1
DA:107,0
DA:109,1
DA:122,1
DA:123,0
DA:124,0
DA:125,0
DA:126,0
DA:127,0
DA:129,0
DA:130,0
DA:133,0
DA:149,1
DA:150,8
DA:151,8
DA:152,2
DA:153,2
DA:154,2
DA:155,0
DA:157,2
DA:158,1
DA:161,1
DA:164,6
DA:165,2
DA:166,2
DA:167,2
DA:168,0
DA:170,2
DA:171,1
DA:174,1
DA:177,4
DA:178,2
DA:179,2
DA:180,2
DA:181,0
DA:183,2
DA:184,1
DA:187,1
DA:190,2
DA:191,2
DA:192,2
DA:193,2
DA:194,0
DA:196,2
DA:197,1
DA:200,1
DA:203,0
DA:204,0
DA:205,0
DA:206,0
DA:207,0
DA:209,0
DA:210,0
DA:213,0
DA:225,1
DA:226,1
DA:227,1
DA:228,1
DA:229,1
DA:230,0
DA:232,1
DA:234,1
DA:235,1
DA:236,1
DA:237,1
DA:238,1
DA:239,1
DA:242,1
DA:245,0
DA:255,1
DA:256,0
DA:257,0
DA:258,0
DA:259,0
DA:260,0
DA:262,0
DA:263,0
DA:264,0
DA:265,0
DA:266,0
DA:267,0
DA:268,0
DA:271,0
DA:274,0
DA:284,1
DA:285,0
DA:286,0
DA:287,0
DA:288,0
DA:289,0
DA:291,0
DA:292,0
DA:295,0
DA:304,1
DA:305,0
DA:306,0
DA:307,0
DA:308,0
DA:309,0
DA:311,0
DA:312,0
DA:315,0
LF:149
LH:83
BRDA:31,0,0,10
BRDA:31,0,1,0
BRDA:33,1,0,0
BRDA:33,1,1,10
BRDA:50,2,0,0
BRDA:50,2,1,3
BRDA:65,3,0,0
BRDA:65,3,1,2
BRDA:68,4,0,2
BRDA:68,4,1,0
BRDA:85,5,0,0
BRDA:85,5,1,0
BRDA:88,6,0,0
BRDA:88,6,1,0
BRDA:106,7,0,0
BRDA:106,7,1,1
BRDA:126,8,0,0
BRDA:126,8,1,0
BRDA:129,9,0,0
BRDA:129,9,1,0
BRDA:151,10,0,2
BRDA:151,10,1,6
BRDA:154,11,0,0
BRDA:154,11,1,2
BRDA:157,12,0,1
BRDA:157,12,1,1
BRDA:164,13,0,2
BRDA:164,13,1,4
BRDA:167,14,0,0
BRDA:167,14,1,2
BRDA:170,15,0,1
BRDA:170,15,1,1
BRDA:177,16,0,2
BRDA:177,16,1,2
BRDA:180,17,0,0
BRDA:180,17,1,2
BRDA:183,18,0,1
BRDA:183,18,1,1
BRDA:190,19,0,2
BRDA:190,19,1,0
BRDA:193,20,0,0
BRDA:193,20,1,2
BRDA:196,21,0,1
BRDA:196,21,1,1
BRDA:203,22,0,0
BRDA:203,22,1,0
BRDA:206,23,0,0
BRDA:206,23,1,0
BRDA:209,24,0,0
BRDA:209,24,1,0
BRDA:229,25,0,0
BRDA:229,25,1,1
BRDA:232,26,0,1
BRDA:232,26,1,0
BRDA:238,27,0,1
BRDA:238,27,1,0
BRDA:259,28,0,0
BRDA:259,28,1,0
BRDA:262,29,0,0
BRDA:262,29,1,0
BRDA:267,30,0,0
BRDA:267,30,1,0
BRDA:288,31,0,0
BRDA:288,31,1,0
BRDA:291,32,0,0
BRDA:291,32,1,0
BRDA:308,33,0,0
BRDA:308,33,1,0
BRDA:311,34,0,0
BRDA:311,34,1,0
BRF:70
BRH:28
end_of_record
TN:
SF:dao\cancelled_bookings_dao.js
FN:14,createCancelledBooking
FN:22,(anonymous_1)
FN:23,(anonymous_2)
FN:27,(anonymous_3)
FN:40,(anonymous_4)
FN:41,(anonymous_5)
FN:43,(anonymous_6)
FN:55,(anonymous_7)
FN:56,(anonymous_8)
FN:58,(anonymous_9)
FN:63,(anonymous_10)
FN:78,(anonymous_11)
FN:79,(anonymous_12)
FN:81,(anonymous_13)
FNF:14
FNH:14
FNDA:1,createCancelledBooking
FNDA:2,(anonymous_1)
FNDA:2,(anonymous_2)
FNDA:2,(anonymous_3)
FNDA:1,(anonymous_4)
FNDA:1,(anonymous_5)
FNDA:1,(anonymous_6)
FNDA:1,(anonymous_7)
FNDA:1,(anonymous_8)
FNDA:1,(anonymous_9)
FNDA:1,(anonymous_10)
FNDA:1,(anonymous_11)
FNDA:1,(anonymous_12)
FNDA:1,(anonymous_13)
DA:6,1
DA:7,1
DA:15,1
DA:22,1
DA:23,2
DA:24,2
DA:25,2
DA:26,2
DA:27,2
DA:28,2
DA:29,0
DA:31,2
DA:40,1
DA:41,1
DA:42,1
DA:43,1
DA:44,1
DA:45,0
DA:47,1
DA:55,1
DA:56,1
DA:57,1
DA:58,1
DA:59,1
DA:60,0
DA:62,1
DA:63,1
DA:64,1
DA:66,0
DA:78,1
DA:79,1
DA:80,1
DA:81,1
DA:82,1
DA:83,0
DA:85,1
DA:86,1
DA:89,0
LF:38
LH:32
BRDA:28,0,0,0
BRDA:28,0,1,2
BRDA:44,1,0,0
BRDA:44,1,1,1
BRDA:59,2,0,0
BRDA:59,2,1,1
BRDA:62,3,0,1
BRDA:62,3,1,0
BRDA:82,4,0,0
BRDA:82,4,1,1
BRDA:85,5,0,1
BRDA:85,5,1,0
BRF:12
BRH:6
end_of_record
TN:
SF:dao\cancelled_lectures_dao.js
FN:14,createCancelledLecture
FN:22,(anonymous_1)
FN:23,(anonymous_2)
FN:28,(anonymous_3)
FN:41,(anonymous_4)
FN:42,(anonymous_5)
FN:44,(anonymous_6)
FN:56,(anonymous_7)
FN:57,(anonymous_8)
FN:59,(anonymous_9)
FN:64,(anonymous_10)
FN:74,(anonymous_11)
FN:75,(anonymous_12)
FN:77,(anonymous_13)
FNF:14
FNH:11
FNDA:1,createCancelledLecture
FNDA:1,(anonymous_1)
FNDA:1,(anonymous_2)
FNDA:1,(anonymous_3)
FNDA:1,(anonymous_4)
FNDA:1,(anonymous_5)
FNDA:1,(anonymous_6)
FNDA:1,(anonymous_7)
FNDA:1,(anonymous_8)
FNDA:1,(anonymous_9)
FNDA:1,(anonymous_10)
FNDA:0,(anonymous_11)
FNDA:0,(anonymous_12)
FNDA:0,(anonymous_13)
DA:6,1
DA:7,1
DA:15,1
DA:22,1
DA:23,1
DA:24,1
DA:25,1
DA:26,1
DA:28,1
DA:29,1
DA:30,0
DA:32,1
DA:41,1
DA:42,1
DA:43,1
DA:44,1
DA:45,1
DA:46,0
DA:48,1
DA:56,1
DA:57,1
DA:58,1
DA:59,1
DA:60,1
DA:61,0
DA:63,1
DA:64,1
DA:65,1
DA:67,0
DA:74,1
DA:75,0
DA:76,0
DA:77,0
DA:78,0
DA:79,0
DA:81,0
DA:82,0
DA:84,0
LF:38
LH:26
BRDA:29,0,0,0
BRDA:29,0,1,1
BRDA:45,1,0,0
BRDA:45,1,1,1
BRDA:60,2,0,0
BRDA:60,2,1,1
BRDA:63,3,0,1
BRDA:63,3,1,0
BRDA:78,4,0,0
BRDA:78,4,1,0
BRDA:81,5,0,0
BRDA:81,5,1,0
BRF:12
BRH:4
end_of_record
TN:
SF:dao\classroom_dao.js
FN:14,createClassroom
FN:22,(anonymous_1)
FN:23,(anonymous_2)
FN:29,(anonymous_3)
FN:42,(anonymous_4)
FN:43,(anonymous_5)
FN:45,(anonymous_6)
FN:57,(anonymous_7)
FN:58,(anonymous_8)
FN:60,(anonymous_9)
FN:64,(anonymous_10)
FN:72,(anonymous_11)
FN:73,(anonymous_12)
FN:75,(anonymous_13)
FNF:14
FNH:11
FNDA:2,createClassroom
FNDA:2,(anonymous_1)
FNDA:2,(anonymous_2)
FNDA:2,(anonymous_3)
FNDA:1,(anonymous_4)
FNDA:1,(anonymous_5)
FNDA:1,(anonymous_6)
FNDA:2,(anonymous_7)
FNDA:2,(anonymous_8)
FNDA:2,(anonymous_9)
FNDA:2,(anonymous_10)
FNDA:0,(anonymous_11)
FNDA:0,(anonymous_12)
FNDA:0,(anonymous_13)
DA:6,1
DA:7,1
DA:15,2
DA:22,1
DA:23,2
DA:24,2
DA:25,2
DA:27,2
DA:29,2
DA:30,2
DA:31,0
DA:33,2
DA:42,1
DA:43,1
DA:44,1
DA:45,1
DA:46,1
DA:47,0
DA:49,1
DA:57,1
DA:58,2
DA:59,2
DA:60,2
DA:61,2
DA:62,0
DA:64,2
DA:72,1
DA:73,0
DA:74,0
DA:75,0
DA:76,0
DA:77,0
DA:79,0
DA:80,0
DA:82,0
LF:35
LH:24
BRDA:30,0,0,0
BRDA:30,0,1,2
BRDA:46,1,0,0
BRDA:46,1,1,1
BRDA:61,2,0,0
BRDA:61,2,1,2
BRDA:76,3,0,0
BRDA:76,3,1,0
BRDA:79,4,0,0
BRDA:79,4,1,0
BRF:10
BRH:3
end_of_record
TN:
SF:dao\course_dao.js
FN:14,createCourse
FN:22,(anonymous_1)
FN:23,(anonymous_2)
FN:35,(anonymous_3)
FN:50,(anonymous_4)
FN:51,(anonymous_5)
FN:53,(anonymous_6)
FN:66,(anonymous_7)
FN:67,(anonymous_8)
FN:69,(anonymous_9)
FN:85,(anonymous_10)
FN:86,(anonymous_11)
FN:88,(anonymous_12)
FN:94,(anonymous_13)
FN:107,(anonymous_14)
FN:108,(anonymous_15)
FN:111,(anonymous_16)
FN:125,(anonymous_17)
FN:126,(anonymous_18)
FN:128,(anonymous_19)
FNF:20
FNH:16
FNDA:1,createCourse
FNDA:14,(anonymous_1)
FNDA:14,(anonymous_2)
FNDA:14,(anonymous_3)
FNDA:2,(anonymous_4)
FNDA:2,(anonymous_5)
FNDA:2,(anonymous_6)
FNDA:1,(anonymous_7)
FNDA:1,(anonymous_8)
FNDA:1,(anonymous_9)
FNDA:1,(anonymous_10)
FNDA:1,(anonymous_11)
FNDA:1,(anonymous_12)
FNDA:0,(anonymous_13)
FNDA:2,(anonymous_14)
FNDA:2,(anonymous_15)
FNDA:2,(anonymous_16)
FNDA:0,(anonymous_17)
FNDA:0,(anonymous_18)
FNDA:0,(anonymous_19)
DA:6,1
DA:7,1
DA:15,1
DA:22,1
DA:23,14
DA:24,14
DA:26,14
DA:27,0
DA:28,14
DA:30,14
DA:32,14
DA:33,8
DA:35,14
DA:36,14
DA:37,6
DA:40,8
DA:50,1
DA:51,2
DA:52,2
DA:53,2
DA:54,2
DA:55,0
DA:57,2
DA:66,1
DA:67,1
DA:68,1
DA:69,1
DA:70,1
DA:71,0
DA:73,1
DA:74,1
DA:76,0
DA:85,1
DA:86,1
DA:87,1
DA:88,1
DA:89,1
DA:90,0
DA:92,1
DA:94,1
DA:97,0
DA:107,1
DA:108,2
DA:110,2
DA:111,2
DA:112,2
DA:113,0
DA:115,2
DA:116,2
DA:118,0
DA:125,1
DA:126,0
DA:127,0
DA:128,0
DA:129,0
DA:130,0
DA:132,0
DA:133,0
DA:135,0
LF:59
LH:43
BRDA:36,0,0,6
BRDA:36,0,1,8
BRDA:54,1,0,0
BRDA:54,1,1,2
BRDA:70,2,0,0
BRDA:70,2,1,1
BRDA:73,3,0,1
BRDA:73,3,1,0
BRDA:89,4,0,0
BRDA:89,4,1,1
BRDA:92,5,0,1
BRDA:92,5,1,0
BRDA:112,6,0,0
BRDA:112,6,1,2
BRDA:115,7,0,2
BRDA:115,7,1,0
BRDA:129,8,0,0
BRDA:129,8,1,0
BRDA:132,9,0,0
BRDA:132,9,1,0
BRF:20
BRH:9
end_of_record
TN:
SF:dao\enrollment_dao.js
FN:15,(anonymous_0)
FN:16,(anonymous_1)
FN:30,(anonymous_2)
FN:44,(anonymous_3)
FN:45,(anonymous_4)
FN:47,(anonymous_5)
FNF:6
FNH:6
FNDA:4,(anonymous_0)
FNDA:4,(anonymous_1)
FNDA:4,(anonymous_2)
FNDA:2,(anonymous_3)
FNDA:2,(anonymous_4)
FNDA:2,(anonymous_5)
DA:6,1
DA:7,1
DA:8,1
DA:9,1
DA:15,1
DA:16,4
DA:18,4
DA:20,4
DA:21,0
DA:22,4
DA:24,4
DA:26,4
DA:27,3
DA:30,4
DA:31,4
DA:32,1
DA:34,3
DA:44,1
DA:45,2
DA:46,2
DA:47,2
DA:48,2
DA:49,0
DA:51,2
LF:24
LH:22
BRDA:31,0,0,1
BRDA:31,0,1,3
BRDA:48,1,0,0
BRDA:48,1,1,2
BRF:4
BRH:3
end_of_record
TN:
SF:dao\lecture_dao.js
FN:15,createLecture
FN:23,(anonymous_1)
FN:24,(anonymous_2)
FN:36,(anonymous_3)
FN:50,(anonymous_4)
FN:51,(anonymous_5)
FN:53,(anonymous_6)
FN:66,(anonymous_7)
FN:67,(anonymous_8)
FN:69,(anonymous_9)
FN:86,(anonymous_10)
FN:87,(anonymous_11)
FN:89,(anonymous_12)
FN:102,(anonymous_13)
FN:122,(anonymous_14)
FN:123,(anonymous_15)
FN:125,(anonymous_16)
FN:138,(anonymous_17)
FN:162,(anonymous_18)
FN:163,(anonymous_19)
FN:165,(anonymous_20)
FN:179,(anonymous_21)
FN:182,(anonymous_22)
FN:184,(anonymous_23)
FN:202,(anonymous_24)
FN:203,(anonymous_25)
FN:205,(anonymous_26)
FNF:27
FNH:22
FNDA:2,createLecture
FNDA:17,(anonymous_1)
FNDA:17,(anonymous_2)
FNDA:17,(anonymous_3)
FNDA:2,(anonymous_4)
FNDA:2,(anonymous_5)
FNDA:2,(anonymous_6)
FNDA:2,(anonymous_7)
FNDA:2,(anonymous_8)
FNDA:2,(anonymous_9)
FNDA:4,(anonymous_10)
FNDA:4,(anonymous_11)
FNDA:4,(anonymous_12)
FNDA:0,(anonymous_13)
FNDA:1,(anonymous_14)
FNDA:1,(anonymous_15)
FNDA:1,(anonymous_16)
FNDA:0,(anonymous_17)
FNDA:1,(anonymous_18)
FNDA:1,(anonymous_19)
FNDA:1,(anonymous_20)
FNDA:1,(anonymous_21)
FNDA:1,(anonymous_22)
FNDA:1,(anonymous_23)
FNDA:0,(anonymous_24)
FNDA:0,(anonymous_25)
FNDA:0,(anonymous_26)
DA:6,1
DA:7,1
DA:8,1
DA:16,2
DA:23,1
DA:24,17
DA:25,17
DA:27,17
DA:28,0
DA:29,17
DA:31,17
DA:33,17
DA:34,11
DA:36,17
DA:37,17
DA:38,6
DA:40,11
DA:50,1
DA:51,2
DA:52,2
DA:53,2
DA:54,2
DA:55,0
DA:57,2
DA:66,1
DA:67,2
DA:68,2
DA:69,2
DA:70,2
DA:71,0
DA:73,2
DA:74,2
DA:76,0
DA:86,1
DA:87,4
DA:88,4
DA:89,4
DA:90,4
DA:91,0
DA:93,4
DA:94,4
DA:95,4
DA:96,4
DA:97,2
DA:98,2
DA:99,2
DA:102,4
DA:104,0
DA:105,0
DA:107,0
DA:109,4
DA:112,0
DA:122,1
DA:123,1
DA:124,1
DA:125,1
DA:126,1
DA:127,0
DA:129,1
DA:130,1
DA:131,1
DA:132,1
DA:133,1
DA:134,1
DA:135,1
DA:138,1
DA:140,0
DA:141,0
DA:143,0
DA:145,1
DA:148,0
DA:162,1
DA:163,1
DA:164,1
DA:165,1
DA:166,1
DA:167,0
DA:169,1
DA:179,1
DA:180,1
DA:182,1
DA:183,1
DA:184,1
DA:185,1
DA:186,0
DA:188,1
DA:189,1
DA:192,0
DA:202,1
DA:203,0
DA:204,0
DA:205,0
DA:206,0
DA:207,0
DA:209,0
DA:210,0
DA:213,0
LF:97
LH:72
BRDA:37,0,0,6
BRDA:37,0,1,11
BRDA:54,1,0,0
BRDA:54,1,1,2
BRDA:70,2,0,0
BRDA:70,2,1,2
BRDA:73,3,0,2
BRDA:73,3,1,0
BRDA:90,4,0,0
BRDA:90,4,1,4
BRDA:93,5,0,4
BRDA:93,5,1,0
BRDA:98,6,0,2
BRDA:98,6,1,0
BRDA:104,7,0,0
BRDA:104,7,1,0
BRDA:126,8,0,0
BRDA:126,8,1,1
BRDA:129,9,0,1
BRDA:129,9,1,0
BRDA:134,10,0,1
BRDA:134,10,1,0
BRDA:140,11,0,0
BRDA:140,11,1,0
BRDA:166,12,0,0
BRDA:166,12,1,1
BRDA:185,13,0,0
BRDA:185,13,1,1
BRDA:188,14,0,1
BRDA:188,14,1,0
BRDA:206,15,0,0
BRDA:206,15,1,0
BRDA:209,16,0,0
BRDA:209,16,1,0
BRF:34
BRH:14
end_of_record
TN:
SF:dao\person_dao.js
FN:14,createPerson
FN:22,(anonymous_1)
FN:23,(anonymous_2)
FN:36,(anonymous_3)
FN:50,(anonymous_4)
FN:51,(anonymous_5)
FN:53,(anonymous_6)
FN:66,(anonymous_7)
FN:67,(anonymous_8)
FN:69,(anonymous_9)
FN:87,(anonymous_10)
FN:88,(anonymous_11)
FN:90,(anonymous_12)
FN:95,(anonymous_13)
FN:108,(anonymous_14)
FN:109,(anonymous_15)
FN:111,(anonymous_16)
FN:116,(anonymous_17)
FNF:18
FNH:16
FNDA:1,createPerson
FNDA:10,(anonymous_1)
FNDA:10,(anonymous_2)
FNDA:10,(anonymous_3)
FNDA:5,(anonymous_4)
FNDA:5,(anonymous_5)
FNDA:5,(anonymous_6)
FNDA:1,(anonymous_7)
FNDA:1,(anonymous_8)
FNDA:1,(anonymous_9)
FNDA:3,(anonymous_10)
FNDA:3,(anonymous_11)
FNDA:3,(anonymous_12)
FNDA:0,(anonymous_13)
FNDA:2,(anonymous_14)
FNDA:2,(anonymous_15)
FNDA:2,(anonymous_16)
FNDA:0,(anonymous_17)
DA:6,1
DA:7,1
DA:15,1
DA:22,1
DA:23,10
DA:24,10
DA:26,10
DA:27,0
DA:28,10
DA:30,10
DA:32,10
DA:33,7
DA:36,10
DA:37,10
DA:38,3
DA:41,7
DA:50,1
DA:51,5
DA:52,5
DA:53,5
DA:54,5
DA:55,0
DA:57,5
DA:66,1
DA:67,1
DA:68,1
DA:69,1
DA:70,1
DA:71,0
DA:73,1
DA:74,1
DA:76,0
DA:87,1
DA:88,3
DA:89,3
DA:90,3
DA:91,3
DA:92,0
DA:94,3
DA:95,0
DA:96,0
DA:98,3
DA:108,1
DA:109,2
DA:110,2
DA:111,2
DA:112,2
DA:113,0
DA:115,2
DA:116,2
DA:117,2
DA:119,0
LF:52
LH:43
BRDA:37,0,0,3
BRDA:37,0,1,7
BRDA:54,1,0,0
BRDA:54,1,1,5
BRDA:70,2,0,0
BRDA:70,2,1,1
BRDA:73,3,0,1
BRDA:73,3,1,0
BRDA:91,4,0,0
BRDA:91,4,1,3
BRDA:94,5,0,0
BRDA:94,5,1,3
BRDA:112,6,0,0
BRDA:112,6,1,2
BRDA:115,7,0,2
BRDA:115,7,1,0
BRF:16
BRH:9
end_of_record
TN:
SF:dao\waiting_list_dao.js
FN:11,createWaitingList
FN:15,(anonymous_1)
FN:16,(anonymous_2)
FN:18,(anonymous_3)
FN:24,(anonymous_4)
FN:38,(anonymous_5)
FN:39,(anonymous_6)
FN:45,(anonymous_7)
FN:54,(anonymous_8)
FN:55,(anonymous_9)
FN:59,(anonymous_10)
FN:78,(anonymous_11)
FN:79,(anonymous_12)
FN:81,(anonymous_13)
FNF:14
FNH:0
FNDA:0,createWaitingList
FNDA:0,(anonymous_1)
FNDA:0,(anonymous_2)
FNDA:0,(anonymous_3)
FNDA:0,(anonymous_4)
FNDA:0,(anonymous_5)
FNDA:0,(anonymous_6)
FNDA:0,(anonymous_7)
FNDA:0,(anonymous_8)
FNDA:0,(anonymous_9)
FNDA:0,(anonymous_10)
FNDA:0,(anonymous_11)
FNDA:0,(anonymous_12)
FNDA:0,(anonymous_13)
DA:6,1
DA:7,1
DA:8,1
DA:12,0
DA:15,1
DA:16,0
DA:17,0
DA:18,0
DA:19,0
DA:20,0
DA:22,0
DA:24,0
DA:27,0
DA:38,1
DA:39,0
DA:40,0
DA:41,0
DA:42,0
DA:43,0
DA:44,0
DA:45,0
DA:46,0
DA:47,0
DA:49,0
DA:54,1
DA:55,0
DA:56,0
DA:57,0
DA:58,0
DA:59,0
DA:60,0
DA:61,0
DA:63,0
DA:64,0
DA:66,0
DA:78,1
DA:79,0
DA:80,0
DA:81,0
DA:82,0
DA:83,0
DA:85,0
LF:42
LH:7
BRDA:19,0,0,0
BRDA:19,0,1,0
BRDA:22,1,0,0
BRDA:22,1,1,0
BRDA:46,2,0,0
BRDA:46,2,1,0
BRDA:60,3,0,0
BRDA:60,3,1,0
BRDA:63,4,0,0
BRDA:63,4,1,0
BRDA:82,5,0,0
BRDA:82,5,1,0
BRF:12
BRH:0
end_of_record
TN:
SF:db\db.js
FN:18,(anonymous_0)
FN:26,(anonymous_1)
FNF:2
FNH:2
FNDA:1,(anonymous_0)
FNDA:1,(anonymous_1)
DA:3,1
DA:4,1
DA:5,1
DA:7,1
DA:8,1
DA:9,1
DA:12,1
DA:14,1
DA:18,1
DA:19,1
DA:20,0
DA:21,0
DA:26,1
DA:28,1
DA:29,1
DA:32,1
LF:16
LH:14
BRDA:9,0,0,1
BRDA:9,0,1,0
BRDA:12,1,0,1
BRDA:12,1,1,0
BRDA:19,2,0,0
BRDA:19,2,1,1
BRF:6
BRH:3
end_of_record
TN:
SF:db\dbsettings.js
FN:6,(anonymous_0)
FNF:1
FNH:0
FNDA:0,(anonymous_0)
DA:7,0
DA:11,1
LF:2
LH:1
BRF:0
BRH:0
end_of_record
TN:
SF:utils\DataLoader.js
FN:16,associateDay
FN:33,(anonymous_1)
FN:36,(anonymous_2)
FN:39,(anonymous_3)
FN:66,(anonymous_4)
FN:69,(anonymous_5)
FN:72,(anonymous_6)
FN:99,(anonymous_7)
FN:102,(anonymous_8)
FN:105,(anonymous_9)
FN:125,(anonymous_10)
FN:128,(anonymous_11)
FN:131,(anonymous_12)
FN:154,(anonymous_13)
FN:157,(anonymous_14)
FN:160,(anonymous_15)
FNF:16
FNH:0
FNDA:0,associateDay
FNDA:0,(anonymous_1)
FNDA:0,(anonymous_2)
FNDA:0,(anonymous_3)
FNDA:0,(anonymous_4)
FNDA:0,(anonymous_5)
FNDA:0,(anonymous_6)
FNDA:0,(anonymous_7)
FNDA:0,(anonymous_8)
FNDA:0,(anonymous_9)
FNDA:0,(anonymous_10)
FNDA:0,(anonymous_11)
FNDA:0,(anonymous_12)
FNDA:0,(anonymous_13)
FNDA:0,(anonymous_14)
FNDA:0,(anonymous_15)
DA:1,1
DA:2,1
DA:3,1
DA:5,1
DA:6,1
DA:7,1
DA:8,1
DA:9,1
DA:10,1
DA:11,1
DA:12,1
DA:13,1
DA:14,1
DA:17,0
DA:19,0
DA:21,0
DA:23,0
DA:25,0
DA:27,0
DA:34,0
DA:35,0
DA:36,0
DA:37,0
DA:40,0
DA:41,0
DA:42,0
DA:43,0
DA:54,0
DA:56,0
DA:57,0
DA:58,0
DA:59,0
DA:60,0
DA:67,0
DA:68,0
DA:69,0
DA:70,0
DA:73,0
DA:74,0
DA:75,0
DA:76,0
DA:87,0
DA:89,0
DA:90,0
DA:91,0
DA:92,0
DA:93,0
DA:100,0
DA:101,0
DA:102,0
DA:103,0
DA:106,0
DA:107,0
DA:108,0
DA:109,0
DA:113,0
DA:115,0
DA:116,0
DA:117,0
DA:118,0
DA:119,0
DA:126,0
DA:127,0
DA:128,0
DA:129,0
DA:132,0
DA:133,0
DA:134,0
DA:135,0
DA:142,0
DA:144,0
DA:145,0
DA:146,0
DA:147,0
DA:148,0
DA:155,0
DA:156,0
DA:157,0
DA:158,0
DA:161,0
DA:162,0
DA:163,0
DA:165,0
DA:166,0
DA:167,0
DA:168,0
DA:171,0
DA:172,0
DA:173,0
DA:175,0
DA:176,0
DA:177,0
DA:179,0
DA:181,0
DA:182,0
DA:183,0
DA:185,0
DA:196,0
DA:198,0
DA:202,0
DA:203,0
DA:204,0
DA:206,0
DA:207,0
DA:215,1
LF:105
LH:14
BRDA:17,0,0,0
BRDA:17,0,1,0
BRDA:17,0,2,0
BRDA:17,0,3,0
BRDA:17,0,4,0
BRDA:166,1,0,0
BRDA:166,1,1,0
BRDA:182,2,0,0
BRDA:182,2,1,0
BRF:9
BRH:0
end_of_record
TN:
SF:utils\EmailSender.js
FN:11,(anonymous_0)
FN:31,(anonymous_1)
FN:47,(anonymous_2)
FN:52,(anonymous_3)
FN:64,(anonymous_4)
FN:65,(anonymous_5)
FN:67,(anonymous_6)
FN:78,(anonymous_7)
FNF:8
FNH:8
FNDA:5,(anonymous_0)
FNDA:7,(anonymous_1)
FNDA:7,(anonymous_2)
FNDA:6,(anonymous_3)
FNDA:4,(anonymous_4)
FNDA:4,(anonymous_5)
FNDA:4,(anonymous_6)
FNDA:6,(anonymous_7)
DA:1,1
DA:12,5
DA:13,5
DA:14,5
DA:16,5
DA:33,7
DA:35,7
DA:36,1
DA:38,6
DA:39,6
DA:47,7
DA:48,7
DA:49,1
DA:50,1
DA:52,6
DA:53,6
DA:54,2
DA:56,4
DA:65,4
DA:67,4
DA:68,4
DA:69,3
DA:71,1
DA:79,6
DA:80,6
DA:81,3
DA:82,6
DA:84,3
DA:86,3
DA:88,6
DA:93,1
LF:31
LH:31
BRDA:35,0,0,1
BRDA:35,0,1,6
BRDA:35,1,0,7
BRDA:35,1,1,7
BRDA:48,2,0,1
BRDA:48,2,1,6
BRDA:53,3,0,2
BRDA:53,3,1,4
BRDA:68,4,0,3
BRDA:68,4,1,1
BRDA:80,5,0,3
BRDA:80,5,1,3
BRF:12
BRH:12
end_of_record
TN:
SF:utils\midnightTimer.js
FN:8,setMidnightTimer
FN:14,__recursiveTimer
FN:16,(anonymous_2)
FN:29,__getNextDeadline
FNF:4
FNH:3
FNDA:1,setMidnightTimer
FNDA:1,__recursiveTimer
FNDA:0,(anonymous_2)
FNDA:1,__getNextDeadline
DA:1,1
DA:9,1
DA:10,1
DA:15,1
DA:17,0
DA:18,0
DA:20,0
DA:21,0
DA:30,1
DA:31,1
DA:32,1
DA:33,1
DA:34,1
DA:37,1
LF:14
LH:10
BRDA:8,0,0,1
BRDA:14,1,0,0
BRDA:17,2,0,0
BRDA:17,2,1,0
BRDA:29,3,0,0
BRDA:30,4,0,0
BRDA:30,4,1,1
BRF:7
BRH:2
end_of_record
