TN:
SF:server.js
FN:41,(anonymous_0)
FN:48,(anonymous_1)
FN:51,(anonymous_2)
FN:56,(anonymous_3)
FN:61,sendEmailsAtMidnight
FN:63,(anonymous_5)
FN:65,(anonymous_6)
FN:67,(anonymous_7)
FN:93,(anonymous_8)
FN:99,(anonymous_9)
FN:110,(anonymous_10)
FN:111,(anonymous_11)
FN:111,(anonymous_12)
FN:123,(anonymous_13)
FN:125,(anonymous_14)
FN:128,(anonymous_15)
FN:131,(anonymous_16)
FN:133,(anonymous_17)
FN:136,(anonymous_18)
FN:139,(anonymous_19)
FN:141,(anonymous_20)
FN:144,(anonymous_21)
FN:153,(anonymous_22)
FN:154,(anonymous_23)
FN:157,(anonymous_24)
FN:170,(anonymous_25)
FN:171,(anonymous_26)
FN:178,(anonymous_27)
FN:191,(anonymous_28)
FN:192,(anonymous_29)
FN:193,(anonymous_30)
FN:202,(anonymous_31)
FN:205,(anonymous_32)
FN:206,(anonymous_33)
FN:215,(anonymous_34)
FN:218,(anonymous_35)
FN:219,(anonymous_36)
FN:229,(anonymous_37)
FN:230,(anonymous_38)
FN:231,(anonymous_39)
FN:240,(anonymous_40)
FN:241,(anonymous_41)
FN:242,(anonymous_42)
FN:251,(anonymous_43)
FN:252,(anonymous_44)
FN:253,(anonymous_45)
FN:262,(anonymous_46)
FN:264,(anonymous_47)
FN:265,(anonymous_48)
FN:274,(anonymous_49)
FN:276,(anonymous_50)
FN:277,(anonymous_51)
FN:286,(anonymous_52)
FN:297,(anonymous_53)
FN:298,(anonymous_54)
FN:309,(anonymous_55)
FN:314,(anonymous_56)
FN:316,(anonymous_57)
FN:318,(anonymous_58)
FN:319,(anonymous_59)
FN:322,(anonymous_60)
FN:323,(anonymous_61)
FN:325,(anonymous_62)
FN:342,(anonymous_63)
FN:379,(anonymous_64)
FN:383,(anonymous_65)
FN:384,(anonymous_66)
FN:394,(anonymous_67)
FN:397,(anonymous_68)
FN:398,(anonymous_69)
FN:431,(anonymous_70)
FN:432,(anonymous_71)
FN:434,(anonymous_72)
FN:447,(anonymous_73)
FN:448,(anonymous_74)
FN:450,(anonymous_75)
FN:465,(anonymous_76)
FN:466,(anonymous_77)
FN:472,(anonymous_78)
FN:488,(anonymous_79)
FN:493,(anonymous_80)
FN:495,(anonymous_81)
FN:505,(anonymous_82)
FN:507,(anonymous_83)
FN:517,(anonymous_84)
FN:528,(anonymous_85)
FN:529,(anonymous_86)
FN:539,(anonymous_87)
FN:551,(anonymous_88)
FN:552,(anonymous_89)
FN:562,(anonymous_90)
FN:563,(anonymous_91)
FN:565,(anonymous_92)
FN:580,(anonymous_93)
FN:586,(anonymous_94)
FN:587,(anonymous_95)
FN:597,(anonymous_96)
FN:599,(anonymous_97)
FN:600,(anonymous_98)
FN:611,(anonymous_99)
FN:620,(anonymous_100)
FN:621,(anonymous_101)
FN:625,(anonymous_102)
FN:626,(anonymous_103)
FN:630,(anonymous_104)
FN:631,(anonymous_105)
FN:635,(anonymous_106)
FN:636,(anonymous_107)
FN:640,(anonymous_108)
FN:641,(anonymous_109)
FN:658,(anonymous_110)
FN:666,(anonymous_111)
FN:673,(anonymous_112)
FN:682,(anonymous_113)
FN:683,(anonymous_114)
FN:690,(anonymous_115)
FN:693,(anonymous_116)
FN:694,(anonymous_117)
FN:700,(anonymous_118)
FN:712,(anonymous_119)
FN:713,(anonymous_120)
FN:714,(anonymous_121)
FN:723,(anonymous_122)
FN:731,(anonymous_123)
FN:732,(anonymous_124)
FN:742,(anonymous_125)
FN:744,(anonymous_126)
FN:745,(anonymous_127)
FN:753,(anonymous_128)
FN:754,(anonymous_129)
FN:756,(anonymous_130)
FN:759,(anonymous_131)
FN:760,(anonymous_132)
FN:762,(anonymous_133)
FN:765,(anonymous_134)
FN:766,(anonymous_135)
FN:768,(anonymous_136)
FN:777,(anonymous_137)
FN:778,(anonymous_138)
FN:780,(anonymous_139)
FN:789,(anonymous_140)
FN:790,(anonymous_141)
FN:792,(anonymous_142)
FN:801,(anonymous_143)
FN:802,(anonymous_144)
FN:804,(anonymous_145)
FN:813,(anonymous_146)
FN:814,(anonymous_147)
FN:816,(anonymous_148)
FN:824,(anonymous_149)
FN:825,(anonymous_150)
FN:827,(anonymous_151)
FN:835,(anonymous_152)
FN:836,(anonymous_153)
FN:837,(anonymous_154)
FN:840,(anonymous_155)
FN:841,(anonymous_156)
FN:843,(anonymous_157)
FN:846,(anonymous_158)
FN:847,(anonymous_159)
FN:849,(anonymous_160)
FN:860,(anonymous_161)
FN:861,(anonymous_162)
FN:868,(anonymous_163)
FNF:164
FNH:93
FNDA:59,(anonymous_0)
FNDA:1,(anonymous_1)
FNDA:0,(anonymous_2)
FNDA:0,(anonymous_3)
FNDA:0,sendEmailsAtMidnight
FNDA:0,(anonymous_5)
FNDA:0,(anonymous_6)
FNDA:0,(anonymous_7)
FNDA:1,(anonymous_8)
FNDA:1,(anonymous_9)
FNDA:0,(anonymous_10)
FNDA:0,(anonymous_11)
FNDA:0,(anonymous_12)
FNDA:2,(anonymous_13)
FNDA:2,(anonymous_14)
FNDA:0,(anonymous_15)
FNDA:2,(anonymous_16)
FNDA:2,(anonymous_17)
FNDA:0,(anonymous_18)
FNDA:1,(anonymous_19)
FNDA:1,(anonymous_20)
FNDA:0,(anonymous_21)
FNDA:2,(anonymous_22)
FNDA:2,(anonymous_23)
FNDA:0,(anonymous_24)
FNDA:1,(anonymous_25)
FNDA:1,(anonymous_26)
FNDA:0,(anonymous_27)
FNDA:1,(anonymous_28)
FNDA:1,(anonymous_29)
FNDA:0,(anonymous_30)
FNDA:1,(anonymous_31)
FNDA:0,(anonymous_32)
FNDA:1,(anonymous_33)
FNDA:1,(anonymous_34)
FNDA:0,(anonymous_35)
FNDA:1,(anonymous_36)
FNDA:2,(anonymous_37)
FNDA:2,(anonymous_38)
FNDA:0,(anonymous_39)
FNDA:2,(anonymous_40)
FNDA:2,(anonymous_41)
FNDA:0,(anonymous_42)
FNDA:2,(anonymous_43)
FNDA:2,(anonymous_44)
FNDA:0,(anonymous_45)
FNDA:1,(anonymous_46)
FNDA:1,(anonymous_47)
FNDA:0,(anonymous_48)
FNDA:1,(anonymous_49)
FNDA:1,(anonymous_50)
FNDA:0,(anonymous_51)
FNDA:1,(anonymous_52)
FNDA:1,(anonymous_53)
FNDA:0,(anonymous_54)
FNDA:1,(anonymous_55)
FNDA:1,(anonymous_56)
FNDA:1,(anonymous_57)
FNDA:0,(anonymous_58)
FNDA:0,(anonymous_59)
FNDA:0,(anonymous_60)
FNDA:0,(anonymous_61)
FNDA:0,(anonymous_62)
FNDA:0,(anonymous_63)
FNDA:1,(anonymous_64)
FNDA:1,(anonymous_65)
FNDA:0,(anonymous_66)
FNDA:0,(anonymous_67)
FNDA:0,(anonymous_68)
FNDA:0,(anonymous_69)
FNDA:3,(anonymous_70)
FNDA:3,(anonymous_71)
FNDA:0,(anonymous_72)
FNDA:0,(anonymous_73)
FNDA:0,(anonymous_74)
FNDA:0,(anonymous_75)
FNDA:0,(anonymous_76)
FNDA:0,(anonymous_77)
FNDA:0,(anonymous_78)
FNDA:2,(anonymous_79)
FNDA:1,(anonymous_80)
FNDA:0,(anonymous_81)
FNDA:1,(anonymous_82)
FNDA:0,(anonymous_83)
FNDA:1,(anonymous_84)
FNDA:1,(anonymous_85)
FNDA:0,(anonymous_86)
FNDA:1,(anonymous_87)
FNDA:1,(anonymous_88)
FNDA:0,(anonymous_89)
FNDA:1,(anonymous_90)
FNDA:1,(anonymous_91)
FNDA:0,(anonymous_92)
FNDA:2,(anonymous_93)
FNDA:1,(anonymous_94)
FNDA:0,(anonymous_95)
FNDA:1,(anonymous_96)
FNDA:1,(anonymous_97)
FNDA:0,(anonymous_98)
FNDA:5,(anonymous_99)
FNDA:1,(anonymous_100)
FNDA:0,(anonymous_101)
FNDA:1,(anonymous_102)
FNDA:0,(anonymous_103)
FNDA:1,(anonymous_104)
FNDA:0,(anonymous_105)
FNDA:1,(anonymous_106)
FNDA:0,(anonymous_107)
FNDA:1,(anonymous_108)
FNDA:0,(anonymous_109)
FNDA:1,(anonymous_110)
FNDA:1,(anonymous_111)
FNDA:0,(anonymous_112)
FNDA:1,(anonymous_113)
FNDA:1,(anonymous_114)
FNDA:0,(anonymous_115)
FNDA:1,(anonymous_116)
FNDA:1,(anonymous_117)
FNDA:0,(anonymous_118)
FNDA:1,(anonymous_119)
FNDA:1,(anonymous_120)
FNDA:0,(anonymous_121)
FNDA:3,(anonymous_122)
FNDA:1,(anonymous_123)
FNDA:0,(anonymous_124)
FNDA:1,(anonymous_125)
FNDA:1,(anonymous_126)
FNDA:1,(anonymous_127)
FNDA:1,(anonymous_128)
FNDA:1,(anonymous_129)
FNDA:0,(anonymous_130)
FNDA:1,(anonymous_131)
FNDA:1,(anonymous_132)
FNDA:0,(anonymous_133)
FNDA:0,(anonymous_134)
FNDA:0,(anonymous_135)
FNDA:0,(anonymous_136)
FNDA:1,(anonymous_137)
FNDA:1,(anonymous_138)
FNDA:0,(anonymous_139)
FNDA:1,(anonymous_140)
FNDA:1,(anonymous_141)
FNDA:0,(anonymous_142)
FNDA:1,(anonymous_143)
FNDA:1,(anonymous_144)
FNDA:0,(anonymous_145)
FNDA:1,(anonymous_146)
FNDA:1,(anonymous_147)
FNDA:0,(anonymous_148)
FNDA:1,(anonymous_149)
FNDA:1,(anonymous_150)
FNDA:0,(anonymous_151)
FNDA:1,(anonymous_152)
FNDA:1,(anonymous_153)
FNDA:0,(anonymous_154)
FNDA:1,(anonymous_155)
FNDA:1,(anonymous_156)
FNDA:0,(anonymous_157)
FNDA:1,(anonymous_158)
FNDA:1,(anonymous_159)
FNDA:0,(anonymous_160)
FNDA:1,(anonymous_161)
FNDA:1,(anonymous_162)
FNDA:0,(anonymous_163)
DA:1,1
DA:3,1
DA:4,1
DA:5,1
DA:6,1
DA:7,1
DA:8,1
DA:9,1
DA:10,1
DA:11,1
DA:12,1
DA:13,1
DA:14,1
DA:15,1
DA:16,1
DA:17,1
DA:18,1
DA:19,1
DA:20,1
DA:21,1
DA:22,1
DA:23,1
DA:24,1
DA:25,1
DA:28,1
DA:30,1
DA:32,1
DA:35,1
DA:39,1
DA:41,1
DA:42,59
DA:43,59
DA:44,59
DA:45,59
DA:48,1
DA:49,1
DA:50,1
DA:51,0
DA:55,1
DA:56,1
DA:63,0
DA:64,0
DA:65,0
DA:66,0
DA:67,0
DA:68,0
DA:69,0
DA:70,0
DA:71,0
DA:76,0
DA:93,1
DA:94,1
DA:95,1
DA:96,0
DA:98,1
DA:100,1
DA:101,1
DA:106,0
DA:111,0
DA:123,1
DA:124,2
DA:126,2
DA:128,0
DA:131,1
DA:132,2
DA:134,2
DA:136,0
DA:139,1
DA:140,1
DA:142,1
DA:144,0
DA:153,1
DA:154,2
DA:155,2
DA:158,0
DA:170,1
DA:171,1
DA:172,1
DA:173,1
DA:174,0
DA:176,1
DA:179,0
DA:191,1
DA:192,1
DA:193,0
DA:202,1
DA:204,1
DA:205,1
DA:206,1
DA:215,1
DA:216,1
DA:217,1
DA:218,1
DA:219,1
DA:229,1
DA:230,2
DA:231,0
DA:240,1
DA:241,2
DA:242,0
DA:251,1
DA:252,2
DA:253,0
DA:262,1
DA:263,1
DA:264,1
DA:265,0
DA:274,1
DA:275,1
DA:276,1
DA:277,0
DA:286,1
DA:287,1
DA:288,1
DA:289,1
DA:290,1
DA:296,1
DA:297,1
DA:298,0
DA:309,1
DA:310,1
DA:311,1
DA:313,1
DA:315,1
DA:317,1
DA:318,0
DA:319,0
DA:320,0
DA:321,0
DA:322,0
DA:323,0
DA:325,0
DA:326,0
DA:327,0
DA:331,0
DA:339,1
DA:342,0
DA:379,1
DA:380,1
DA:382,1
DA:383,1
DA:384,0
DA:394,1
DA:395,0
DA:396,0
DA:397,0
DA:398,0
DA:431,1
DA:432,3
DA:433,3
DA:435,0
DA:447,1
DA:448,0
DA:449,0
DA:451,0
DA:465,1
DA:466,0
DA:467,0
DA:468,0
DA:469,0
DA:471,0
DA:473,0
DA:488,1
DA:489,2
DA:490,2
DA:491,1
DA:493,1
DA:494,1
DA:495,0
DA:496,0
DA:497,0
DA:498,0
DA:501,0
DA:505,1
DA:506,1
DA:507,0
DA:517,1
DA:518,1
DA:519,1
DA:520,1
DA:521,1
DA:522,1
DA:523,1
DA:524,1
DA:525,0
DA:527,1
DA:528,1
DA:529,0
DA:539,1
DA:540,1
DA:541,1
DA:542,1
DA:543,1
DA:544,1
DA:545,1
DA:546,1
DA:547,1
DA:548,0
DA:550,1
DA:551,1
DA:552,0
DA:562,1
DA:563,1
DA:564,1
DA:566,0
DA:580,1
DA:581,2
DA:582,2
DA:583,1
DA:585,1
DA:586,1
DA:587,0
DA:597,1
DA:598,1
DA:599,1
DA:600,0
DA:611,1
DA:612,5
DA:614,5
DA:615,5
DA:617,5
DA:619,1
DA:620,1
DA:621,0
DA:622,1
DA:624,1
DA:625,1
DA:626,0
DA:627,1
DA:629,1
DA:630,1
DA:631,0
DA:632,1
DA:634,1
DA:635,1
DA:636,0
DA:637,1
DA:639,1
DA:640,1
DA:641,0
DA:642,1
DA:658,1
DA:659,1
DA:660,1
DA:661,1
DA:662,1
DA:663,1
DA:665,1
DA:667,1
DA:668,0
DA:669,0
DA:671,1
DA:673,0
DA:682,1
DA:683,1
DA:684,1
DA:685,1
DA:687,0
DA:690,0
DA:693,1
DA:694,1
DA:695,1
DA:696,1
DA:698,0
DA:700,0
DA:712,1
DA:713,1
DA:714,0
DA:723,1
DA:724,3
DA:725,3
DA:727,3
DA:728,2
DA:730,1
DA:731,1
DA:732,0
DA:742,1
DA:743,1
DA:744,1
DA:745,1
DA:753,1
DA:754,1
DA:755,1
DA:756,0
DA:759,1
DA:760,1
DA:761,1
DA:762,0
DA:765,1
DA:766,0
DA:767,0
DA:768,0
DA:777,1
DA:778,1
DA:779,1
DA:780,0
DA:789,1
DA:790,1
DA:791,1
DA:792,0
DA:801,1
DA:802,1
DA:803,1
DA:804,0
DA:813,1
DA:814,1
DA:815,1
DA:816,0
DA:824,1
DA:825,1
DA:826,1
DA:827,0
DA:835,1
DA:836,1
DA:837,0
DA:840,1
DA:841,1
DA:842,1
DA:843,0
DA:846,1
DA:847,1
DA:848,1
DA:849,0
DA:860,1
DA:861,1
DA:862,1
DA:863,1
DA:864,0
DA:866,1
DA:869,0
LF:330
LH:235
BRDA:50,0,0,0
BRDA:50,0,1,1
BRDA:95,1,0,0
BRDA:95,1,1,1
BRDA:100,2,0,1
BRDA:100,2,1,0
BRDA:100,3,0,1
BRDA:100,3,1,0
BRDA:173,4,0,0
BRDA:173,4,1,1
BRDA:317,5,0,0
BRDA:317,5,1,1
BRDA:468,6,0,0
BRDA:468,6,1,0
BRDA:490,7,0,1
BRDA:490,7,1,1
BRDA:524,8,0,0
BRDA:524,8,1,1
BRDA:547,9,0,0
BRDA:547,9,1,1
BRDA:547,10,0,1
BRDA:547,10,1,1
BRDA:582,11,0,1
BRDA:582,11,1,1
BRDA:617,12,0,1
BRDA:617,12,1,1
BRDA:617,12,2,1
BRDA:617,12,3,1
BRDA:617,12,4,1
BRDA:684,13,0,1
BRDA:684,13,1,0
BRDA:695,14,0,1
BRDA:695,14,1,0
BRDA:727,15,0,2
BRDA:727,15,1,1
BRDA:727,16,0,3
BRDA:727,16,1,2
BRDA:863,17,0,0
BRDA:863,17,1,1
BRF:39
BRH:26
end_of_record
TN:
SF:bean/booking.js
FN:10,(anonymous_0)
FNF:1
FNH:1
FNDA:22,(anonymous_0)
DA:11,22
DA:12,22
DA:13,22
DA:14,22
DA:15,22
DA:19,1
LF:6
LH:6
BRF:0
BRH:0
end_of_record
TN:
SF:bean/cancelled_bookings.js
FN:9,(anonymous_0)
FNF:1
FNH:1
FNDA:5,(anonymous_0)
DA:10,5
DA:11,5
DA:12,5
DA:13,5
DA:17,1
LF:5
LH:5
BRF:0
BRH:0
end_of_record
TN:
SF:bean/cancelled_lectures.js
FN:10,(anonymous_0)
FNF:1
FNH:1
FNDA:5,(anonymous_0)
DA:11,5
DA:12,5
DA:13,5
DA:14,5
DA:15,5
DA:19,1
LF:6
LH:6
BRF:0
BRH:0
end_of_record
TN:
SF:bean/classroom.js
FN:9,(anonymous_0)
FNF:1
FNH:1
FNDA:11,(anonymous_0)
DA:1,1
DA:10,11
DA:11,11
DA:15,1
LF:4
LH:4
BRF:0
BRH:0
end_of_record
TN:
SF:bean/course.js
FN:8,(anonymous_0)
FNF:1
FNH:1
FNDA:38,(anonymous_0)
DA:9,38
DA:10,38
DA:11,38
DA:12,38
DA:13,38
DA:17,1
LF:6
LH:6
BRF:0
BRH:0
end_of_record
TN:
SF:bean/enrollment.js
FN:7,(anonymous_0)
FNF:1
FNH:1
FNDA:10,(anonymous_0)
DA:8,10
DA:9,10
DA:13,1
LF:3
LH:3
BRF:0
BRH:0
end_of_record
TN:
SF:bean/lecture.js
FN:14,(anonymous_0)
FNF:1
FNH:1
FNDA:43,(anonymous_0)
DA:15,43
DA:16,43
DA:17,43
DA:18,43
DA:19,43
DA:20,43
DA:21,43
DA:22,43
DA:23,43
DA:27,1
LF:10
LH:10
BRF:0
BRH:0
end_of_record
TN:
SF:bean/person.js
FN:11,(anonymous_0)
FNF:1
FNH:1
FNDA:30,(anonymous_0)
DA:12,30
DA:13,30
DA:14,30
DA:15,30
DA:16,30
DA:17,30
DA:18,30
DA:19,30
DA:20,30
DA:24,1
LF:10
LH:10
BRF:0
BRH:0
end_of_record
TN:
SF:bean/schedule.js
FN:2,(anonymous_0)
FNF:1
FNH:1
FNDA:21,(anonymous_0)
DA:3,21
DA:4,21
DA:5,21
DA:6,21
DA:7,21
DA:8,21
DA:12,1
LF:7
LH:7
BRF:0
BRH:0
end_of_record
TN:
SF:bean/waiting_list.js
FN:9,(anonymous_0)
FNF:1
FNH:1
FNDA:5,(anonymous_0)
DA:10,5
DA:11,5
DA:12,5
DA:13,5
DA:17,1
LF:5
LH:5
BRF:0
BRH:0
end_of_record
TN:
SF:dao/booking_dao.js
FN:14,createBooking
FN:22,(anonymous_1)
FN:23,(anonymous_2)
FN:32,(anonymous_3)
FN:46,(anonymous_4)
FN:47,(anonymous_5)
FN:49,(anonymous_6)
FN:61,(anonymous_7)
FN:62,(anonymous_8)
FN:64,(anonymous_9)
FN:69,(anonymous_10)
FN:81,(anonymous_11)
FN:82,(anonymous_12)
FN:84,(anonymous_13)
FN:89,(anonymous_14)
FN:102,(anonymous_15)
FN:103,(anonymous_16)
FN:105,(anonymous_17)
FN:122,(anonymous_18)
FN:123,(anonymous_19)
FN:125,(anonymous_20)
FN:149,(anonymous_21)
FN:150,(anonymous_22)
FN:153,(anonymous_23)
FN:166,(anonymous_24)
FN:179,(anonymous_25)
FN:192,(anonymous_26)
FN:198,(anonymous_27)
FN:207,(anonymous_28)
FN:227,(anonymous_29)
FN:228,(anonymous_30)
FN:230,(anonymous_31)
FN:257,(anonymous_32)
FN:258,(anonymous_33)
FN:260,(anonymous_34)
FN:286,(anonymous_35)
FN:287,(anonymous_36)
FN:289,(anonymous_37)
FN:306,(anonymous_38)
FN:307,(anonymous_39)
FN:309,(anonymous_40)
FN:323,(anonymous_41)
FN:324,(anonymous_42)
FN:326,(anonymous_43)
FN:344,(anonymous_44)
FN:345,(anonymous_45)
FN:347,(anonymous_46)
FN:357,(anonymous_47)
FN:358,(anonymous_48)
FN:360,(anonymous_49)
FN:374,(anonymous_50)
FN:375,(anonymous_51)
FN:377,(anonymous_52)
FNF:53
FNH:53
FNDA:3,createBooking
FNDA:19,(anonymous_1)
FNDA:19,(anonymous_2)
FNDA:19,(anonymous_3)
FNDA:3,(anonymous_4)
FNDA:3,(anonymous_5)
FNDA:3,(anonymous_6)
FNDA:2,(anonymous_7)
FNDA:2,(anonymous_8)
FNDA:2,(anonymous_9)
FNDA:2,(anonymous_10)
FNDA:2,(anonymous_11)
FNDA:2,(anonymous_12)
FNDA:2,(anonymous_13)
FNDA:1,(anonymous_14)
FNDA:2,(anonymous_15)
FNDA:2,(anonymous_16)
FNDA:2,(anonymous_17)
FNDA:1,(anonymous_18)
FNDA:1,(anonymous_19)
FNDA:1,(anonymous_20)
FNDA:10,(anonymous_21)
FNDA:10,(anonymous_22)
FNDA:2,(anonymous_23)
FNDA:2,(anonymous_24)
FNDA:2,(anonymous_25)
FNDA:2,(anonymous_26)
FNDA:1,(anonymous_27)
FNDA:2,(anonymous_28)
FNDA:2,(anonymous_29)
FNDA:2,(anonymous_30)
FNDA:2,(anonymous_31)
FNDA:2,(anonymous_32)
FNDA:2,(anonymous_33)
FNDA:2,(anonymous_34)
FNDA:2,(anonymous_35)
FNDA:2,(anonymous_36)
FNDA:2,(anonymous_37)
FNDA:3,(anonymous_38)
FNDA:3,(anonymous_39)
FNDA:3,(anonymous_40)
FNDA:2,(anonymous_41)
FNDA:2,(anonymous_42)
FNDA:2,(anonymous_43)
FNDA:3,(anonymous_44)
FNDA:3,(anonymous_45)
FNDA:3,(anonymous_46)
FNDA:2,(anonymous_47)
FNDA:2,(anonymous_48)
FNDA:2,(anonymous_49)
FNDA:2,(anonymous_50)
FNDA:2,(anonymous_51)
FNDA:2,(anonymous_52)
DA:6,1
DA:7,1
DA:8,1
DA:15,3
DA:22,1
DA:23,19
DA:24,19
DA:25,19
DA:26,19
DA:27,19
DA:28,19
DA:29,19
DA:31,19
DA:32,19
DA:33,19
DA:34,0
DA:37,19
DA:46,1
DA:47,3
DA:48,3
DA:49,3
DA:50,3
DA:51,0
DA:53,3
DA:61,1
DA:62,2
DA:63,2
DA:64,2
DA:65,2
DA:66,0
DA:68,2
DA:69,2
DA:71,0
DA:81,1
DA:82,2
DA:83,2
DA:84,2
DA:85,2
DA:86,0
DA:88,2
DA:89,2
DA:90,2
DA:93,0
DA:102,1
DA:103,2
DA:104,2
DA:105,2
DA:106,2
DA:107,0
DA:109,2
DA:122,1
DA:123,1
DA:124,1
DA:125,1
DA:126,1
DA:127,0
DA:129,1
DA:130,1
DA:133,0
DA:149,1
DA:150,10
DA:151,10
DA:152,2
DA:153,2
DA:154,2
DA:155,0
DA:157,2
DA:158,1
DA:161,1
DA:164,8
DA:165,2
DA:166,2
DA:167,2
DA:168,0
DA:170,2
DA:171,1
DA:174,1
DA:177,6
DA:178,2
DA:179,2
DA:180,2
DA:181,0
DA:183,2
DA:184,1
DA:187,1
DA:190,4
DA:191,2
DA:192,2
DA:193,2
DA:194,0
DA:196,2
DA:197,1
DA:198,1
DA:199,1
DA:202,1
DA:205,2
DA:206,2
DA:207,2
DA:208,2
DA:209,0
DA:211,2
DA:212,1
DA:215,1
DA:227,1
DA:228,2
DA:229,2
DA:230,2
DA:231,2
DA:232,0
DA:234,2
DA:236,2
DA:237,2
DA:238,2
DA:239,1
DA:240,1
DA:241,1
DA:244,2
DA:247,0
DA:257,1
DA:258,2
DA:259,2
DA:260,2
DA:261,2
DA:262,0
DA:264,2
DA:265,2
DA:266,2
DA:267,2
DA:268,1
DA:269,1
DA:270,1
DA:273,2
DA:276,0
DA:286,1
DA:287,2
DA:288,2
DA:289,2
DA:290,2
DA:291,0
DA:293,2
DA:294,1
DA:297,1
DA:306,1
DA:307,3
DA:308,3
DA:309,3
DA:310,3
DA:311,0
DA:313,3
DA:314,1
DA:317,2
DA:323,1
DA:324,2
DA:325,2
DA:326,2
DA:327,2
DA:328,0
DA:330,2
DA:331,2
DA:333,0
DA:344,1
DA:345,3
DA:346,3
DA:347,3
DA:348,3
DA:349,0
DA:351,3
DA:357,1
DA:358,2
DA:359,2
DA:360,2
DA:361,2
DA:362,0
DA:364,2
DA:365,2
DA:368,0
DA:374,1
DA:375,2
DA:376,2
DA:377,2
DA:378,2
DA:379,0
DA:381,2
DA:382,2
DA:385,0
LF:185
LH:158
BRDA:31,0,0,19
BRDA:31,0,1,0
BRDA:33,1,0,0
BRDA:33,1,1,19
BRDA:50,2,0,0
BRDA:50,2,1,3
BRDA:65,3,0,0
BRDA:65,3,1,2
BRDA:68,4,0,2
BRDA:68,4,1,0
BRDA:85,5,0,0
BRDA:85,5,1,2
BRDA:88,6,0,2
BRDA:88,6,1,0
BRDA:106,7,0,0
BRDA:106,7,1,2
BRDA:126,8,0,0
BRDA:126,8,1,1
BRDA:129,9,0,1
BRDA:129,9,1,0
BRDA:151,10,0,2
BRDA:151,10,1,8
BRDA:154,11,0,0
BRDA:154,11,1,2
BRDA:157,12,0,1
BRDA:157,12,1,1
BRDA:164,13,0,2
BRDA:164,13,1,6
BRDA:167,14,0,0
BRDA:167,14,1,2
BRDA:170,15,0,1
BRDA:170,15,1,1
BRDA:177,16,0,2
BRDA:177,16,1,4
BRDA:180,17,0,0
BRDA:180,17,1,2
BRDA:183,18,0,1
BRDA:183,18,1,1
BRDA:190,19,0,2
BRDA:190,19,1,2
BRDA:193,20,0,0
BRDA:193,20,1,2
BRDA:196,21,0,1
BRDA:196,21,1,1
BRDA:205,22,0,2
BRDA:205,22,1,0
BRDA:208,23,0,0
BRDA:208,23,1,2
BRDA:211,24,0,1
BRDA:211,24,1,1
BRDA:231,25,0,0
BRDA:231,25,1,2
BRDA:234,26,0,2
BRDA:234,26,1,0
BRDA:240,27,0,1
BRDA:240,27,1,0
BRDA:261,28,0,0
BRDA:261,28,1,2
BRDA:264,29,0,2
BRDA:264,29,1,0
BRDA:269,30,0,1
BRDA:269,30,1,0
BRDA:290,31,0,0
BRDA:290,31,1,2
BRDA:293,32,0,1
BRDA:293,32,1,1
BRDA:310,33,0,0
BRDA:310,33,1,3
BRDA:313,34,0,1
BRDA:313,34,1,2
BRDA:327,35,0,0
BRDA:327,35,1,2
BRDA:330,36,0,2
BRDA:330,36,1,0
BRDA:348,37,0,0
BRDA:348,37,1,3
BRDA:361,38,0,0
BRDA:361,38,1,2
BRDA:364,39,0,2
BRDA:364,39,1,0
BRDA:378,40,0,0
BRDA:378,40,1,2
BRDA:381,41,0,2
BRDA:381,41,1,0
BRF:84
BRH:53
end_of_record
TN:
SF:dao/cancelled_bookings_dao.js
FN:14,createCancelledBooking
FN:22,(anonymous_1)
FN:23,(anonymous_2)
FN:27,(anonymous_3)
FN:40,(anonymous_4)
FN:41,(anonymous_5)
FN:43,(anonymous_6)
FN:55,(anonymous_7)
FN:56,(anonymous_8)
FN:58,(anonymous_9)
FN:63,(anonymous_10)
FN:78,(anonymous_11)
FN:79,(anonymous_12)
FN:81,(anonymous_13)
FNF:14
FNH:14
FNDA:2,createCancelledBooking
FNDA:3,(anonymous_1)
FNDA:3,(anonymous_2)
FNDA:3,(anonymous_3)
FNDA:1,(anonymous_4)
FNDA:1,(anonymous_5)
FNDA:1,(anonymous_6)
FNDA:1,(anonymous_7)
FNDA:1,(anonymous_8)
FNDA:1,(anonymous_9)
FNDA:2,(anonymous_10)
FNDA:2,(anonymous_11)
FNDA:2,(anonymous_12)
FNDA:2,(anonymous_13)
DA:6,1
DA:7,1
DA:15,2
DA:22,1
DA:23,3
DA:24,3
DA:25,3
DA:26,3
DA:27,3
DA:28,3
DA:29,0
DA:31,3
DA:40,1
DA:41,1
DA:42,1
DA:43,1
DA:44,1
DA:45,0
DA:47,1
DA:55,1
DA:56,1
DA:57,1
DA:58,1
DA:59,1
DA:60,0
DA:62,1
DA:63,2
DA:64,1
DA:66,0
DA:78,1
DA:79,2
DA:80,2
DA:81,2
DA:82,2
DA:83,0
DA:85,2
DA:86,2
DA:89,0
LF:38
LH:32
BRDA:28,0,0,0
BRDA:28,0,1,3
BRDA:44,1,0,0
BRDA:44,1,1,1
BRDA:59,2,0,0
BRDA:59,2,1,1
BRDA:62,3,0,1
BRDA:62,3,1,0
BRDA:82,4,0,0
BRDA:82,4,1,2
BRDA:85,5,0,2
BRDA:85,5,1,0
BRF:12
BRH:6
end_of_record
TN:
SF:dao/cancelled_lectures_dao.js
FN:14,createCancelledLecture
FN:22,(anonymous_1)
FN:23,(anonymous_2)
FN:28,(anonymous_3)
FN:41,(anonymous_4)
FN:42,(anonymous_5)
FN:44,(anonymous_6)
FN:56,(anonymous_7)
FN:57,(anonymous_8)
FN:59,(anonymous_9)
FN:64,(anonymous_10)
FN:74,(anonymous_11)
FN:75,(anonymous_12)
FN:77,(anonymous_13)
FNF:14
FNH:14
FNDA:2,createCancelledLecture
FNDA:3,(anonymous_1)
FNDA:3,(anonymous_2)
FNDA:3,(anonymous_3)
FNDA:1,(anonymous_4)
FNDA:1,(anonymous_5)
FNDA:1,(anonymous_6)
FNDA:1,(anonymous_7)
FNDA:1,(anonymous_8)
FNDA:1,(anonymous_9)
FNDA:2,(anonymous_10)
FNDA:2,(anonymous_11)
FNDA:2,(anonymous_12)
FNDA:2,(anonymous_13)
DA:6,1
DA:7,1
DA:15,2
DA:22,1
DA:23,3
DA:24,3
DA:25,3
DA:26,3
DA:28,3
DA:29,3
DA:30,0
DA:32,3
DA:41,1
DA:42,1
DA:43,1
DA:44,1
DA:45,1
DA:46,0
DA:48,1
DA:56,1
DA:57,1
DA:58,1
DA:59,1
DA:60,1
DA:61,0
DA:63,1
DA:64,2
DA:65,1
DA:67,0
DA:74,1
DA:75,2
DA:76,2
DA:77,2
DA:78,2
DA:79,0
DA:81,2
DA:82,2
DA:84,0
LF:38
LH:32
BRDA:29,0,0,0
BRDA:29,0,1,3
BRDA:45,1,0,0
BRDA:45,1,1,1
BRDA:60,2,0,0
BRDA:60,2,1,1
BRDA:63,3,0,1
BRDA:63,3,1,0
BRDA:78,4,0,0
BRDA:78,4,1,2
BRDA:81,5,0,2
BRDA:81,5,1,0
BRF:12
BRH:6
end_of_record
TN:
SF:dao/classroom_dao.js
FN:14,createClassroom
FN:22,(anonymous_1)
FN:23,(anonymous_2)
FN:29,(anonymous_3)
FN:42,(anonymous_4)
FN:43,(anonymous_5)
FN:45,(anonymous_6)
FN:57,(anonymous_7)
FN:58,(anonymous_8)
FN:60,(anonymous_9)
FN:64,(anonymous_10)
FN:72,(anonymous_11)
FN:73,(anonymous_12)
FN:75,(anonymous_13)
FNF:14
FNH:14
FNDA:3,createClassroom
FNDA:8,(anonymous_1)
FNDA:8,(anonymous_2)
FNDA:8,(anonymous_3)
FNDA:1,(anonymous_4)
FNDA:1,(anonymous_5)
FNDA:1,(anonymous_6)
FNDA:2,(anonymous_7)
FNDA:2,(anonymous_8)
FNDA:2,(anonymous_9)
FNDA:2,(anonymous_10)
FNDA:6,(anonymous_11)
FNDA:6,(anonymous_12)
FNDA:6,(anonymous_13)
DA:6,1
DA:7,1
DA:15,3
DA:22,1
DA:23,8
DA:24,8
DA:25,8
DA:27,8
DA:29,8
DA:30,8
DA:31,0
DA:33,8
DA:42,1
DA:43,1
DA:44,1
DA:45,1
DA:46,1
DA:47,0
DA:49,1
DA:57,1
DA:58,2
DA:59,2
DA:60,2
DA:61,2
DA:62,0
DA:64,2
DA:72,1
DA:73,6
DA:74,6
DA:75,6
DA:76,6
DA:77,0
DA:79,6
DA:80,1
DA:82,5
LF:35
LH:31
BRDA:30,0,0,0
BRDA:30,0,1,8
BRDA:46,1,0,0
BRDA:46,1,1,1
BRDA:61,2,0,0
BRDA:61,2,1,2
BRDA:76,3,0,0
BRDA:76,3,1,6
BRDA:79,4,0,1
BRDA:79,4,1,5
BRF:10
BRH:6
end_of_record
TN:
SF:dao/contact_tracing_dao.js
FN:15,createString
FN:38,(anonymous_1)
FN:42,(anonymous_2)
FN:56,(anonymous_3)
FN:61,(anonymous_4)
FNF:5
FNH:5
FNDA:1,createString
FNDA:2,(anonymous_1)
FNDA:2,(anonymous_2)
FNDA:2,(anonymous_3)
FNDA:1,(anonymous_4)
DA:6,1
DA:7,1
DA:8,1
DA:16,1
DA:38,1
DA:39,2
DA:40,2
DA:42,2
DA:44,2
DA:56,2
DA:57,2
DA:58,0
DA:60,2
DA:61,2
DA:63,0
LF:15
LH:13
BRDA:57,0,0,0
BRDA:57,0,1,2
BRDA:60,1,0,2
BRDA:60,1,1,0
BRF:4
BRH:2
end_of_record
TN:
SF:dao/course_dao.js
FN:14,createCourse
FN:22,(anonymous_1)
FN:23,(anonymous_2)
FN:35,(anonymous_3)
FN:50,(anonymous_4)
FN:51,(anonymous_5)
FN:53,(anonymous_6)
FN:66,(anonymous_7)
FN:67,(anonymous_8)
FN:69,(anonymous_9)
FN:85,(anonymous_10)
FN:86,(anonymous_11)
FN:88,(anonymous_12)
FN:94,(anonymous_13)
FN:107,(anonymous_14)
FN:108,(anonymous_15)
FN:111,(anonymous_16)
FN:125,(anonymous_17)
FN:126,(anonymous_18)
FN:128,(anonymous_19)
FN:142,(anonymous_20)
FN:143,(anonymous_21)
FN:155,(anonymous_22)
FN:169,(anonymous_23)
FN:170,(anonymous_24)
FN:182,(anonymous_25)
FNF:26
FNH:26
FNDA:6,createCourse
FNDA:28,(anonymous_1)
FNDA:28,(anonymous_2)
FNDA:28,(anonymous_3)
FNDA:3,(anonymous_4)
FNDA:3,(anonymous_5)
FNDA:3,(anonymous_6)
FNDA:11,(anonymous_7)
FNDA:11,(anonymous_8)
FNDA:11,(anonymous_9)
FNDA:2,(anonymous_10)
FNDA:2,(anonymous_11)
FNDA:2,(anonymous_12)
FNDA:2,(anonymous_13)
FNDA:2,(anonymous_14)
FNDA:2,(anonymous_15)
FNDA:2,(anonymous_16)
FNDA:2,(anonymous_17)
FNDA:2,(anonymous_18)
FNDA:2,(anonymous_19)
FNDA:2,(anonymous_20)
FNDA:2,(anonymous_21)
FNDA:1,(anonymous_22)
FNDA:2,(anonymous_23)
FNDA:2,(anonymous_24)
FNDA:1,(anonymous_25)
DA:6,1
DA:7,1
DA:15,6
DA:22,1
DA:23,28
DA:24,28
DA:26,28
DA:27,4
DA:28,28
DA:30,28
DA:32,28
DA:33,27
DA:35,28
DA:36,28
DA:37,5
DA:40,23
DA:50,1
DA:51,3
DA:52,3
DA:53,3
DA:54,3
DA:55,0
DA:57,3
DA:66,1
DA:67,11
DA:68,11
DA:69,11
DA:70,11
DA:71,0
DA:73,11
DA:74,4
DA:76,7
DA:85,1
DA:86,2
DA:87,2
DA:88,2
DA:89,2
DA:90,0
DA:92,2
DA:94,2
DA:97,0
DA:107,1
DA:108,2
DA:110,2
DA:111,2
DA:112,2
DA:113,0
DA:115,2
DA:116,2
DA:118,0
DA:125,1
DA:126,2
DA:127,2
DA:128,2
DA:129,2
DA:130,0
DA:132,2
DA:133,2
DA:135,0
DA:142,1
DA:143,2
DA:144,2
DA:146,2
DA:147,1
DA:148,1
DA:150,1
DA:152,1
DA:153,2
DA:155,1
DA:156,1
DA:157,0
DA:159,1
DA:160,1
DA:162,0
DA:169,1
DA:170,2
DA:171,2
DA:173,2
DA:174,1
DA:175,1
DA:177,1
DA:179,1
DA:180,2
DA:182,1
DA:183,1
DA:184,0
DA:186,1
DA:187,1
DA:189,0
LF:89
LH:77
BRDA:36,0,0,5
BRDA:36,0,1,23
BRDA:54,1,0,0
BRDA:54,1,1,3
BRDA:70,2,0,0
BRDA:70,2,1,11
BRDA:73,3,0,4
BRDA:73,3,1,7
BRDA:89,4,0,0
BRDA:89,4,1,2
BRDA:92,5,0,2
BRDA:92,5,1,0
BRDA:112,6,0,0
BRDA:112,6,1,2
BRDA:115,7,0,2
BRDA:115,7,1,0
BRDA:129,8,0,0
BRDA:129,8,1,2
BRDA:132,9,0,2
BRDA:132,9,1,0
BRDA:156,10,0,0
BRDA:156,10,1,1
BRDA:159,11,0,1
BRDA:159,11,1,0
BRDA:183,12,0,0
BRDA:183,12,1,1
BRDA:186,13,0,1
BRDA:186,13,1,0
BRF:28
BRH:16
end_of_record
TN:
SF:dao/enrollment_dao.js
FN:11,createEnrollment
FN:19,(anonymous_1)
FN:20,(anonymous_2)
FN:34,(anonymous_3)
FN:48,(anonymous_4)
FN:49,(anonymous_5)
FN:51,(anonymous_6)
FN:65,(anonymous_7)
FN:66,(anonymous_8)
FN:68,(anonymous_9)
FNF:10
FNH:10
FNDA:2,createEnrollment
FNDA:7,(anonymous_1)
FNDA:7,(anonymous_2)
FNDA:7,(anonymous_3)
FNDA:3,(anonymous_4)
FNDA:3,(anonymous_5)
FNDA:3,(anonymous_6)
FNDA:3,(anonymous_7)
FNDA:3,(anonymous_8)
FNDA:3,(anonymous_9)
DA:6,1
DA:7,1
DA:8,1
DA:9,1
DA:12,2
DA:19,1
DA:20,7
DA:22,7
DA:24,7
DA:25,1
DA:26,7
DA:28,7
DA:30,7
DA:31,7
DA:34,7
DA:35,7
DA:36,1
DA:38,6
DA:48,1
DA:49,3
DA:50,3
DA:51,3
DA:52,3
DA:53,0
DA:55,3
DA:65,1
DA:66,3
DA:67,3
DA:68,3
DA:69,3
DA:70,0
DA:72,3
DA:73,2
DA:75,1
LF:34
LH:32
BRDA:35,0,0,1
BRDA:35,0,1,6
BRDA:52,1,0,0
BRDA:52,1,1,3
BRDA:69,2,0,0
BRDA:69,2,1,3
BRDA:72,3,0,2
BRDA:72,3,1,1
BRF:8
BRH:6
end_of_record
TN:
SF:dao/lecture_dao.js
FN:15,createLecture
FN:23,(anonymous_1)
FN:24,(anonymous_2)
FN:36,(anonymous_3)
FN:50,(anonymous_4)
FN:51,(anonymous_5)
FN:53,(anonymous_6)
FN:66,(anonymous_7)
FN:67,(anonymous_8)
FN:69,(anonymous_9)
FN:87,(anonymous_10)
FN:88,(anonymous_11)
FN:90,(anonymous_12)
FN:97,(anonymous_13)
FN:111,(anonymous_14)
FN:112,(anonymous_15)
FN:114,(anonymous_16)
FN:127,(anonymous_17)
FN:147,(anonymous_18)
FN:148,(anonymous_19)
FN:150,(anonymous_20)
FN:163,(anonymous_21)
FN:182,(anonymous_22)
FN:183,(anonymous_23)
FN:185,(anonymous_24)
FN:199,(anonymous_25)
FN:218,(anonymous_26)
FN:219,(anonymous_27)
FN:221,(anonymous_28)
FN:235,(anonymous_29)
FN:254,(anonymous_30)
FN:255,(anonymous_31)
FN:257,(anonymous_32)
FN:270,(anonymous_33)
FN:293,(anonymous_34)
FN:294,(anonymous_35)
FN:296,(anonymous_36)
FN:323,(anonymous_37)
FN:326,(anonymous_38)
FN:328,(anonymous_39)
FN:346,(anonymous_40)
FN:347,(anonymous_41)
FN:350,(anonymous_42)
FN:363,(anonymous_43)
FN:379,(anonymous_44)
FN:380,(anonymous_45)
FN:382,(anonymous_46)
FN:396,(anonymous_47)
FN:397,(anonymous_48)
FN:402,(anonymous_49)
FN:407,(anonymous_50)
FN:421,(anonymous_51)
FN:433,(anonymous_52)
FN:434,(anonymous_53)
FNF:54
FNH:53
FNDA:6,createLecture
FNDA:31,(anonymous_1)
FNDA:31,(anonymous_2)
FNDA:31,(anonymous_3)
FNDA:4,(anonymous_4)
FNDA:4,(anonymous_5)
FNDA:4,(anonymous_6)
FNDA:5,(anonymous_7)
FNDA:5,(anonymous_8)
FNDA:5,(anonymous_9)
FNDA:2,(anonymous_10)
FNDA:2,(anonymous_11)
FNDA:2,(anonymous_12)
FNDA:1,(anonymous_13)
FNDA:1,(anonymous_14)
FNDA:1,(anonymous_15)
FNDA:1,(anonymous_16)
FNDA:67,(anonymous_17)
FNDA:4,(anonymous_18)
FNDA:4,(anonymous_19)
FNDA:4,(anonymous_20)
FNDA:1,(anonymous_21)
FNDA:3,(anonymous_22)
FNDA:3,(anonymous_23)
FNDA:3,(anonymous_24)
FNDA:1,(anonymous_25)
FNDA:2,(anonymous_26)
FNDA:2,(anonymous_27)
FNDA:2,(anonymous_28)
FNDA:1,(anonymous_29)
FNDA:2,(anonymous_30)
FNDA:2,(anonymous_31)
FNDA:2,(anonymous_32)
FNDA:1,(anonymous_33)
FNDA:1,(anonymous_34)
FNDA:1,(anonymous_35)
FNDA:1,(anonymous_36)
FNDA:1,(anonymous_37)
FNDA:1,(anonymous_38)
FNDA:1,(anonymous_39)
FNDA:2,(anonymous_40)
FNDA:2,(anonymous_41)
FNDA:1,(anonymous_42)
FNDA:1,(anonymous_43)
FNDA:13,(anonymous_44)
FNDA:13,(anonymous_45)
FNDA:13,(anonymous_46)
FNDA:1,(anonymous_47)
FNDA:1,(anonymous_48)
FNDA:1,(anonymous_49)
FNDA:0,(anonymous_50)
FNDA:1,(anonymous_51)
FNDA:1,(anonymous_52)
FNDA:1,(anonymous_53)
DA:6,1
DA:7,1
DA:8,1
DA:16,6
DA:23,1
DA:24,31
DA:25,31
DA:27,31
DA:28,4
DA:29,31
DA:31,31
DA:33,31
DA:34,30
DA:36,31
DA:37,31
DA:38,5
DA:40,26
DA:50,1
DA:51,4
DA:52,4
DA:53,4
DA:54,4
DA:55,0
DA:57,4
DA:66,1
DA:67,5
DA:68,5
DA:69,5
DA:70,5
DA:71,0
DA:73,5
DA:74,4
DA:76,1
DA:87,1
DA:88,2
DA:89,2
DA:90,2
DA:91,2
DA:92,0
DA:94,2
DA:95,2
DA:96,2
DA:97,2
DA:98,2
DA:99,1
DA:100,1
DA:103,2
DA:105,0
DA:111,1
DA:112,1
DA:113,1
DA:114,1
DA:115,1
DA:116,0
DA:118,1
DA:119,1
DA:120,1
DA:121,1
DA:122,23
DA:123,23
DA:124,21
DA:127,1
DA:128,67
DA:129,31
DA:131,36
DA:133,1
DA:136,0
DA:147,1
DA:148,4
DA:149,4
DA:150,4
DA:151,4
DA:152,0
DA:154,4
DA:155,4
DA:156,4
DA:157,4
DA:158,3
DA:159,3
DA:160,3
DA:163,4
DA:164,1
DA:165,1
DA:167,0
DA:169,4
DA:172,0
DA:182,1
DA:183,3
DA:184,3
DA:185,3
DA:186,3
DA:187,0
DA:189,3
DA:190,3
DA:191,3
DA:192,3
DA:193,3
DA:194,2
DA:195,2
DA:196,2
DA:199,3
DA:200,1
DA:201,0
DA:203,1
DA:205,3
DA:208,0
DA:218,1
DA:219,2
DA:220,2
DA:221,2
DA:222,2
DA:223,0
DA:225,2
DA:226,2
DA:227,2
DA:228,2
DA:229,2
DA:230,2
DA:231,2
DA:232,2
DA:235,2
DA:236,1
DA:237,0
DA:239,1
DA:241,2
DA:244,0
DA:254,1
DA:255,2
DA:256,2
DA:257,2
DA:258,2
DA:259,0
DA:261,2
DA:262,2
DA:263,2
DA:264,2
DA:265,2
DA:266,2
DA:267,2
DA:270,2
DA:271,1
DA:272,0
DA:274,1
DA:276,2
DA:279,0
DA:293,1
DA:294,1
DA:295,1
DA:296,1
DA:297,1
DA:298,0
DA:300,1
DA:323,1
DA:324,1
DA:326,1
DA:327,1
DA:328,1
DA:329,1
DA:330,0
DA:332,1
DA:333,1
DA:336,0
DA:346,1
DA:347,2
DA:348,2
DA:349,1
DA:350,1
DA:351,1
DA:352,0
DA:354,1
DA:355,1
DA:358,0
DA:361,1
DA:362,1
DA:363,1
DA:364,1
DA:365,0
DA:367,1
DA:368,1
DA:371,0
DA:379,1
DA:380,13
DA:381,13
DA:382,13
DA:383,13
DA:384,0
DA:386,13
DA:387,1
DA:389,12
DA:396,1
DA:397,1
DA:398,1
DA:399,1
DA:401,1
DA:402,1
DA:403,1
DA:404,0
DA:406,1
DA:407,1
DA:410,0
DA:421,1
DA:422,1
DA:424,1
DA:425,0
DA:426,1
DA:428,1
DA:430,1
DA:431,1
DA:433,1
DA:434,1
DA:435,1
DA:436,0
DA:438,1
LF:213
LH:183
BRDA:37,0,0,5
BRDA:37,0,1,26
BRDA:54,1,0,0
BRDA:54,1,1,4
BRDA:70,2,0,0
BRDA:70,2,1,5
BRDA:73,3,0,4
BRDA:73,3,1,1
BRDA:91,4,0,0
BRDA:91,4,1,2
BRDA:94,5,0,2
BRDA:94,5,1,0
BRDA:99,6,0,1
BRDA:99,6,1,0
BRDA:99,7,0,1
BRDA:99,7,1,1
BRDA:115,8,0,0
BRDA:115,8,1,1
BRDA:118,9,0,1
BRDA:118,9,1,0
BRDA:123,10,0,21
BRDA:123,10,1,2
BRDA:128,11,0,31
BRDA:128,11,1,36
BRDA:151,12,0,0
BRDA:151,12,1,4
BRDA:154,13,0,4
BRDA:154,13,1,0
BRDA:159,14,0,3
BRDA:159,14,1,0
BRDA:164,15,0,1
BRDA:164,15,1,0
BRDA:186,16,0,0
BRDA:186,16,1,3
BRDA:189,17,0,3
BRDA:189,17,1,0
BRDA:195,18,0,2
BRDA:195,18,1,0
BRDA:195,19,0,2
BRDA:195,19,1,2
BRDA:200,20,0,0
BRDA:200,20,1,1
BRDA:222,21,0,0
BRDA:222,21,1,2
BRDA:225,22,0,2
BRDA:225,22,1,0
BRDA:231,23,0,2
BRDA:231,23,1,0
BRDA:231,24,0,2
BRDA:231,24,1,2
BRDA:236,25,0,0
BRDA:236,25,1,1
BRDA:258,26,0,0
BRDA:258,26,1,2
BRDA:261,27,0,2
BRDA:261,27,1,0
BRDA:266,28,0,2
BRDA:266,28,1,0
BRDA:271,29,0,0
BRDA:271,29,1,1
BRDA:297,30,0,0
BRDA:297,30,1,1
BRDA:329,31,0,0
BRDA:329,31,1,1
BRDA:332,32,0,1
BRDA:332,32,1,0
BRDA:348,33,0,1
BRDA:348,33,1,1
BRDA:351,34,0,0
BRDA:351,34,1,1
BRDA:354,35,0,1
BRDA:354,35,1,0
BRDA:361,36,0,1
BRDA:361,36,1,0
BRDA:364,37,0,0
BRDA:364,37,1,1
BRDA:367,38,0,1
BRDA:367,38,1,0
BRDA:383,39,0,0
BRDA:383,39,1,13
BRDA:386,40,0,1
BRDA:386,40,1,12
BRDA:403,41,0,0
BRDA:403,41,1,1
BRDA:406,42,0,1
BRDA:406,42,1,0
BRDA:435,43,0,0
BRDA:435,43,1,1
BRF:88
BRH:53
end_of_record
TN:
SF:dao/person_dao.js
FN:14,createPerson
FN:22,(anonymous_1)
FN:23,(anonymous_2)
FN:36,(anonymous_3)
FN:50,(anonymous_4)
FN:51,(anonymous_5)
FN:53,(anonymous_6)
FN:66,(anonymous_7)
FN:67,(anonymous_8)
FN:69,(anonymous_9)
FN:87,(anonymous_10)
FN:88,(anonymous_11)
FN:90,(anonymous_12)
FN:95,(anonymous_13)
FN:108,(anonymous_14)
FN:109,(anonymous_15)
FN:111,(anonymous_16)
FN:116,(anonymous_17)
FNF:18
FNH:18
FNDA:7,createPerson
FNDA:21,(anonymous_1)
FNDA:21,(anonymous_2)
FNDA:21,(anonymous_3)
FNDA:6,(anonymous_4)
FNDA:6,(anonymous_5)
FNDA:6,(anonymous_6)
FNDA:6,(anonymous_7)
FNDA:6,(anonymous_8)
FNDA:6,(anonymous_9)
FNDA:5,(anonymous_10)
FNDA:5,(anonymous_11)
FNDA:5,(anonymous_12)
FNDA:1,(anonymous_13)
FNDA:2,(anonymous_14)
FNDA:2,(anonymous_15)
FNDA:2,(anonymous_16)
FNDA:2,(anonymous_17)
DA:6,1
DA:7,1
DA:15,7
DA:22,1
DA:23,21
DA:24,21
DA:26,21
DA:27,2
DA:28,21
DA:30,21
DA:32,21
DA:33,20
DA:36,21
DA:37,21
DA:38,3
DA:41,18
DA:50,1
DA:51,6
DA:52,6
DA:53,6
DA:54,6
DA:55,0
DA:57,6
DA:66,1
DA:67,6
DA:68,6
DA:69,6
DA:70,6
DA:71,0
DA:73,6
DA:74,4
DA:76,2
DA:87,1
DA:88,5
DA:89,5
DA:90,5
DA:91,5
DA:92,0
DA:94,5
DA:95,1
DA:96,1
DA:98,4
DA:108,1
DA:109,2
DA:110,2
DA:111,2
DA:112,2
DA:113,0
DA:115,2
DA:116,2
DA:117,2
DA:119,0
LF:52
LH:47
BRDA:37,0,0,3
BRDA:37,0,1,18
BRDA:54,1,0,0
BRDA:54,1,1,6
BRDA:70,2,0,0
BRDA:70,2,1,6
BRDA:73,3,0,4
BRDA:73,3,1,2
BRDA:91,4,0,0
BRDA:91,4,1,5
BRDA:94,5,0,1
BRDA:94,5,1,4
BRDA:112,6,0,0
BRDA:112,6,1,2
BRDA:115,7,0,2
BRDA:115,7,1,0
BRF:16
BRH:11
end_of_record
TN:
SF:dao/schedule_dao.js
FN:6,createSchedule
FN:10,(anonymous_1)
FN:11,(anonymous_2)
FN:24,(anonymous_3)
FN:34,(anonymous_4)
FN:35,(anonymous_5)
FN:37,(anonymous_6)
FN:42,(anonymous_7)
FN:51,(anonymous_8)
FN:52,(anonymous_9)
FN:54,(anonymous_10)
FN:59,(anonymous_11)
FN:68,(anonymous_12)
FN:69,(anonymous_13)
FN:71,(anonymous_14)
FN:76,(anonymous_15)
FNF:16
FNH:16
FNDA:11,createSchedule
FNDA:3,(anonymous_1)
FNDA:3,(anonymous_2)
FNDA:3,(anonymous_3)
FNDA:8,(anonymous_4)
FNDA:8,(anonymous_5)
FNDA:8,(anonymous_6)
FNDA:4,(anonymous_7)
FNDA:2,(anonymous_8)
FNDA:2,(anonymous_9)
FNDA:2,(anonymous_10)
FNDA:7,(anonymous_11)
FNDA:3,(anonymous_12)
FNDA:3,(anonymous_13)
FNDA:3,(anonymous_14)
FNDA:3,(anonymous_15)
DA:3,1
DA:4,1
DA:7,11
DA:10,1
DA:11,3
DA:12,3
DA:14,3
DA:15,4
DA:16,3
DA:18,3
DA:20,3
DA:21,7
DA:24,3
DA:25,3
DA:26,0
DA:29,3
DA:34,1
DA:35,8
DA:36,8
DA:37,8
DA:38,8
DA:39,0
DA:41,8
DA:42,8
DA:44,0
DA:51,1
DA:52,2
DA:53,2
DA:54,2
DA:55,2
DA:56,0
DA:58,2
DA:59,7
DA:61,0
DA:68,1
DA:69,3
DA:70,3
DA:71,3
DA:72,3
DA:73,0
DA:75,3
DA:76,3
DA:77,3
DA:78,0
DA:80,3
LF:45
LH:38
BRDA:25,0,0,0
BRDA:25,0,1,3
BRDA:38,1,0,0
BRDA:38,1,1,8
BRDA:41,2,0,8
BRDA:41,2,1,0
BRDA:55,3,0,0
BRDA:55,3,1,2
BRDA:58,4,0,2
BRDA:58,4,1,0
BRDA:72,5,0,0
BRDA:72,5,1,3
BRDA:77,6,0,0
BRDA:77,6,1,3
BRF:14
BRH:7
end_of_record
TN:
SF:dao/waiting_list_dao.js
FN:11,createWaitingList
FN:15,(anonymous_1)
FN:16,(anonymous_2)
FN:18,(anonymous_3)
FN:24,(anonymous_4)
FN:38,(anonymous_5)
FN:39,(anonymous_6)
FN:45,(anonymous_7)
FN:54,(anonymous_8)
FN:55,(anonymous_9)
FN:59,(anonymous_10)
FN:78,(anonymous_11)
FN:79,(anonymous_12)
FN:81,(anonymous_13)
FNF:14
FNH:14
FNDA:5,createWaitingList
FNDA:2,(anonymous_1)
FNDA:2,(anonymous_2)
FNDA:2,(anonymous_3)
FNDA:5,(anonymous_4)
FNDA:6,(anonymous_5)
FNDA:6,(anonymous_6)
FNDA:6,(anonymous_7)
FNDA:3,(anonymous_8)
FNDA:3,(anonymous_9)
FNDA:3,(anonymous_10)
FNDA:1,(anonymous_11)
FNDA:1,(anonymous_12)
FNDA:1,(anonymous_13)
DA:6,1
DA:7,1
DA:8,1
DA:12,5
DA:15,1
DA:16,2
DA:17,2
DA:18,2
DA:19,2
DA:20,0
DA:22,2
DA:24,5
DA:27,0
DA:38,1
DA:39,6
DA:40,6
DA:41,6
DA:42,6
DA:43,6
DA:44,6
DA:45,6
DA:46,6
DA:47,0
DA:49,6
DA:54,1
DA:55,3
DA:56,3
DA:57,3
DA:58,3
DA:59,3
DA:60,3
DA:61,0
DA:63,3
DA:64,1
DA:66,2
DA:78,1
DA:79,1
DA:80,1
DA:81,1
DA:82,1
DA:83,0
DA:85,1
LF:42
LH:37
BRDA:19,0,0,0
BRDA:19,0,1,2
BRDA:22,1,0,2
BRDA:22,1,1,0
BRDA:46,2,0,0
BRDA:46,2,1,6
BRDA:60,3,0,0
BRDA:60,3,1,3
BRDA:63,4,0,1
BRDA:63,4,1,2
BRDA:82,5,0,0
BRDA:82,5,1,1
BRF:12
BRH:7
end_of_record
TN:
SF:db/db.js
FN:18,(anonymous_0)
FN:26,(anonymous_1)
FNF:2
FNH:1
FNDA:1,(anonymous_0)
FNDA:0,(anonymous_1)
DA:3,1
DA:4,1
DA:5,1
DA:7,1
DA:8,1
DA:9,1
DA:12,1
DA:14,1
DA:18,1
DA:19,1
DA:20,0
DA:21,0
DA:26,1
DA:28,0
DA:29,0
DA:32,1
LF:16
LH:12
BRDA:9,0,0,1
BRDA:9,0,1,0
BRDA:12,1,0,1
BRDA:12,1,1,0
BRDA:19,2,0,0
BRDA:19,2,1,1
BRF:6
BRH:3
end_of_record
TN:
SF:db/dbsettings.js
FN:6,(anonymous_0)
FNF:1
FNH:0
FNDA:0,(anonymous_0)
DA:7,0
DA:11,1
LF:2
LH:1
BRF:0
BRH:0
end_of_record
TN:
SF:utils/DataLoader.js
FN:18,associateDay
FN:33,loadLectures
FN:70,(anonymous_2)
FN:71,(anonymous_3)
FN:74,(anonymous_4)
FN:103,(anonymous_5)
FN:104,(anonymous_6)
FN:107,(anonymous_7)
FN:136,(anonymous_8)
FN:137,(anonymous_9)
FN:140,(anonymous_10)
FN:162,(anonymous_11)
FN:163,(anonymous_12)
FN:166,(anonymous_13)
FN:192,(anonymous_14)
FN:193,(anonymous_15)
FN:196,(anonymous_16)
FN:252,(anonymous_17)
FNF:18
FNH:18
FNDA:6,associateDay
FNDA:6,loadLectures
FNDA:2,(anonymous_2)
FNDA:2,(anonymous_3)
FNDA:2,(anonymous_4)
FNDA:2,(anonymous_5)
FNDA:2,(anonymous_6)
FNDA:2,(anonymous_7)
FNDA:2,(anonymous_8)
FNDA:2,(anonymous_9)
FNDA:2,(anonymous_10)
FNDA:2,(anonymous_11)
FNDA:2,(anonymous_12)
FNDA:2,(anonymous_13)
FNDA:2,(anonymous_14)
FNDA:2,(anonymous_15)
FNDA:2,(anonymous_16)
FNDA:2,(anonymous_17)
DA:1,1
DA:2,1
DA:3,1
DA:5,1
DA:6,1
DA:7,1
DA:8,1
DA:9,1
DA:10,1
DA:11,1
DA:12,1
DA:13,1
DA:14,1
DA:15,1
DA:16,1
DA:19,6
DA:21,2
DA:23,1
DA:25,1
DA:27,1
DA:29,1
DA:34,6
DA:35,6
DA:36,6
DA:37,6
DA:38,6
DA:40,6
DA:41,18
DA:42,6
DA:44,12
DA:45,0
DA:56,0
DA:59,12
DA:62,6
DA:63,6
DA:64,0
DA:71,2
DA:72,2
DA:75,2
DA:76,2
DA:77,1
DA:79,1
DA:80,1
DA:91,1
DA:94,2
DA:95,2
DA:96,1
DA:97,2
DA:104,2
DA:105,2
DA:108,2
DA:109,2
DA:110,1
DA:112,1
DA:113,1
DA:124,1
DA:127,2
DA:128,2
DA:129,1
DA:130,2
DA:137,2
DA:138,2
DA:141,2
DA:142,2
DA:143,1
DA:145,1
DA:146,1
DA:150,1
DA:153,2
DA:154,2
DA:155,1
DA:156,2
DA:163,2
DA:164,2
DA:167,2
DA:168,2
DA:169,1
DA:171,1
DA:172,1
DA:179,1
DA:182,2
DA:183,2
DA:184,1
DA:185,2
DA:186,2
DA:193,2
DA:194,2
DA:197,2
DA:198,2
DA:199,5
DA:201,5
DA:202,5
DA:203,5
DA:204,5
DA:210,5
DA:211,4
DA:212,4
DA:213,4
DA:215,1
DA:216,1
DA:217,1
DA:220,5
DA:221,5
DA:222,5
DA:223,5
DA:225,5
DA:226,5
DA:227,4
DA:236,4
DA:237,4
DA:242,2
DA:243,2
DA:244,1
DA:246,2
DA:253,2
DA:255,2
DA:257,2
DA:263,1
LF:118
LH:115
BRDA:19,0,0,2
BRDA:19,0,1,1
BRDA:19,0,2,1
BRDA:19,0,3,1
BRDA:19,0,4,1
BRDA:41,1,0,6
BRDA:41,1,1,12
BRDA:44,2,0,0
BRDA:44,2,1,12
BRDA:79,3,0,1
BRDA:79,3,1,0
BRDA:112,4,0,1
BRDA:112,4,1,0
BRDA:145,5,0,1
BRDA:145,5,1,0
BRDA:171,6,0,1
BRDA:171,6,1,0
BRDA:202,7,0,5
BRDA:202,7,1,0
BRDA:210,8,0,4
BRDA:210,8,1,1
BRDA:226,9,0,4
BRDA:226,9,1,1
BRF:23
BRH:17
end_of_record
TN:
SF:utils/EmailSender.js
FN:11,(anonymous_0)
FN:31,(anonymous_1)
FN:47,(anonymous_2)
FN:52,(anonymous_3)
FN:64,(anonymous_4)
FN:65,(anonymous_5)
FN:67,(anonymous_6)
FN:78,(anonymous_7)
FNF:8
FNH:8
FNDA:5,(anonymous_0)
FNDA:7,(anonymous_1)
FNDA:7,(anonymous_2)
FNDA:6,(anonymous_3)
FNDA:4,(anonymous_4)
FNDA:4,(anonymous_5)
FNDA:4,(anonymous_6)
FNDA:6,(anonymous_7)
DA:1,1
DA:12,5
DA:13,5
DA:14,5
DA:16,5
DA:33,7
DA:35,7
DA:36,1
DA:38,6
DA:39,6
DA:47,7
DA:48,7
DA:49,1
DA:50,1
DA:52,6
DA:53,6
DA:54,2
DA:56,4
DA:65,4
DA:67,4
DA:68,4
DA:69,3
DA:71,1
DA:79,6
DA:80,6
DA:81,3
DA:82,6
DA:84,3
DA:86,3
DA:88,6
DA:93,1
LF:31
LH:31
BRDA:35,0,0,1
BRDA:35,0,1,6
BRDA:35,1,0,7
BRDA:35,1,1,7
BRDA:48,2,0,1
BRDA:48,2,1,6
BRDA:53,3,0,2
BRDA:53,3,1,4
BRDA:68,4,0,3
BRDA:68,4,1,1
BRDA:80,5,0,3
BRDA:80,5,1,3
BRF:12
BRH:12
end_of_record
TN:
SF:utils/midnightTimer.js
FN:8,setMidnightTimer
FN:14,__recursiveTimer
FN:16,(anonymous_2)
FN:29,__getNextDeadline
FNF:4
FNH:3
FNDA:1,setMidnightTimer
FNDA:1,__recursiveTimer
FNDA:0,(anonymous_2)
FNDA:1,__getNextDeadline
DA:1,1
DA:9,1
DA:10,1
DA:15,1
DA:17,0
DA:18,0
DA:20,0
DA:21,0
DA:30,1
DA:31,1
DA:32,1
DA:33,1
DA:34,1
DA:37,1
LF:14
LH:10
BRDA:8,0,0,1
BRDA:14,1,0,0
BRDA:17,2,0,0
BRDA:17,2,1,0
BRDA:29,3,0,0
BRDA:30,4,0,0
BRDA:30,4,1,1
BRF:7
BRH:2
end_of_record
